(?<host>\S*) (?<clock>{.*})\n(?<event>.*)

coord {"coord":1}
4584402627292928166 CreateTrace {}
coord {"coord":2}
4584402627292928166 CoordStart {}
server1 {"server1":1}
7106562269065625928 CreateTrace {}
server1 {"server1":2}
7106562269065625928 ServerStart {"Config":{"ServerID":1,"ServerAddr":":4322","TracingServerAddr":":6666","Secret":"","TracingIdentity":"server1"}}
node00 {"node00":1}
5228133232670344084 CreateTrace {}
node00 {"node00":2}
5228133232670344084 NodeStart {"NodeId":"7ee39690-48d4-4b71-99ab-bdba746c389d"}
node00 {"node00":3}
5228133232670344084 NodeJoining {"NodeId":"7ee39690-48d4-4b71-99ab-bdba746c389d"}
node00 {"node00":4}
5228133232670344084 GenerateTokenTrace {"Token":"pm5vZGUwMM9Ijg95q7sDlIGmbm9kZTAwBA=="}
coord {"coord":3, "node00":4}
5228133232670344084 ReceiveTokenTrace {"Token":"pm5vZGUwMM9Ijg95q7sDlIGmbm9kZTAwBA=="}
coord {"node00":4, "coord":4}
5228133232670344084 NodeJoiningRecvd {"NodeId":"7ee39690-48d4-4b71-99ab-bdba746c389d"}
coord {"coord":5, "node00":4}
5228133232670344084 NodeJoinedRecvd {"NodeId":"7ee39690-48d4-4b71-99ab-bdba746c389d","Role":"Guard"}
coord {"coord":6, "node00":4}
5228133232670344084 GenerateTokenTrace {"Token":"pWNvb3Jkz0iOD3mruwOUgqVjb29yZAambm9kZTAwBA=="}
node00 {"coord":6, "node00":5}
5228133232670344084 ReceiveTokenTrace {"Token":"pWNvb3Jkz0iOD3mruwOUgqVjb29yZAambm9kZTAwBA=="}
node00 {"coord":6, "node00":6}
5228133232670344084 NodeJoined {"NodeId":"7ee39690-48d4-4b71-99ab-bdba746c389d","Role":"Guard"}
node01 {"node01":1}
4923966508844906648 CreateTrace {}
node01 {"node01":2}
4923966508844906648 NodeStart {"NodeId":"83783605-8e34-44e4-8b9b-06cdf03e2b74"}
node01 {"node01":3}
4923966508844906648 NodeJoining {"NodeId":"83783605-8e34-44e4-8b9b-06cdf03e2b74"}
node01 {"node01":4}
4923966508844906648 GenerateTokenTrace {"Token":"pm5vZGUwMc9EVXFzlZ74mIGmbm9kZTAxBA=="}
coord {"node00":4, "node01":4, "coord":7}
4923966508844906648 ReceiveTokenTrace {"Token":"pm5vZGUwMc9EVXFzlZ74mIGmbm9kZTAxBA=="}
coord {"coord":8, "node00":4, "node01":4}
4923966508844906648 NodeJoiningRecvd {"NodeId":"83783605-8e34-44e4-8b9b-06cdf03e2b74"}
coord {"node00":4, "node01":4, "coord":9}
4923966508844906648 NodeJoinedRecvd {"NodeId":"83783605-8e34-44e4-8b9b-06cdf03e2b74","Role":"Exit"}
coord {"coord":10, "node00":4, "node01":4}
4923966508844906648 GenerateTokenTrace {"Token":"pWNvb3Jkz0RVcXOVnviYg6Vjb29yZAqmbm9kZTAwBKZub2RlMDEE"}
node01 {"node00":4, "node01":5, "coord":10}
4923966508844906648 ReceiveTokenTrace {"Token":"pWNvb3Jkz0RVcXOVnviYg6Vjb29yZAqmbm9kZTAwBKZub2RlMDEE"}
node01 {"node01":6, "coord":10, "node00":4}
4923966508844906648 NodeJoined {"NodeId":"83783605-8e34-44e4-8b9b-06cdf03e2b74","Role":"Exit"}
node02 {"node02":1}
7987983447142469857 CreateTrace {}
node02 {"node02":2}
7987983447142469857 NodeStart {"NodeId":"8792bda9-4888-4d2e-8ecf-d3f65be123bf"}
node02 {"node02":3}
7987983447142469857 NodeJoining {"NodeId":"8792bda9-4888-4d2e-8ecf-d3f65be123bf"}
node02 {"node02":4}
7987983447142469857 GenerateTokenTrace {"Token":"pm5vZGUwMs9u2wSffqCQ4YGmbm9kZTAyBA=="}
coord {"node01":4, "node02":4, "coord":11, "node00":4}
7987983447142469857 ReceiveTokenTrace {"Token":"pm5vZGUwMs9u2wSffqCQ4YGmbm9kZTAyBA=="}
coord {"coord":12, "node00":4, "node01":4, "node02":4}
7987983447142469857 NodeJoiningRecvd {"NodeId":"8792bda9-4888-4d2e-8ecf-d3f65be123bf"}
coord {"coord":13, "node00":4, "node01":4, "node02":4}
7987983447142469857 NodeJoinedRecvd {"NodeId":"8792bda9-4888-4d2e-8ecf-d3f65be123bf","Role":"Relay"}
coord {"coord":14, "node00":4, "node01":4, "node02":4}
7987983447142469857 GenerateTokenTrace {"Token":"pWNvb3Jkz27bBJ9+oJDhhKZub2RlMDEEpm5vZGUwMgSlY29vcmQOpm5vZGUwMAQ="}
node02 {"node02":5, "node01":4, "coord":14, "node00":4}
7987983447142469857 ReceiveTokenTrace {"Token":"pWNvb3Jkz27bBJ9+oJDhhKZub2RlMDEEpm5vZGUwMgSlY29vcmQOpm5vZGUwMAQ="}
node02 {"node01":4, "coord":14, "node00":4, "node02":6}
7987983447142469857 NodeJoined {"NodeId":"8792bda9-4888-4d2e-8ecf-d3f65be123bf","Role":"Relay"}
client1 {"client1":1}
735030689251531108 CreateTrace {}
client1 {"client1":2}
735030689251531108 ClientStart {"ClientId":"client1"}
client1 {"client1":3}
735030689251531108 OnionReq {"ClientId":"client1","OldExitAddr":"","OldRelayAddr":"","OldGuardAddr":""}
client1 {"client1":4}
735030689251531108 GenerateTokenTrace {"Token":"p2NsaWVudDHPCjNahHvZGWSBp2NsaWVudDEE"}
coord {"client1":4, "coord":15, "node00":4, "node01":4, "node02":4}
735030689251531108 ReceiveTokenTrace {"Token":"p2NsaWVudDHPCjNahHvZGWSBp2NsaWVudDEE"}
coord {"client1":4, "coord":16, "node00":4, "node01":4, "node02":4}
735030689251531108 OnionReqRecvd {"ClientId":"client1","OldExitAddr":"","OldRelayAddr":"","OldGuardAddr":""}
coord {"coord":17, "node00":4, "node01":4, "node02":4, "client1":4}
735030689251531108 OnionRes {"ClientId":"client1","ExitAddr":"127.0.0.1:50101","RelayAddr":"127.0.0.1:50102","GuardAddr":"127.0.0.1:50100"}
coord {"node01":4, "node02":4, "client1":4, "coord":18, "node00":4}
735030689251531108 GenerateTokenTrace {"Token":"pWNvb3JkzwozWoR72RlkhaVjb29yZBKmbm9kZTAwBKZub2RlMDEEpm5vZGUwMgSnY2xpZW50MQQ="}
client1 {"node02":4, "client1":5, "coord":18, "node00":4, "node01":4}
735030689251531108 ReceiveTokenTrace {"Token":"pWNvb3JkzwozWoR72RlkhaVjb29yZBKmbm9kZTAwBKZub2RlMDEEpm5vZGUwMgSnY2xpZW50MQQ="}
client1 {"coord":18, "node00":4, "node01":4, "node02":4, "client1":6}
735030689251531108 OnionResRecvd {"ClientId":"client1","ExitAddr":"127.0.0.1:50101","RelayAddr":"127.0.0.1:50102","GuardAddr":"127.0.0.1:50100"}
client1 {"client1":7, "coord":18, "node00":4, "node01":4, "node02":4}
735030689251531108 SharedSecretReq {"ClientId":"client1","NodeType":"Guard","PublicKey":{"Curve":{"P":115792089210356248762697446949407573530086143415290314195533631308867097853951,"N":115792089210356248762697446949407573529996955224135760342422259061068512044369,"B":41058363725152142129326129780047268409114441015993725554835256314039467401291,"Gx":48439561293906451759052585252797914202762949526041747995844080717082404635286,"Gy":36134250956749795798585127919587881956611106672985015071877198253568414405109,"BitSize":256,"Name":"P-256"},"X":56856787593642261099084312718950823363926855932103300158170109148061549341853,"Y":5218841232421520088059002061644107883728214999202085394018393236991673147254}}
client1 {"node01":4, "node02":4, "client1":8, "coord":18, "node00":4}
735030689251531108 GenerateTokenTrace {"Token":"p2NsaWVudDHPCjNahHvZGWSFp2NsaWVudDEIpWNvb3JkEqZub2RlMDAEpm5vZGUwMQSmbm9kZTAyBA=="}
node00 {"coord":18, "client1":8, "node01":4, "node02":4, "node00":7}
735030689251531108 ReceiveTokenTrace {"Token":"p2NsaWVudDHPCjNahHvZGWSFp2NsaWVudDEIpWNvb3JkEqZub2RlMDAEpm5vZGUwMQSmbm9kZTAyBA=="}
node00 {"node00":8, "coord":18, "client1":8, "node01":4, "node02":4}
735030689251531108 PublicKeyRecvd {"PublicKey":{"Curve":{"P":115792089210356248762697446949407573530086143415290314195533631308867097853951,"N":115792089210356248762697446949407573529996955224135760342422259061068512044369,"B":41058363725152142129326129780047268409114441015993725554835256314039467401291,"Gx":48439561293906451759052585252797914202762949526041747995844080717082404635286,"Gy":36134250956749795798585127919587881956611106672985015071877198253568414405109,"BitSize":256,"Name":"P-256"},"X":56856787593642261099084312718950823363926855932103300158170109148061549341853,"Y":5218841232421520088059002061644107883728214999202085394018393236991673147254}}
node00 {"node00":9, "coord":18, "client1":8, "node01":4, "node02":4}
735030689251531108 PublicKeySent {"PublicKey":{"Curve":{"P":115792089210356248762697446949407573530086143415290314195533631308867097853951,"N":115792089210356248762697446949407573529996955224135760342422259061068512044369,"B":41058363725152142129326129780047268409114441015993725554835256314039467401291,"Gx":48439561293906451759052585252797914202762949526041747995844080717082404635286,"Gy":36134250956749795798585127919587881956611106672985015071877198253568414405109,"BitSize":256,"Name":"P-256"},"X":83008135005591649908525063923638282489318510964880928439284481194982092422166,"Y":114276442314359971790330522371080834229263205855625251460300281040284680602635}}
node00 {"node00":10, "coord":18, "client1":8, "node01":4, "node02":4}
735030689251531108 GenerateTokenTrace {"Token":"pm5vZGUwMM8KM1qEe9kZZIWmbm9kZTAwCqVjb29yZBKnY2xpZW50MQimbm9kZTAxBKZub2RlMDIE"}
client1 {"node02":4, "client1":9, "coord":18, "node00":10, "node01":4}
735030689251531108 ReceiveTokenTrace {"Token":"pm5vZGUwMM8KM1qEe9kZZIWmbm9kZTAwCqVjb29yZBKnY2xpZW50MQimbm9kZTAxBKZub2RlMDIE"}
client1 {"node01":4, "node02":4, "client1":10, "coord":18, "node00":10}
735030689251531108 PublicKeyRecvd {"PublicKey":{"Curve":{"P":115792089210356248762697446949407573530086143415290314195533631308867097853951,"N":115792089210356248762697446949407573529996955224135760342422259061068512044369,"B":41058363725152142129326129780047268409114441015993725554835256314039467401291,"Gx":48439561293906451759052585252797914202762949526041747995844080717082404635286,"Gy":36134250956749795798585127919587881956611106672985015071877198253568414405109,"BitSize":256,"Name":"P-256"},"X":83008135005591649908525063923638282489318510964880928439284481194982092422166,"Y":114276442314359971790330522371080834229263205855625251460300281040284680602635}}
client1 {"node01":4, "node02":4, "client1":11, "coord":18, "node00":10}
735030689251531108 SharedSecretReq {"ClientId":"client1","NodeType":"Relay","PublicKey":{"Curve":{"P":115792089210356248762697446949407573530086143415290314195533631308867097853951,"N":115792089210356248762697446949407573529996955224135760342422259061068512044369,"B":41058363725152142129326129780047268409114441015993725554835256314039467401291,"Gx":48439561293906451759052585252797914202762949526041747995844080717082404635286,"Gy":36134250956749795798585127919587881956611106672985015071877198253568414405109,"BitSize":256,"Name":"P-256"},"X":45116258217491545155213464432495197765065451553785820672658868942689926076351,"Y":87303670554727817419051506277201734526422905903051688826045399547234938332216}}
client1 {"node02":4, "client1":12, "coord":18, "node00":10, "node01":4}
735030689251531108 GenerateTokenTrace {"Token":"p2NsaWVudDHPCjNahHvZGWSFpm5vZGUwMAqmbm9kZTAxBKZub2RlMDIEp2NsaWVudDEMpWNvb3JkEg=="}
node02 {"client1":12, "node02":7, "node01":4, "coord":18, "node00":10}
735030689251531108 ReceiveTokenTrace {"Token":"p2NsaWVudDHPCjNahHvZGWSFpm5vZGUwMAqmbm9kZTAxBKZub2RlMDIEp2NsaWVudDEMpWNvb3JkEg=="}
node02 {"client1":12, "node02":8, "node01":4, "coord":18, "node00":10}
735030689251531108 PublicKeyRecvd {"PublicKey":{"Curve":{"P":115792089210356248762697446949407573530086143415290314195533631308867097853951,"N":115792089210356248762697446949407573529996955224135760342422259061068512044369,"B":41058363725152142129326129780047268409114441015993725554835256314039467401291,"Gx":48439561293906451759052585252797914202762949526041747995844080717082404635286,"Gy":36134250956749795798585127919587881956611106672985015071877198253568414405109,"BitSize":256,"Name":"P-256"},"X":45116258217491545155213464432495197765065451553785820672658868942689926076351,"Y":87303670554727817419051506277201734526422905903051688826045399547234938332216}}
node02 {"node00":10, "client1":12, "node02":9, "node01":4, "coord":18}
735030689251531108 PublicKeySent {"PublicKey":{"Curve":{"P":115792089210356248762697446949407573530086143415290314195533631308867097853951,"N":115792089210356248762697446949407573529996955224135760342422259061068512044369,"B":41058363725152142129326129780047268409114441015993725554835256314039467401291,"Gx":48439561293906451759052585252797914202762949526041747995844080717082404635286,"Gy":36134250956749795798585127919587881956611106672985015071877198253568414405109,"BitSize":256,"Name":"P-256"},"X":30413944924206524688917580058492809951989860793394664574839676681886844729384,"Y":20478540688217943719333962373367112630815526086747622422300584395151434423816}}
node02 {"node01":4, "coord":18, "node00":10, "client1":12, "node02":10}
735030689251531108 GenerateTokenTrace {"Token":"pm5vZGUwMs8KM1qEe9kZZIWmbm9kZTAwCqdjbGllbnQxDKZub2RlMDIKpm5vZGUwMQSlY29vcmQS"}
client1 {"coord":18, "node00":10, "node01":4, "node02":10, "client1":13}
735030689251531108 ReceiveTokenTrace {"Token":"pm5vZGUwMs8KM1qEe9kZZIWmbm9kZTAwCqdjbGllbnQxDKZub2RlMDIKpm5vZGUwMQSlY29vcmQS"}
client1 {"node00":10, "node01":4, "node02":10, "client1":14, "coord":18}
735030689251531108 PublicKeyRecvd {"PublicKey":{"Curve":{"P":115792089210356248762697446949407573530086143415290314195533631308867097853951,"N":115792089210356248762697446949407573529996955224135760342422259061068512044369,"B":41058363725152142129326129780047268409114441015993725554835256314039467401291,"Gx":48439561293906451759052585252797914202762949526041747995844080717082404635286,"Gy":36134250956749795798585127919587881956611106672985015071877198253568414405109,"BitSize":256,"Name":"P-256"},"X":30413944924206524688917580058492809951989860793394664574839676681886844729384,"Y":20478540688217943719333962373367112630815526086747622422300584395151434423816}}
client1 {"node00":10, "node01":4, "node02":10, "client1":15, "coord":18}
735030689251531108 SharedSecretReq {"ClientId":"client1","NodeType":"Exit","PublicKey":{"Curve":{"P":115792089210356248762697446949407573530086143415290314195533631308867097853951,"N":115792089210356248762697446949407573529996955224135760342422259061068512044369,"B":41058363725152142129326129780047268409114441015993725554835256314039467401291,"Gx":48439561293906451759052585252797914202762949526041747995844080717082404635286,"Gy":36134250956749795798585127919587881956611106672985015071877198253568414405109,"BitSize":256,"Name":"P-256"},"X":49331026372036262192579733141116455438503756746421062758510741086990533277957,"Y":73374903796085384598770911656380806097311112698435285101403536833883671025314}}
client1 {"client1":16, "coord":18, "node00":10, "node01":4, "node02":10}
735030689251531108 GenerateTokenTrace {"Token":"p2NsaWVudDHPCjNahHvZGWSFpWNvb3JkEqZub2RlMDAKpm5vZGUwMQSmbm9kZTAyCqdjbGllbnQxEA=="}
node01 {"client1":16, "node02":10, "node01":7, "coord":18, "node00":10}
735030689251531108 ReceiveTokenTrace {"Token":"p2NsaWVudDHPCjNahHvZGWSFpWNvb3JkEqZub2RlMDAKpm5vZGUwMQSmbm9kZTAyCqdjbGllbnQxEA=="}
node01 {"client1":16, "node02":10, "node01":8, "coord":18, "node00":10}
735030689251531108 PublicKeyRecvd {"PublicKey":{"Curve":{"P":115792089210356248762697446949407573530086143415290314195533631308867097853951,"N":115792089210356248762697446949407573529996955224135760342422259061068512044369,"B":41058363725152142129326129780047268409114441015993725554835256314039467401291,"Gx":48439561293906451759052585252797914202762949526041747995844080717082404635286,"Gy":36134250956749795798585127919587881956611106672985015071877198253568414405109,"BitSize":256,"Name":"P-256"},"X":49331026372036262192579733141116455438503756746421062758510741086990533277957,"Y":73374903796085384598770911656380806097311112698435285101403536833883671025314}}
node01 {"node01":9, "coord":18, "node00":10, "client1":16, "node02":10}
735030689251531108 PublicKeySent {"PublicKey":{"Curve":{"P":115792089210356248762697446949407573530086143415290314195533631308867097853951,"N":115792089210356248762697446949407573529996955224135760342422259061068512044369,"B":41058363725152142129326129780047268409114441015993725554835256314039467401291,"Gx":48439561293906451759052585252797914202762949526041747995844080717082404635286,"Gy":36134250956749795798585127919587881956611106672985015071877198253568414405109,"BitSize":256,"Name":"P-256"},"X":15344140426824552943582756955710590112494581252346144503681643922078678062144,"Y":96553418686127938592370210836509865045565386072248118213904727854287977749318}}
node01 {"node01":10, "coord":18, "node00":10, "client1":16, "node02":10}
735030689251531108 GenerateTokenTrace {"Token":"pm5vZGUwMc8KM1qEe9kZZIWmbm9kZTAxCqVjb29yZBKmbm9kZTAwCqdjbGllbnQxEKZub2RlMDIK"}
client1 {"client1":17, "coord":18, "node00":10, "node01":10, "node02":10}
735030689251531108 ReceiveTokenTrace {"Token":"pm5vZGUwMc8KM1qEe9kZZIWmbm9kZTAxCqVjb29yZBKmbm9kZTAwCqdjbGllbnQxEKZub2RlMDIK"}
client1 {"node02":10, "client1":18, "coord":18, "node00":10, "node01":10}
735030689251531108 PublicKeyRecvd {"PublicKey":{"Curve":{"P":115792089210356248762697446949407573530086143415290314195533631308867097853951,"N":115792089210356248762697446949407573529996955224135760342422259061068512044369,"B":41058363725152142129326129780047268409114441015993725554835256314039467401291,"Gx":48439561293906451759052585252797914202762949526041747995844080717082404635286,"Gy":36134250956749795798585127919587881956611106672985015071877198253568414405109,"BitSize":256,"Name":"P-256"},"X":15344140426824552943582756955710590112494581252346144503681643922078678062144,"Y":96553418686127938592370210836509865045565386072248118213904727854287977749318}}
client1 {"node00":10, "node01":10, "node02":10, "client1":19, "coord":18}
735030689251531108 RpcCall {"ClientId":"client1","ServiceMethod":"Server.Add"}
client1 {"client1":20, "coord":18, "node00":10, "node01":10, "node02":10}
735030689251531108 GenerateTokenTrace {"Token":"p2NsaWVudDHPCjNahHvZGWSFpm5vZGUwMgqnY2xpZW50MRSlY29vcmQSpm5vZGUwMAqmbm9kZTAxCg=="}
node00 {"coord":18, "client1":20, "node01":10, "node02":10, "node00":11}
735030689251531108 ReceiveTokenTrace {"Token":"p2NsaWVudDHPCjNahHvZGWSFpm5vZGUwMgqnY2xpZW50MRSlY29vcmQSpm5vZGUwMAqmbm9kZTAxCg=="}
node00 {"node00":12, "coord":18, "client1":20, "node01":10, "node02":10}
735030689251531108 ReqGuardLayer {"RelayListenAddr":"127.0.0.1:50102","RelaySessionId":"3059301306072a8648ce3d020106082a8648ce3d03010703420004433daecbcb9c44ab65d9820826741442506f71a11f083aac546b07a8eece38282d46717ac745a050dee7b701b9a7c5dc35970d23e3a540c69a3238440ca59e08","Encrypted":"ls8rlXp8zjc+SqBYfwiS26QqVTnexRHF6GWxkZ6x+pNcDMK1bzqH3BMIGE7UUd0qSdacX7elOZ3cWjurJnzD05TOWvBQyiaze3TQalopZxrg0DStPjOF9D9Vgn0v+vViBVlxCrq7HwXORgRXavJaUNx/zQIzR3dBeOamYj4QsRFlHA9en+3gi4CQeLA6amm+lgWB9XE6+7JT3ndL4O5uNDcVoJ6zT5TSrnhiJfmykuYQ7xCTsFHttCFFjcJ8FWuKJB4nKjcxoTVU1SnfAEmiybZbKv10NmW740rhXr3+KTnjXhAApMqHq9UoZaSVtOGVbO7ZrMXFNd2/alIfa2hd7KHXKisP2LSB6J1bUNrhRu79P4UPn3ENbDtTlGMrwAvpMOVCOxZHtN0gwSPrh/4IXLjcxNTz2e/g9Z7answM7fhDxvx+bOHhsHskEcPx0f4AInoPJH69+k90V2Bq+87Mwu64+Yi+iyoP25zUYSVaViQk1uAGbITLqlPy06LZYpVio/DXQ7cvuLPPGY4s9UaSyqh/Drkv5IKt98kjbjrGlBIkoy3dRrjjRiIyDC1D7B34+QUJdq/u9Ao="}
node00 {"coord":18, "client1":20, "node01":10, "node02":10, "node00":13}
735030689251531108 GenerateTokenTrace {"Token":"pm5vZGUwMM8KM1qEe9kZZIWmbm9kZTAwDaVjb29yZBKnY2xpZW50MRSmbm9kZTAxCqZub2RlMDIK"}
node02 {"node02":11, "node01":10, "coord":18, "node00":13, "client1":20}
735030689251531108 ReceiveTokenTrace {"Token":"pm5vZGUwMM8KM1qEe9kZZIWmbm9kZTAwDaVjb29yZBKnY2xpZW50MRSmbm9kZTAxCqZub2RlMDIK"}
node02 {"node02":12, "node01":10, "coord":18, "node00":13, "client1":20}
735030689251531108 ReqRelayLayer {"ExitListenAddr":"127.0.0.1:50101","ExitSessionId":"3059301306072a8648ce3d020106082a8648ce3d0301070342000421ec79c87b5d3d48eb6fbe6e1a32f5cd5d04ed0e63892db6a799888de0071440d5774c609ad680904042dfab7819d6aeae0fa7979bf253aa3f0741f6a5689b46","Encrypted":"OR3aFiCffwRC11j1TDVUyukc8d2WyvUkdbV/ZuJdIaDMdeLif9JpP6zePqe1R7OGkvZcFVAPPaZO9B5mQxnk3iF/OP6O9f6h9/2gyhC5irh93leNzYqXYw659OMSibH7jGgTk3DM3N2f3TUJzTpfevNb1RiDFwY="}
node02 {"node02":13, "node01":10, "coord":18, "node00":13, "client1":20}
735030689251531108 GenerateTokenTrace {"Token":"pm5vZGUwMs8KM1qEe9kZZIWmbm9kZTAxCqVjb29yZBKmbm9kZTAwDadjbGllbnQxFKZub2RlMDIN"}
node01 {"client1":20, "node02":13, "node01":11, "coord":18, "node00":13}
735030689251531108 ReceiveTokenTrace {"Token":"pm5vZGUwMs8KM1qEe9kZZIWmbm9kZTAxCqVjb29yZBKmbm9kZTAwDadjbGllbnQxFKZub2RlMDIN"}
node01 {"node02":13, "node01":12, "coord":18, "node00":13, "client1":20}
735030689251531108 ReqExitLayer {"Args":{"A":1,"B":1},"ServiceMethod":"Server.Add","ServerAddr":":4322","Res":{"Result":0}}
node01 {"node00":13, "client1":20, "node02":13, "node01":13, "coord":18}
735030689251531108 GenerateTokenTrace {"Token":"pm5vZGUwMc8KM1qEe9kZZIWmbm9kZTAxDaVjb29yZBKmbm9kZTAwDadjbGllbnQxFKZub2RlMDIN"}
server1 {"node01":13, "coord":18, "node00":13, "client1":20, "node02":13, "server1":3}
735030689251531108 ReceiveTokenTrace {"Token":"pm5vZGUwMc8KM1qEe9kZZIWmbm9kZTAxDaVjb29yZBKmbm9kZTAwDadjbGllbnQxFKZub2RlMDIN"}
server1 {"node00":13, "client1":20, "node02":13, "server1":4, "node01":13, "coord":18}
735030689251531108 Request {"Token":"pm5vZGUwMc8KM1qEe9kZZIWmbm9kZTAxDaVjb29yZBKmbm9kZTAwDadjbGllbnQxFKZub2RlMDIN","Args":{"A":1,"B":1}}
server1 {"node02":13, "server1":5, "node01":13, "coord":18, "node00":13, "client1":20}
735030689251531108 Response {"Token":null,"Res":{"Result":2,"Token":null}}
server1 {"node02":13, "server1":6, "node01":13, "coord":18, "node00":13, "client1":20}
735030689251531108 GenerateTokenTrace {"Token":"p3NlcnZlcjHPCjNahHvZGWSGp3NlcnZlcjEGpm5vZGUwMQ2lY29vcmQSpm5vZGUwMA2nY2xpZW50MRSmbm9kZTAyDQ=="}
node01 {"node01":14, "coord":18, "node00":13, "client1":20, "node02":13, "server1":6}
735030689251531108 ReceiveTokenTrace {"Token":"p3NlcnZlcjHPCjNahHvZGWSGp3NlcnZlcjEGpm5vZGUwMQ2lY29vcmQSpm5vZGUwMA2nY2xpZW50MRSmbm9kZTAyDQ=="}
node01 {"node00":13, "client1":20, "node02":13, "server1":6, "node01":15, "coord":18}
735030689251531108 ServerPayloadRecvd {"Payload":{"Result":2,"Token":null}}
node01 {"client1":20, "node02":13, "server1":6, "node01":16, "coord":18, "node00":13}
735030689251531108 GenerateTokenTrace {"Token":"pm5vZGUwMc8KM1qEe9kZZIambm9kZTAxEKVjb29yZBKmbm9kZTAwDadjbGllbnQxFKZub2RlMDINp3NlcnZlcjEG"}
node02 {"node01":16, "coord":18, "node00":13, "client1":20, "server1":6, "node02":14}
735030689251531108 ReceiveTokenTrace {"Token":"pm5vZGUwMc8KM1qEe9kZZIambm9kZTAxEKVjb29yZBKmbm9kZTAwDadjbGllbnQxFKZub2RlMDINp3NlcnZlcjEG"}
node02 {"server1":6, "node02":15, "node01":16, "coord":18, "node00":13, "client1":20}
735030689251531108 PayloadRecvd {"Encrypted":"jg7yTAla1uJrsqqyYddQVnKcW+pv5SoDERxP1GySTwtMoNoyI4TtwMEUo74VKJIhM9DxmXU="}
node02 {"server1":6, "node02":16, "node01":16, "coord":18, "node00":13, "client1":20}
735030689251531108 GenerateTokenTrace {"Token":"pm5vZGUwMs8KM1qEe9kZZIambm9kZTAyEKZub2RlMDEQpWNvb3JkEqZub2RlMDANp2NsaWVudDEUp3NlcnZlcjEG"}
node00 {"client1":20, "node01":16, "node02":16, "server1":6, "node00":14, "coord":18}
735030689251531108 ReceiveTokenTrace {"Token":"pm5vZGUwMs8KM1qEe9kZZIambm9kZTAyEKZub2RlMDEQpWNvb3JkEqZub2RlMDANp2NsaWVudDEUp3NlcnZlcjEG"}
node00 {"client1":20, "node01":16, "node02":16, "server1":6, "node00":15, "coord":18}
735030689251531108 PayloadRecvd {"Encrypted":"P1Xd1C9ZnBoBkSvTnKr/g8yn8gXldwMjuhmgd/heWVHxRise/WjC2DyN2ccQyjTSIJ57vGp2Lsbs2uwNclOVRTvW3T9ALtxZt1jmvucD5Wss29DWvNwRn1WjZZyMHvZVsuFfAVtdz6iHJv247n5ENCKblWzNgOh1hiY3wbKbh4HHoflg8ImGHsfJjVgAUspKTrYtK+d0Zufl+Lmbitw6grmoyND3us0DhFGFd42sV61Sw/s42NnTOsaApCjhmQWWg2DGYFk28P07BeO3DB/+eZzld5R8N4Y="}
node00 {"node00":16, "coord":18, "client1":20, "node01":16, "node02":16, "server1":6}
735030689251531108 GenerateTokenTrace {"Token":"pm5vZGUwMM8KM1qEe9kZZIalY29vcmQSp2NsaWVudDEUpm5vZGUwMRCmbm9kZTAyEKdzZXJ2ZXIxBqZub2RlMDAQ"}
client1 {"node01":16, "node02":16, "server1":6, "client1":21, "coord":18, "node00":16}
735030689251531108 ReceiveTokenTrace {"Token":"pm5vZGUwMM8KM1qEe9kZZIalY29vcmQSp2NsaWVudDEUpm5vZGUwMRCmbm9kZTAyEKdzZXJ2ZXIxBqZub2RlMDAQ"}
client1 {"node02":16, "server1":6, "client1":22, "coord":18, "node00":16, "node01":16}
735030689251531108 RpcResRecvd {"ClientId":"client1","ServiceMethod":"Server.Add","Result":{"Result":2}}
node03 {"node03":1}
1532678315200832817 CreateTrace {}
node03 {"node03":2}
1532678315200832817 NodeStart {"NodeId":"d1c71739-e2d4-4f92-ab9e-fe7aee2b0ea8"}
node03 {"node03":3}
1532678315200832817 NodeJoining {"NodeId":"d1c71739-e2d4-4f92-ab9e-fe7aee2b0ea8"}
node03 {"node03":4}
1532678315200832817 GenerateTokenTrace {"Token":"pm5vZGUwM88VRSrOpH1lMYGmbm9kZTAzBA=="}
coord {"node00":4, "node01":4, "node02":4, "client1":4, "node03":4, "coord":19}
1532678315200832817 ReceiveTokenTrace {"Token":"pm5vZGUwM88VRSrOpH1lMYGmbm9kZTAzBA=="}
coord {"coord":20, "node00":4, "node01":4, "node02":4, "client1":4, "node03":4}
1532678315200832817 NodeJoiningRecvd {"NodeId":"d1c71739-e2d4-4f92-ab9e-fe7aee2b0ea8"}
coord {"node03":4, "coord":21, "node00":4, "node01":4, "node02":4, "client1":4}
1532678315200832817 NodeJoinedRecvd {"NodeId":"d1c71739-e2d4-4f92-ab9e-fe7aee2b0ea8","Role":"Guard"}
coord {"node01":4, "node02":4, "client1":4, "node03":4, "coord":22, "node00":4}
1532678315200832817 GenerateTokenTrace {"Token":"pWNvb3JkzxVFKs6kfWUxhqZub2RlMDMEpWNvb3JkFqZub2RlMDAEpm5vZGUwMQSmbm9kZTAyBKdjbGllbnQxBA=="}
node03 {"node01":4, "node02":4, "client1":4, "node03":5, "coord":22, "node00":4}
1532678315200832817 ReceiveTokenTrace {"Token":"pWNvb3JkzxVFKs6kfWUxhqZub2RlMDMEpWNvb3JkFqZub2RlMDAEpm5vZGUwMQSmbm9kZTAyBKdjbGllbnQxBA=="}
node03 {"coord":22, "node00":4, "node01":4, "node02":4, "client1":4, "node03":6}
1532678315200832817 NodeJoined {"NodeId":"d1c71739-e2d4-4f92-ab9e-fe7aee2b0ea8","Role":"Guard"}
node04 {"node04":1}
5166762860142372581 CreateTrace {}
node04 {"node04":2}
5166762860142372581 NodeStart {"NodeId":"eb1ac97d-f3d9-4b51-8b8e-ae07c7419085"}
node04 {"node04":3}
5166762860142372581 NodeJoining {"NodeId":"eb1ac97d-f3d9-4b51-8b8e-ae07c7419085"}
node04 {"node04":4}
5166762860142372581 GenerateTokenTrace {"Token":"pm5vZGUwNM9HtAdyVXem5YGmbm9kZTA0BA=="}
coord {"node02":4, "client1":4, "node03":4, "node04":4, "coord":23, "node00":4, "node01":4}
5166762860142372581 ReceiveTokenTrace {"Token":"pm5vZGUwNM9HtAdyVXem5YGmbm9kZTA0BA=="}
coord {"node02":4, "client1":4, "node03":4, "node04":4, "coord":24, "node00":4, "node01":4}
5166762860142372581 NodeJoiningRecvd {"NodeId":"eb1ac97d-f3d9-4b51-8b8e-ae07c7419085"}
coord {"node04":4, "coord":25, "node00":4, "node01":4, "node02":4, "client1":4, "node03":4}
5166762860142372581 NodeJoinedRecvd {"NodeId":"eb1ac97d-f3d9-4b51-8b8e-ae07c7419085","Role":"Exit"}
coord {"client1":4, "node03":4, "node04":4, "coord":26, "node00":4, "node01":4, "node02":4}
5166762860142372581 GenerateTokenTrace {"Token":"pWNvb3Jkz0e0B3JVd6blh6Vjb29yZBqmbm9kZTAwBKZub2RlMDEEpm5vZGUwMgSnY2xpZW50MQSmbm9kZTAzBKZub2RlMDQE"}
node04 {"coord":26, "node04":5, "node00":4, "node01":4, "node02":4, "client1":4, "node03":4}
5166762860142372581 ReceiveTokenTrace {"Token":"pWNvb3Jkz0e0B3JVd6blh6Vjb29yZBqmbm9kZTAwBKZub2RlMDEEpm5vZGUwMgSnY2xpZW50MQSmbm9kZTAzBKZub2RlMDQE"}
node04 {"node02":4, "client1":4, "node03":4, "coord":26, "node04":6, "node00":4, "node01":4}
5166762860142372581 NodeJoined {"NodeId":"eb1ac97d-f3d9-4b51-8b8e-ae07c7419085","Role":"Exit"}
node05 {"node05":1}
6391609411163331884 CreateTrace {}
node05 {"node05":2}
6391609411163331884 NodeStart {"NodeId":"e97e5b16-d2bd-4a54-97e7-7366f372d42f"}
node05 {"node05":3}
6391609411163331884 NodeJoining {"NodeId":"e97e5b16-d2bd-4a54-97e7-7366f372d42f"}
node05 {"node05":4}
6391609411163331884 GenerateTokenTrace {"Token":"pm5vZGUwNc9Ys47lL28dLIGmbm9kZTA1BA=="}
coord {"node04":4, "node05":4, "coord":27, "node00":4, "node01":4, "node02":4, "client1":4, "node03":4}
6391609411163331884 ReceiveTokenTrace {"Token":"pm5vZGUwNc9Ys47lL28dLIGmbm9kZTA1BA=="}
coord {"node05":4, "coord":28, "node00":4, "node01":4, "node02":4, "client1":4, "node03":4, "node04":4}
6391609411163331884 NodeJoiningRecvd {"NodeId":"e97e5b16-d2bd-4a54-97e7-7366f372d42f"}
coord {"client1":4, "node03":4, "node04":4, "node05":4, "coord":29, "node00":4, "node01":4, "node02":4}
6391609411163331884 NodeJoinedRecvd {"NodeId":"e97e5b16-d2bd-4a54-97e7-7366f372d42f","Role":"Relay"}
coord {"node01":4, "node02":4, "client1":4, "node03":4, "node04":4, "node05":4, "coord":30, "node00":4}
6391609411163331884 GenerateTokenTrace {"Token":"pWNvb3Jkz1izjuUvbx0siKZub2RlMDAEpm5vZGUwMQSmbm9kZTAyBKdjbGllbnQxBKZub2RlMDMEpm5vZGUwNASmbm9kZTA1BKVjb29yZB4="}
node05 {"node00":4, "node01":4, "node02":4, "client1":4, "node03":4, "node04":4, "node05":5, "coord":30}
6391609411163331884 ReceiveTokenTrace {"Token":"pWNvb3Jkz1izjuUvbx0siKZub2RlMDAEpm5vZGUwMQSmbm9kZTAyBKdjbGllbnQxBKZub2RlMDMEpm5vZGUwNASmbm9kZTA1BKVjb29yZB4="}
node05 {"node05":6, "coord":30, "node00":4, "node01":4, "node02":4, "client1":4, "node03":4, "node04":4}
6391609411163331884 NodeJoined {"NodeId":"e97e5b16-d2bd-4a54-97e7-7366f372d42f","Role":"Relay"}
client1 {"node01":16, "node02":16, "server1":6, "client1":23, "coord":18, "node00":16}
735030689251531108 RpcCall {"ClientId":"client1","ServiceMethod":"Server.Multiply"}
client1 {"node01":16, "node02":16, "server1":6, "client1":24, "coord":18, "node00":16}
735030689251531108 GenerateTokenTrace {"Token":"p2NsaWVudDHPCjNahHvZGWSGpWNvb3JkEqZub2RlMDAQpm5vZGUwMRCmbm9kZTAyEKdzZXJ2ZXIxBqdjbGllbnQxGA=="}
node00 {"server1":6, "node00":17, "coord":18, "client1":24, "node01":16, "node02":16}
735030689251531108 ReceiveTokenTrace {"Token":"p2NsaWVudDHPCjNahHvZGWSGpWNvb3JkEqZub2RlMDAQpm5vZGUwMRCmbm9kZTAyEKdzZXJ2ZXIxBqdjbGllbnQxGA=="}
node00 {"client1":24, "node01":16, "node02":16, "server1":6, "node00":18, "coord":18}
735030689251531108 ReqGuardLayer {"RelayListenAddr":"127.0.0.1:50102","RelaySessionId":"3059301306072a8648ce3d020106082a8648ce3d03010703420004433daecbcb9c44ab65d9820826741442506f71a11f083aac546b07a8eece38282d46717ac745a050dee7b701b9a7c5dc35970d23e3a540c69a3238440ca59e08","Encrypted":"ypojmyHT9bGv3j6v0tUq1GK4bDc+Rs4c1NnOJUC50XZfGs7+u7SiVDa/dSofGbeVVnCpXB1AX7eHPrGAg/a/4IfOrgb3PdpkFqkTsa7gscO+/Y8Ngmr55C2l52+ADG43PkajZV6R4Edk2pFn/esWKUntiJ5qJt8e3pbZ26k8bnJ76VCnviqH7oB6rnlDcO3EYoUUGmmW837W7xJAAGhCwXtYwbv2xdOfuw/KkYf9s2Lo/uR5zUG2ML65ph8Iu/ANAb0iYQbBi1nbcOFwmozfENogaTmhNKiHJEH/jAGaKK8xXNr7PfmlEN+XbSRp/Dj6Cjjff4qtrQmXOK6LOfPqRYjdpRIAKSIPcRnQveP6Ef+BMSqTI76SWkv8rAwIf6bbMTrvgSEm5rY/efzF69uHSp9wyYVy3WxZoWRI+oO5Mvld5oXrBR6ubYqU+ng/H/q6Q2mJwyIctLU+XCdbwrOAMg9eNOA2+1TA/P5AhmKY8g0DMeFMoDDOSKc6q8GCxDU9zA8HPWKesqH49CnzAeyOm3Fbu/+Bj9GDr4vqy4AlMheFVwxkBu94dUvz1j4H4fb0fss9+U+VlMeUj4rgphfADQ=="}
node00 {"node00":19, "coord":18, "client1":24, "node01":16, "node02":16, "server1":6}
735030689251531108 GenerateTokenTrace {"Token":"pm5vZGUwMM8KM1qEe9kZZIanY2xpZW50MRimbm9kZTAxEKZub2RlMDIQp3NlcnZlcjEGpm5vZGUwMBOlY29vcmQS"}
node02 {"coord":18, "node00":19, "client1":24, "server1":6, "node02":17, "node01":16}
735030689251531108 ReceiveTokenTrace {"Token":"pm5vZGUwMM8KM1qEe9kZZIanY2xpZW50MRimbm9kZTAxEKZub2RlMDIQp3NlcnZlcjEGpm5vZGUwMBOlY29vcmQS"}
node02 {"node02":18, "node01":16, "coord":18, "node00":19, "client1":24, "server1":6}
735030689251531108 ReqRelayLayer {"ExitListenAddr":"127.0.0.1:50101","ExitSessionId":"3059301306072a8648ce3d020106082a8648ce3d0301070342000421ec79c87b5d3d48eb6fbe6e1a32f5cd5d04ed0e63892db6a799888de0071440d5774c609ad680904042dfab7819d6aeae0fa7979bf253aa3f0741f6a5689b46","Encrypted":"1cwEDu4UYF7pU6mxtIPzIBG+0TVXvTo02wuKB7ysIlYNtrGhxS8iwpsIP9hZQ85M/6TMB0IXJthnMVL+oF7HkshVND05tthYM7A/GoVEKjy3IVYmwv9X7vTNXVMSSUwIVPMDnHewgo+6jqChNZD281xl09TNF/0eLo8JGw=="}
node02 {"node02":19, "node01":16, "coord":18, "node00":19, "client1":24, "server1":6}
735030689251531108 GenerateTokenTrace {"Token":"pm5vZGUwMs8KM1qEe9kZZIalY29vcmQSpm5vZGUwMBOnY2xpZW50MRinc2VydmVyMQambm9kZTAyE6Zub2RlMDEQ"}
client1 {"node02":16, "server1":6, "client1":25, "coord":18, "node00":16, "node01":16}
735030689251531108 RPCError {"Error":{}}
coord {"node02":4, "client1":4, "node03":4, "node04":4, "node05":4, "coord":31, "node00":4, "node01":4}
4584402627292928166 NodeFail {"NodeId":"83783605-8e34-44e4-8b9b-06cdf03e2b74","Type":"Exit"}
coord {"node05":4, "coord":32, "node00":4, "node01":4, "node02":4, "client1":4, "node03":4, "node04":4}
4584402627292928166 NodeFailHandled {}
client1 {"coord":18, "node00":16, "node01":16, "node02":16, "server1":6, "client1":26}
735030689251531108 GenerateTokenTrace {"Token":"p2NsaWVudDHPCjNahHvZGWSGp2NsaWVudDEapWNvb3JkEqZub2RlMDAQpm5vZGUwMRCmbm9kZTAyEKdzZXJ2ZXIxBg=="}
node00 {"node01":16, "node02":16, "server1":6, "node00":20, "coord":18, "client1":26}
735030689251531108 ReceiveTokenTrace {"Token":"p2NsaWVudDHPCjNahHvZGWSGp2NsaWVudDEapWNvb3JkEqZub2RlMDAQpm5vZGUwMRCmbm9kZTAyEKdzZXJ2ZXIxBg=="}
node00 {"coord":18, "client1":26, "node01":16, "node02":16, "server1":6, "node00":21}
735030689251531108 ReqGuardLayer {"RelayListenAddr":"127.0.0.1:50102","RelaySessionId":"3059301306072a8648ce3d020106082a8648ce3d03010703420004433daecbcb9c44ab65d9820826741442506f71a11f083aac546b07a8eece38282d46717ac745a050dee7b701b9a7c5dc35970d23e3a540c69a3238440ca59e08","Encrypted":"m5HoEYOE7JjwN7Ys0gwWcZeiFn1obVGkUlTTpyuO+gym+YRYH28zqLWZpOmJCWNj3D5AZvNXmu8aJYc3U85DqKL9NfjtItg+JoDahfRxBKrHEeaedDPSCkkf1FhDPXmUZHzsmcdN8mjITXurG5VL9+NxNx2O4RFW16xR1XzvCAmGkp8Pmrh/EP/ND1MExklbj/5WbxHtp0EFIwhXBCkQDX945upY3Sp8q286nMpAD4JldIi2SIIXig8Dnu8QpY8+bOIcaLI4kCQTM0y8gY+IBFIOGOIgwz5TxpoY3QskU0m75Zgko2XyZw8Pm/BDL8kX0X92hTzujRfUavmq0usNkEi8I7CrQdbzH7msYD95/2uKYnBWC2rf3SDb/pjybMkVqkedmrnIX4scHAL2OAU7Fgkc2WrqC4cbyKgPn3au/RNkW1JjHm1TZ/oX5Upba8M4QH4jz0ycocSc/beXdzcKqCg1O9WSqW35OdBD4qpDXwcqCBgHrH0Nv6iONgW2CVsAFss2TeIKPmtIzarRe2rOrcVIbKiVBAL7kmBeymlOSxtL3XkL5OrdlrV7sj1Nk7lnLlTyttYqbyVwQxSetEshwg=="}
node00 {"server1":6, "node00":22, "coord":18, "client1":26, "node01":16, "node02":16}
735030689251531108 GenerateTokenTrace {"Token":"pm5vZGUwMM8KM1qEe9kZZIambm9kZTAwFqVjb29yZBKnY2xpZW50MRqmbm9kZTAxEKZub2RlMDIQp3NlcnZlcjEG"}
node02 {"node00":22, "client1":26, "server1":6, "node02":20, "node01":16, "coord":18}
735030689251531108 ReceiveTokenTrace {"Token":"pm5vZGUwMM8KM1qEe9kZZIambm9kZTAwFqVjb29yZBKnY2xpZW50MRqmbm9kZTAxEKZub2RlMDIQp3NlcnZlcjEG"}
node02 {"node00":22, "client1":26, "server1":6, "node02":21, "node01":16, "coord":18}
735030689251531108 ReqRelayLayer {"ExitListenAddr":"127.0.0.1:50101","ExitSessionId":"3059301306072a8648ce3d020106082a8648ce3d0301070342000421ec79c87b5d3d48eb6fbe6e1a32f5cd5d04ed0e63892db6a799888de0071440d5774c609ad680904042dfab7819d6aeae0fa7979bf253aa3f0741f6a5689b46","Encrypted":"Ql7GN+hx7RdsI493HFF++Mxwk511VqQB9NND5NqT2aq2UHQYHZpz9cwpAOpLBWyAbjVwxoi88f/9i5JmZoOECQSKtEUmvSh1LEAn0PVb67BRUdqT/PWdt4OoeU7Z93/SpuROJWcVXrKRgjkyFK4qI0TjNdMbsHWK7LmPag=="}
node02 {"server1":6, "node02":22, "node01":16, "coord":18, "node00":22, "client1":26}
735030689251531108 GenerateTokenTrace {"Token":"pm5vZGUwMs8KM1qEe9kZZIanc2VydmVyMQambm9kZTAyFqZub2RlMDEQpWNvb3JkEqZub2RlMDAWp2NsaWVudDEa"}
client1 {"coord":18, "node00":16, "node01":16, "node02":16, "server1":6, "client1":27}
735030689251531108 RPCError {"Error":{}}
client1 {"client1":28, "coord":18, "node00":16, "node01":16, "node02":16, "server1":6}
735030689251531108 GenerateTokenTrace {"Token":"p2NsaWVudDHPCjNahHvZGWSGpm5vZGUwMRCmbm9kZTAyEKdzZXJ2ZXIxBqdjbGllbnQxHKVjb29yZBKmbm9kZTAwEA=="}
node00 {"node01":16, "node02":16, "server1":6, "node00":23, "coord":18, "client1":28}
735030689251531108 ReceiveTokenTrace {"Token":"p2NsaWVudDHPCjNahHvZGWSGpm5vZGUwMRCmbm9kZTAyEKdzZXJ2ZXIxBqdjbGllbnQxHKVjb29yZBKmbm9kZTAwEA=="}
node00 {"node00":24, "coord":18, "client1":28, "node01":16, "node02":16, "server1":6}
735030689251531108 ReqGuardLayer {"RelayListenAddr":"127.0.0.1:50102","RelaySessionId":"3059301306072a8648ce3d020106082a8648ce3d03010703420004433daecbcb9c44ab65d9820826741442506f71a11f083aac546b07a8eece38282d46717ac745a050dee7b701b9a7c5dc35970d23e3a540c69a3238440ca59e08","Encrypted":"/krp7ZbiHArpwYhfpDXpTZHN9deUuZYhR66e0Te+HCrLMBFcJd38UuxEI1H6eocOQUvhaxqziAuaNFo9+JqqluopmyWiuVzZSivj2qGnQh+NDrzP6HxEw04E3qMBqzcfzO2FhHE4a3ZoW2yHokxVTxsXbdH7SJ9P8ikOiUkszK5WglD/lsRGq3Z1hkxW4PDnmit12RW3hfQTdJ5h2NCwrhfzhq4KmcBssVWgEzQBFZxz4vDt6cOGCKwvxcVCIKQ1JuhMXixQOJg98smGH2iVZ2rt5r8pEv1fEMcf0DRwUXs/m8mFU6k0hhqlPsQd0vdg/VLXD4RgYjel09AjIy/Q+VEcZHC8jv9GxXZZWJc9i4BNi7+NAVRZ8U+FAQqVHp2JqV/ishCnnud0x6g3FH9Bh17Ei30Md4ETrKDcj+aCqtCtzyLWQRWC7GyqEGl3192NKVT6qs6XludaPTPrbDqTw0/HRzCWDOKUUvhIDdpEG0+btPJtN4fb0Z5G2QStCvUGtT7shUqvsn32X4MJEpyFO2kO7V8iTMsehK56IIr5yRMiLc00OBcC1yU9CxrmQT/fHEfA3O7hvM9RzV8uVXl1mA=="}
node00 {"node01":16, "node02":16, "server1":6, "node00":25, "coord":18, "client1":28}
735030689251531108 GenerateTokenTrace {"Token":"pm5vZGUwMM8KM1qEe9kZZIalY29vcmQSp2NsaWVudDEcpm5vZGUwMRCmbm9kZTAyEKdzZXJ2ZXIxBqZub2RlMDAZ"}
node02 {"node01":16, "coord":18, "node00":25, "client1":28, "server1":6, "node02":23}
735030689251531108 ReceiveTokenTrace {"Token":"pm5vZGUwMM8KM1qEe9kZZIalY29vcmQSp2NsaWVudDEcpm5vZGUwMRCmbm9kZTAyEKdzZXJ2ZXIxBqZub2RlMDAZ"}
node02 {"node01":16, "coord":18, "node00":25, "client1":28, "server1":6, "node02":24}
735030689251531108 ReqRelayLayer {"ExitListenAddr":"127.0.0.1:50101","ExitSessionId":"3059301306072a8648ce3d020106082a8648ce3d0301070342000421ec79c87b5d3d48eb6fbe6e1a32f5cd5d04ed0e63892db6a799888de0071440d5774c609ad680904042dfab7819d6aeae0fa7979bf253aa3f0741f6a5689b46","Encrypted":"TfuCPk0TtvlzVmL+IX/A5dKEI/uOf2cYaG3KZGoQokLYud48Cg/jIBawcYCgkFangJY5si5ZQ60WbV15rIcuRXFi4WML07Dvm7R6QSqEVGxurHDGCSp0CivhIzANnISKQ890dO/NzCjaWLO62R10CM03H0ZjNQCiLELnIA=="}
node02 {"node00":25, "client1":28, "server1":6, "node02":25, "node01":16, "coord":18}
735030689251531108 GenerateTokenTrace {"Token":"pm5vZGUwMs8KM1qEe9kZZIanY2xpZW50MRync2VydmVyMQambm9kZTAyGaZub2RlMDEQpWNvb3JkEqZub2RlMDAZ"}
client1 {"node00":16, "node01":16, "node02":16, "server1":6, "client1":29, "coord":18}
735030689251531108 RPCError {"Error":{}}
client1 {"client1":30, "coord":18, "node00":16, "node01":16, "node02":16, "server1":6}
735030689251531108 RPCTimeOut {}
client1 {"client1":31, "coord":18, "node00":16, "node01":16, "node02":16, "server1":6}
735030689251531108 OnionReq {"ClientId":"client1","OldExitAddr":"127.0.0.1:50101","OldRelayAddr":"127.0.0.1:50102","OldGuardAddr":"127.0.0.1:50100"}
client1 {"client1":32, "coord":18, "node00":16, "node01":16, "node02":16, "server1":6}
735030689251531108 GenerateTokenTrace {"Token":"p2NsaWVudDHPCjNahHvZGWSGp2NsaWVudDEgpWNvb3JkEqZub2RlMDAQpm5vZGUwMRCmbm9kZTAyEKdzZXJ2ZXIxBg=="}
coord {"node03":4, "coord":33, "node04":4, "node01":16, "server1":6, "client1":32, "node02":16, "node05":4, "node00":16}
735030689251531108 ReceiveTokenTrace {"Token":"p2NsaWVudDHPCjNahHvZGWSGp2NsaWVudDEgpWNvb3JkEqZub2RlMDAQpm5vZGUwMRCmbm9kZTAyEKdzZXJ2ZXIxBg=="}
coord {"client1":32, "server1":6, "node01":16, "node05":4, "node00":16, "node03":4, "coord":34, "node02":16, "node04":4}
735030689251531108 OnionReqRecvd {"ClientId":"client1","OldExitAddr":"127.0.0.1:50101","OldRelayAddr":"127.0.0.1:50102","OldGuardAddr":"127.0.0.1:50100"}
coord {"client1":32, "node03":4, "node01":16, "node02":16, "server1":6, "node04":4, "node05":4, "node00":16, "coord":35}
735030689251531108 OnionRes {"ClientId":"client1","ExitAddr":"127.0.0.1:50104","RelayAddr":"127.0.0.1:50105","GuardAddr":"127.0.0.1:50103"}
coord {"node00":16, "node01":16, "node02":16, "node03":4, "server1":6, "node04":4, "node05":4, "coord":36, "client1":32}
735030689251531108 GenerateTokenTrace {"Token":"pWNvb3JkzwozWoR72RlkiaZub2RlMDAQpm5vZGUwMRCmbm9kZTAyEKZub2RlMDQEpm5vZGUwNQSlY29vcmQkp2NsaWVudDEgpm5vZGUwMwSnc2VydmVyMQY="}
client1 {"server1":6, "node03":4, "node01":16, "node05":4, "node00":16, "client1":33, "node04":4, "coord":36, "node02":16}
735030689251531108 ReceiveTokenTrace {"Token":"pWNvb3JkzwozWoR72RlkiaZub2RlMDAQpm5vZGUwMRCmbm9kZTAyEKZub2RlMDQEpm5vZGUwNQSlY29vcmQkp2NsaWVudDEgpm5vZGUwMwSnc2VydmVyMQY="}
client1 {"node05":4, "node04":4, "node00":16, "node02":16, "server1":6, "node03":4, "client1":34, "node01":16, "coord":36}
735030689251531108 OnionResRecvd {"ClientId":"client1","ExitAddr":"127.0.0.1:50104","RelayAddr":"127.0.0.1:50105","GuardAddr":"127.0.0.1:50103"}
client1 {"node00":16, "node02":16, "node01":16, "node04":4, "node05":4, "coord":36, "server1":6, "node03":4, "client1":35}
735030689251531108 SharedSecretReq {"ClientId":"client1","NodeType":"Guard","PublicKey":{"Curve":{"P":115792089210356248762697446949407573530086143415290314195533631308867097853951,"N":115792089210356248762697446949407573529996955224135760342422259061068512044369,"B":41058363725152142129326129780047268409114441015993725554835256314039467401291,"Gx":48439561293906451759052585252797914202762949526041747995844080717082404635286,"Gy":36134250956749795798585127919587881956611106672985015071877198253568414405109,"BitSize":256,"Name":"P-256"},"X":16429704735089522112195889763268148562508723385298903091684077826761809441139,"Y":37739314744478669565144219941668192188103799386448513405430346492008235287567}}
client1 {"client1":36, "node01":16, "node03":4, "coord":36, "node02":16, "server1":6, "node05":4, "node04":4, "node00":16}
735030689251531108 GenerateTokenTrace {"Token":"p2NsaWVudDHPCjNahHvZGWSJpWNvb3JkJKZub2RlMDAQpm5vZGUwMhCnc2VydmVyMQanY2xpZW50MSSmbm9kZTAxEKZub2RlMDUEpm5vZGUwNASmbm9kZTAzBA=="}
node03 {"server1":6, "node03":7, "coord":36, "node02":16, "node00":16, "node01":16, "client1":36, "node05":4, "node04":4}
735030689251531108 ReceiveTokenTrace {"Token":"p2NsaWVudDHPCjNahHvZGWSJpWNvb3JkJKZub2RlMDAQpm5vZGUwMhCnc2VydmVyMQanY2xpZW50MSSmbm9kZTAxEKZub2RlMDUEpm5vZGUwNASmbm9kZTAzBA=="}
node03 {"node02":16, "node04":4, "server1":6, "coord":36, "node00":16, "node05":4, "node03":8, "node01":16, "client1":36}
735030689251531108 PublicKeyRecvd {"PublicKey":{"Curve":{"P":115792089210356248762697446949407573530086143415290314195533631308867097853951,"N":115792089210356248762697446949407573529996955224135760342422259061068512044369,"B":41058363725152142129326129780047268409114441015993725554835256314039467401291,"Gx":48439561293906451759052585252797914202762949526041747995844080717082404635286,"Gy":36134250956749795798585127919587881956611106672985015071877198253568414405109,"BitSize":256,"Name":"P-256"},"X":16429704735089522112195889763268148562508723385298903091684077826761809441139,"Y":37739314744478669565144219941668192188103799386448513405430346492008235287567}}
node03 {"node02":16, "server1":6, "node04":4, "node03":9, "node00":16, "coord":36, "node01":16, "client1":36, "node05":4}
735030689251531108 PublicKeySent {"PublicKey":{"Curve":{"P":115792089210356248762697446949407573530086143415290314195533631308867097853951,"N":115792089210356248762697446949407573529996955224135760342422259061068512044369,"B":41058363725152142129326129780047268409114441015993725554835256314039467401291,"Gx":48439561293906451759052585252797914202762949526041747995844080717082404635286,"Gy":36134250956749795798585127919587881956611106672985015071877198253568414405109,"BitSize":256,"Name":"P-256"},"X":70991544988698615493008449684994144136324637664544194271871358278359918077965,"Y":26795309897146620625282237329608385978541701365377310312790015468969848202769}}
node03 {"node00":16, "node02":16, "node03":10, "client1":36, "node05":4, "node04":4, "server1":6, "coord":36, "node01":16}
735030689251531108 GenerateTokenTrace {"Token":"pm5vZGUwM88KM1qEe9kZZImlY29vcmQkpm5vZGUwMBCmbm9kZTAyEKZub2RlMDUEpm5vZGUwNASnc2VydmVyMQambm9kZTAzCqZub2RlMDEQp2NsaWVudDEk"}
client1 {"node00":16, "node02":16, "server1":6, "node01":16, "node03":10, "coord":36, "client1":37, "node05":4, "node04":4}
735030689251531108 ReceiveTokenTrace {"Token":"pm5vZGUwM88KM1qEe9kZZImlY29vcmQkpm5vZGUwMBCmbm9kZTAyEKZub2RlMDUEpm5vZGUwNASnc2VydmVyMQambm9kZTAzCqZub2RlMDEQp2NsaWVudDEk"}
client1 {"node01":16, "node04":4, "node03":10, "client1":38, "coord":36, "node05":4, "node00":16, "node02":16, "server1":6}
735030689251531108 PublicKeyRecvd {"PublicKey":{"Curve":{"P":115792089210356248762697446949407573530086143415290314195533631308867097853951,"N":115792089210356248762697446949407573529996955224135760342422259061068512044369,"B":41058363725152142129326129780047268409114441015993725554835256314039467401291,"Gx":48439561293906451759052585252797914202762949526041747995844080717082404635286,"Gy":36134250956749795798585127919587881956611106672985015071877198253568414405109,"BitSize":256,"Name":"P-256"},"X":70991544988698615493008449684994144136324637664544194271871358278359918077965,"Y":26795309897146620625282237329608385978541701365377310312790015468969848202769}}
client1 {"node02":16, "server1":6, "node05":4, "node04":4, "coord":36, "node00":16, "client1":39, "node01":16, "node03":10}
735030689251531108 SharedSecretReq {"ClientId":"client1","NodeType":"Relay","PublicKey":{"Curve":{"P":115792089210356248762697446949407573530086143415290314195533631308867097853951,"N":115792089210356248762697446949407573529996955224135760342422259061068512044369,"B":41058363725152142129326129780047268409114441015993725554835256314039467401291,"Gx":48439561293906451759052585252797914202762949526041747995844080717082404635286,"Gy":36134250956749795798585127919587881956611106672985015071877198253568414405109,"BitSize":256,"Name":"P-256"},"X":29084100218805924372078761569131748949187882634085971583570962337436146644992,"Y":12770274735331230034822440131401785125073468484054100483173304401578788582420}}
client1 {"node05":4, "coord":36, "node00":16, "server1":6, "client1":40, "node01":16, "node02":16, "node04":4, "node03":10}
735030689251531108 GenerateTokenTrace {"Token":"p2NsaWVudDHPCjNahHvZGWSJpm5vZGUwNASmbm9kZTAzCqdjbGllbnQxKKZub2RlMDEQpm5vZGUwNQSnc2VydmVyMQalY29vcmQkpm5vZGUwMBCmbm9kZTAyEA=="}
node05 {"server1":6, "coord":36, "node02":16, "node05":7, "node01":16, "node00":16, "node04":4, "client1":40, "node03":10}
735030689251531108 ReceiveTokenTrace {"Token":"p2NsaWVudDHPCjNahHvZGWSJpm5vZGUwNASmbm9kZTAzCqdjbGllbnQxKKZub2RlMDEQpm5vZGUwNQSnc2VydmVyMQalY29vcmQkpm5vZGUwMBCmbm9kZTAyEA=="}
node05 {"node05":8, "node01":16, "server1":6, "node00":16, "node03":10, "client1":40, "node04":4, "coord":36, "node02":16}
735030689251531108 PublicKeyRecvd {"PublicKey":{"Curve":{"P":115792089210356248762697446949407573530086143415290314195533631308867097853951,"N":115792089210356248762697446949407573529996955224135760342422259061068512044369,"B":41058363725152142129326129780047268409114441015993725554835256314039467401291,"Gx":48439561293906451759052585252797914202762949526041747995844080717082404635286,"Gy":36134250956749795798585127919587881956611106672985015071877198253568414405109,"BitSize":256,"Name":"P-256"},"X":29084100218805924372078761569131748949187882634085971583570962337436146644992,"Y":12770274735331230034822440131401785125073468484054100483173304401578788582420}}
node05 {"node04":4, "node01":16, "node03":10, "coord":36, "node00":16, "node02":16, "node05":9, "client1":40, "server1":6}
735030689251531108 PublicKeySent {"PublicKey":{"Curve":{"P":115792089210356248762697446949407573530086143415290314195533631308867097853951,"N":115792089210356248762697446949407573529996955224135760342422259061068512044369,"B":41058363725152142129326129780047268409114441015993725554835256314039467401291,"Gx":48439561293906451759052585252797914202762949526041747995844080717082404635286,"Gy":36134250956749795798585127919587881956611106672985015071877198253568414405109,"BitSize":256,"Name":"P-256"},"X":55195074424555121019864403917777725781681245460682799210578707060510841444187,"Y":105958254158112337655221848687286530552127317403345241573095693994098723381030}}
node05 {"node04":4, "node01":16, "client1":40, "coord":36, "node02":16, "node05":10, "node03":10, "node00":16, "server1":6}
735030689251531108 GenerateTokenTrace {"Token":"pm5vZGUwNc8KM1qEe9kZZImmbm9kZTA1CqZub2RlMDEQp2NsaWVudDEopm5vZGUwMwqlY29vcmQkpm5vZGUwMBCmbm9kZTAyEKZub2RlMDQEp3NlcnZlcjEG"}
client1 {"node01":16, "node05":10, "node04":4, "coord":36, "node00":16, "client1":41, "node03":10, "node02":16, "server1":6}
735030689251531108 ReceiveTokenTrace {"Token":"pm5vZGUwNc8KM1qEe9kZZImmbm9kZTA1CqZub2RlMDEQp2NsaWVudDEopm5vZGUwMwqlY29vcmQkpm5vZGUwMBCmbm9kZTAyEKZub2RlMDQEp3NlcnZlcjEG"}
client1 {"node01":16, "node05":10, "node00":16, "node02":16, "node04":4, "node03":10, "client1":42, "server1":6, "coord":36}
735030689251531108 PublicKeyRecvd {"PublicKey":{"Curve":{"P":115792089210356248762697446949407573530086143415290314195533631308867097853951,"N":115792089210356248762697446949407573529996955224135760342422259061068512044369,"B":41058363725152142129326129780047268409114441015993725554835256314039467401291,"Gx":48439561293906451759052585252797914202762949526041747995844080717082404635286,"Gy":36134250956749795798585127919587881956611106672985015071877198253568414405109,"BitSize":256,"Name":"P-256"},"X":55195074424555121019864403917777725781681245460682799210578707060510841444187,"Y":105958254158112337655221848687286530552127317403345241573095693994098723381030}}
client1 {"node05":10, "node04":4, "coord":36, "node02":16, "node03":10, "node01":16, "node00":16, "server1":6, "client1":43}
735030689251531108 SharedSecretReq {"ClientId":"client1","NodeType":"Exit","PublicKey":{"Curve":{"P":115792089210356248762697446949407573530086143415290314195533631308867097853951,"N":115792089210356248762697446949407573529996955224135760342422259061068512044369,"B":41058363725152142129326129780047268409114441015993725554835256314039467401291,"Gx":48439561293906451759052585252797914202762949526041747995844080717082404635286,"Gy":36134250956749795798585127919587881956611106672985015071877198253568414405109,"BitSize":256,"Name":"P-256"},"X":40658725421381640238466845887730130769215501898263694403581377687709672069152,"Y":219855122273474650500282691861820234956300601970290113715184538090917735162}}
client1 {"client1":44, "node01":16, "node05":10, "node04":4, "server1":6, "coord":36, "node00":16, "node03":10, "node02":16}
735030689251531108 GenerateTokenTrace {"Token":"p2NsaWVudDHPCjNahHvZGWSJpWNvb3JkJKZub2RlMDAQpm5vZGUwMhCnc2VydmVyMQanY2xpZW50MSymbm9kZTAxEKZub2RlMDUKpm5vZGUwNASmbm9kZTAzCg=="}
node04 {"node05":10, "node00":16, "server1":6, "client1":44, "node04":7, "node03":10, "coord":36, "node01":16, "node02":16}
735030689251531108 ReceiveTokenTrace {"Token":"p2NsaWVudDHPCjNahHvZGWSJpWNvb3JkJKZub2RlMDAQpm5vZGUwMhCnc2VydmVyMQanY2xpZW50MSymbm9kZTAxEKZub2RlMDUKpm5vZGUwNASmbm9kZTAzCg=="}
node04 {"coord":36, "node02":16, "client1":44, "node04":8, "node00":16, "node03":10, "node05":10, "node01":16, "server1":6}
735030689251531108 PublicKeyRecvd {"PublicKey":{"Curve":{"P":115792089210356248762697446949407573530086143415290314195533631308867097853951,"N":115792089210356248762697446949407573529996955224135760342422259061068512044369,"B":41058363725152142129326129780047268409114441015993725554835256314039467401291,"Gx":48439561293906451759052585252797914202762949526041747995844080717082404635286,"Gy":36134250956749795798585127919587881956611106672985015071877198253568414405109,"BitSize":256,"Name":"P-256"},"X":40658725421381640238466845887730130769215501898263694403581377687709672069152,"Y":219855122273474650500282691861820234956300601970290113715184538090917735162}}
node04 {"server1":6, "node01":16, "node00":16, "client1":44, "node05":10, "node04":9, "node02":16, "node03":10, "coord":36}
735030689251531108 PublicKeySent {"PublicKey":{"Curve":{"P":115792089210356248762697446949407573530086143415290314195533631308867097853951,"N":115792089210356248762697446949407573529996955224135760342422259061068512044369,"B":41058363725152142129326129780047268409114441015993725554835256314039467401291,"Gx":48439561293906451759052585252797914202762949526041747995844080717082404635286,"Gy":36134250956749795798585127919587881956611106672985015071877198253568414405109,"BitSize":256,"Name":"P-256"},"X":77878771829488199053106654244188945997052377315089338083156585825661707804857,"Y":84369509876298513530023044682414697373816162517679576640952038695895883564659}}
node04 {"coord":36, "node05":10, "node04":10, "node02":16, "node00":16, "node03":10, "client1":44, "server1":6, "node01":16}
735030689251531108 GenerateTokenTrace {"Token":"pm5vZGUwNM8KM1qEe9kZZImmbm9kZTA0CqZub2RlMDAQpm5vZGUwMwqlY29vcmQkpm5vZGUwNQqmbm9kZTAxEKZub2RlMDIQp2NsaWVudDEsp3NlcnZlcjEG"}
client1 {"node01":16, "node04":10, "node03":10, "node00":16, "node02":16, "client1":45, "node05":10, "coord":36, "server1":6}
735030689251531108 ReceiveTokenTrace {"Token":"pm5vZGUwNM8KM1qEe9kZZImmbm9kZTA0CqZub2RlMDAQpm5vZGUwMwqlY29vcmQkpm5vZGUwNQqmbm9kZTAxEKZub2RlMDIQp2NsaWVudDEsp3NlcnZlcjEG"}
client1 {"node00":16, "node03":10, "client1":46, "node05":10, "node04":10, "coord":36, "node01":16, "node02":16, "server1":6}
735030689251531108 PublicKeyRecvd {"PublicKey":{"Curve":{"P":115792089210356248762697446949407573530086143415290314195533631308867097853951,"N":115792089210356248762697446949407573529996955224135760342422259061068512044369,"B":41058363725152142129326129780047268409114441015993725554835256314039467401291,"Gx":48439561293906451759052585252797914202762949526041747995844080717082404635286,"Gy":36134250956749795798585127919587881956611106672985015071877198253568414405109,"BitSize":256,"Name":"P-256"},"X":77878771829488199053106654244188945997052377315089338083156585825661707804857,"Y":84369509876298513530023044682414697373816162517679576640952038695895883564659}}
client1 {"node02":16, "server1":6, "client1":47, "node05":10, "node03":10, "coord":36, "node01":16, "node04":10, "node00":16}
735030689251531108 GenerateTokenTrace {"Token":"p2NsaWVudDHPCjNahHvZGWSJpm5vZGUwMwqnY2xpZW50MS+mbm9kZTAxEKZub2RlMDUKpm5vZGUwNAqlY29vcmQkpm5vZGUwMBCmbm9kZTAyEKdzZXJ2ZXIxBg=="}
node03 {"node00":16, "node02":16, "node01":16, "client1":47, "node05":10, "coord":36, "node04":10, "server1":6, "node03":11}
735030689251531108 ReceiveTokenTrace {"Token":"p2NsaWVudDHPCjNahHvZGWSJpm5vZGUwMwqnY2xpZW50MS+mbm9kZTAxEKZub2RlMDUKpm5vZGUwNAqlY29vcmQkpm5vZGUwMBCmbm9kZTAyEKdzZXJ2ZXIxBg=="}
node03 {"client1":47, "node04":10, "coord":36, "node02":16, "node03":12, "node01":16, "node05":10, "node00":16, "server1":6}
735030689251531108 ReqGuardLayer {"RelayListenAddr":"127.0.0.1:50105","RelaySessionId":"3059301306072a8648ce3d020106082a8648ce3d030107034200047a074e176e9e0043de483e2f796f8f60db24ce3deef0d4913c364132f571175bea423f2064ca64421baf60353c5fdb68afb3af8416f8dde35999866115dbdf26","Encrypted":"0O1jTHsn6LBeFCN/aZ+X0A4P1NzRv24ZoQSFTUDkTiGukfCsnJcD1BCSdVMfSV5URIdv11uLr63CJkeofgTeR5HDxa4p5aUiLRVRBnSE6ZN7P0sn9mPI23hDAFr2PvuNl4SaojlgN1wTK8bpqO+hLD037U0tm9xLMWeNvZzIC3EPhvocEjzyCAb+nCtaH7PHiRC8U4xZwTOujNnElPgqiBklkCPTFjmGcr5/+oivN0xGuTCWZ0bxUC7mrtvQyrUHGvCoFQ3sLesL0cMNaf9Yr3813AE7eKwzvuUVa3gtAXZAeQyPZKYr5xdXAnAohW4+ZJsF4TnR/0Rp4lIN8AorQanpwmCBCgX7FOrcP25PipOAo9rIBy4bux3NTWLBlXpzgV+F7x95bjvcG5XuFxBdFq8nHCDALTChiSQSZ0+gVxsCulpgFBh9G0kFPq7fCiCnzPRcmAiLx7ZwEu4wsJFj7dmNy/cSoa0++43FXJYk/+R4IFMAJweH3IH+ZJPUveSjKbTEWTgGbspKu5+gBMqOp9L+N0QwmVHnvMcSUHD6FYDlQWErHV5DExyyF0FM1k+gBQ4lIjfuhugAd2W6PvlG3w=="}
node03 {"node00":16, "node02":16, "node05":10, "node03":13, "node01":16, "client1":47, "coord":36, "node04":10, "server1":6}
735030689251531108 GenerateTokenTrace {"Token":"pm5vZGUwM88KM1qEe9kZZImnY2xpZW50MS+mbm9kZTA1CqZub2RlMDQKp3NlcnZlcjEGpm5vZGUwMw2mbm9kZTAxEKZub2RlMDIQpWNvb3JkJKZub2RlMDAQ"}
node05 {"server1":6, "node00":16, "node02":16, "node05":11, "node01":16, "client1":47, "node03":13, "coord":36, "node04":10}
735030689251531108 ReceiveTokenTrace {"Token":"pm5vZGUwM88KM1qEe9kZZImnY2xpZW50MS+mbm9kZTA1CqZub2RlMDQKp3NlcnZlcjEGpm5vZGUwMw2mbm9kZTAxEKZub2RlMDIQpWNvb3JkJKZub2RlMDAQ"}
node05 {"node04":10, "server1":6, "coord":36, "node05":12, "node00":16, "node01":16, "client1":47, "node03":13, "node02":16}
735030689251531108 ReqRelayLayer {"ExitListenAddr":"127.0.0.1:50104","ExitSessionId":"3059301306072a8648ce3d020106082a8648ce3d03010703420004ac2dd2a2c77998083fc123266ef0b621e550a0d2d9b194e201853d990b36e0b9ba877349a2f1655e17cfa1b60206e1915ac9b97a3e8acbfd88ed32963c47c673","Encrypted":"TY8GR1eI9YJrR1zrp2yNFp6Il3dA1FKYMWkz9PqHkKdFe5g6zsYvMXKnXX2TVWyVtI92N4l3jqmd6X5BDWKyiodRaZ8qT49tHiuIK6DaQ9ZsgxkLxM8AvBQEQFJYZhWULZ5vP7x1jvrB57N0rClKmN1qy5fCI0PC3Qy1DA=="}
node05 {"server1":6, "node05":13, "coord":36, "node00":16, "node02":16, "node04":10, "node01":16, "client1":47, "node03":13}
735030689251531108 GenerateTokenTrace {"Token":"pm5vZGUwNc8KM1qEe9kZZImlY29vcmQkpm5vZGUwMBCmbm9kZTAyEKZub2RlMDQKp3NlcnZlcjEGpm5vZGUwNQ2mbm9kZTAxEKdjbGllbnQxL6Zub2RlMDMN"}
node04 {"client1":47, "node00":16, "node03":13, "server1":6, "node01":16, "node02":16, "coord":36, "node05":13, "node04":11}
735030689251531108 ReceiveTokenTrace {"Token":"pm5vZGUwNc8KM1qEe9kZZImlY29vcmQkpm5vZGUwMBCmbm9kZTAyEKZub2RlMDQKp3NlcnZlcjEGpm5vZGUwNQ2mbm9kZTAxEKdjbGllbnQxL6Zub2RlMDMN"}
node04 {"node01":16, "node02":16, "node05":13, "node04":12, "node00":16, "client1":47, "server1":6, "node03":13, "coord":36}
735030689251531108 ReqExitLayer {"Args":{"A":2,"B":4},"ServiceMethod":"Server.Multiply","ServerAddr":":4322","Res":{"Result":2}}
node04 {"client1":47, "server1":6, "node05":13, "node03":13, "coord":36, "node01":16, "node02":16, "node04":13, "node00":16}
735030689251531108 GenerateTokenTrace {"Token":"pm5vZGUwNM8KM1qEe9kZZImmbm9kZTA0DaZub2RlMDAQpm5vZGUwMw2lY29vcmQkpm5vZGUwNQ2mbm9kZTAxEKZub2RlMDIQp2NsaWVudDEvp3NlcnZlcjEG"}
server1 {"node02":16, "node03":13, "node01":16, "coord":36, "node00":16, "node05":13, "node04":13, "server1":7, "client1":47}
735030689251531108 ReceiveTokenTrace {"Token":"pm5vZGUwNM8KM1qEe9kZZImmbm9kZTA0DaZub2RlMDAQpm5vZGUwMw2lY29vcmQkpm5vZGUwNQ2mbm9kZTAxEKZub2RlMDIQp2NsaWVudDEvp3NlcnZlcjEG"}
server1 {"node02":16, "client1":47, "coord":36, "node00":16, "node04":13, "node03":13, "server1":8, "node01":16, "node05":13}
735030689251531108 Request {"Token":"pm5vZGUwNM8KM1qEe9kZZImmbm9kZTA0DaZub2RlMDAQpm5vZGUwMw2lY29vcmQkpm5vZGUwNQ2mbm9kZTAxEKZub2RlMDIQp2NsaWVudDEvp3NlcnZlcjEG","Args":{"A":2,"B":4}}
server1 {"node05":13, "node03":13, "node01":16, "node00":16, "server1":9, "node04":13, "coord":36, "node02":16, "client1":47}
735030689251531108 Response {"Token":null,"Res":{"Result":8,"Token":null}}
server1 {"server1":10, "client1":47, "node01":16, "node05":13, "node02":16, "node04":13, "node03":13, "coord":36, "node00":16}
735030689251531108 GenerateTokenTrace {"Token":"p3NlcnZlcjHPCjNahHvZGWSJpm5vZGUwMhCmbm9kZTA1DaZub2RlMDQNpm5vZGUwMw2mbm9kZTAxEKVjb29yZCSmbm9kZTAwEKdzZXJ2ZXIxCqdjbGllbnQxLw=="}
node04 {"coord":36, "node05":13, "node04":14, "node03":13, "server1":10, "node00":16, "node01":16, "node02":16, "client1":47}
735030689251531108 ReceiveTokenTrace {"Token":"p3NlcnZlcjHPCjNahHvZGWSJpm5vZGUwMhCmbm9kZTA1DaZub2RlMDQNpm5vZGUwMw2mbm9kZTAxEKVjb29yZCSmbm9kZTAwEKdzZXJ2ZXIxCqdjbGllbnQxLw=="}
node04 {"node05":13, "node04":15, "node00":16, "node03":13, "node01":16, "coord":36, "node02":16, "client1":47, "server1":10}
735030689251531108 ServerPayloadRecvd {"Payload":{"Result":8,"Token":null}}
node04 {"server1":10, "node01":16, "node03":13, "coord":36, "node02":16, "client1":47, "node00":16, "node05":13, "node04":16}
735030689251531108 GenerateTokenTrace {"Token":"pm5vZGUwNM8KM1qEe9kZZImmbm9kZTA0EKZub2RlMDAQpm5vZGUwMw2lY29vcmQkpm5vZGUwNQ2mbm9kZTAxEKZub2RlMDIQp2NsaWVudDEvp3NlcnZlcjEK"}
node05 {"server1":10, "node03":13, "coord":36, "node00":16, "node02":16, "node04":16, "node05":14, "node01":16, "client1":47}
735030689251531108 ReceiveTokenTrace {"Token":"pm5vZGUwNM8KM1qEe9kZZImmbm9kZTA0EKZub2RlMDAQpm5vZGUwMw2lY29vcmQkpm5vZGUwNQ2mbm9kZTAxEKZub2RlMDIQp2NsaWVudDEvp3NlcnZlcjEK"}
node05 {"node05":15, "node01":16, "node03":13, "coord":36, "node00":16, "client1":47, "node02":16, "node04":16, "server1":10}
735030689251531108 PayloadRecvd {"Encrypted":"mCxuLGRTEPVTkXMKFh21Cfxt4LFMPgS7RagQOMWEstMfw+udKZeFxj8C0RNu09rEuYAjAW8="}
node05 {"node02":16, "node04":16, "node05":16, "node01":16, "coord":36, "node00":16, "server1":10, "client1":47, "node03":13}
735030689251531108 GenerateTokenTrace {"Token":"pm5vZGUwNc8KM1qEe9kZZImlY29vcmQkpm5vZGUwMBCmbm9kZTAyEKZub2RlMDQQp3NlcnZlcjEKpm5vZGUwNRCmbm9kZTAxEKdjbGllbnQxL6Zub2RlMDMN"}
node03 {"node00":16, "node02":16, "node04":16, "server1":10, "node03":14, "client1":47, "coord":36, "node05":16, "node01":16}
735030689251531108 ReceiveTokenTrace {"Token":"pm5vZGUwNc8KM1qEe9kZZImlY29vcmQkpm5vZGUwMBCmbm9kZTAyEKZub2RlMDQQp3NlcnZlcjEKpm5vZGUwNRCmbm9kZTAxEKdjbGllbnQxL6Zub2RlMDMN"}
node03 {"node02":16, "node03":15, "node01":16, "node05":16, "server1":10, "coord":36, "client1":47, "node04":16, "node00":16}
735030689251531108 PayloadRecvd {"Encrypted":"TxgirRmlPbarq7bj0fIKATKhXneXky9ocmlSJW9xMvhY2deFasI6iDf/iitRAT5F9WBcs+5UkZL4MPOYRxrhQP/gMR1g9k3GLT4dKlGZWK+zFqPND7Cwz+0brsDrWlNu2rMh/tVzoCFuMuRwZQeqzoQ8L24GZ7wcT5MpsDhx5tfrtcjsrZ28JuSh9Te/pKHqWgT1lK3XiEeDnKktKEgfCQE6bPFxSwSI8bsINkoKZ++jx0PeFv+/ZImrgbTldRR/i5gCCn+lnbHvRA9lYgjlrr9w14ZFpadc9/3yQ/QuExqJZqHiu9hBStdJmjYgDwIaPnOXhDVzZg=="}
node03 {"node03":16, "node01":16, "node04":16, "coord":36, "node00":16, "node02":16, "client1":47, "node05":16, "server1":10}
735030689251531108 GenerateTokenTrace {"Token":"pm5vZGUwM88KM1qEe9kZZImlY29vcmQkpm5vZGUwMBCmbm9kZTAyEKZub2RlMDQQp3NlcnZlcjEKpm5vZGUwMxCmbm9kZTAxEKdjbGllbnQxL6Zub2RlMDUQ"}
client1 {"coord":36, "node02":16, "server1":10, "client1":48, "node04":16, "node03":16, "node01":16, "node05":16, "node00":16}
735030689251531108 ReceiveTokenTrace {"Token":"pm5vZGUwM88KM1qEe9kZZImlY29vcmQkpm5vZGUwMBCmbm9kZTAyEKZub2RlMDQQp3NlcnZlcjEKpm5vZGUwMxCmbm9kZTAxEKdjbGllbnQxL6Zub2RlMDUQ"}
client1 {"node05":16, "coord":36, "node02":16, "client1":49, "node01":16, "node00":16, "server1":10, "node04":16, "node03":16}
735030689251531108 RpcResRecvd {"ClientId":"client1","ServiceMethod":"Server.Multiply","Result":{"Result":8}}
client1 {"node03":16, "node01":16, "node05":16, "server1":10, "node02":16, "node04":16, "coord":36, "node00":16, "client1":50}
735030689251531108 RpcCall {"ClientId":"client1","ServiceMethod":"Server.Subtract"}
client1 {"coord":36, "server1":10, "node01":16, "node04":16, "node03":16, "node00":16, "node02":16, "client1":51, "node05":16}
735030689251531108 GenerateTokenTrace {"Token":"p2NsaWVudDHPCjNahHvZGWSJpm5vZGUwMRCmbm9kZTA1EKZub2RlMDQQpm5vZGUwMxCnY2xpZW50MTOmbm9kZTAwEKZub2RlMDIQp3NlcnZlcjEKpWNvb3JkJA=="}
node03 {"server1":10, "node03":17, "node02":16, "node01":16, "client1":51, "node04":16, "node00":16, "coord":36, "node05":16}
735030689251531108 ReceiveTokenTrace {"Token":"p2NsaWVudDHPCjNahHvZGWSJpm5vZGUwMRCmbm9kZTA1EKZub2RlMDQQpm5vZGUwMxCnY2xpZW50MTOmbm9kZTAwEKZub2RlMDIQp3NlcnZlcjEKpWNvb3JkJA=="}
node03 {"node05":16, "node04":16, "server1":10, "node00":16, "node03":18, "node01":16, "client1":51, "coord":36, "node02":16}
735030689251531108 ReqGuardLayer {"RelayListenAddr":"127.0.0.1:50105","RelaySessionId":"3059301306072a8648ce3d020106082a8648ce3d030107034200047a074e176e9e0043de483e2f796f8f60db24ce3deef0d4913c364132f571175bea423f2064ca64421baf60353c5fdb68afb3af8416f8dde35999866115dbdf26","Encrypted":"jKJ1ghC8BOwxsj7wbpZzo0tG3qzJ3OPiZlCJ14X1SQr6urChZS0nWzQza5J1fB6Fu5aKz1m4rPyYe8Db5Qej0poTRzkLJJ+epFZ/CIE3fSI72MYUEnQjJRufc8AiVdhTPjihPzl8pNH/utcVOLvQ3Yu5yrJR2xRTjsr687njYMUDhISMxlbGTKFNxQLn+zLSXUVNjiKGh7pCusqMUp3t6heHoV4lnU2JjZnhJt1QSEiuC/VYXzGBX1Cjx8Xvp/m632V+1pE7n6IyQ68h0AOzArUAHoIYB8vMkAZYxjuFkJ1io6K7EonAyUUdmOsFdMrySewf546ape0L+qQW1T7+NIaCjlQH+pP7CGtbzyc1kE1Gtg7iosEidf7+xiXwck0z8MGlP3f6WKY1UIlhTG958sOrGJvah00FngwNpEwChRNkPku5Y4LGWF6+Hsno+JLy2zTfYGWqKr1PXNeacGZcgXkc13ZxuwISfAwsjbt6nTRRCCr1xQacsw8JJ3+teaNdasD3A0gh2dk+6uo2iA2oIc9/Y0FAaVOmK+Rc9cv0bWgFjDFGkYtvHI33vSO3Tk1nJY1WFuMwSzRihi58E+rayA=="}
node03 {"node04":16, "node00":16, "node02":16, "node01":16, "client1":51, "node05":16, "node03":19, "server1":10, "coord":36}
735030689251531108 GenerateTokenTrace {"Token":"pm5vZGUwM88KM1qEe9kZZImmbm9kZTAwEKZub2RlMDIQpWNvb3JkJKZub2RlMDEQp2NsaWVudDEzpm5vZGUwNRCmbm9kZTA0EKdzZXJ2ZXIxCqZub2RlMDMT"}
node05 {"node02":16, "node03":19, "node00":16, "server1":10, "coord":36, "node05":17, "node01":16, "client1":51, "node04":16}
735030689251531108 ReceiveTokenTrace {"Token":"pm5vZGUwM88KM1qEe9kZZImmbm9kZTAwEKZub2RlMDIQpWNvb3JkJKZub2RlMDEQp2NsaWVudDEzpm5vZGUwNRCmbm9kZTA0EKdzZXJ2ZXIxCqZub2RlMDMT"}
node05 {"coord":36, "node00":16, "client1":51, "node04":16, "server1":10, "node02":16, "node03":19, "node05":18, "node01":16}
735030689251531108 ReqRelayLayer {"ExitListenAddr":"127.0.0.1:50104","ExitSessionId":"3059301306072a8648ce3d020106082a8648ce3d03010703420004ac2dd2a2c77998083fc123266ef0b621e550a0d2d9b194e201853d990b36e0b9ba877349a2f1655e17cfa1b60206e1915ac9b97a3e8acbfd88ed32963c47c673","Encrypted":"4YOdWmTZJlflS9U2srI8u/xG7qtjdzAxLQ0xc3g/nTOAZEYLCCBRQCAU+DnZZuD6Yx16b53h17cGglz2+VA8CP+mILS0/HNq38tSfk1obzHjwHGVajrI0h9z4qHFNwTQdnrGWBAdK4kGo9QkgpYideKYfc6uHRcWG0suZg=="}
node05 {"node03":19, "node05":19, "node02":16, "node04":16, "coord":36, "node00":16, "client1":51, "node01":16, "server1":10}
735030689251531108 GenerateTokenTrace {"Token":"pm5vZGUwNc8KM1qEe9kZZImmbm9kZTAwEKZub2RlMDIQpm5vZGUwNBCnc2VydmVyMQqlY29vcmQkpm5vZGUwMRCnY2xpZW50MTOmbm9kZTAzE6Zub2RlMDUT"}
node04 {"node04":17, "node00":16, "node03":19, "coord":36, "node05":19, "node01":16, "node02":16, "client1":51, "server1":10}
735030689251531108 ReceiveTokenTrace {"Token":"pm5vZGUwNc8KM1qEe9kZZImmbm9kZTAwEKZub2RlMDIQpm5vZGUwNBCnc2VydmVyMQqlY29vcmQkpm5vZGUwMRCnY2xpZW50MTOmbm9kZTAzE6Zub2RlMDUT"}
node04 {"node00":16, "node01":16, "client1":51, "server1":10, "node04":18, "node03":19, "coord":36, "node05":19, "node02":16}
735030689251531108 ReqExitLayer {"Args":{"A":8,"B":5},"ServiceMethod":"Server.Subtract","ServerAddr":":4322","Res":{"Result":8}}
node04 {"node00":16, "node05":19, "node01":16, "client1":51, "node04":19, "node03":19, "coord":36, "node02":16, "server1":10}
735030689251531108 GenerateTokenTrace {"Token":"pm5vZGUwNM8KM1qEe9kZZImmbm9kZTAxEKZub2RlMDIQp2NsaWVudDEzp3NlcnZlcjEKpm5vZGUwNBOmbm9kZTAwEKZub2RlMDMTpWNvb3JkJKZub2RlMDUT"}
server1 {"node05":19, "client1":51, "node03":19, "node01":16, "node02":16, "node04":19, "server1":11, "coord":36, "node00":16}
735030689251531108 ReceiveTokenTrace {"Token":"pm5vZGUwNM8KM1qEe9kZZImmbm9kZTAxEKZub2RlMDIQp2NsaWVudDEzp3NlcnZlcjEKpm5vZGUwNBOmbm9kZTAwEKZub2RlMDMTpWNvb3JkJKZub2RlMDUT"}
server1 {"node04":19, "node03":19, "node01":16, "node00":16, "node05":19, "client1":51, "coord":36, "node02":16, "server1":12}
735030689251531108 Request {"Token":"pm5vZGUwNM8KM1qEe9kZZImmbm9kZTAxEKZub2RlMDIQp2NsaWVudDEzp3NlcnZlcjEKpm5vZGUwNBOmbm9kZTAwEKZub2RlMDMTpWNvb3JkJKZub2RlMDUT","Args":{"A":8,"B":5}}
server1 {"client1":51, "node05":19, "node04":19, "node03":19, "node01":16, "coord":36, "node00":16, "node02":16, "server1":13}
735030689251531108 Response {"Token":null,"Res":{"Result":3,"Token":null}}
server1 {"client1":51, "node05":19, "node04":19, "node03":19, "coord":36, "server1":14, "node00":16, "node02":16, "node01":16}
735030689251531108 GenerateTokenTrace {"Token":"p3NlcnZlcjHPCjNahHvZGWSJp3NlcnZlcjEOp2NsaWVudDEzpm5vZGUwMBCmbm9kZTAyEKZub2RlMDUTpm5vZGUwNBOmbm9kZTAzE6Zub2RlMDEQpWNvb3JkJA=="}
node04 {"node05":19, "node01":16, "node02":16, "client1":51, "node03":19, "server1":14, "node04":20, "node00":16, "coord":36}
735030689251531108 ReceiveTokenTrace {"Token":"p3NlcnZlcjHPCjNahHvZGWSJp3NlcnZlcjEOp2NsaWVudDEzpm5vZGUwMBCmbm9kZTAyEKZub2RlMDUTpm5vZGUwNBOmbm9kZTAzE6Zub2RlMDEQpWNvb3JkJA=="}
node04 {"node01":16, "node02":16, "server1":14, "node05":19, "node04":21, "node03":19, "coord":36, "client1":51, "node00":16}
735030689251531108 ServerPayloadRecvd {"Payload":{"Result":3,"Token":null}}
node04 {"node00":16, "node03":19, "node05":19, "client1":51, "server1":14, "node04":22, "coord":36, "node01":16, "node02":16}
735030689251531108 GenerateTokenTrace {"Token":"pm5vZGUwNM8KM1qEe9kZZImmbm9kZTAzE6Vjb29yZCSmbm9kZTA1E6Zub2RlMDQWpm5vZGUwMBCnY2xpZW50MTOnc2VydmVyMQ6mbm9kZTAxEKZub2RlMDIQ"}
node05 {"node01":16, "server1":14, "coord":36, "node00":16, "node02":16, "node04":22, "node05":20, "client1":51, "node03":19}
735030689251531108 ReceiveTokenTrace {"Token":"pm5vZGUwNM8KM1qEe9kZZImmbm9kZTAzE6Vjb29yZCSmbm9kZTA1E6Zub2RlMDQWpm5vZGUwMBCnY2xpZW50MTOnc2VydmVyMQ6mbm9kZTAxEKZub2RlMDIQ"}
node05 {"node03":19, "node05":21, "client1":51, "node04":22, "node01":16, "server1":14, "coord":36, "node00":16, "node02":16}
735030689251531108 PayloadRecvd {"Encrypted":"aO9LxxCcTsvqaVHuoEIG5r+wQ/OPja7ircug1mmkV/gEcgOM5wZLMAAO2VD7k0qtKf2S6eo="}
node05 {"node04":22, "client1":51, "node03":19, "node02":16, "node00":16, "server1":14, "node05":22, "node01":16, "coord":36}
735030689251531108 GenerateTokenTrace {"Token":"pm5vZGUwNc8KM1qEe9kZZImmbm9kZTA1FqZub2RlMDEQp2NsaWVudDEzpm5vZGUwMxOlY29vcmQkpm5vZGUwMBCmbm9kZTAyEKZub2RlMDQWp3NlcnZlcjEO"}
node03 {"node04":22, "node01":16, "node02":16, "coord":36, "client1":51, "node05":22, "node00":16, "server1":14, "node03":20}
735030689251531108 ReceiveTokenTrace {"Token":"pm5vZGUwNc8KM1qEe9kZZImmbm9kZTA1FqZub2RlMDEQp2NsaWVudDEzpm5vZGUwMxOlY29vcmQkpm5vZGUwMBCmbm9kZTAyEKZub2RlMDQWp3NlcnZlcjEO"}
node03 {"node03":21, "node01":16, "node05":22, "node04":22, "coord":36, "node00":16, "server1":14, "client1":51, "node02":16}
735030689251531108 PayloadRecvd {"Encrypted":"X20tUbWs+Ak8MmztNZl3jUhRJAAbK1kxkj+ScS73Dw8SZCuqJmRipQ8UhO0MTl4WChFttVmU/AR83dPbERVUJN/uzgEEPqgznV6ID3v1VXSkFR0yxhTMHD51XOKyZFadu6PsdTcWcxZt0hG/Cd0ax+185UPMZDHa8VRx/jkqJugcj3chvLzJVNd2g6HTI7f7I+irDgJXbQxP4X3nac9wdgDFHWQodK0J9y3KO2WKnrv30Y8m9rDzHjagi+BC26aNHmBszO361uMtAlvKyIMffJjZcUaGIfNmZBkx2N8GE94/jlyUPAZGA0Ieq/PksaZvpsjfvvbXqw=="}
node03 {"node03":22, "node01":16, "node02":16, "node00":16, "node04":22, "server1":14, "coord":36, "client1":51, "node05":22}
735030689251531108 GenerateTokenTrace {"Token":"pm5vZGUwM88KM1qEe9kZZImnc2VydmVyMQ6mbm9kZTAzFqZub2RlMDEQp2NsaWVudDEzpm5vZGUwNRambm9kZTA0FqVjb29yZCSmbm9kZTAwEKZub2RlMDIQ"}
client1 {"server1":14, "node01":16, "node05":22, "node04":22, "coord":36, "client1":52, "node03":22, "node00":16, "node02":16}
735030689251531108 ReceiveTokenTrace {"Token":"pm5vZGUwM88KM1qEe9kZZImnc2VydmVyMQ6mbm9kZTAzFqZub2RlMDEQp2NsaWVudDEzpm5vZGUwNRambm9kZTA0FqVjb29yZCSmbm9kZTAwEKZub2RlMDIQ"}
client1 {"server1":14, "node03":22, "node01":16, "node04":22, "client1":53, "node02":16, "coord":36, "node00":16, "node05":22}
735030689251531108 RpcResRecvd {"ClientId":"client1","ServiceMethod":"Server.Subtract","Result":{"Result":3}}
client1 {"node00":16, "node02":16, "node01":16, "node05":22, "node03":22, "server1":14, "coord":36, "node04":22, "client1":54}
735030689251531108 RpcCall {"ClientId":"client1","ServiceMethod":"Server.Divide"}
client1 {"node01":16, "node05":22, "coord":36, "server1":14, "client1":55, "node04":22, "node03":22, "node00":16, "node02":16}
735030689251531108 GenerateTokenTrace {"Token":"p2NsaWVudDHPCjNahHvZGWSJpm5vZGUwMhCnc2VydmVyMQ6lY29vcmQkpm5vZGUwMBCmbm9kZTA1FqZub2RlMDQWpm5vZGUwMxanY2xpZW50MTembm9kZTAxEA=="}
node03 {"client1":55, "node04":22, "node00":16, "node05":22, "server1":14, "node03":23, "node01":16, "node02":16, "coord":36}
735030689251531108 ReceiveTokenTrace {"Token":"p2NsaWVudDHPCjNahHvZGWSJpm5vZGUwMhCnc2VydmVyMQ6lY29vcmQkpm5vZGUwMBCmbm9kZTA1FqZub2RlMDQWpm5vZGUwMxanY2xpZW50MTembm9kZTAxEA=="}
node03 {"node00":16, "coord":36, "node01":16, "node05":22, "node04":22, "node02":16, "client1":55, "server1":14, "node03":24}
735030689251531108 ReqGuardLayer {"RelayListenAddr":"127.0.0.1:50105","RelaySessionId":"3059301306072a8648ce3d020106082a8648ce3d030107034200047a074e176e9e0043de483e2f796f8f60db24ce3deef0d4913c364132f571175bea423f2064ca64421baf60353c5fdb68afb3af8416f8dde35999866115dbdf26","Encrypted":"BPvAR0UP+rgViwRkraubeIvxT7Xd0JL0RS9+8lQP33OEx4xIckiZWOVrKXAM2JGWivfP2Pn9+cc00dJ6/h9d9EpSVozmynTCYTNeqSGQBy0wT+v30WRmzbhmWCYAguG8962yiMG+/5JXSm3WstPq2tCITYoGJRqmhg/KXcZguy09JZQr4e7uAmCDQ2DJmmNgm/1/8zSLLU5g1M8q5asaZ22xJQ+lVb2/FOT4KSqcYumLXJeSZtzgzB9YcBNsjKl5oetbwlzq7IQHxNuxaR2eD9ZwN66Ye7kdcnAFw88v9oEFNc92V5p65QY9l0bvQo2tX1Pr9cZGmH7ifRnsfjBiHJhXU+1/KEW4EIdxT5EMwjkoya9AAFroWOi+eTzM1LuXAGR01iqBcn/V+Ff4QMkSj3PtdYVwnqQdTsbedZcsJEDM3SH2FcI9a91oDUAxFBqKDmDqk2RSCIRA3Fe5nLiya/3KS0m+k1OokGhkD3kJ+rIqnzmEqt0vctnGPFMGSeDTCSrlQkiOjzPeglgGTJc+hlYBVZSIjxZimdgQVyFuKLMdZSMVYfqRm4BZ3X05LPkRzCDSUgXbVnEHpPw3"}
node03 {"server1":14, "node03":25, "node05":22, "coord":36, "node02":16, "node04":22, "node01":16, "client1":55, "node00":16}
735030689251531108 GenerateTokenTrace {"Token":"pm5vZGUwM88KM1qEe9kZZImmbm9kZTAzGaZub2RlMDEQp2NsaWVudDE3pm5vZGUwNRambm9kZTA0FqdzZXJ2ZXIxDqVjb29yZCSmbm9kZTAwEKZub2RlMDIQ"}
node05 {"node01":16, "client1":55, "node00":16, "node02":16, "node05":23, "node03":25, "coord":36, "node04":22, "server1":14}
735030689251531108 ReceiveTokenTrace {"Token":"pm5vZGUwM88KM1qEe9kZZImmbm9kZTAzGaZub2RlMDEQp2NsaWVudDE3pm5vZGUwNRambm9kZTA0FqdzZXJ2ZXIxDqVjb29yZCSmbm9kZTAwEKZub2RlMDIQ"}
node05 {"node00":16, "node02":16, "node04":22, "node05":24, "client1":55, "node03":25, "coord":36, "server1":14, "node01":16}
735030689251531108 ReqRelayLayer {"ExitListenAddr":"127.0.0.1:50104","ExitSessionId":"3059301306072a8648ce3d020106082a8648ce3d03010703420004ac2dd2a2c77998083fc123266ef0b621e550a0d2d9b194e201853d990b36e0b9ba877349a2f1655e17cfa1b60206e1915ac9b97a3e8acbfd88ed32963c47c673","Encrypted":"eJ7+x2iUWwWyr6luwFqYJy7njx45oJdlJLExqbseDG5CmoXN8yziu76kdd00j0gQ/iybOqywQp9eHSttlCo6sDZXZhRUEPU9YSdcV/nCZRvQHOtZFucdeb9/PRz1Ylp19aoFSNquf71471HZtb1WWVKoqlyraOW9VAk="}
node05 {"client1":55, "node02":16, "server1":14, "coord":36, "node00":16, "node03":25, "node05":25, "node01":16, "node04":22}
735030689251531108 GenerateTokenTrace {"Token":"pm5vZGUwNc8KM1qEe9kZZImmbm9kZTAyEKZub2RlMDQWp3NlcnZlcjEOpWNvb3JkJKZub2RlMDAQp2NsaWVudDE3pm5vZGUwMxmmbm9kZTA1GaZub2RlMDEQ"}
node04 {"node02":16, "server1":14, "node04":23, "node00":16, "node03":25, "node05":25, "node01":16, "client1":55, "coord":36}
735030689251531108 ReceiveTokenTrace {"Token":"pm5vZGUwNc8KM1qEe9kZZImmbm9kZTAyEKZub2RlMDQWp3NlcnZlcjEOpWNvb3JkJKZub2RlMDAQp2NsaWVudDE3pm5vZGUwMxmmbm9kZTA1GaZub2RlMDEQ"}
node04 {"server1":14, "node04":24, "node00":16, "node05":25, "node01":16, "node02":16, "client1":55, "node03":25, "coord":36}
735030689251531108 ReqExitLayer {"Args":{"A":3,"B":3},"ServiceMethod":"Server.Divide","ServerAddr":":4322","Res":{"Result":3}}
node04 {"node00":16, "coord":36, "node02":16, "server1":14, "node04":25, "node03":25, "node05":25, "node01":16, "client1":55}
735030689251531108 GenerateTokenTrace {"Token":"pm5vZGUwNM8KM1qEe9kZZImmbm9kZTAxEKZub2RlMDIQp2NsaWVudDE3p3NlcnZlcjEOpm5vZGUwNBmmbm9kZTAwEKZub2RlMDMZpWNvb3JkJKZub2RlMDUZ"}
server1 {"node05":25, "node01":16, "node00":16, "server1":15, "node04":25, "node03":25, "coord":36, "node02":16, "client1":55}
735030689251531108 ReceiveTokenTrace {"Token":"pm5vZGUwNM8KM1qEe9kZZImmbm9kZTAxEKZub2RlMDIQp2NsaWVudDE3p3NlcnZlcjEOpm5vZGUwNBmmbm9kZTAwEKZub2RlMDMZpWNvb3JkJKZub2RlMDUZ"}
server1 {"server1":16, "client1":55, "node00":16, "node05":25, "node03":25, "node01":16, "coord":36, "node02":16, "node04":25}
735030689251531108 Request {"Token":"pm5vZGUwNM8KM1qEe9kZZImmbm9kZTAxEKZub2RlMDIQp2NsaWVudDE3p3NlcnZlcjEOpm5vZGUwNBmmbm9kZTAwEKZub2RlMDMZpWNvb3JkJKZub2RlMDUZ","Args":{"A":3,"B":3}}
server1 {"node01":16, "coord":36, "node02":16, "node05":25, "server1":17, "client1":55, "node00":16, "node04":25, "node03":25}
735030689251531108 Response {"Token":null,"Res":{"Result":1,"Token":null}}
server1 {"node03":25, "node01":16, "server1":18, "node05":25, "coord":36, "node00":16, "node02":16, "client1":55, "node04":25}
735030689251531108 GenerateTokenTrace {"Token":"p3NlcnZlcjHPCjNahHvZGWSJp3NlcnZlcjESp2NsaWVudDE3pm5vZGUwMBCmbm9kZTAyEKZub2RlMDUZpm5vZGUwNBmmbm9kZTAzGaZub2RlMDEQpWNvb3JkJA=="}
node04 {"client1":55, "node05":25, "node01":16, "server1":18, "node04":26, "node00":16, "node03":25, "coord":36, "node02":16}
735030689251531108 ReceiveTokenTrace {"Token":"p3NlcnZlcjHPCjNahHvZGWSJp3NlcnZlcjESp2NsaWVudDE3pm5vZGUwMBCmbm9kZTAyEKZub2RlMDUZpm5vZGUwNBmmbm9kZTAzGaZub2RlMDEQpWNvb3JkJA=="}
node04 {"node01":16, "client1":55, "node04":27, "node00":16, "coord":36, "node02":16, "server1":18, "node05":25, "node03":25}
735030689251531108 ServerPayloadRecvd {"Payload":{"Result":1,"Token":null}}
node04 {"node01":16, "node02":16, "node04":28, "node03":25, "coord":36, "client1":55, "server1":18, "node00":16, "node05":25}
735030689251531108 GenerateTokenTrace {"Token":"pm5vZGUwNM8KM1qEe9kZZImmbm9kZTA0HKZub2RlMDAQpm5vZGUwMxmlY29vcmQkpm5vZGUwNRmmbm9kZTAxEKZub2RlMDIQp2NsaWVudDE3p3NlcnZlcjES"}
node05 {"node05":26, "node01":16, "client1":55, "node03":25, "server1":18, "coord":36, "node00":16, "node02":16, "node04":28}
735030689251531108 ReceiveTokenTrace {"Token":"pm5vZGUwNM8KM1qEe9kZZImmbm9kZTA0HKZub2RlMDAQpm5vZGUwMxmlY29vcmQkpm5vZGUwNRmmbm9kZTAxEKZub2RlMDIQp2NsaWVudDE3p3NlcnZlcjES"}
node05 {"node02":16, "node04":28, "server1":18, "client1":55, "node03":25, "node00":16, "coord":36, "node01":16, "node05":27}
735030689251531108 PayloadRecvd {"Encrypted":"tCVJ/u3VpTuYlwCuUkdIVoKcm6YCP7ZQOp+XdmtIvaiMfNc1ROTYgnkVDcTlUT2HqSWMIDc="}
node05 {"server1":18, "coord":36, "node01":16, "node00":16, "node02":16, "node04":28, "node05":28, "client1":55, "node03":25}
735030689251531108 GenerateTokenTrace {"Token":"pm5vZGUwNc8KM1qEe9kZZImlY29vcmQkpm5vZGUwMBCmbm9kZTAyEKZub2RlMDQcp3NlcnZlcjESpm5vZGUwNRymbm9kZTAxEKdjbGllbnQxN6Zub2RlMDMZ"}
node03 {"node02":16, "node01":16, "client1":55, "server1":18, "node03":26, "node00":16, "coord":36, "node05":28, "node04":28}
735030689251531108 ReceiveTokenTrace {"Token":"pm5vZGUwNc8KM1qEe9kZZImlY29vcmQkpm5vZGUwMBCmbm9kZTAyEKZub2RlMDQcp3NlcnZlcjESpm5vZGUwNRymbm9kZTAxEKdjbGllbnQxN6Zub2RlMDMZ"}
node03 {"node01":16, "node04":28, "coord":36, "node00":16, "node03":27, "server1":18, "node02":16, "client1":55, "node05":28}
735030689251531108 PayloadRecvd {"Encrypted":"cffFi1ynE19JMTBeP0qYOAUnaw+kFVZMuL/srpngGrGUJr5nJdlY3Ejj8U3V+uwXVFH5XuzZOUYf6OAm5MFBG7wk4ZSVOu9HQZUbHfEyRAT95OaHbtukPEuZEHyPx5QWXTVVkVqEPCIqTSn57wAJGDIAKe2Xn+30b3Tfi7rOHymgKP8c/PaR6BATg2Qmmi9Gco1DrXSGn+NesABcm/JHTrMYS7lrF7yqL0nBNkom4Q4yOBvCvnQ18CABh2MhiY/Wk+1iT7f6VjbdL6eQB37jYO8FG4RyKcpXW7s2gVXY85aJTI9uvJTLkZOLclCHs2WhBvtJazVRbA=="}
node03 {"node00":16, "node05":28, "node04":28, "server1":18, "coord":36, "node03":28, "node01":16, "client1":55, "node02":16}
735030689251531108 GenerateTokenTrace {"Token":"pm5vZGUwM88KM1qEe9kZZImmbm9kZTAxEKdjbGllbnQxN6Zub2RlMDUcpm5vZGUwNBync2VydmVyMRKmbm9kZTAzHKZub2RlMDAQpm5vZGUwMhClY29vcmQk"}
client1 {"node00":16, "server1":18, "client1":56, "node04":28, "node03":28, "coord":36, "node02":16, "node01":16, "node05":28}
735030689251531108 ReceiveTokenTrace {"Token":"pm5vZGUwM88KM1qEe9kZZImmbm9kZTAxEKdjbGllbnQxN6Zub2RlMDUcpm5vZGUwNBync2VydmVyMRKmbm9kZTAzHKZub2RlMDAQpm5vZGUwMhClY29vcmQk"}
client1 {"node01":16, "coord":36, "server1":18, "client1":57, "node05":28, "node04":28, "node00":16, "node02":16, "node03":28}
735030689251531108 RpcResRecvd {"ClientId":"client1","ServiceMethod":"Server.Divide","Result":{"Result":1}}
