{"TracerIdentity":"coord","TraceID":3244691949279360004,"Tag":"CreateTrace","Body":{},"VectorClock":{"coord":1}}
{"TracerIdentity":"coord","TraceID":3244691949279360004,"Tag":"CoordStart","Body":{},"VectorClock":{"coord":2}}
{"TracerIdentity":"server1","TraceID":5909261910994427393,"Tag":"CreateTrace","Body":{},"VectorClock":{"server1":1}}
{"TracerIdentity":"server1","TraceID":5909261910994427393,"Tag":"ServerStart","Body":{"Config":{"ServerID":1,"ServerAddr":":4322","TracingServerAddr":":6666","Secret":"","TracingIdentity":"server1"}},"VectorClock":{"server1":2}}
{"TracerIdentity":"node00","TraceID":1112761929451717368,"Tag":"CreateTrace","Body":{},"VectorClock":{"node00":1}}
{"TracerIdentity":"node00","TraceID":1112761929451717368,"Tag":"NodeStart","Body":{"NodeId":"debdad4e-2fdc-4dc0-8ada-13b493fdbb04"},"VectorClock":{"node00":2}}
{"TracerIdentity":"node00","TraceID":1112761929451717368,"Tag":"NodeJoining","Body":{"NodeId":"debdad4e-2fdc-4dc0-8ada-13b493fdbb04"},"VectorClock":{"node00":3}}
{"TracerIdentity":"node00","TraceID":1112761929451717368,"Tag":"GenerateTokenTrace","Body":{"Token":"pm5vZGUwMM8PcVMURIxC+IGmbm9kZTAwBA=="},"VectorClock":{"node00":4}}
{"TracerIdentity":"coord","TraceID":1112761929451717368,"Tag":"ReceiveTokenTrace","Body":{"Token":"pm5vZGUwMM8PcVMURIxC+IGmbm9kZTAwBA=="},"VectorClock":{"coord":3,"node00":4}}
{"TracerIdentity":"coord","TraceID":1112761929451717368,"Tag":"NodeJoiningRecvd","Body":{"NodeId":"debdad4e-2fdc-4dc0-8ada-13b493fdbb04"},"VectorClock":{"coord":4,"node00":4}}
{"TracerIdentity":"coord","TraceID":1112761929451717368,"Tag":"NodeJoinedRecvd","Body":{"NodeId":"debdad4e-2fdc-4dc0-8ada-13b493fdbb04","Role":"Guard"},"VectorClock":{"coord":5,"node00":4}}
{"TracerIdentity":"coord","TraceID":1112761929451717368,"Tag":"GenerateTokenTrace","Body":{"Token":"pWNvb3Jkzw9xUxREjEL4gqVjb29yZAambm9kZTAwBA=="},"VectorClock":{"coord":6,"node00":4}}
{"TracerIdentity":"node00","TraceID":1112761929451717368,"Tag":"ReceiveTokenTrace","Body":{"Token":"pWNvb3Jkzw9xUxREjEL4gqVjb29yZAambm9kZTAwBA=="},"VectorClock":{"coord":6,"node00":5}}
{"TracerIdentity":"node00","TraceID":1112761929451717368,"Tag":"NodeJoined","Body":{"NodeId":"debdad4e-2fdc-4dc0-8ada-13b493fdbb04","Role":"Guard"},"VectorClock":{"coord":6,"node00":6}}
{"TracerIdentity":"node01","TraceID":23060121598105117,"Tag":"CreateTrace","Body":{},"VectorClock":{"node01":1}}
{"TracerIdentity":"node01","TraceID":23060121598105117,"Tag":"NodeStart","Body":{"NodeId":"4ca86245-aed2-4278-b88b-319cf862dc9e"},"VectorClock":{"node01":2}}
{"TracerIdentity":"node01","TraceID":23060121598105117,"Tag":"NodeJoining","Body":{"NodeId":"4ca86245-aed2-4278-b88b-319cf862dc9e"},"VectorClock":{"node01":3}}
{"TracerIdentity":"node01","TraceID":23060121598105117,"Tag":"GenerateTokenTrace","Body":{"Token":"pm5vZGUwMc8AUe0O9FUWHYGmbm9kZTAxBA=="},"VectorClock":{"node01":4}}
{"TracerIdentity":"coord","TraceID":23060121598105117,"Tag":"ReceiveTokenTrace","Body":{"Token":"pm5vZGUwMc8AUe0O9FUWHYGmbm9kZTAxBA=="},"VectorClock":{"coord":7,"node00":4,"node01":4}}
{"TracerIdentity":"coord","TraceID":23060121598105117,"Tag":"NodeJoiningRecvd","Body":{"NodeId":"4ca86245-aed2-4278-b88b-319cf862dc9e"},"VectorClock":{"coord":8,"node00":4,"node01":4}}
{"TracerIdentity":"coord","TraceID":23060121598105117,"Tag":"NodeJoinedRecvd","Body":{"NodeId":"4ca86245-aed2-4278-b88b-319cf862dc9e","Role":"Exit"},"VectorClock":{"coord":9,"node00":4,"node01":4}}
{"TracerIdentity":"coord","TraceID":23060121598105117,"Tag":"GenerateTokenTrace","Body":{"Token":"pWNvb3JkzwBR7Q70VRYdg6Vjb29yZAqmbm9kZTAwBKZub2RlMDEE"},"VectorClock":{"coord":10,"node00":4,"node01":4}}
{"TracerIdentity":"node01","TraceID":23060121598105117,"Tag":"ReceiveTokenTrace","Body":{"Token":"pWNvb3JkzwBR7Q70VRYdg6Vjb29yZAqmbm9kZTAwBKZub2RlMDEE"},"VectorClock":{"coord":10,"node00":4,"node01":5}}
{"TracerIdentity":"node01","TraceID":23060121598105117,"Tag":"NodeJoined","Body":{"NodeId":"4ca86245-aed2-4278-b88b-319cf862dc9e","Role":"Exit"},"VectorClock":{"coord":10,"node00":4,"node01":6}}
{"TracerIdentity":"node02","TraceID":518664700035353637,"Tag":"CreateTrace","Body":{},"VectorClock":{"node02":1}}
{"TracerIdentity":"node02","TraceID":518664700035353637,"Tag":"NodeStart","Body":{"NodeId":"4f8396e9-3752-4bca-8dd1-386b136b8ca8"},"VectorClock":{"node02":2}}
{"TracerIdentity":"node02","TraceID":518664700035353637,"Tag":"NodeJoining","Body":{"NodeId":"4f8396e9-3752-4bca-8dd1-386b136b8ca8"},"VectorClock":{"node02":3}}
{"TracerIdentity":"node02","TraceID":518664700035353637,"Tag":"GenerateTokenTrace","Body":{"Token":"pm5vZGUwMs8HMqrL8yRMJYGmbm9kZTAyBA=="},"VectorClock":{"node02":4}}
{"TracerIdentity":"coord","TraceID":518664700035353637,"Tag":"ReceiveTokenTrace","Body":{"Token":"pm5vZGUwMs8HMqrL8yRMJYGmbm9kZTAyBA=="},"VectorClock":{"coord":11,"node00":4,"node01":4,"node02":4}}
{"TracerIdentity":"coord","TraceID":518664700035353637,"Tag":"NodeJoiningRecvd","Body":{"NodeId":"4f8396e9-3752-4bca-8dd1-386b136b8ca8"},"VectorClock":{"coord":12,"node00":4,"node01":4,"node02":4}}
{"TracerIdentity":"coord","TraceID":518664700035353637,"Tag":"NodeJoinedRecvd","Body":{"NodeId":"4f8396e9-3752-4bca-8dd1-386b136b8ca8","Role":"Relay"},"VectorClock":{"coord":13,"node00":4,"node01":4,"node02":4}}
{"TracerIdentity":"coord","TraceID":518664700035353637,"Tag":"GenerateTokenTrace","Body":{"Token":"pWNvb3JkzwcyqsvzJEwlhKVjb29yZA6mbm9kZTAwBKZub2RlMDEEpm5vZGUwMgQ="},"VectorClock":{"coord":14,"node00":4,"node01":4,"node02":4}}
{"TracerIdentity":"node02","TraceID":518664700035353637,"Tag":"ReceiveTokenTrace","Body":{"Token":"pWNvb3JkzwcyqsvzJEwlhKVjb29yZA6mbm9kZTAwBKZub2RlMDEEpm5vZGUwMgQ="},"VectorClock":{"coord":14,"node00":4,"node01":4,"node02":5}}
{"TracerIdentity":"node02","TraceID":518664700035353637,"Tag":"NodeJoined","Body":{"NodeId":"4f8396e9-3752-4bca-8dd1-386b136b8ca8","Role":"Relay"},"VectorClock":{"coord":14,"node00":4,"node01":4,"node02":6}}
{"TracerIdentity":"client1","TraceID":4267840646990413004,"Tag":"CreateTrace","Body":{},"VectorClock":{"client1":1}}
{"TracerIdentity":"client1","TraceID":4267840646990413004,"Tag":"ClientStart","Body":{"ClientId":"client1"},"VectorClock":{"client1":2}}
{"TracerIdentity":"client1","TraceID":4267840646990413004,"Tag":"OnionReq","Body":{"ClientId":"client1","OldExitAddr":"","OldRelayAddr":"","OldGuardAddr":""},"VectorClock":{"client1":3}}
{"TracerIdentity":"client1","TraceID":4267840646990413004,"Tag":"GenerateTokenTrace","Body":{"Token":"p2NsaWVudDHPOzpqdNnWPMyBp2NsaWVudDEE"},"VectorClock":{"client1":4}}
{"TracerIdentity":"coord","TraceID":4267840646990413004,"Tag":"ReceiveTokenTrace","Body":{"Token":"p2NsaWVudDHPOzpqdNnWPMyBp2NsaWVudDEE"},"VectorClock":{"client1":4,"coord":15,"node00":4,"node01":4,"node02":4}}
{"TracerIdentity":"coord","TraceID":4267840646990413004,"Tag":"OnionReqRecvd","Body":{"ClientId":"client1","OldExitAddr":"","OldRelayAddr":"","OldGuardAddr":""},"VectorClock":{"client1":4,"coord":16,"node00":4,"node01":4,"node02":4}}
{"TracerIdentity":"coord","TraceID":4267840646990413004,"Tag":"OnionRes","Body":{"ClientId":"client1","ExitAddr":"127.0.0.1:50101","RelayAddr":"127.0.0.1:50102","GuardAddr":"127.0.0.1:50100"},"VectorClock":{"client1":4,"coord":17,"node00":4,"node01":4,"node02":4}}
{"TracerIdentity":"coord","TraceID":4267840646990413004,"Tag":"GenerateTokenTrace","Body":{"Token":"pWNvb3Jkzzs6anTZ1jzMhaVjb29yZBKmbm9kZTAwBKZub2RlMDEEpm5vZGUwMgSnY2xpZW50MQQ="},"VectorClock":{"client1":4,"coord":18,"node00":4,"node01":4,"node02":4}}
{"TracerIdentity":"client1","TraceID":4267840646990413004,"Tag":"ReceiveTokenTrace","Body":{"Token":"pWNvb3Jkzzs6anTZ1jzMhaVjb29yZBKmbm9kZTAwBKZub2RlMDEEpm5vZGUwMgSnY2xpZW50MQQ="},"VectorClock":{"client1":5,"coord":18,"node00":4,"node01":4,"node02":4}}
{"TracerIdentity":"client1","TraceID":4267840646990413004,"Tag":"OnionResRecvd","Body":{"ClientId":"client1","ExitAddr":"127.0.0.1:50101","RelayAddr":"127.0.0.1:50102","GuardAddr":"127.0.0.1:50100"},"VectorClock":{"client1":6,"coord":18,"node00":4,"node01":4,"node02":4}}
{"TracerIdentity":"client1","TraceID":4267840646990413004,"Tag":"SharedSecretReq","Body":{"ClientId":"client1","NodeType":"Guard","PublicKey":{"Curve":{"P":115792089210356248762697446949407573530086143415290314195533631308867097853951,"N":115792089210356248762697446949407573529996955224135760342422259061068512044369,"B":41058363725152142129326129780047268409114441015993725554835256314039467401291,"Gx":48439561293906451759052585252797914202762949526041747995844080717082404635286,"Gy":36134250956749795798585127919587881956611106672985015071877198253568414405109,"BitSize":256,"Name":"P-256"},"X":33393939384458127168070452217289201640239865685184679568272698746930433739294,"Y":70852378964672242200106932551629274890460521587563142985131962494874500817107}},"VectorClock":{"client1":7,"coord":18,"node00":4,"node01":4,"node02":4}}
{"TracerIdentity":"client1","TraceID":4267840646990413004,"Tag":"GenerateTokenTrace","Body":{"Token":"p2NsaWVudDHPOzpqdNnWPMyFp2NsaWVudDEIpm5vZGUwMASmbm9kZTAxBKZub2RlMDIEpWNvb3JkEg=="},"VectorClock":{"client1":8,"coord":18,"node00":4,"node01":4,"node02":4}}
{"TracerIdentity":"node00","TraceID":4267840646990413004,"Tag":"ReceiveTokenTrace","Body":{"Token":"p2NsaWVudDHPOzpqdNnWPMyFp2NsaWVudDEIpm5vZGUwMASmbm9kZTAxBKZub2RlMDIEpWNvb3JkEg=="},"VectorClock":{"client1":8,"coord":18,"node00":7,"node01":4,"node02":4}}
{"TracerIdentity":"node00","TraceID":4267840646990413004,"Tag":"PublicKeyRecvd","Body":{"PublicKey":{"Curve":{"P":115792089210356248762697446949407573530086143415290314195533631308867097853951,"N":115792089210356248762697446949407573529996955224135760342422259061068512044369,"B":41058363725152142129326129780047268409114441015993725554835256314039467401291,"Gx":48439561293906451759052585252797914202762949526041747995844080717082404635286,"Gy":36134250956749795798585127919587881956611106672985015071877198253568414405109,"BitSize":256,"Name":"P-256"},"X":33393939384458127168070452217289201640239865685184679568272698746930433739294,"Y":70852378964672242200106932551629274890460521587563142985131962494874500817107}},"VectorClock":{"client1":8,"coord":18,"node00":8,"node01":4,"node02":4}}
{"TracerIdentity":"node00","TraceID":4267840646990413004,"Tag":"PublicKeySent","Body":{"PublicKey":{"Curve":{"P":115792089210356248762697446949407573530086143415290314195533631308867097853951,"N":115792089210356248762697446949407573529996955224135760342422259061068512044369,"B":41058363725152142129326129780047268409114441015993725554835256314039467401291,"Gx":48439561293906451759052585252797914202762949526041747995844080717082404635286,"Gy":36134250956749795798585127919587881956611106672985015071877198253568414405109,"BitSize":256,"Name":"P-256"},"X":38890382125891963020953210418864789513508657943269384039385463079067846298174,"Y":65837811128525998876788047186622169220273310730798460953474358428715701487821}},"VectorClock":{"client1":8,"coord":18,"node00":9,"node01":4,"node02":4}}
{"TracerIdentity":"node00","TraceID":4267840646990413004,"Tag":"GenerateTokenTrace","Body":{"Token":"pm5vZGUwMM87Omp02dY8zIWnY2xpZW50MQimbm9kZTAwCqVjb29yZBKmbm9kZTAxBKZub2RlMDIE"},"VectorClock":{"client1":8,"coord":18,"node00":10,"node01":4,"node02":4}}
{"TracerIdentity":"client1","TraceID":4267840646990413004,"Tag":"ReceiveTokenTrace","Body":{"Token":"pm5vZGUwMM87Omp02dY8zIWnY2xpZW50MQimbm9kZTAwCqVjb29yZBKmbm9kZTAxBKZub2RlMDIE"},"VectorClock":{"client1":9,"coord":18,"node00":10,"node01":4,"node02":4}}
{"TracerIdentity":"client1","TraceID":4267840646990413004,"Tag":"PublicKeyRecvd","Body":{"PublicKey":{"Curve":{"P":115792089210356248762697446949407573530086143415290314195533631308867097853951,"N":115792089210356248762697446949407573529996955224135760342422259061068512044369,"B":41058363725152142129326129780047268409114441015993725554835256314039467401291,"Gx":48439561293906451759052585252797914202762949526041747995844080717082404635286,"Gy":36134250956749795798585127919587881956611106672985015071877198253568414405109,"BitSize":256,"Name":"P-256"},"X":38890382125891963020953210418864789513508657943269384039385463079067846298174,"Y":65837811128525998876788047186622169220273310730798460953474358428715701487821}},"VectorClock":{"client1":10,"coord":18,"node00":10,"node01":4,"node02":4}}
{"TracerIdentity":"client1","TraceID":4267840646990413004,"Tag":"SharedSecretReq","Body":{"ClientId":"client1","NodeType":"Relay","PublicKey":{"Curve":{"P":115792089210356248762697446949407573530086143415290314195533631308867097853951,"N":115792089210356248762697446949407573529996955224135760342422259061068512044369,"B":41058363725152142129326129780047268409114441015993725554835256314039467401291,"Gx":48439561293906451759052585252797914202762949526041747995844080717082404635286,"Gy":36134250956749795798585127919587881956611106672985015071877198253568414405109,"BitSize":256,"Name":"P-256"},"X":1397423146367312488160301100394277645786786540699193093641125045610778005040,"Y":70111864242527946209051105171911189936308802947870708593444939703872348186295}},"VectorClock":{"client1":11,"coord":18,"node00":10,"node01":4,"node02":4}}
{"TracerIdentity":"client1","TraceID":4267840646990413004,"Tag":"GenerateTokenTrace","Body":{"Token":"p2NsaWVudDHPOzpqdNnWPMyFp2NsaWVudDEMpm5vZGUwMAqmbm9kZTAxBKZub2RlMDIEpWNvb3JkEg=="},"VectorClock":{"client1":12,"coord":18,"node00":10,"node01":4,"node02":4}}
{"TracerIdentity":"node02","TraceID":4267840646990413004,"Tag":"ReceiveTokenTrace","Body":{"Token":"p2NsaWVudDHPOzpqdNnWPMyFp2NsaWVudDEMpm5vZGUwMAqmbm9kZTAxBKZub2RlMDIEpWNvb3JkEg=="},"VectorClock":{"client1":12,"coord":18,"node00":10,"node01":4,"node02":7}}
{"TracerIdentity":"node02","TraceID":4267840646990413004,"Tag":"PublicKeyRecvd","Body":{"PublicKey":{"Curve":{"P":115792089210356248762697446949407573530086143415290314195533631308867097853951,"N":115792089210356248762697446949407573529996955224135760342422259061068512044369,"B":41058363725152142129326129780047268409114441015993725554835256314039467401291,"Gx":48439561293906451759052585252797914202762949526041747995844080717082404635286,"Gy":36134250956749795798585127919587881956611106672985015071877198253568414405109,"BitSize":256,"Name":"P-256"},"X":1397423146367312488160301100394277645786786540699193093641125045610778005040,"Y":70111864242527946209051105171911189936308802947870708593444939703872348186295}},"VectorClock":{"client1":12,"coord":18,"node00":10,"node01":4,"node02":8}}
{"TracerIdentity":"node02","TraceID":4267840646990413004,"Tag":"PublicKeySent","Body":{"PublicKey":{"Curve":{"P":115792089210356248762697446949407573530086143415290314195533631308867097853951,"N":115792089210356248762697446949407573529996955224135760342422259061068512044369,"B":41058363725152142129326129780047268409114441015993725554835256314039467401291,"Gx":48439561293906451759052585252797914202762949526041747995844080717082404635286,"Gy":36134250956749795798585127919587881956611106672985015071877198253568414405109,"BitSize":256,"Name":"P-256"},"X":26904743902341965634670109308695824555247752003629036288606327158497850142299,"Y":48423088898104063311842964889455602074118624699954475208080435134001721280541}},"VectorClock":{"client1":12,"coord":18,"node00":10,"node01":4,"node02":9}}
{"TracerIdentity":"node02","TraceID":4267840646990413004,"Tag":"GenerateTokenTrace","Body":{"Token":"pm5vZGUwMs87Omp02dY8zIWnY2xpZW50MQymbm9kZTAyCqVjb29yZBKmbm9kZTAwCqZub2RlMDEE"},"VectorClock":{"client1":12,"coord":18,"node00":10,"node01":4,"node02":10}}
{"TracerIdentity":"client1","TraceID":4267840646990413004,"Tag":"ReceiveTokenTrace","Body":{"Token":"pm5vZGUwMs87Omp02dY8zIWnY2xpZW50MQymbm9kZTAyCqVjb29yZBKmbm9kZTAwCqZub2RlMDEE"},"VectorClock":{"client1":13,"coord":18,"node00":10,"node01":4,"node02":10}}
{"TracerIdentity":"client1","TraceID":4267840646990413004,"Tag":"PublicKeyRecvd","Body":{"PublicKey":{"Curve":{"P":115792089210356248762697446949407573530086143415290314195533631308867097853951,"N":115792089210356248762697446949407573529996955224135760342422259061068512044369,"B":41058363725152142129326129780047268409114441015993725554835256314039467401291,"Gx":48439561293906451759052585252797914202762949526041747995844080717082404635286,"Gy":36134250956749795798585127919587881956611106672985015071877198253568414405109,"BitSize":256,"Name":"P-256"},"X":26904743902341965634670109308695824555247752003629036288606327158497850142299,"Y":48423088898104063311842964889455602074118624699954475208080435134001721280541}},"VectorClock":{"client1":14,"coord":18,"node00":10,"node01":4,"node02":10}}
{"TracerIdentity":"client1","TraceID":4267840646990413004,"Tag":"SharedSecretReq","Body":{"ClientId":"client1","NodeType":"Exit","PublicKey":{"Curve":{"P":115792089210356248762697446949407573530086143415290314195533631308867097853951,"N":115792089210356248762697446949407573529996955224135760342422259061068512044369,"B":41058363725152142129326129780047268409114441015993725554835256314039467401291,"Gx":48439561293906451759052585252797914202762949526041747995844080717082404635286,"Gy":36134250956749795798585127919587881956611106672985015071877198253568414405109,"BitSize":256,"Name":"P-256"},"X":107587066214439884911957250792144221847795173738071605474611460077385854390407,"Y":38412097400029531369984098780157747795863616689282688597640370170578426782326}},"VectorClock":{"client1":15,"coord":18,"node00":10,"node01":4,"node02":10}}
{"TracerIdentity":"client1","TraceID":4267840646990413004,"Tag":"GenerateTokenTrace","Body":{"Token":"p2NsaWVudDHPOzpqdNnWPMyFpm5vZGUwMgqlY29vcmQSp2NsaWVudDEQpm5vZGUwMAqmbm9kZTAxBA=="},"VectorClock":{"client1":16,"coord":18,"node00":10,"node01":4,"node02":10}}
{"TracerIdentity":"node01","TraceID":4267840646990413004,"Tag":"ReceiveTokenTrace","Body":{"Token":"p2NsaWVudDHPOzpqdNnWPMyFpm5vZGUwMgqlY29vcmQSp2NsaWVudDEQpm5vZGUwMAqmbm9kZTAxBA=="},"VectorClock":{"client1":16,"coord":18,"node00":10,"node01":7,"node02":10}}
{"TracerIdentity":"node01","TraceID":4267840646990413004,"Tag":"PublicKeyRecvd","Body":{"PublicKey":{"Curve":{"P":115792089210356248762697446949407573530086143415290314195533631308867097853951,"N":115792089210356248762697446949407573529996955224135760342422259061068512044369,"B":41058363725152142129326129780047268409114441015993725554835256314039467401291,"Gx":48439561293906451759052585252797914202762949526041747995844080717082404635286,"Gy":36134250956749795798585127919587881956611106672985015071877198253568414405109,"BitSize":256,"Name":"P-256"},"X":107587066214439884911957250792144221847795173738071605474611460077385854390407,"Y":38412097400029531369984098780157747795863616689282688597640370170578426782326}},"VectorClock":{"client1":16,"coord":18,"node00":10,"node01":8,"node02":10}}
{"TracerIdentity":"node01","TraceID":4267840646990413004,"Tag":"PublicKeySent","Body":{"PublicKey":{"Curve":{"P":115792089210356248762697446949407573530086143415290314195533631308867097853951,"N":115792089210356248762697446949407573529996955224135760342422259061068512044369,"B":41058363725152142129326129780047268409114441015993725554835256314039467401291,"Gx":48439561293906451759052585252797914202762949526041747995844080717082404635286,"Gy":36134250956749795798585127919587881956611106672985015071877198253568414405109,"BitSize":256,"Name":"P-256"},"X":51203136040076586802119048683422101801194658730456763958762478492524996993063,"Y":76698333517274595581687152415351638741386725471870303596821369257044009928922}},"VectorClock":{"client1":16,"coord":18,"node00":10,"node01":9,"node02":10}}
{"TracerIdentity":"node01","TraceID":4267840646990413004,"Tag":"GenerateTokenTrace","Body":{"Token":"pm5vZGUwMc87Omp02dY8zIWmbm9kZTAxCqZub2RlMDAKpWNvb3JkEqdjbGllbnQxEKZub2RlMDIK"},"VectorClock":{"client1":16,"coord":18,"node00":10,"node01":10,"node02":10}}
{"TracerIdentity":"client1","TraceID":4267840646990413004,"Tag":"ReceiveTokenTrace","Body":{"Token":"pm5vZGUwMc87Omp02dY8zIWmbm9kZTAxCqZub2RlMDAKpWNvb3JkEqdjbGllbnQxEKZub2RlMDIK"},"VectorClock":{"client1":17,"coord":18,"node00":10,"node01":10,"node02":10}}
{"TracerIdentity":"client1","TraceID":4267840646990413004,"Tag":"PublicKeyRecvd","Body":{"PublicKey":{"Curve":{"P":115792089210356248762697446949407573530086143415290314195533631308867097853951,"N":115792089210356248762697446949407573529996955224135760342422259061068512044369,"B":41058363725152142129326129780047268409114441015993725554835256314039467401291,"Gx":48439561293906451759052585252797914202762949526041747995844080717082404635286,"Gy":36134250956749795798585127919587881956611106672985015071877198253568414405109,"BitSize":256,"Name":"P-256"},"X":51203136040076586802119048683422101801194658730456763958762478492524996993063,"Y":76698333517274595581687152415351638741386725471870303596821369257044009928922}},"VectorClock":{"client1":18,"coord":18,"node00":10,"node01":10,"node02":10}}
{"TracerIdentity":"client1","TraceID":4267840646990413004,"Tag":"RpcCall","Body":{"ClientId":"client1","ServiceMethod":"Server.Add"},"VectorClock":{"client1":19,"coord":18,"node00":10,"node01":10,"node02":10}}
{"TracerIdentity":"client1","TraceID":4267840646990413004,"Tag":"GenerateTokenTrace","Body":{"Token":"p2NsaWVudDHPOzpqdNnWPMyFp2NsaWVudDEUpm5vZGUwMAqmbm9kZTAxCqZub2RlMDIKpWNvb3JkEg=="},"VectorClock":{"client1":20,"coord":18,"node00":10,"node01":10,"node02":10}}
{"TracerIdentity":"node00","TraceID":4267840646990413004,"Tag":"ReceiveTokenTrace","Body":{"Token":"p2NsaWVudDHPOzpqdNnWPMyFp2NsaWVudDEUpm5vZGUwMAqmbm9kZTAxCqZub2RlMDIKpWNvb3JkEg=="},"VectorClock":{"client1":20,"coord":18,"node00":11,"node01":10,"node02":10}}
{"TracerIdentity":"node00","TraceID":4267840646990413004,"Tag":"ReqGuardLayer","Body":{"RelayListenAddr":"127.0.0.1:50102","RelaySessionId":"3059301306072a8648ce3d020106082a8648ce3d030107034200043b7b8b9fa70188881e21a8be8f41aa23ead1ef41280c48353593a6ebc053ae5b6b0e7f3fc2e576605d8f4fc0bbf3f4c6797ffcecc609868d8453b239ee8a881d","Encrypted":"TBIG5a1d40h66w8aewoxxFNQf3BPjx78ji6dk7WYWWNkJHvNR+NHqyi1GTzwiPn/xopxWpyVtZKrwXmDjTzRy9/8T/v9g9yqm/9HNKCFhpRJDr8g/EbX2p9tkTXIViEVeq1x/VwAtoPU0ZF+y/FWLxteCAXxx7O5B4LnYgJ7Ax+ecqiA6C/cqHSes2rdMgZXHCL74Kvkl3bPpTwcP/p+Q640dgPXPxVmALL92GplgcR2zEp4B+/ppNfSE6DmFEDz/aW6B0WW/NkUGrXIHy7z6qsPJ2nfvq2z1gCUZjWHAnvsYKPr2Y+KnBQQnZejUaZj6ilZjqmTNa6TqQcb5OOCOlzXFr1B2Sy5YSMwlRkquv/JcWTQj46qUcxz7BHoeToDOwuCPykuWLw11T9uqPS8fMWL0eVBnnSUpgFuigAzhtpp++/a5m5dtf28+RgKHbmhyGfVGyur/yPgFM+uR4ZgKRhqKhAfPqYlQqqtq3Ub6WhIC3PH8iD6XMc944IV2SXgQALC2U9TJnkSXKq2BIq8u6YvysnBjRc4vKQ34JXPQP7HYOMuJYhLzK+GeZYAIj83MIiOq7e4iks="},"VectorClock":{"client1":20,"coord":18,"node00":12,"node01":10,"node02":10}}
{"TracerIdentity":"node00","TraceID":4267840646990413004,"Tag":"GenerateTokenTrace","Body":{"Token":"pm5vZGUwMM87Omp02dY8zIWmbm9kZTAwDaVjb29yZBKmbm9kZTAxCqZub2RlMDIKp2NsaWVudDEU"},"VectorClock":{"client1":20,"coord":18,"node00":13,"node01":10,"node02":10}}
{"TracerIdentity":"node02","TraceID":4267840646990413004,"Tag":"ReceiveTokenTrace","Body":{"Token":"pm5vZGUwMM87Omp02dY8zIWmbm9kZTAwDaVjb29yZBKmbm9kZTAxCqZub2RlMDIKp2NsaWVudDEU"},"VectorClock":{"client1":20,"coord":18,"node00":13,"node01":10,"node02":11}}
{"TracerIdentity":"node02","TraceID":4267840646990413004,"Tag":"ReqRelayLayer","Body":{"ExitListenAddr":"127.0.0.1:50101","ExitSessionId":"3059301306072a8648ce3d020106082a8648ce3d030107034200047133f2af57e6fffd72818532174d968ba97ade5becb3d40e5e7f96ac89882027a991b7e84c290c8e910a77906978e13c31ac66d96f51fe6d231b14511a39c8da","Encrypted":"86A51zZycA1WB5P8IVPReHsCOEIgva22orKi+1B2R/y1q6rU2lw01jetmg7R4WpsPeq09LhvYS5OSt6wtEKw49ikc1W2vyl7CCtPzCFX+tCoUsPzqsQ7Uh7SjACRthjoNxwqL4RXC39xJ3z4+kvFT2xefwcmXB8="},"VectorClock":{"client1":20,"coord":18,"node00":13,"node01":10,"node02":12}}
{"TracerIdentity":"node02","TraceID":4267840646990413004,"Tag":"GenerateTokenTrace","Body":{"Token":"pm5vZGUwMs87Omp02dY8zIWlY29vcmQSpm5vZGUwMA2mbm9kZTAxCqdjbGllbnQxFKZub2RlMDIN"},"VectorClock":{"client1":20,"coord":18,"node00":13,"node01":10,"node02":13}}
{"TracerIdentity":"node01","TraceID":4267840646990413004,"Tag":"ReceiveTokenTrace","Body":{"Token":"pm5vZGUwMs87Omp02dY8zIWlY29vcmQSpm5vZGUwMA2mbm9kZTAxCqdjbGllbnQxFKZub2RlMDIN"},"VectorClock":{"client1":20,"coord":18,"node00":13,"node01":11,"node02":13}}
{"TracerIdentity":"node01","TraceID":4267840646990413004,"Tag":"ReqExitLayer","Body":{"Args":{"A":1,"B":1},"ServiceMethod":"Server.Add","ServerAddr":":4322","Res":{"Result":0}},"VectorClock":{"client1":20,"coord":18,"node00":13,"node01":12,"node02":13}}
{"TracerIdentity":"node01","TraceID":4267840646990413004,"Tag":"GenerateTokenTrace","Body":{"Token":"pm5vZGUwMc87Omp02dY8zIWmbm9kZTAxDaZub2RlMDANpWNvb3JkEqdjbGllbnQxFKZub2RlMDIN"},"VectorClock":{"client1":20,"coord":18,"node00":13,"node01":13,"node02":13}}
{"TracerIdentity":"server1","TraceID":4267840646990413004,"Tag":"ReceiveTokenTrace","Body":{"Token":"pm5vZGUwMc87Omp02dY8zIWmbm9kZTAxDaZub2RlMDANpWNvb3JkEqdjbGllbnQxFKZub2RlMDIN"},"VectorClock":{"client1":20,"coord":18,"node00":13,"node01":13,"node02":13,"server1":3}}
{"TracerIdentity":"server1","TraceID":4267840646990413004,"Tag":"Request","Body":{"Token":"pm5vZGUwMc87Omp02dY8zIWmbm9kZTAxDaZub2RlMDANpWNvb3JkEqdjbGllbnQxFKZub2RlMDIN","Args":{"A":1,"B":1}},"VectorClock":{"client1":20,"coord":18,"node00":13,"node01":13,"node02":13,"server1":4}}
{"TracerIdentity":"server1","TraceID":4267840646990413004,"Tag":"Response","Body":{"Token":null,"Res":{"Result":2,"Token":null}},"VectorClock":{"client1":20,"coord":18,"node00":13,"node01":13,"node02":13,"server1":5}}
{"TracerIdentity":"server1","TraceID":4267840646990413004,"Tag":"GenerateTokenTrace","Body":{"Token":"p3NlcnZlcjHPOzpqdNnWPMyGpm5vZGUwMA2lY29vcmQSp2NsaWVudDEUpm5vZGUwMg2nc2VydmVyMQambm9kZTAxDQ=="},"VectorClock":{"client1":20,"coord":18,"node00":13,"node01":13,"node02":13,"server1":6}}
{"TracerIdentity":"node01","TraceID":4267840646990413004,"Tag":"ReceiveTokenTrace","Body":{"Token":"p3NlcnZlcjHPOzpqdNnWPMyGpm5vZGUwMA2lY29vcmQSp2NsaWVudDEUpm5vZGUwMg2nc2VydmVyMQambm9kZTAxDQ=="},"VectorClock":{"client1":20,"coord":18,"node00":13,"node01":14,"node02":13,"server1":6}}
{"TracerIdentity":"node01","TraceID":4267840646990413004,"Tag":"ServerPayloadRecvd","Body":{"Payload":{"Result":2,"Token":null}},"VectorClock":{"client1":20,"coord":18,"node00":13,"node01":15,"node02":13,"server1":6}}
{"TracerIdentity":"node01","TraceID":4267840646990413004,"Tag":"GenerateTokenTrace","Body":{"Token":"pm5vZGUwMc87Omp02dY8zIambm9kZTAxEKZub2RlMDANpWNvb3JkEqdjbGllbnQxFKZub2RlMDINp3NlcnZlcjEG"},"VectorClock":{"client1":20,"coord":18,"node00":13,"node01":16,"node02":13,"server1":6}}
{"TracerIdentity":"node02","TraceID":4267840646990413004,"Tag":"ReceiveTokenTrace","Body":{"Token":"pm5vZGUwMc87Omp02dY8zIambm9kZTAxEKZub2RlMDANpWNvb3JkEqdjbGllbnQxFKZub2RlMDINp3NlcnZlcjEG"},"VectorClock":{"client1":20,"coord":18,"node00":13,"node01":16,"node02":14,"server1":6}}
{"TracerIdentity":"node02","TraceID":4267840646990413004,"Tag":"PayloadRecvd","Body":{"Encrypted":"0A9Jqn/QV7O8kEZLRAKfQElIR0wtymf2gFWn+0dfaCWaNNmFlLHnXyhRqVQgNTBlppwqnew="},"VectorClock":{"client1":20,"coord":18,"node00":13,"node01":16,"node02":15,"server1":6}}
{"TracerIdentity":"node02","TraceID":4267840646990413004,"Tag":"GenerateTokenTrace","Body":{"Token":"pm5vZGUwMs87Omp02dY8zIalY29vcmQSpm5vZGUwMA2mbm9kZTAxEKdjbGllbnQxFKdzZXJ2ZXIxBqZub2RlMDIQ"},"VectorClock":{"client1":20,"coord":18,"node00":13,"node01":16,"node02":16,"server1":6}}
{"TracerIdentity":"node00","TraceID":4267840646990413004,"Tag":"ReceiveTokenTrace","Body":{"Token":"pm5vZGUwMs87Omp02dY8zIalY29vcmQSpm5vZGUwMA2mbm9kZTAxEKdjbGllbnQxFKdzZXJ2ZXIxBqZub2RlMDIQ"},"VectorClock":{"client1":20,"coord":18,"node00":14,"node01":16,"node02":16,"server1":6}}
{"TracerIdentity":"node00","TraceID":4267840646990413004,"Tag":"PayloadRecvd","Body":{"Encrypted":"C/pZ/p77MA9bFP392uaQudhuldMuq5TCNgY7hQauPokmPJB7v5UvokLhFpO7IqZj5yMElTlsPErb8NmxPCL4uV5MEckghKdeJ5dPIjHQkXUV+s/e0spHXzrMFA0urHHv9sQYqZhe8FkZ0iLus0dydjie/nWTrIxDLBcDxk6n0hJr2Lqouabs9t7eJ+qC4aWsyOjp2yXN1WmfWYF4V3sOZqWMJFIscoqVmSc+a/X24PmsvKvzFA5i2qcgT4UbMdQ8fgGswjNW/NGq5KSrbe9gZlN4UjuBpg0="},"VectorClock":{"client1":20,"coord":18,"node00":15,"node01":16,"node02":16,"server1":6}}
{"TracerIdentity":"node00","TraceID":4267840646990413004,"Tag":"GenerateTokenTrace","Body":{"Token":"pm5vZGUwMM87Omp02dY8zIambm9kZTAwEKVjb29yZBKmbm9kZTAxEKZub2RlMDIQp2NsaWVudDEUp3NlcnZlcjEG"},"VectorClock":{"client1":20,"coord":18,"node00":16,"node01":16,"node02":16,"server1":6}}
{"TracerIdentity":"client1","TraceID":4267840646990413004,"Tag":"ReceiveTokenTrace","Body":{"Token":"pm5vZGUwMM87Omp02dY8zIambm9kZTAwEKVjb29yZBKmbm9kZTAxEKZub2RlMDIQp2NsaWVudDEUp3NlcnZlcjEG"},"VectorClock":{"client1":21,"coord":18,"node00":16,"node01":16,"node02":16,"server1":6}}
{"TracerIdentity":"client1","TraceID":4267840646990413004,"Tag":"RpcResRecvd","Body":{"ClientId":"client1","ServiceMethod":"Server.Add","Result":{"Result":2}},"VectorClock":{"client1":22,"coord":18,"node00":16,"node01":16,"node02":16,"server1":6}}
{"TracerIdentity":"node03","TraceID":2645695373004022893,"Tag":"CreateTrace","Body":{},"VectorClock":{"node03":1}}
{"TracerIdentity":"node03","TraceID":2645695373004022893,"Tag":"NodeStart","Body":{"NodeId":"55e698cb-20f4-428d-af3b-d06655ad7660"},"VectorClock":{"node03":2}}
{"TracerIdentity":"node03","TraceID":2645695373004022893,"Tag":"NodeJoining","Body":{"NodeId":"55e698cb-20f4-428d-af3b-d06655ad7660"},"VectorClock":{"node03":3}}
{"TracerIdentity":"node03","TraceID":2645695373004022893,"Tag":"GenerateTokenTrace","Body":{"Token":"pm5vZGUwM88kt2Xsm8ykbYGmbm9kZTAzBA=="},"VectorClock":{"node03":4}}
{"TracerIdentity":"coord","TraceID":2645695373004022893,"Tag":"ReceiveTokenTrace","Body":{"Token":"pm5vZGUwM88kt2Xsm8ykbYGmbm9kZTAzBA=="},"VectorClock":{"client1":4,"coord":19,"node00":4,"node01":4,"node02":4,"node03":4}}
{"TracerIdentity":"coord","TraceID":2645695373004022893,"Tag":"NodeJoiningRecvd","Body":{"NodeId":"55e698cb-20f4-428d-af3b-d06655ad7660"},"VectorClock":{"client1":4,"coord":20,"node00":4,"node01":4,"node02":4,"node03":4}}
{"TracerIdentity":"coord","TraceID":2645695373004022893,"Tag":"NodeJoinedRecvd","Body":{"NodeId":"55e698cb-20f4-428d-af3b-d06655ad7660","Role":"Guard"},"VectorClock":{"client1":4,"coord":21,"node00":4,"node01":4,"node02":4,"node03":4}}
{"TracerIdentity":"coord","TraceID":2645695373004022893,"Tag":"GenerateTokenTrace","Body":{"Token":"pWNvb3JkzyS3ZeybzKRthqZub2RlMDMEpWNvb3JkFqZub2RlMDAEpm5vZGUwMQSmbm9kZTAyBKdjbGllbnQxBA=="},"VectorClock":{"client1":4,"coord":22,"node00":4,"node01":4,"node02":4,"node03":4}}
{"TracerIdentity":"node03","TraceID":2645695373004022893,"Tag":"ReceiveTokenTrace","Body":{"Token":"pWNvb3JkzyS3ZeybzKRthqZub2RlMDMEpWNvb3JkFqZub2RlMDAEpm5vZGUwMQSmbm9kZTAyBKdjbGllbnQxBA=="},"VectorClock":{"client1":4,"coord":22,"node00":4,"node01":4,"node02":4,"node03":5}}
{"TracerIdentity":"node03","TraceID":2645695373004022893,"Tag":"NodeJoined","Body":{"NodeId":"55e698cb-20f4-428d-af3b-d06655ad7660","Role":"Guard"},"VectorClock":{"client1":4,"coord":22,"node00":4,"node01":4,"node02":4,"node03":6}}
{"TracerIdentity":"node04","TraceID":2865271312361231815,"Tag":"CreateTrace","Body":{},"VectorClock":{"node04":1}}
{"TracerIdentity":"node04","TraceID":2865271312361231815,"Tag":"NodeStart","Body":{"NodeId":"c29d8c5a-6eb9-4f3d-81be-df4a4db89fa1"},"VectorClock":{"node04":2}}
{"TracerIdentity":"node04","TraceID":2865271312361231815,"Tag":"NodeJoining","Body":{"NodeId":"c29d8c5a-6eb9-4f3d-81be-df4a4db89fa1"},"VectorClock":{"node04":3}}
{"TracerIdentity":"node04","TraceID":2865271312361231815,"Tag":"GenerateTokenTrace","Body":{"Token":"pm5vZGUwNM8nw30T5miVx4Gmbm9kZTA0BA=="},"VectorClock":{"node04":4}}
{"TracerIdentity":"coord","TraceID":2865271312361231815,"Tag":"ReceiveTokenTrace","Body":{"Token":"pm5vZGUwNM8nw30T5miVx4Gmbm9kZTA0BA=="},"VectorClock":{"client1":4,"coord":23,"node00":4,"node01":4,"node02":4,"node03":4,"node04":4}}
{"TracerIdentity":"coord","TraceID":2865271312361231815,"Tag":"NodeJoiningRecvd","Body":{"NodeId":"c29d8c5a-6eb9-4f3d-81be-df4a4db89fa1"},"VectorClock":{"client1":4,"coord":24,"node00":4,"node01":4,"node02":4,"node03":4,"node04":4}}
{"TracerIdentity":"coord","TraceID":2865271312361231815,"Tag":"NodeJoinedRecvd","Body":{"NodeId":"c29d8c5a-6eb9-4f3d-81be-df4a4db89fa1","Role":"Exit"},"VectorClock":{"client1":4,"coord":25,"node00":4,"node01":4,"node02":4,"node03":4,"node04":4}}
{"TracerIdentity":"coord","TraceID":2865271312361231815,"Tag":"GenerateTokenTrace","Body":{"Token":"pWNvb3JkzyfDfRPmaJXHh6djbGllbnQxBKZub2RlMDMEpm5vZGUwNASlY29vcmQapm5vZGUwMASmbm9kZTAxBKZub2RlMDIE"},"VectorClock":{"client1":4,"coord":26,"node00":4,"node01":4,"node02":4,"node03":4,"node04":4}}
{"TracerIdentity":"node04","TraceID":2865271312361231815,"Tag":"ReceiveTokenTrace","Body":{"Token":"pWNvb3JkzyfDfRPmaJXHh6djbGllbnQxBKZub2RlMDMEpm5vZGUwNASlY29vcmQapm5vZGUwMASmbm9kZTAxBKZub2RlMDIE"},"VectorClock":{"client1":4,"coord":26,"node00":4,"node01":4,"node02":4,"node03":4,"node04":5}}
{"TracerIdentity":"node04","TraceID":2865271312361231815,"Tag":"NodeJoined","Body":{"NodeId":"c29d8c5a-6eb9-4f3d-81be-df4a4db89fa1","Role":"Exit"},"VectorClock":{"client1":4,"coord":26,"node00":4,"node01":4,"node02":4,"node03":4,"node04":6}}
{"TracerIdentity":"node05","TraceID":2026563369498470108,"Tag":"CreateTrace","Body":{},"VectorClock":{"node05":1}}
{"TracerIdentity":"node05","TraceID":2026563369498470108,"Tag":"NodeStart","Body":{"NodeId":"93982b9a-a5e3-460f-be87-4090099fd4a0"},"VectorClock":{"node05":2}}
{"TracerIdentity":"node05","TraceID":2026563369498470108,"Tag":"NodeJoining","Body":{"NodeId":"93982b9a-a5e3-460f-be87-4090099fd4a0"},"VectorClock":{"node05":3}}
{"TracerIdentity":"node05","TraceID":2026563369498470108,"Tag":"GenerateTokenTrace","Body":{"Token":"pm5vZGUwNc8cH8ylucZm3IGmbm9kZTA1BA=="},"VectorClock":{"node05":4}}
{"TracerIdentity":"coord","TraceID":2026563369498470108,"Tag":"ReceiveTokenTrace","Body":{"Token":"pm5vZGUwNc8cH8ylucZm3IGmbm9kZTA1BA=="},"VectorClock":{"client1":4,"coord":27,"node00":4,"node01":4,"node02":4,"node03":4,"node04":4,"node05":4}}
{"TracerIdentity":"coord","TraceID":2026563369498470108,"Tag":"NodeJoiningRecvd","Body":{"NodeId":"93982b9a-a5e3-460f-be87-4090099fd4a0"},"VectorClock":{"client1":4,"coord":28,"node00":4,"node01":4,"node02":4,"node03":4,"node04":4,"node05":4}}
{"TracerIdentity":"coord","TraceID":2026563369498470108,"Tag":"NodeJoinedRecvd","Body":{"NodeId":"93982b9a-a5e3-460f-be87-4090099fd4a0","Role":"Relay"},"VectorClock":{"client1":4,"coord":29,"node00":4,"node01":4,"node02":4,"node03":4,"node04":4,"node05":4}}
{"TracerIdentity":"coord","TraceID":2026563369498470108,"Tag":"GenerateTokenTrace","Body":{"Token":"pWNvb3JkzxwfzKW5xmbciKZub2RlMDUEpWNvb3JkHqZub2RlMDAEpm5vZGUwMQSmbm9kZTAyBKdjbGllbnQxBKZub2RlMDMEpm5vZGUwNAQ="},"VectorClock":{"client1":4,"coord":30,"node00":4,"node01":4,"node02":4,"node03":4,"node04":4,"node05":4}}
{"TracerIdentity":"node05","TraceID":2026563369498470108,"Tag":"ReceiveTokenTrace","Body":{"Token":"pWNvb3JkzxwfzKW5xmbciKZub2RlMDUEpWNvb3JkHqZub2RlMDAEpm5vZGUwMQSmbm9kZTAyBKdjbGllbnQxBKZub2RlMDMEpm5vZGUwNAQ="},"VectorClock":{"client1":4,"coord":30,"node00":4,"node01":4,"node02":4,"node03":4,"node04":4,"node05":5}}
{"TracerIdentity":"node05","TraceID":2026563369498470108,"Tag":"NodeJoined","Body":{"NodeId":"93982b9a-a5e3-460f-be87-4090099fd4a0","Role":"Relay"},"VectorClock":{"client1":4,"coord":30,"node00":4,"node01":4,"node02":4,"node03":4,"node04":4,"node05":6}}
{"TracerIdentity":"client1","TraceID":4267840646990413004,"Tag":"RpcCall","Body":{"ClientId":"client1","ServiceMethod":"Server.Multiply"},"VectorClock":{"client1":23,"coord":18,"node00":16,"node01":16,"node02":16,"server1":6}}
{"TracerIdentity":"client1","TraceID":4267840646990413004,"Tag":"GenerateTokenTrace","Body":{"Token":"p2NsaWVudDHPOzpqdNnWPMyGpm5vZGUwMhClY29vcmQSp3NlcnZlcjEGp2NsaWVudDEYpm5vZGUwMBCmbm9kZTAxEA=="},"VectorClock":{"client1":24,"coord":18,"node00":16,"node01":16,"node02":16,"server1":6}}
{"TracerIdentity":"node00","TraceID":4267840646990413004,"Tag":"ReceiveTokenTrace","Body":{"Token":"p2NsaWVudDHPOzpqdNnWPMyGpm5vZGUwMhClY29vcmQSp3NlcnZlcjEGp2NsaWVudDEYpm5vZGUwMBCmbm9kZTAxEA=="},"VectorClock":{"client1":24,"coord":18,"node00":17,"node01":16,"node02":16,"server1":6}}
{"TracerIdentity":"node00","TraceID":4267840646990413004,"Tag":"ReqGuardLayer","Body":{"RelayListenAddr":"127.0.0.1:50102","RelaySessionId":"3059301306072a8648ce3d020106082a8648ce3d030107034200043b7b8b9fa70188881e21a8be8f41aa23ead1ef41280c48353593a6ebc053ae5b6b0e7f3fc2e576605d8f4fc0bbf3f4c6797ffcecc609868d8453b239ee8a881d","Encrypted":"t0QByGWzVARzKyZq9e8Nq+jseKcc4wRK0B/mzvD8n4XjMFQsK05tmzhb7BnWq4bKNbtjCYC+1NN3V7Z3Q7gMIDH+tq7pScLFWbw1/pCPSyGDodm1HJKU6lfwbmNpqc5mU3yWRzpvgbRna3a4RSqK3eYL4EpkNm716KA0qdlRiTogd4v/+Nc05KBeu/9DbQYt1SCY4oyNOTf88oXBP+kGszTof9WjyNwHD9pc5SB+aTBRfMSBqetRJ3/9h9w2OOQd8wdd2I0kToaWu/qrAo8nv39uzt2iNbeKOUTuEV7KGwwgMXjaY+JNlZI2F7Pf03wDfVLAevIB7Sv/z8qfaY6jnsfKfDxXkOMm1sP8nfbOhRWBMr4RdF8s8ae1ecCrYAsUceRY/XaN1PicHu5xVu9Yikb2DnsbFlDrRtygEGtHv6xumeO8AFOHR+95XP4A7rDaFRrBH0yBU7HcUuiDKZ1jGBkUcWyN4f05uMsBlHCHxNhXnnWo6YhyO0vgY9yuxyvAfjjRVJ+4iLvFcBzN/PCL2G4/LX/FMa8cFmotvSOewZAiaBxGzCCxn7lqPWs4QNDLU+RsliUbARlrpZoz/G8qCQ=="},"VectorClock":{"client1":24,"coord":18,"node00":18,"node01":16,"node02":16,"server1":6}}
{"TracerIdentity":"node00","TraceID":4267840646990413004,"Tag":"GenerateTokenTrace","Body":{"Token":"pm5vZGUwMM87Omp02dY8zIanc2VydmVyMQambm9kZTAwE6Vjb29yZBKmbm9kZTAxEKZub2RlMDIQp2NsaWVudDEY"},"VectorClock":{"client1":24,"coord":18,"node00":19,"node01":16,"node02":16,"server1":6}}
{"TracerIdentity":"client1","TraceID":4267840646990413004,"Tag":"RPCError","Body":{"Error":{}},"VectorClock":{"client1":25,"coord":18,"node00":16,"node01":16,"node02":16,"server1":6}}
{"TracerIdentity":"coord","TraceID":3244691949279360004,"Tag":"NodeFail","Body":{"NodeId":"4f8396e9-3752-4bca-8dd1-386b136b8ca8","Type":"Relay"},"VectorClock":{"client1":4,"coord":31,"node00":4,"node01":4,"node02":4,"node03":4,"node04":4,"node05":4}}
{"TracerIdentity":"coord","TraceID":3244691949279360004,"Tag":"NodeFailHandled","Body":{},"VectorClock":{"client1":4,"coord":32,"node00":4,"node01":4,"node02":4,"node03":4,"node04":4,"node05":4}}
{"TracerIdentity":"client1","TraceID":4267840646990413004,"Tag":"GenerateTokenTrace","Body":{"Token":"p2NsaWVudDHPOzpqdNnWPMyGpWNvb3JkEqdzZXJ2ZXIxBqdjbGllbnQxGqZub2RlMDAQpm5vZGUwMRCmbm9kZTAyEA=="},"VectorClock":{"client1":26,"coord":18,"node00":16,"node01":16,"node02":16,"server1":6}}
{"TracerIdentity":"node00","TraceID":4267840646990413004,"Tag":"ReceiveTokenTrace","Body":{"Token":"p2NsaWVudDHPOzpqdNnWPMyGpWNvb3JkEqdzZXJ2ZXIxBqdjbGllbnQxGqZub2RlMDAQpm5vZGUwMRCmbm9kZTAyEA=="},"VectorClock":{"client1":26,"coord":18,"node00":20,"node01":16,"node02":16,"server1":6}}
{"TracerIdentity":"node00","TraceID":4267840646990413004,"Tag":"ReqGuardLayer","Body":{"RelayListenAddr":"127.0.0.1:50102","RelaySessionId":"3059301306072a8648ce3d020106082a8648ce3d030107034200043b7b8b9fa70188881e21a8be8f41aa23ead1ef41280c48353593a6ebc053ae5b6b0e7f3fc2e576605d8f4fc0bbf3f4c6797ffcecc609868d8453b239ee8a881d","Encrypted":"noSCL7pbLuNvJMcNjN2aiEFB0Mzm+xU9kQXduX1RcJQDnobHoInae6r9vNBe7qTSv7m8/iOrKhMCxVu9DSqGDmXqrTpuCylqYsESpSjrnVfqpnc8WU42h1BMZ3hB4DNk5HPD09sneuIFSQcTypITZOZBZ7l9OUzB0+ZxHM4Zi0/S1HQRKX8EssQtiQpK0RS8dKyPRgz0gHyc0bojmKfreGYalkOCdt8RZ9M+t/IMu3zABP9m62KKkBTeExBMElluo1pSYKaGVdMG0PEYTv3BYythDPv61yIpiAc+kd4n9Y9jyPOXNaVn0JscW1GNC5X9GvOAsXC6GHtwXaSUAxgqm+zSAmOhIBsxacYzdyXg8tgRewGcIAYgJPDLfzk9+CFvsMe/JQCpaW+7Jmwmgv8Tumzo1MDB4BaLQ9qHgMpiIZ7IPmEQCqfZOwipE83/qftmSoLrMcOGoIH25GnQGnbi/j4Q06ViqaEHbA0+vN4mCFvgTOCKZomNiZXCLtxR+pZOopDBwJg0v7NQA+nrdSkJsj7KZlSWspa5B3oG+EMJAgOegOyDKjiyD+0j2U3CU0qpB7ACyV9R8cPpmIb+cL631A=="},"VectorClock":{"client1":26,"coord":18,"node00":21,"node01":16,"node02":16,"server1":6}}
{"TracerIdentity":"node00","TraceID":4267840646990413004,"Tag":"GenerateTokenTrace","Body":{"Token":"pm5vZGUwMM87Omp02dY8zIambm9kZTAxEKZub2RlMDIQp2NsaWVudDEap3NlcnZlcjEGpm5vZGUwMBalY29vcmQS"},"VectorClock":{"client1":26,"coord":18,"node00":22,"node01":16,"node02":16,"server1":6}}
{"TracerIdentity":"client1","TraceID":4267840646990413004,"Tag":"RPCError","Body":{"Error":{}},"VectorClock":{"client1":27,"coord":18,"node00":16,"node01":16,"node02":16,"server1":6}}
{"TracerIdentity":"client1","TraceID":4267840646990413004,"Tag":"GenerateTokenTrace","Body":{"Token":"p2NsaWVudDHPOzpqdNnWPMyGp2NsaWVudDEcpm5vZGUwMBCmbm9kZTAxEKZub2RlMDIQpWNvb3JkEqdzZXJ2ZXIxBg=="},"VectorClock":{"client1":28,"coord":18,"node00":16,"node01":16,"node02":16,"server1":6}}
{"TracerIdentity":"node00","TraceID":4267840646990413004,"Tag":"ReceiveTokenTrace","Body":{"Token":"p2NsaWVudDHPOzpqdNnWPMyGp2NsaWVudDEcpm5vZGUwMBCmbm9kZTAxEKZub2RlMDIQpWNvb3JkEqdzZXJ2ZXIxBg=="},"VectorClock":{"client1":28,"coord":18,"node00":23,"node01":16,"node02":16,"server1":6}}
{"TracerIdentity":"node00","TraceID":4267840646990413004,"Tag":"ReqGuardLayer","Body":{"RelayListenAddr":"127.0.0.1:50102","RelaySessionId":"3059301306072a8648ce3d020106082a8648ce3d030107034200043b7b8b9fa70188881e21a8be8f41aa23ead1ef41280c48353593a6ebc053ae5b6b0e7f3fc2e576605d8f4fc0bbf3f4c6797ffcecc609868d8453b239ee8a881d","Encrypted":"c20/Qp7ct5+JIYPSyIwISLCWGnq8imcX3gi9+m4Ug7VnzSTe389Luk+rmcB5HWSA8nVlt/GNqvLDS5OIXILxd8ViwwyUGedD7QTxTTHeoWpxpBLfEvJoB+SBrzsV7xBcwVh6MRwtxnO4mBeyAphRVIBhNnsxYuo+JHes7kjWS695wMHIwPMdq5EFlevBj8Ye5S13MDgBd4ggCZSxCdWsXXt+CX3ALYFWlCKUvIFcisJDv8BW5vkWdP4QLEiJmQ+f7U9/38fws21s/D/JrkhudHdPgBD0r3SUjuI/joa2u9tR+I5i1WqymCsGfbDinRMNrFA/tPOxQcCdl5zVnaWPbnQhrKbVqOz1/Qj38LtKlQivvcapls0a8Dqkn/F6QPzkqrrL16H3vUw01f9ACf6+WGnMXvNfosxXOVKNH2sAzXRhhS3lp6nqjVEG/Bv1gTJnIn40cY1qHdHKZXwvuHmd5jFRELHYCRvnwti2VO4r2VVCkS+OvuPv/E6DoOoQoDTms5LLqM077a5jjMmAZfjbPm1Wg8Cqv4aOFKkgaaVky2OVtn2+fT/H9ox7itk/PhSbXQIRvCIZhMNkf+mfKLlecQ=="},"VectorClock":{"client1":28,"coord":18,"node00":24,"node01":16,"node02":16,"server1":6}}
{"TracerIdentity":"node00","TraceID":4267840646990413004,"Tag":"GenerateTokenTrace","Body":{"Token":"pm5vZGUwMM87Omp02dY8zIalY29vcmQSpm5vZGUwMRCmbm9kZTAyEKdjbGllbnQxHKdzZXJ2ZXIxBqZub2RlMDAZ"},"VectorClock":{"client1":28,"coord":18,"node00":25,"node01":16,"node02":16,"server1":6}}
{"TracerIdentity":"client1","TraceID":4267840646990413004,"Tag":"RPCError","Body":{"Error":{}},"VectorClock":{"client1":29,"coord":18,"node00":16,"node01":16,"node02":16,"server1":6}}
{"TracerIdentity":"client1","TraceID":4267840646990413004,"Tag":"RPCTimeOut","Body":{},"VectorClock":{"client1":30,"coord":18,"node00":16,"node01":16,"node02":16,"server1":6}}
{"TracerIdentity":"client1","TraceID":4267840646990413004,"Tag":"OnionReq","Body":{"ClientId":"client1","OldExitAddr":"127.0.0.1:50101","OldRelayAddr":"127.0.0.1:50102","OldGuardAddr":"127.0.0.1:50100"},"VectorClock":{"client1":31,"coord":18,"node00":16,"node01":16,"node02":16,"server1":6}}
{"TracerIdentity":"client1","TraceID":4267840646990413004,"Tag":"GenerateTokenTrace","Body":{"Token":"p2NsaWVudDHPOzpqdNnWPMyGp2NsaWVudDEgpm5vZGUwMBCmbm9kZTAxEKZub2RlMDIQpWNvb3JkEqdzZXJ2ZXIxBg=="},"VectorClock":{"client1":32,"coord":18,"node00":16,"node01":16,"node02":16,"server1":6}}
{"TracerIdentity":"coord","TraceID":4267840646990413004,"Tag":"ReceiveTokenTrace","Body":{"Token":"p2NsaWVudDHPOzpqdNnWPMyGp2NsaWVudDEgpm5vZGUwMBCmbm9kZTAxEKZub2RlMDIQpWNvb3JkEqdzZXJ2ZXIxBg=="},"VectorClock":{"client1":32,"coord":33,"node00":16,"node01":16,"node02":16,"node03":4,"node04":4,"node05":4,"server1":6}}
{"TracerIdentity":"coord","TraceID":4267840646990413004,"Tag":"OnionReqRecvd","Body":{"ClientId":"client1","OldExitAddr":"127.0.0.1:50101","OldRelayAddr":"127.0.0.1:50102","OldGuardAddr":"127.0.0.1:50100"},"VectorClock":{"client1":32,"coord":34,"node00":16,"node01":16,"node02":16,"node03":4,"node04":4,"node05":4,"server1":6}}
{"TracerIdentity":"coord","TraceID":4267840646990413004,"Tag":"OnionRes","Body":{"ClientId":"client1","ExitAddr":"127.0.0.1:50104","RelayAddr":"127.0.0.1:50105","GuardAddr":"127.0.0.1:50103"},"VectorClock":{"client1":32,"coord":35,"node00":16,"node01":16,"node02":16,"node03":4,"node04":4,"node05":4,"server1":6}}
{"TracerIdentity":"coord","TraceID":4267840646990413004,"Tag":"GenerateTokenTrace","Body":{"Token":"pWNvb3Jkzzs6anTZ1jzMiaVjb29yZCSmbm9kZTAyEKZub2RlMDMEpm5vZGUwNQSmbm9kZTAwEKZub2RlMDEQp2NsaWVudDEgpm5vZGUwNASnc2VydmVyMQY="},"VectorClock":{"client1":32,"coord":36,"node00":16,"node01":16,"node02":16,"node03":4,"node04":4,"node05":4,"server1":6}}
{"TracerIdentity":"client1","TraceID":4267840646990413004,"Tag":"ReceiveTokenTrace","Body":{"Token":"pWNvb3Jkzzs6anTZ1jzMiaVjb29yZCSmbm9kZTAyEKZub2RlMDMEpm5vZGUwNQSmbm9kZTAwEKZub2RlMDEQp2NsaWVudDEgpm5vZGUwNASnc2VydmVyMQY="},"VectorClock":{"client1":33,"coord":36,"node00":16,"node01":16,"node02":16,"node03":4,"node04":4,"node05":4,"server1":6}}
{"TracerIdentity":"client1","TraceID":4267840646990413004,"Tag":"OnionResRecvd","Body":{"ClientId":"client1","ExitAddr":"127.0.0.1:50104","RelayAddr":"127.0.0.1:50105","GuardAddr":"127.0.0.1:50103"},"VectorClock":{"client1":34,"coord":36,"node00":16,"node01":16,"node02":16,"node03":4,"node04":4,"node05":4,"server1":6}}
{"TracerIdentity":"client1","TraceID":4267840646990413004,"Tag":"SharedSecretReq","Body":{"ClientId":"client1","NodeType":"Guard","PublicKey":{"Curve":{"P":115792089210356248762697446949407573530086143415290314195533631308867097853951,"N":115792089210356248762697446949407573529996955224135760342422259061068512044369,"B":41058363725152142129326129780047268409114441015993725554835256314039467401291,"Gx":48439561293906451759052585252797914202762949526041747995844080717082404635286,"Gy":36134250956749795798585127919587881956611106672985015071877198253568414405109,"BitSize":256,"Name":"P-256"},"X":85339071678073822599300215743308899064438935025731800151320245556576498383606,"Y":111860746354887569994587120256604322906658065556969483318768167087129879970718}},"VectorClock":{"client1":35,"coord":36,"node00":16,"node01":16,"node02":16,"node03":4,"node04":4,"node05":4,"server1":6}}
{"TracerIdentity":"client1","TraceID":4267840646990413004,"Tag":"GenerateTokenTrace","Body":{"Token":"p2NsaWVudDHPOzpqdNnWPMyJpm5vZGUwMRCmbm9kZTAyEKVjb29yZCSnc2VydmVyMQambm9kZTAzBKZub2RlMDUEp2NsaWVudDEkpm5vZGUwMBCmbm9kZTA0BA=="},"VectorClock":{"client1":36,"coord":36,"node00":16,"node01":16,"node02":16,"node03":4,"node04":4,"node05":4,"server1":6}}
{"TracerIdentity":"node03","TraceID":4267840646990413004,"Tag":"ReceiveTokenTrace","Body":{"Token":"p2NsaWVudDHPOzpqdNnWPMyJpm5vZGUwMRCmbm9kZTAyEKVjb29yZCSnc2VydmVyMQambm9kZTAzBKZub2RlMDUEp2NsaWVudDEkpm5vZGUwMBCmbm9kZTA0BA=="},"VectorClock":{"client1":36,"coord":36,"node00":16,"node01":16,"node02":16,"node03":7,"node04":4,"node05":4,"server1":6}}
{"TracerIdentity":"node03","TraceID":4267840646990413004,"Tag":"PublicKeyRecvd","Body":{"PublicKey":{"Curve":{"P":115792089210356248762697446949407573530086143415290314195533631308867097853951,"N":115792089210356248762697446949407573529996955224135760342422259061068512044369,"B":41058363725152142129326129780047268409114441015993725554835256314039467401291,"Gx":48439561293906451759052585252797914202762949526041747995844080717082404635286,"Gy":36134250956749795798585127919587881956611106672985015071877198253568414405109,"BitSize":256,"Name":"P-256"},"X":85339071678073822599300215743308899064438935025731800151320245556576498383606,"Y":111860746354887569994587120256604322906658065556969483318768167087129879970718}},"VectorClock":{"client1":36,"coord":36,"node00":16,"node01":16,"node02":16,"node03":8,"node04":4,"node05":4,"server1":6}}
{"TracerIdentity":"node03","TraceID":4267840646990413004,"Tag":"PublicKeySent","Body":{"PublicKey":{"Curve":{"P":115792089210356248762697446949407573530086143415290314195533631308867097853951,"N":115792089210356248762697446949407573529996955224135760342422259061068512044369,"B":41058363725152142129326129780047268409114441015993725554835256314039467401291,"Gx":48439561293906451759052585252797914202762949526041747995844080717082404635286,"Gy":36134250956749795798585127919587881956611106672985015071877198253568414405109,"BitSize":256,"Name":"P-256"},"X":22603988213718994034513846396000761144521912645360572026242581896564562785944,"Y":91940893906217383551013213979469079958394621822180650751711540442770297753027}},"VectorClock":{"client1":36,"coord":36,"node00":16,"node01":16,"node02":16,"node03":9,"node04":4,"node05":4,"server1":6}}
{"TracerIdentity":"node03","TraceID":4267840646990413004,"Tag":"GenerateTokenTrace","Body":{"Token":"pm5vZGUwM887Omp02dY8zImlY29vcmQkpm5vZGUwMRCnY2xpZW50MSSmbm9kZTA0BKdzZXJ2ZXIxBqZub2RlMDMKpm5vZGUwMBCmbm9kZTAyEKZub2RlMDUE"},"VectorClock":{"client1":36,"coord":36,"node00":16,"node01":16,"node02":16,"node03":10,"node04":4,"node05":4,"server1":6}}
{"TracerIdentity":"client1","TraceID":4267840646990413004,"Tag":"ReceiveTokenTrace","Body":{"Token":"pm5vZGUwM887Omp02dY8zImlY29vcmQkpm5vZGUwMRCnY2xpZW50MSSmbm9kZTA0BKdzZXJ2ZXIxBqZub2RlMDMKpm5vZGUwMBCmbm9kZTAyEKZub2RlMDUE"},"VectorClock":{"client1":37,"coord":36,"node00":16,"node01":16,"node02":16,"node03":10,"node04":4,"node05":4,"server1":6}}
{"TracerIdentity":"client1","TraceID":4267840646990413004,"Tag":"PublicKeyRecvd","Body":{"PublicKey":{"Curve":{"P":115792089210356248762697446949407573530086143415290314195533631308867097853951,"N":115792089210356248762697446949407573529996955224135760342422259061068512044369,"B":41058363725152142129326129780047268409114441015993725554835256314039467401291,"Gx":48439561293906451759052585252797914202762949526041747995844080717082404635286,"Gy":36134250956749795798585127919587881956611106672985015071877198253568414405109,"BitSize":256,"Name":"P-256"},"X":22603988213718994034513846396000761144521912645360572026242581896564562785944,"Y":91940893906217383551013213979469079958394621822180650751711540442770297753027}},"VectorClock":{"client1":38,"coord":36,"node00":16,"node01":16,"node02":16,"node03":10,"node04":4,"node05":4,"server1":6}}
{"TracerIdentity":"client1","TraceID":4267840646990413004,"Tag":"SharedSecretReq","Body":{"ClientId":"client1","NodeType":"Relay","PublicKey":{"Curve":{"P":115792089210356248762697446949407573530086143415290314195533631308867097853951,"N":115792089210356248762697446949407573529996955224135760342422259061068512044369,"B":41058363725152142129326129780047268409114441015993725554835256314039467401291,"Gx":48439561293906451759052585252797914202762949526041747995844080717082404635286,"Gy":36134250956749795798585127919587881956611106672985015071877198253568414405109,"BitSize":256,"Name":"P-256"},"X":87862709260963299369258875200323310609659059594681410835031489962299518689474,"Y":14279110993292197581455559321659414717435267996089247037031771866429614478458}},"VectorClock":{"client1":39,"coord":36,"node00":16,"node01":16,"node02":16,"node03":10,"node04":4,"node05":4,"server1":6}}
{"TracerIdentity":"client1","TraceID":4267840646990413004,"Tag":"GenerateTokenTrace","Body":{"Token":"p2NsaWVudDHPOzpqdNnWPMyJpm5vZGUwMBCmbm9kZTA0BKdjbGllbnQxKKZub2RlMDIQpWNvb3JkJKdzZXJ2ZXIxBqZub2RlMDMKpm5vZGUwNQSmbm9kZTAxEA=="},"VectorClock":{"client1":40,"coord":36,"node00":16,"node01":16,"node02":16,"node03":10,"node04":4,"node05":4,"server1":6}}
{"TracerIdentity":"node05","TraceID":4267840646990413004,"Tag":"ReceiveTokenTrace","Body":{"Token":"p2NsaWVudDHPOzpqdNnWPMyJpm5vZGUwMBCmbm9kZTA0BKdjbGllbnQxKKZub2RlMDIQpWNvb3JkJKdzZXJ2ZXIxBqZub2RlMDMKpm5vZGUwNQSmbm9kZTAxEA=="},"VectorClock":{"client1":40,"coord":36,"node00":16,"node01":16,"node02":16,"node03":10,"node04":4,"node05":7,"server1":6}}
{"TracerIdentity":"node05","TraceID":4267840646990413004,"Tag":"PublicKeyRecvd","Body":{"PublicKey":{"Curve":{"P":115792089210356248762697446949407573530086143415290314195533631308867097853951,"N":115792089210356248762697446949407573529996955224135760342422259061068512044369,"B":41058363725152142129326129780047268409114441015993725554835256314039467401291,"Gx":48439561293906451759052585252797914202762949526041747995844080717082404635286,"Gy":36134250956749795798585127919587881956611106672985015071877198253568414405109,"BitSize":256,"Name":"P-256"},"X":87862709260963299369258875200323310609659059594681410835031489962299518689474,"Y":14279110993292197581455559321659414717435267996089247037031771866429614478458}},"VectorClock":{"client1":40,"coord":36,"node00":16,"node01":16,"node02":16,"node03":10,"node04":4,"node05":8,"server1":6}}
{"TracerIdentity":"node05","TraceID":4267840646990413004,"Tag":"PublicKeySent","Body":{"PublicKey":{"Curve":{"P":115792089210356248762697446949407573530086143415290314195533631308867097853951,"N":115792089210356248762697446949407573529996955224135760342422259061068512044369,"B":41058363725152142129326129780047268409114441015993725554835256314039467401291,"Gx":48439561293906451759052585252797914202762949526041747995844080717082404635286,"Gy":36134250956749795798585127919587881956611106672985015071877198253568414405109,"BitSize":256,"Name":"P-256"},"X":32018135714523464968344652227851684654442785186237318373048487956878419080400,"Y":88018079527346188416100325955943320674367970675008592167027364042277867566306}},"VectorClock":{"client1":40,"coord":36,"node00":16,"node01":16,"node02":16,"node03":10,"node04":4,"node05":9,"server1":6}}
{"TracerIdentity":"node05","TraceID":4267840646990413004,"Tag":"GenerateTokenTrace","Body":{"Token":"pm5vZGUwNc87Omp02dY8zImnc2VydmVyMQanY2xpZW50MSimbm9kZTA0BKZub2RlMDAQpm5vZGUwMhCmbm9kZTA1CqZub2RlMDMKpWNvb3JkJKZub2RlMDEQ"},"VectorClock":{"client1":40,"coord":36,"node00":16,"node01":16,"node02":16,"node03":10,"node04":4,"node05":10,"server1":6}}
{"TracerIdentity":"client1","TraceID":4267840646990413004,"Tag":"ReceiveTokenTrace","Body":{"Token":"pm5vZGUwNc87Omp02dY8zImnc2VydmVyMQanY2xpZW50MSimbm9kZTA0BKZub2RlMDAQpm5vZGUwMhCmbm9kZTA1CqZub2RlMDMKpWNvb3JkJKZub2RlMDEQ"},"VectorClock":{"client1":41,"coord":36,"node00":16,"node01":16,"node02":16,"node03":10,"node04":4,"node05":10,"server1":6}}
{"TracerIdentity":"client1","TraceID":4267840646990413004,"Tag":"PublicKeyRecvd","Body":{"PublicKey":{"Curve":{"P":115792089210356248762697446949407573530086143415290314195533631308867097853951,"N":115792089210356248762697446949407573529996955224135760342422259061068512044369,"B":41058363725152142129326129780047268409114441015993725554835256314039467401291,"Gx":48439561293906451759052585252797914202762949526041747995844080717082404635286,"Gy":36134250956749795798585127919587881956611106672985015071877198253568414405109,"BitSize":256,"Name":"P-256"},"X":32018135714523464968344652227851684654442785186237318373048487956878419080400,"Y":88018079527346188416100325955943320674367970675008592167027364042277867566306}},"VectorClock":{"client1":42,"coord":36,"node00":16,"node01":16,"node02":16,"node03":10,"node04":4,"node05":10,"server1":6}}
{"TracerIdentity":"client1","TraceID":4267840646990413004,"Tag":"SharedSecretReq","Body":{"ClientId":"client1","NodeType":"Exit","PublicKey":{"Curve":{"P":115792089210356248762697446949407573530086143415290314195533631308867097853951,"N":115792089210356248762697446949407573529996955224135760342422259061068512044369,"B":41058363725152142129326129780047268409114441015993725554835256314039467401291,"Gx":48439561293906451759052585252797914202762949526041747995844080717082404635286,"Gy":36134250956749795798585127919587881956611106672985015071877198253568414405109,"BitSize":256,"Name":"P-256"},"X":87089834277617543598448523035345472612328212579962030147553751345633606208040,"Y":21865333317670466081318310445760336115003232396076830933284098037213820573351}},"VectorClock":{"client1":43,"coord":36,"node00":16,"node01":16,"node02":16,"node03":10,"node04":4,"node05":10,"server1":6}}
{"TracerIdentity":"client1","TraceID":4267840646990413004,"Tag":"GenerateTokenTrace","Body":{"Token":"p2NsaWVudDHPOzpqdNnWPMyJpm5vZGUwMRCmbm9kZTAyEKVjb29yZCSnc2VydmVyMQambm9kZTAzCqZub2RlMDUKp2NsaWVudDEspm5vZGUwMBCmbm9kZTA0BA=="},"VectorClock":{"client1":44,"coord":36,"node00":16,"node01":16,"node02":16,"node03":10,"node04":4,"node05":10,"server1":6}}
{"TracerIdentity":"node04","TraceID":4267840646990413004,"Tag":"ReceiveTokenTrace","Body":{"Token":"p2NsaWVudDHPOzpqdNnWPMyJpm5vZGUwMRCmbm9kZTAyEKVjb29yZCSnc2VydmVyMQambm9kZTAzCqZub2RlMDUKp2NsaWVudDEspm5vZGUwMBCmbm9kZTA0BA=="},"VectorClock":{"client1":44,"coord":36,"node00":16,"node01":16,"node02":16,"node03":10,"node04":7,"node05":10,"server1":6}}
{"TracerIdentity":"node04","TraceID":4267840646990413004,"Tag":"PublicKeyRecvd","Body":{"PublicKey":{"Curve":{"P":115792089210356248762697446949407573530086143415290314195533631308867097853951,"N":115792089210356248762697446949407573529996955224135760342422259061068512044369,"B":41058363725152142129326129780047268409114441015993725554835256314039467401291,"Gx":48439561293906451759052585252797914202762949526041747995844080717082404635286,"Gy":36134250956749795798585127919587881956611106672985015071877198253568414405109,"BitSize":256,"Name":"P-256"},"X":87089834277617543598448523035345472612328212579962030147553751345633606208040,"Y":21865333317670466081318310445760336115003232396076830933284098037213820573351}},"VectorClock":{"client1":44,"coord":36,"node00":16,"node01":16,"node02":16,"node03":10,"node04":8,"node05":10,"server1":6}}
{"TracerIdentity":"node04","TraceID":4267840646990413004,"Tag":"PublicKeySent","Body":{"PublicKey":{"Curve":{"P":115792089210356248762697446949407573530086143415290314195533631308867097853951,"N":115792089210356248762697446949407573529996955224135760342422259061068512044369,"B":41058363725152142129326129780047268409114441015993725554835256314039467401291,"Gx":48439561293906451759052585252797914202762949526041747995844080717082404635286,"Gy":36134250956749795798585127919587881956611106672985015071877198253568414405109,"BitSize":256,"Name":"P-256"},"X":23706611645907791669953869878889507471098830761330967879357432944493527079054,"Y":40139807756275674405704612916827461021096829878927165154018449114042304998454}},"VectorClock":{"client1":44,"coord":36,"node00":16,"node01":16,"node02":16,"node03":10,"node04":9,"node05":10,"server1":6}}
{"TracerIdentity":"node04","TraceID":4267840646990413004,"Tag":"GenerateTokenTrace","Body":{"Token":"pm5vZGUwNM87Omp02dY8zImmbm9kZTAyEKdzZXJ2ZXIxBqVjb29yZCSmbm9kZTAwEKZub2RlMDEQpm5vZGUwNQqmbm9kZTA0CqdjbGllbnQxLKZub2RlMDMK"},"VectorClock":{"client1":44,"coord":36,"node00":16,"node01":16,"node02":16,"node03":10,"node04":10,"node05":10,"server1":6}}
{"TracerIdentity":"client1","TraceID":4267840646990413004,"Tag":"ReceiveTokenTrace","Body":{"Token":"pm5vZGUwNM87Omp02dY8zImmbm9kZTAyEKdzZXJ2ZXIxBqVjb29yZCSmbm9kZTAwEKZub2RlMDEQpm5vZGUwNQqmbm9kZTA0CqdjbGllbnQxLKZub2RlMDMK"},"VectorClock":{"client1":45,"coord":36,"node00":16,"node01":16,"node02":16,"node03":10,"node04":10,"node05":10,"server1":6}}
{"TracerIdentity":"client1","TraceID":4267840646990413004,"Tag":"PublicKeyRecvd","Body":{"PublicKey":{"Curve":{"P":115792089210356248762697446949407573530086143415290314195533631308867097853951,"N":115792089210356248762697446949407573529996955224135760342422259061068512044369,"B":41058363725152142129326129780047268409114441015993725554835256314039467401291,"Gx":48439561293906451759052585252797914202762949526041747995844080717082404635286,"Gy":36134250956749795798585127919587881956611106672985015071877198253568414405109,"BitSize":256,"Name":"P-256"},"X":23706611645907791669953869878889507471098830761330967879357432944493527079054,"Y":40139807756275674405704612916827461021096829878927165154018449114042304998454}},"VectorClock":{"client1":46,"coord":36,"node00":16,"node01":16,"node02":16,"node03":10,"node04":10,"node05":10,"server1":6}}
{"TracerIdentity":"client1","TraceID":4267840646990413004,"Tag":"GenerateTokenTrace","Body":{"Token":"p2NsaWVudDHPOzpqdNnWPMyJpm5vZGUwMRCmbm9kZTAyEKVjb29yZCSnc2VydmVyMQambm9kZTAzCqZub2RlMDUKp2NsaWVudDEvpm5vZGUwMBCmbm9kZTA0Cg=="},"VectorClock":{"client1":47,"coord":36,"node00":16,"node01":16,"node02":16,"node03":10,"node04":10,"node05":10,"server1":6}}
{"TracerIdentity":"node03","TraceID":4267840646990413004,"Tag":"ReceiveTokenTrace","Body":{"Token":"p2NsaWVudDHPOzpqdNnWPMyJpm5vZGUwMRCmbm9kZTAyEKVjb29yZCSnc2VydmVyMQambm9kZTAzCqZub2RlMDUKp2NsaWVudDEvpm5vZGUwMBCmbm9kZTA0Cg=="},"VectorClock":{"client1":47,"coord":36,"node00":16,"node01":16,"node02":16,"node03":11,"node04":10,"node05":10,"server1":6}}
{"TracerIdentity":"node03","TraceID":4267840646990413004,"Tag":"ReqGuardLayer","Body":{"RelayListenAddr":"127.0.0.1:50105","RelaySessionId":"3059301306072a8648ce3d020106082a8648ce3d0301070342000446c99f6342305a883cac9bb4701acf2ada0572b534e5bd4e43c5ff3c1bc0b4d0c29877b38b96dee78c38c97bc2518cf4ee7257af8184085661234873117134e2","Encrypted":"q88VI0JPDzW5I32Rorgjzp+Rys+YXvCmVPSP9yX0gbjjEKK35Xtbg/YdDWQQqO+e4b6o8+xTZSgCTLR0vWq40JwtcX0LMNn7orhPdrK6kIOmesUI+vMM5PMZNVKtICAHZ403znIh+J9zRZPI+63pP7qJC3jLYEjbo3Q882SEZTqLk8bEj7ICf2rbRJktv4UMb4mX7vXhQhI392cVnKi8VNPGO2IfRFWCMq9heAdAiz8Fue5//XMZRqZVdipXaXgvYzZI47m3VCSHcLUKhvvm21DSOlUjV1PGkPt09YnO6AO3ye30fog3Aie2gRj59b5+J5EMCrgn8bPqqM3f6jtpuovySQKyqDnHmUf1k0CMZXgHlfJmcTozEoZUqIjal4OsiBwL1u43dq3SlKCR/zg1+mLrhWe5k4ScpVIOvwVmAMT2TYkD6pjxf+N76kBHnuG8YOZ1Fsh7NgmqZLYdVHBHVRFBL7RZHgTXz1wEnXxVM20ZTJ3Isqii5Zfp/ewPD6dQWAIq/V6WgGcEJC91tMz2p5CyCMXA1ABy9HHaNslGt/hCTfh/+WOZ+lYptLAGjKks6BLIA8Q0EgRxF0zjRd1C+g=="},"VectorClock":{"client1":47,"coord":36,"node00":16,"node01":16,"node02":16,"node03":12,"node04":10,"node05":10,"server1":6}}
{"TracerIdentity":"node03","TraceID":4267840646990413004,"Tag":"GenerateTokenTrace","Body":{"Token":"pm5vZGUwM887Omp02dY8zImlY29vcmQkpm5vZGUwMRCnY2xpZW50MS+nc2VydmVyMQambm9kZTAzDaZub2RlMDAQpm5vZGUwMhCmbm9kZTA1CqZub2RlMDQK"},"VectorClock":{"client1":47,"coord":36,"node00":16,"node01":16,"node02":16,"node03":13,"node04":10,"node05":10,"server1":6}}
{"TracerIdentity":"node05","TraceID":4267840646990413004,"Tag":"ReceiveTokenTrace","Body":{"Token":"pm5vZGUwM887Omp02dY8zImlY29vcmQkpm5vZGUwMRCnY2xpZW50MS+nc2VydmVyMQambm9kZTAzDaZub2RlMDAQpm5vZGUwMhCmbm9kZTA1CqZub2RlMDQK"},"VectorClock":{"client1":47,"coord":36,"node00":16,"node01":16,"node02":16,"node03":13,"node04":10,"node05":11,"server1":6}}
{"TracerIdentity":"node05","TraceID":4267840646990413004,"Tag":"ReqRelayLayer","Body":{"ExitListenAddr":"127.0.0.1:50104","ExitSessionId":"3059301306072a8648ce3d020106082a8648ce3d03010703420004346977794a22b9697110524c6bdaa89fed83944b9aee9e677325952b64f8988e58be537a2b7d83b3dc9ec937eb36eee4df4238a126e31c6817eb617f9982ac36","Encrypted":"tRGQvgxKgYeNsJ5Dzu7aSWBHlwNGwPaokJTaGN63t5dNmRq3P5KE0HvqoWk4vzabBUNEeEnbYm+LdEraw49yXc/6dD33vyncUPK2bRWUGhkC7Lc2q1tSZU8TCUzS/u987gaLP7obQR0lGP1bRl3fBW/7f4quxAxhoA9PRA=="},"VectorClock":{"client1":47,"coord":36,"node00":16,"node01":16,"node02":16,"node03":13,"node04":10,"node05":12,"server1":6}}
{"TracerIdentity":"node05","TraceID":4267840646990413004,"Tag":"GenerateTokenTrace","Body":{"Token":"pm5vZGUwNc87Omp02dY8zImmbm9kZTAwEKZub2RlMDIQp3NlcnZlcjEGp2NsaWVudDEvpm5vZGUwNAqlY29vcmQkpm5vZGUwMRCmbm9kZTA1DaZub2RlMDMN"},"VectorClock":{"client1":47,"coord":36,"node00":16,"node01":16,"node02":16,"node03":13,"node04":10,"node05":13,"server1":6}}
{"TracerIdentity":"node04","TraceID":4267840646990413004,"Tag":"ReceiveTokenTrace","Body":{"Token":"pm5vZGUwNc87Omp02dY8zImmbm9kZTAwEKZub2RlMDIQp3NlcnZlcjEGp2NsaWVudDEvpm5vZGUwNAqlY29vcmQkpm5vZGUwMRCmbm9kZTA1DaZub2RlMDMN"},"VectorClock":{"client1":47,"coord":36,"node00":16,"node01":16,"node02":16,"node03":13,"node04":11,"node05":13,"server1":6}}
{"TracerIdentity":"node04","TraceID":4267840646990413004,"Tag":"ReqExitLayer","Body":{"Args":{"A":2,"B":4},"ServiceMethod":"Server.Multiply","ServerAddr":":4322","Res":{"Result":2}},"VectorClock":{"client1":47,"coord":36,"node00":16,"node01":16,"node02":16,"node03":13,"node04":12,"node05":13,"server1":6}}
{"TracerIdentity":"node04","TraceID":4267840646990413004,"Tag":"GenerateTokenTrace","Body":{"Token":"pm5vZGUwNM87Omp02dY8zImmbm9kZTAxEKZub2RlMDUNpm5vZGUwNA2nY2xpZW50MS+mbm9kZTAzDaVjb29yZCSmbm9kZTAwEKZub2RlMDIQp3NlcnZlcjEG"},"VectorClock":{"client1":47,"coord":36,"node00":16,"node01":16,"node02":16,"node03":13,"node04":13,"node05":13,"server1":6}}
{"TracerIdentity":"server1","TraceID":4267840646990413004,"Tag":"ReceiveTokenTrace","Body":{"Token":"pm5vZGUwNM87Omp02dY8zImmbm9kZTAxEKZub2RlMDUNpm5vZGUwNA2nY2xpZW50MS+mbm9kZTAzDaVjb29yZCSmbm9kZTAwEKZub2RlMDIQp3NlcnZlcjEG"},"VectorClock":{"client1":47,"coord":36,"node00":16,"node01":16,"node02":16,"node03":13,"node04":13,"node05":13,"server1":7}}
{"TracerIdentity":"server1","TraceID":4267840646990413004,"Tag":"Request","Body":{"Token":"pm5vZGUwNM87Omp02dY8zImmbm9kZTAxEKZub2RlMDUNpm5vZGUwNA2nY2xpZW50MS+mbm9kZTAzDaVjb29yZCSmbm9kZTAwEKZub2RlMDIQp3NlcnZlcjEG","Args":{"A":2,"B":4}},"VectorClock":{"client1":47,"coord":36,"node00":16,"node01":16,"node02":16,"node03":13,"node04":13,"node05":13,"server1":8}}
{"TracerIdentity":"server1","TraceID":4267840646990413004,"Tag":"Response","Body":{"Token":null,"Res":{"Result":8,"Token":null}},"VectorClock":{"client1":47,"coord":36,"node00":16,"node01":16,"node02":16,"node03":13,"node04":13,"node05":13,"server1":9}}
{"TracerIdentity":"server1","TraceID":4267840646990413004,"Tag":"GenerateTokenTrace","Body":{"Token":"p3NlcnZlcjHPOzpqdNnWPMyJpm5vZGUwNA2mbm9kZTAwEKdjbGllbnQxL6Zub2RlMDIQpm5vZGUwNQ2mbm9kZTAzDadzZXJ2ZXIxCqZub2RlMDEQpWNvb3JkJA=="},"VectorClock":{"client1":47,"coord":36,"node00":16,"node01":16,"node02":16,"node03":13,"node04":13,"node05":13,"server1":10}}
{"TracerIdentity":"node04","TraceID":4267840646990413004,"Tag":"ReceiveTokenTrace","Body":{"Token":"p3NlcnZlcjHPOzpqdNnWPMyJpm5vZGUwNA2mbm9kZTAwEKdjbGllbnQxL6Zub2RlMDIQpm5vZGUwNQ2mbm9kZTAzDadzZXJ2ZXIxCqZub2RlMDEQpWNvb3JkJA=="},"VectorClock":{"client1":47,"coord":36,"node00":16,"node01":16,"node02":16,"node03":13,"node04":14,"node05":13,"server1":10}}
{"TracerIdentity":"node04","TraceID":4267840646990413004,"Tag":"ServerPayloadRecvd","Body":{"Payload":{"Result":8,"Token":null}},"VectorClock":{"client1":47,"coord":36,"node00":16,"node01":16,"node02":16,"node03":13,"node04":15,"node05":13,"server1":10}}
{"TracerIdentity":"node04","TraceID":4267840646990413004,"Tag":"GenerateTokenTrace","Body":{"Token":"pm5vZGUwNM87Omp02dY8zImmbm9kZTAyEKdzZXJ2ZXIxCqZub2RlMDAQpm5vZGUwMRCmbm9kZTA1DaZub2RlMDQQp2NsaWVudDEvpm5vZGUwMw2lY29vcmQk"},"VectorClock":{"client1":47,"coord":36,"node00":16,"node01":16,"node02":16,"node03":13,"node04":16,"node05":13,"server1":10}}
{"TracerIdentity":"node05","TraceID":4267840646990413004,"Tag":"ReceiveTokenTrace","Body":{"Token":"pm5vZGUwNM87Omp02dY8zImmbm9kZTAyEKdzZXJ2ZXIxCqZub2RlMDAQpm5vZGUwMRCmbm9kZTA1DaZub2RlMDQQp2NsaWVudDEvpm5vZGUwMw2lY29vcmQk"},"VectorClock":{"client1":47,"coord":36,"node00":16,"node01":16,"node02":16,"node03":13,"node04":16,"node05":14,"server1":10}}
{"TracerIdentity":"node05","TraceID":4267840646990413004,"Tag":"PayloadRecvd","Body":{"Encrypted":"1oYw/D9RfahMSQJcw6vizlBYRSWr0Cir2H350iS59HjRYRx5VR6XL48a/aUNuFvxW3MHp2k="},"VectorClock":{"client1":47,"coord":36,"node00":16,"node01":16,"node02":16,"node03":13,"node04":16,"node05":15,"server1":10}}
{"TracerIdentity":"node05","TraceID":4267840646990413004,"Tag":"GenerateTokenTrace","Body":{"Token":"pm5vZGUwNc87Omp02dY8zImmbm9kZTAyEKdzZXJ2ZXIxCqdjbGllbnQxL6Zub2RlMDQQpm5vZGUwMBCmbm9kZTAxEKZub2RlMDUQpm5vZGUwMw2lY29vcmQk"},"VectorClock":{"client1":47,"coord":36,"node00":16,"node01":16,"node02":16,"node03":13,"node04":16,"node05":16,"server1":10}}
{"TracerIdentity":"node03","TraceID":4267840646990413004,"Tag":"ReceiveTokenTrace","Body":{"Token":"pm5vZGUwNc87Omp02dY8zImmbm9kZTAyEKdzZXJ2ZXIxCqdjbGllbnQxL6Zub2RlMDQQpm5vZGUwMBCmbm9kZTAxEKZub2RlMDUQpm5vZGUwMw2lY29vcmQk"},"VectorClock":{"client1":47,"coord":36,"node00":16,"node01":16,"node02":16,"node03":14,"node04":16,"node05":16,"server1":10}}
{"TracerIdentity":"node03","TraceID":4267840646990413004,"Tag":"PayloadRecvd","Body":{"Encrypted":"QEEob2VzmWv9lgBQiF5HidcGMKmYKTHFkLzHLYc655BqwQMlBEYHvq8GVO11XgeFM2TH6Nw0vPCiwxqLq6KfUwAxQ15o4ypM+Rq9tb93hKz8jQ5oXUp1g5ZsnnigN3kHS6NG/8bOwYJraO1gE7lmFQcTdL4do65rYY09wIsbyGUWOdSgpsRyNqipAyDhOdJtDHkVQLIq1JZ4EU8cmgBrsl43UKEvYuuGWNgE0B0siAf0LbzsCvMZ/dIG2XHEFNIQL1VZSivqiPqYve9HHHUzrrPnCZMQc3X1rdZt7FfJBenbdrpR8eyNIxb9mI1FxrWSFoWXbdkShg=="},"VectorClock":{"client1":47,"coord":36,"node00":16,"node01":16,"node02":16,"node03":15,"node04":16,"node05":16,"server1":10}}
{"TracerIdentity":"node03","TraceID":4267840646990413004,"Tag":"GenerateTokenTrace","Body":{"Token":"pm5vZGUwM887Omp02dY8zImmbm9kZTAyEKZub2RlMDUQpm5vZGUwNBCnc2VydmVyMQqmbm9kZTAzEKZub2RlMDAQp2NsaWVudDEvpWNvb3JkJKZub2RlMDEQ"},"VectorClock":{"client1":47,"coord":36,"node00":16,"node01":16,"node02":16,"node03":16,"node04":16,"node05":16,"server1":10}}
{"TracerIdentity":"client1","TraceID":4267840646990413004,"Tag":"ReceiveTokenTrace","Body":{"Token":"pm5vZGUwM887Omp02dY8zImmbm9kZTAyEKZub2RlMDUQpm5vZGUwNBCnc2VydmVyMQqmbm9kZTAzEKZub2RlMDAQp2NsaWVudDEvpWNvb3JkJKZub2RlMDEQ"},"VectorClock":{"client1":48,"coord":36,"node00":16,"node01":16,"node02":16,"node03":16,"node04":16,"node05":16,"server1":10}}
{"TracerIdentity":"client1","TraceID":4267840646990413004,"Tag":"RpcResRecvd","Body":{"ClientId":"client1","ServiceMethod":"Server.Multiply","Result":{"Result":8}},"VectorClock":{"client1":49,"coord":36,"node00":16,"node01":16,"node02":16,"node03":16,"node04":16,"node05":16,"server1":10}}
{"TracerIdentity":"client1","TraceID":4267840646990413004,"Tag":"RpcCall","Body":{"ClientId":"client1","ServiceMethod":"Server.Subtract"},"VectorClock":{"client1":50,"coord":36,"node00":16,"node01":16,"node02":16,"node03":16,"node04":16,"node05":16,"server1":10}}
{"TracerIdentity":"client1","TraceID":4267840646990413004,"Tag":"GenerateTokenTrace","Body":{"Token":"p2NsaWVudDHPOzpqdNnWPMyJp3NlcnZlcjEKpm5vZGUwMxCmbm9kZTA1EKZub2RlMDEQpm5vZGUwMhClY29vcmQkp2NsaWVudDEzpm5vZGUwMBCmbm9kZTA0EA=="},"VectorClock":{"client1":51,"coord":36,"node00":16,"node01":16,"node02":16,"node03":16,"node04":16,"node05":16,"server1":10}}
{"TracerIdentity":"node03","TraceID":4267840646990413004,"Tag":"ReceiveTokenTrace","Body":{"Token":"p2NsaWVudDHPOzpqdNnWPMyJp3NlcnZlcjEKpm5vZGUwMxCmbm9kZTA1EKZub2RlMDEQpm5vZGUwMhClY29vcmQkp2NsaWVudDEzpm5vZGUwMBCmbm9kZTA0EA=="},"VectorClock":{"client1":51,"coord":36,"node00":16,"node01":16,"node02":16,"node03":17,"node04":16,"node05":16,"server1":10}}
{"TracerIdentity":"node03","TraceID":4267840646990413004,"Tag":"ReqGuardLayer","Body":{"RelayListenAddr":"127.0.0.1:50105","RelaySessionId":"3059301306072a8648ce3d020106082a8648ce3d0301070342000446c99f6342305a883cac9bb4701acf2ada0572b534e5bd4e43c5ff3c1bc0b4d0c29877b38b96dee78c38c97bc2518cf4ee7257af8184085661234873117134e2","Encrypted":"wImdxQYqybhx+20oRwtcGVnK85KX3tmt6WigzZSvaWPmOVi7Xu5DIYVcTkPTgnzlqVlXzobfencs7D9iT0n3q007twNLP/Ydu9ad2zhWekc5DaOeP1zzzFzttA+BzDgJfiBkQEIAChnIM9q0Jg0wc+vzyrKwqc2nMEzhJ9LSatbj+EuRY/y1Ks397tpbVNB/A0tFn2l/pWb5/jIxBPGTcZndlF8oUrDUjrZLnjj05+8A5RBDuJutUtF7Da7IUNxPfNJr/00NwG8eFNbiXes4c6xUJrmCii19yJbMvMxMVW6tWWBDlz3vdgIe3dsacBCVHanq5Iz/1eqRybFuj3eqwFj7VInPvOsk4dBeohgj44mKF4yWIREsN/cJUUBmUOtaS35xZaqnRwmdQ+L8IkY710vbgejXlNT4BAdaglKMSkw4EwS1u9xvKZik1K8uj7WCHvnIi908O3CURSs1lbPCNvShhnblKOW1LokjCEnuUW6ViVG1jSdidnH7igyDjWevBaX3lV+CBIi5Nr77KtruPk7sGxZWNCkb2cqtYbA5SQs860jUmEEhgFbPas0ISwzUbe3+kRDLVwmWTDap+Kx4NA=="},"VectorClock":{"client1":51,"coord":36,"node00":16,"node01":16,"node02":16,"node03":18,"node04":16,"node05":16,"server1":10}}
{"TracerIdentity":"node03","TraceID":4267840646990413004,"Tag":"GenerateTokenTrace","Body":{"Token":"pm5vZGUwM887Omp02dY8zImlY29vcmQkpm5vZGUwMRCnY2xpZW50MTOmbm9kZTAzE6Zub2RlMDAQpm5vZGUwMhCmbm9kZTA1EKZub2RlMDQQp3NlcnZlcjEK"},"VectorClock":{"client1":51,"coord":36,"node00":16,"node01":16,"node02":16,"node03":19,"node04":16,"node05":16,"server1":10}}
{"TracerIdentity":"node05","TraceID":4267840646990413004,"Tag":"ReceiveTokenTrace","Body":{"Token":"pm5vZGUwM887Omp02dY8zImlY29vcmQkpm5vZGUwMRCnY2xpZW50MTOmbm9kZTAzE6Zub2RlMDAQpm5vZGUwMhCmbm9kZTA1EKZub2RlMDQQp3NlcnZlcjEK"},"VectorClock":{"client1":51,"coord":36,"node00":16,"node01":16,"node02":16,"node03":19,"node04":16,"node05":17,"server1":10}}
{"TracerIdentity":"node05","TraceID":4267840646990413004,"Tag":"ReqRelayLayer","Body":{"ExitListenAddr":"127.0.0.1:50104","ExitSessionId":"3059301306072a8648ce3d020106082a8648ce3d03010703420004346977794a22b9697110524c6bdaa89fed83944b9aee9e677325952b64f8988e58be537a2b7d83b3dc9ec937eb36eee4df4238a126e31c6817eb617f9982ac36","Encrypted":"YHboPW25UYWaE7sqP3Y9e+DnX0o6DJyyxfLlsXRVLXeYnPwru/6P6Xd+tkeNLDwfZMstu0KgrhBPlU2YKV0PHZAOmuMedYfwnMl+oaM1muT8Uz2u4DChMJaBB34aCL1qMHucyC7tBaP5dlY044dpRiWIartNOKbCzV81Sw=="},"VectorClock":{"client1":51,"coord":36,"node00":16,"node01":16,"node02":16,"node03":19,"node04":16,"node05":18,"server1":10}}
{"TracerIdentity":"node05","TraceID":4267840646990413004,"Tag":"GenerateTokenTrace","Body":{"Token":"pm5vZGUwNc87Omp02dY8zImmbm9kZTA1E6Zub2RlMDMTpWNvb3JkJKZub2RlMDEQp2NsaWVudDEzpm5vZGUwNBCmbm9kZTAwEKZub2RlMDIQp3NlcnZlcjEK"},"VectorClock":{"client1":51,"coord":36,"node00":16,"node01":16,"node02":16,"node03":19,"node04":16,"node05":19,"server1":10}}
{"TracerIdentity":"node04","TraceID":4267840646990413004,"Tag":"ReceiveTokenTrace","Body":{"Token":"pm5vZGUwNc87Omp02dY8zImmbm9kZTA1E6Zub2RlMDMTpWNvb3JkJKZub2RlMDEQp2NsaWVudDEzpm5vZGUwNBCmbm9kZTAwEKZub2RlMDIQp3NlcnZlcjEK"},"VectorClock":{"client1":51,"coord":36,"node00":16,"node01":16,"node02":16,"node03":19,"node04":17,"node05":19,"server1":10}}
{"TracerIdentity":"node04","TraceID":4267840646990413004,"Tag":"ReqExitLayer","Body":{"Args":{"A":8,"B":5},"ServiceMethod":"Server.Subtract","ServerAddr":":4322","Res":{"Result":8}},"VectorClock":{"client1":51,"coord":36,"node00":16,"node01":16,"node02":16,"node03":19,"node04":18,"node05":19,"server1":10}}
{"TracerIdentity":"node04","TraceID":4267840646990413004,"Tag":"GenerateTokenTrace","Body":{"Token":"pm5vZGUwNM87Omp02dY8zImmbm9kZTAzE6Vjb29yZCSmbm9kZTAwEKZub2RlMDEQpm5vZGUwNROmbm9kZTA0E6djbGllbnQxM6Zub2RlMDIQp3NlcnZlcjEK"},"VectorClock":{"client1":51,"coord":36,"node00":16,"node01":16,"node02":16,"node03":19,"node04":19,"node05":19,"server1":10}}
{"TracerIdentity":"server1","TraceID":4267840646990413004,"Tag":"ReceiveTokenTrace","Body":{"Token":"pm5vZGUwNM87Omp02dY8zImmbm9kZTAzE6Vjb29yZCSmbm9kZTAwEKZub2RlMDEQpm5vZGUwNROmbm9kZTA0E6djbGllbnQxM6Zub2RlMDIQp3NlcnZlcjEK"},"VectorClock":{"client1":51,"coord":36,"node00":16,"node01":16,"node02":16,"node03":19,"node04":19,"node05":19,"server1":11}}
{"TracerIdentity":"server1","TraceID":4267840646990413004,"Tag":"Request","Body":{"Token":"pm5vZGUwNM87Omp02dY8zImmbm9kZTAzE6Vjb29yZCSmbm9kZTAwEKZub2RlMDEQpm5vZGUwNROmbm9kZTA0E6djbGllbnQxM6Zub2RlMDIQp3NlcnZlcjEK","Args":{"A":8,"B":5}},"VectorClock":{"client1":51,"coord":36,"node00":16,"node01":16,"node02":16,"node03":19,"node04":19,"node05":19,"server1":12}}
{"TracerIdentity":"server1","TraceID":4267840646990413004,"Tag":"Response","Body":{"Token":null,"Res":{"Result":3,"Token":null}},"VectorClock":{"client1":51,"coord":36,"node00":16,"node01":16,"node02":16,"node03":19,"node04":19,"node05":19,"server1":13}}
{"TracerIdentity":"server1","TraceID":4267840646990413004,"Tag":"GenerateTokenTrace","Body":{"Token":"p3NlcnZlcjHPOzpqdNnWPMyJp3NlcnZlcjEOpm5vZGUwMRClY29vcmQkpm5vZGUwNBOmbm9kZTAwEKdjbGllbnQxM6Zub2RlMDIQpm5vZGUwNROmbm9kZTAzEw=="},"VectorClock":{"client1":51,"coord":36,"node00":16,"node01":16,"node02":16,"node03":19,"node04":19,"node05":19,"server1":14}}
{"TracerIdentity":"node04","TraceID":4267840646990413004,"Tag":"ReceiveTokenTrace","Body":{"Token":"p3NlcnZlcjHPOzpqdNnWPMyJp3NlcnZlcjEOpm5vZGUwMRClY29vcmQkpm5vZGUwNBOmbm9kZTAwEKdjbGllbnQxM6Zub2RlMDIQpm5vZGUwNROmbm9kZTAzEw=="},"VectorClock":{"client1":51,"coord":36,"node00":16,"node01":16,"node02":16,"node03":19,"node04":20,"node05":19,"server1":14}}
{"TracerIdentity":"node04","TraceID":4267840646990413004,"Tag":"ServerPayloadRecvd","Body":{"Payload":{"Result":3,"Token":null}},"VectorClock":{"client1":51,"coord":36,"node00":16,"node01":16,"node02":16,"node03":19,"node04":21,"node05":19,"server1":14}}
{"TracerIdentity":"node04","TraceID":4267840646990413004,"Tag":"GenerateTokenTrace","Body":{"Token":"pm5vZGUwNM87Omp02dY8zImlY29vcmQkpm5vZGUwMBCmbm9kZTAxEKZub2RlMDUTpm5vZGUwNBanY2xpZW50MTOmbm9kZTAzE6Zub2RlMDIQp3NlcnZlcjEO"},"VectorClock":{"client1":51,"coord":36,"node00":16,"node01":16,"node02":16,"node03":19,"node04":22,"node05":19,"server1":14}}
{"TracerIdentity":"node05","TraceID":4267840646990413004,"Tag":"ReceiveTokenTrace","Body":{"Token":"pm5vZGUwNM87Omp02dY8zImlY29vcmQkpm5vZGUwMBCmbm9kZTAxEKZub2RlMDUTpm5vZGUwNBanY2xpZW50MTOmbm9kZTAzE6Zub2RlMDIQp3NlcnZlcjEO"},"VectorClock":{"client1":51,"coord":36,"node00":16,"node01":16,"node02":16,"node03":19,"node04":22,"node05":20,"server1":14}}
{"TracerIdentity":"node05","TraceID":4267840646990413004,"Tag":"PayloadRecvd","Body":{"Encrypted":"Zyms1t8v1Yz2lor5na/UDSRdYmQRnigeYpr8E5DotHau1iX4fujdjqy2BJOW8dkCNWdTrL4="},"VectorClock":{"client1":51,"coord":36,"node00":16,"node01":16,"node02":16,"node03":19,"node04":22,"node05":21,"server1":14}}
{"TracerIdentity":"node05","TraceID":4267840646990413004,"Tag":"GenerateTokenTrace","Body":{"Token":"pm5vZGUwNc87Omp02dY8zImnY2xpZW50MTOmbm9kZTA0FqZub2RlMDAQpm5vZGUwMhCnc2VydmVyMQ6mbm9kZTA1FqZub2RlMDMTpWNvb3JkJKZub2RlMDEQ"},"VectorClock":{"client1":51,"coord":36,"node00":16,"node01":16,"node02":16,"node03":19,"node04":22,"node05":22,"server1":14}}
{"TracerIdentity":"node03","TraceID":4267840646990413004,"Tag":"ReceiveTokenTrace","Body":{"Token":"pm5vZGUwNc87Omp02dY8zImnY2xpZW50MTOmbm9kZTA0FqZub2RlMDAQpm5vZGUwMhCnc2VydmVyMQ6mbm9kZTA1FqZub2RlMDMTpWNvb3JkJKZub2RlMDEQ"},"VectorClock":{"client1":51,"coord":36,"node00":16,"node01":16,"node02":16,"node03":20,"node04":22,"node05":22,"server1":14}}
{"TracerIdentity":"node03","TraceID":4267840646990413004,"Tag":"PayloadRecvd","Body":{"Encrypted":"9FsiX/1aCe2CTufCpDN2HP2L0fqltuHQBgmIZQRSjSHJNiIzg+jIlnvFsGXf7fCwSzblq8ilXYiGPdn1WJ6l1NeBY7rXEI1GluHBMT7jnQXVI6ChrRBiJ40U9WApus+gCYBri0jbqv+5at3iIxhBnpdUTKranOKLTgBu0CzGasuGGmZ/FuxKX/GEJBxLNEFLRpbUTjfxezleztnnwZ7GGoiUuvtDNTohZbHctiX3fTHa4R5zwSR7LI9xQPzszWW8R5qOOO2R/zsgjHCQ1JoHla2IqFbBlD9zBFdVYrmJh776Woi2F+1iAR2fuRZO4CLTra/UMnBXTw=="},"VectorClock":{"client1":51,"coord":36,"node00":16,"node01":16,"node02":16,"node03":21,"node04":22,"node05":22,"server1":14}}
{"TracerIdentity":"node03","TraceID":4267840646990413004,"Tag":"GenerateTokenTrace","Body":{"Token":"pm5vZGUwM887Omp02dY8zImlY29vcmQkpm5vZGUwMRCnY2xpZW50MTOmbm9kZTAzFqZub2RlMDAQpm5vZGUwMhCmbm9kZTA1FqZub2RlMDQWp3NlcnZlcjEO"},"VectorClock":{"client1":51,"coord":36,"node00":16,"node01":16,"node02":16,"node03":22,"node04":22,"node05":22,"server1":14}}
{"TracerIdentity":"client1","TraceID":4267840646990413004,"Tag":"ReceiveTokenTrace","Body":{"Token":"pm5vZGUwM887Omp02dY8zImlY29vcmQkpm5vZGUwMRCnY2xpZW50MTOmbm9kZTAzFqZub2RlMDAQpm5vZGUwMhCmbm9kZTA1FqZub2RlMDQWp3NlcnZlcjEO"},"VectorClock":{"client1":52,"coord":36,"node00":16,"node01":16,"node02":16,"node03":22,"node04":22,"node05":22,"server1":14}}
{"TracerIdentity":"client1","TraceID":4267840646990413004,"Tag":"RpcResRecvd","Body":{"ClientId":"client1","ServiceMethod":"Server.Subtract","Result":{"Result":3}},"VectorClock":{"client1":53,"coord":36,"node00":16,"node01":16,"node02":16,"node03":22,"node04":22,"node05":22,"server1":14}}
{"TracerIdentity":"client1","TraceID":4267840646990413004,"Tag":"RpcCall","Body":{"ClientId":"client1","ServiceMethod":"Server.Divide"},"VectorClock":{"client1":54,"coord":36,"node00":16,"node01":16,"node02":16,"node03":22,"node04":22,"node05":22,"server1":14}}
{"TracerIdentity":"client1","TraceID":4267840646990413004,"Tag":"GenerateTokenTrace","Body":{"Token":"p2NsaWVudDHPOzpqdNnWPMyJp3NlcnZlcjEOpm5vZGUwMxambm9kZTA1FqZub2RlMDEQpm5vZGUwMhClY29vcmQkp2NsaWVudDE3pm5vZGUwMBCmbm9kZTA0Fg=="},"VectorClock":{"client1":55,"coord":36,"node00":16,"node01":16,"node02":16,"node03":22,"node04":22,"node05":22,"server1":14}}
{"TracerIdentity":"node03","TraceID":4267840646990413004,"Tag":"ReceiveTokenTrace","Body":{"Token":"p2NsaWVudDHPOzpqdNnWPMyJp3NlcnZlcjEOpm5vZGUwMxambm9kZTA1FqZub2RlMDEQpm5vZGUwMhClY29vcmQkp2NsaWVudDE3pm5vZGUwMBCmbm9kZTA0Fg=="},"VectorClock":{"client1":55,"coord":36,"node00":16,"node01":16,"node02":16,"node03":23,"node04":22,"node05":22,"server1":14}}
{"TracerIdentity":"node03","TraceID":4267840646990413004,"Tag":"ReqGuardLayer","Body":{"RelayListenAddr":"127.0.0.1:50105","RelaySessionId":"3059301306072a8648ce3d020106082a8648ce3d0301070342000446c99f6342305a883cac9bb4701acf2ada0572b534e5bd4e43c5ff3c1bc0b4d0c29877b38b96dee78c38c97bc2518cf4ee7257af8184085661234873117134e2","Encrypted":"MMwtkKw+S9b60Re+3iMBLm/LvDR8OAZduT98kLkRi/Avbffw0BslUhHe6umkHXvPwpiO2XLv7A4SdhRc11kyVhcAMrAgHKHHzCBykqOw4C1BNQBfV5AO+/y2aNZydzUkWnBvcVw8i3qqewPm3WYCE5fkQ3cn4OaGZJ3wKEoQKCSFpkAoxFTWThCjzEM3WfINz3MVAljeAxzWhKZJyLJmoG1upofGodDa8GwYqQYMYGjI0HSj6xP4n/D/JUHiirz6yuN9bPUpMypBwtWJInwP+W9z6dszkCQ+yhNRfCPeMVObqfuWVROi7LW+z6dH/nDAGkJUgwhUrOQlYrj5nw31X8GL/D0SXChGDu9amBBOA4DICkQ/+WRtVYAXM6JLoadC2fDYkwNlYFbLgmpPiBsa+2AOqAdaIsEriYtj1XkWNnD2BvD/0JT8eAB4hs2uRAhha56ui+R/kRm70t61SVt+7SFxNDjLSA1RG3aBMWalSx380dDEgEFInA/86U/reKSW6SG/ZqANfmVpKERBlE8+NgN0fF1f4f4fenBFKN5g0OcybhuAfRqNnz1ClZxbi+8p/TK6+jxXYB6L/JTW"},"VectorClock":{"client1":55,"coord":36,"node00":16,"node01":16,"node02":16,"node03":24,"node04":22,"node05":22,"server1":14}}
{"TracerIdentity":"node03","TraceID":4267840646990413004,"Tag":"GenerateTokenTrace","Body":{"Token":"pm5vZGUwM887Omp02dY8zImnc2VydmVyMQ6mbm9kZTAzGaZub2RlMDAQpm5vZGUwMhCmbm9kZTA1FqZub2RlMDQWpWNvb3JkJKZub2RlMDEQp2NsaWVudDE3"},"VectorClock":{"client1":55,"coord":36,"node00":16,"node01":16,"node02":16,"node03":25,"node04":22,"node05":22,"server1":14}}
{"TracerIdentity":"node05","TraceID":4267840646990413004,"Tag":"ReceiveTokenTrace","Body":{"Token":"pm5vZGUwM887Omp02dY8zImnc2VydmVyMQ6mbm9kZTAzGaZub2RlMDAQpm5vZGUwMhCmbm9kZTA1FqZub2RlMDQWpWNvb3JkJKZub2RlMDEQp2NsaWVudDE3"},"VectorClock":{"client1":55,"coord":36,"node00":16,"node01":16,"node02":16,"node03":25,"node04":22,"node05":23,"server1":14}}
{"TracerIdentity":"node05","TraceID":4267840646990413004,"Tag":"ReqRelayLayer","Body":{"ExitListenAddr":"127.0.0.1:50104","ExitSessionId":"3059301306072a8648ce3d020106082a8648ce3d03010703420004346977794a22b9697110524c6bdaa89fed83944b9aee9e677325952b64f8988e58be537a2b7d83b3dc9ec937eb36eee4df4238a126e31c6817eb617f9982ac36","Encrypted":"f5L/fabcFgHCL1zEXJayh6np+bTU852zXxHJhsOx5BrUqITBIwsN7Y5lvUA11eRHCmaqrGDhnMc42in9Qm4wuJ5Fx5EXT2gVrKoCMODBzNHKBwDuRBjFpPpS7gmmrJK37kNtGtB3fEN+OwWQyLcjca3XyLkY9uVOlbY="},"VectorClock":{"client1":55,"coord":36,"node00":16,"node01":16,"node02":16,"node03":25,"node04":22,"node05":24,"server1":14}}
{"TracerIdentity":"node05","TraceID":4267840646990413004,"Tag":"GenerateTokenTrace","Body":{"Token":"pm5vZGUwNc87Omp02dY8zImlY29vcmQkpm5vZGUwMRCmbm9kZTA1GaZub2RlMDMZpm5vZGUwMBCmbm9kZTAyEKdzZXJ2ZXIxDqdjbGllbnQxN6Zub2RlMDQW"},"VectorClock":{"client1":55,"coord":36,"node00":16,"node01":16,"node02":16,"node03":25,"node04":22,"node05":25,"server1":14}}
{"TracerIdentity":"node04","TraceID":4267840646990413004,"Tag":"ReceiveTokenTrace","Body":{"Token":"pm5vZGUwNc87Omp02dY8zImlY29vcmQkpm5vZGUwMRCmbm9kZTA1GaZub2RlMDMZpm5vZGUwMBCmbm9kZTAyEKdzZXJ2ZXIxDqdjbGllbnQxN6Zub2RlMDQW"},"VectorClock":{"client1":55,"coord":36,"node00":16,"node01":16,"node02":16,"node03":25,"node04":23,"node05":25,"server1":14}}
{"TracerIdentity":"node04","TraceID":4267840646990413004,"Tag":"ReqExitLayer","Body":{"Args":{"A":3,"B":3},"ServiceMethod":"Server.Divide","ServerAddr":":4322","Res":{"Result":3}},"VectorClock":{"client1":55,"coord":36,"node00":16,"node01":16,"node02":16,"node03":25,"node04":24,"node05":25,"server1":14}}
{"TracerIdentity":"node04","TraceID":4267840646990413004,"Tag":"GenerateTokenTrace","Body":{"Token":"pm5vZGUwNM87Omp02dY8zImmbm9kZTAwEKZub2RlMDEQpm5vZGUwNRmmbm9kZTA0GadjbGllbnQxN6Zub2RlMDMZpWNvb3JkJKZub2RlMDIQp3NlcnZlcjEO"},"VectorClock":{"client1":55,"coord":36,"node00":16,"node01":16,"node02":16,"node03":25,"node04":25,"node05":25,"server1":14}}
{"TracerIdentity":"server1","TraceID":4267840646990413004,"Tag":"ReceiveTokenTrace","Body":{"Token":"pm5vZGUwNM87Omp02dY8zImmbm9kZTAwEKZub2RlMDEQpm5vZGUwNRmmbm9kZTA0GadjbGllbnQxN6Zub2RlMDMZpWNvb3JkJKZub2RlMDIQp3NlcnZlcjEO"},"VectorClock":{"client1":55,"coord":36,"node00":16,"node01":16,"node02":16,"node03":25,"node04":25,"node05":25,"server1":15}}
{"TracerIdentity":"server1","TraceID":4267840646990413004,"Tag":"Request","Body":{"Token":"pm5vZGUwNM87Omp02dY8zImmbm9kZTAwEKZub2RlMDEQpm5vZGUwNRmmbm9kZTA0GadjbGllbnQxN6Zub2RlMDMZpWNvb3JkJKZub2RlMDIQp3NlcnZlcjEO","Args":{"A":3,"B":3}},"VectorClock":{"client1":55,"coord":36,"node00":16,"node01":16,"node02":16,"node03":25,"node04":25,"node05":25,"server1":16}}
{"TracerIdentity":"server1","TraceID":4267840646990413004,"Tag":"Response","Body":{"Token":null,"Res":{"Result":1,"Token":null}},"VectorClock":{"client1":55,"coord":36,"node00":16,"node01":16,"node02":16,"node03":25,"node04":25,"node05":25,"server1":17}}
{"TracerIdentity":"server1","TraceID":4267840646990413004,"Tag":"GenerateTokenTrace","Body":{"Token":"p3NlcnZlcjHPOzpqdNnWPMyJpm5vZGUwMBCnY2xpZW50MTembm9kZTAyEKZub2RlMDUZpm5vZGUwMxmmbm9kZTA0GadzZXJ2ZXIxEqZub2RlMDEQpWNvb3JkJA=="},"VectorClock":{"client1":55,"coord":36,"node00":16,"node01":16,"node02":16,"node03":25,"node04":25,"node05":25,"server1":18}}
{"TracerIdentity":"node04","TraceID":4267840646990413004,"Tag":"ReceiveTokenTrace","Body":{"Token":"p3NlcnZlcjHPOzpqdNnWPMyJpm5vZGUwMBCnY2xpZW50MTembm9kZTAyEKZub2RlMDUZpm5vZGUwMxmmbm9kZTA0GadzZXJ2ZXIxEqZub2RlMDEQpWNvb3JkJA=="},"VectorClock":{"client1":55,"coord":36,"node00":16,"node01":16,"node02":16,"node03":25,"node04":26,"node05":25,"server1":18}}
{"TracerIdentity":"node04","TraceID":4267840646990413004,"Tag":"ServerPayloadRecvd","Body":{"Payload":{"Result":1,"Token":null}},"VectorClock":{"client1":55,"coord":36,"node00":16,"node01":16,"node02":16,"node03":25,"node04":27,"node05":25,"server1":18}}
{"TracerIdentity":"node04","TraceID":4267840646990413004,"Tag":"GenerateTokenTrace","Body":{"Token":"pm5vZGUwNM87Omp02dY8zImmbm9kZTA1GaZub2RlMDQcp2NsaWVudDE3pm5vZGUwMxmlY29vcmQkpm5vZGUwMBCmbm9kZTAxEKZub2RlMDIQp3NlcnZlcjES"},"VectorClock":{"client1":55,"coord":36,"node00":16,"node01":16,"node02":16,"node03":25,"node04":28,"node05":25,"server1":18}}
{"TracerIdentity":"node05","TraceID":4267840646990413004,"Tag":"ReceiveTokenTrace","Body":{"Token":"pm5vZGUwNM87Omp02dY8zImmbm9kZTA1GaZub2RlMDQcp2NsaWVudDE3pm5vZGUwMxmlY29vcmQkpm5vZGUwMBCmbm9kZTAxEKZub2RlMDIQp3NlcnZlcjES"},"VectorClock":{"client1":55,"coord":36,"node00":16,"node01":16,"node02":16,"node03":25,"node04":28,"node05":26,"server1":18}}
{"TracerIdentity":"node05","TraceID":4267840646990413004,"Tag":"PayloadRecvd","Body":{"Encrypted":"FKo1tUM+YHTacM7A3WKpObUolfvKH8jRxnoUczuaTmUbY1rQL+/RoaBfbeZHFYZQ77PjmCI="},"VectorClock":{"client1":55,"coord":36,"node00":16,"node01":16,"node02":16,"node03":25,"node04":28,"node05":27,"server1":18}}
{"TracerIdentity":"node05","TraceID":4267840646990413004,"Tag":"GenerateTokenTrace","Body":{"Token":"pm5vZGUwNc87Omp02dY8zImmbm9kZTAxEKZub2RlMDUcpm5vZGUwMxmlY29vcmQkpm5vZGUwMhCnc2VydmVyMRKnY2xpZW50MTembm9kZTA0HKZub2RlMDAQ"},"VectorClock":{"client1":55,"coord":36,"node00":16,"node01":16,"node02":16,"node03":25,"node04":28,"node05":28,"server1":18}}
{"TracerIdentity":"node03","TraceID":4267840646990413004,"Tag":"ReceiveTokenTrace","Body":{"Token":"pm5vZGUwNc87Omp02dY8zImmbm9kZTAxEKZub2RlMDUcpm5vZGUwMxmlY29vcmQkpm5vZGUwMhCnc2VydmVyMRKnY2xpZW50MTembm9kZTA0HKZub2RlMDAQ"},"VectorClock":{"client1":55,"coord":36,"node00":16,"node01":16,"node02":16,"node03":26,"node04":28,"node05":28,"server1":18}}
{"TracerIdentity":"node03","TraceID":4267840646990413004,"Tag":"PayloadRecvd","Body":{"Encrypted":"vraMDKchpCjnIL7Yi4M8doxZjiFT71IX5YC0wVVj1z5kqXOcievBatu9tLngz7c6FvkiIGsVu7MiZ1vmT4QTDHu656YkovCQzTeTFTLUsqSfiwHRudjsoXOTy5gTRVtO1T33WG8r6r60Y1bXNLLvB9Pj/Zj3TtnaLZiPyNVjbGgZ6s86E0Jp+RvKXZZ4X6DwdZtn7ZfcQKl+JoDhAnjd/iRyKYo6GzUqIRUUmoXoY06JFYrKSsLzvTwQI/OJofbtfMtCK1kXerRCstqg+c+PKDPvioUy8nAhrIQyXl2hcggl+JB5bnV2LsKbDnEsQWE9Fa9bFMOurQ=="},"VectorClock":{"client1":55,"coord":36,"node00":16,"node01":16,"node02":16,"node03":27,"node04":28,"node05":28,"server1":18}}
{"TracerIdentity":"node03","TraceID":4267840646990413004,"Tag":"GenerateTokenTrace","Body":{"Token":"pm5vZGUwM887Omp02dY8zImmbm9kZTA0HKdzZXJ2ZXIxEqZub2RlMDMcpm5vZGUwMBCmbm9kZTAyEKZub2RlMDUcpWNvb3JkJKZub2RlMDEQp2NsaWVudDE3"},"VectorClock":{"client1":55,"coord":36,"node00":16,"node01":16,"node02":16,"node03":28,"node04":28,"node05":28,"server1":18}}
{"TracerIdentity":"client1","TraceID":4267840646990413004,"Tag":"ReceiveTokenTrace","Body":{"Token":"pm5vZGUwM887Omp02dY8zImmbm9kZTA0HKdzZXJ2ZXIxEqZub2RlMDMcpm5vZGUwMBCmbm9kZTAyEKZub2RlMDUcpWNvb3JkJKZub2RlMDEQp2NsaWVudDE3"},"VectorClock":{"client1":56,"coord":36,"node00":16,"node01":16,"node02":16,"node03":28,"node04":28,"node05":28,"server1":18}}
{"TracerIdentity":"client1","TraceID":4267840646990413004,"Tag":"RpcResRecvd","Body":{"ClientId":"client1","ServiceMethod":"Server.Divide","Result":{"Result":1}},"VectorClock":{"client1":57,"coord":36,"node00":16,"node01":16,"node02":16,"node03":28,"node04":28,"node05":28,"server1":18}}
