{"TracerIdentity":"coord","TraceID":9043563487351924844,"Tag":"CreateTrace","Body":{},"VectorClock":{"coord":1}}
{"TracerIdentity":"coord","TraceID":9043563487351924844,"Tag":"CoordStart","Body":{},"VectorClock":{"coord":2}}
{"TracerIdentity":"server1","TraceID":1945002984934182109,"Tag":"CreateTrace","Body":{},"VectorClock":{"server1":1}}
{"TracerIdentity":"node00","TraceID":2155645218012394344,"Tag":"CreateTrace","Body":{},"VectorClock":{"node00":1}}
{"TracerIdentity":"server1","TraceID":1945002984934182109,"Tag":"ServerStart","Body":{"Config":{"ServerID":1,"ServerAddr":":4322","TracingServerAddr":":6666","Secret":"","TracingIdentity":"server1"}},"VectorClock":{"server1":2}}
{"TracerIdentity":"node00","TraceID":2155645218012394344,"Tag":"NodeStart","Body":{"NodeId":"37d07478-445c-45e1-9600-52633c975c52"},"VectorClock":{"node00":2}}
{"TracerIdentity":"node00","TraceID":2155645218012394344,"Tag":"NodeJoining","Body":{"NodeId":"37d07478-445c-45e1-9600-52633c975c52"},"VectorClock":{"node00":3}}
{"TracerIdentity":"node00","TraceID":2155645218012394344,"Tag":"GenerateTokenTrace","Body":{"Token":"pm5vZGUwMM8d6mPnmWXzaIGmbm9kZTAwBA=="},"VectorClock":{"node00":4}}
{"TracerIdentity":"coord","TraceID":2155645218012394344,"Tag":"ReceiveTokenTrace","Body":{"Token":"pm5vZGUwMM8d6mPnmWXzaIGmbm9kZTAwBA=="},"VectorClock":{"coord":3,"node00":4}}
{"TracerIdentity":"coord","TraceID":2155645218012394344,"Tag":"NodeJoiningRecvd","Body":{"NodeId":"37d07478-445c-45e1-9600-52633c975c52"},"VectorClock":{"coord":4,"node00":4}}
{"TracerIdentity":"coord","TraceID":2155645218012394344,"Tag":"NodeJoinedRecvd","Body":{"NodeId":"37d07478-445c-45e1-9600-52633c975c52","Role":"Guard"},"VectorClock":{"coord":5,"node00":4}}
{"TracerIdentity":"coord","TraceID":2155645218012394344,"Tag":"GenerateTokenTrace","Body":{"Token":"pWNvb3Jkzx3qY+eZZfNogqVjb29yZAambm9kZTAwBA=="},"VectorClock":{"coord":6,"node00":4}}
{"TracerIdentity":"node00","TraceID":2155645218012394344,"Tag":"ReceiveTokenTrace","Body":{"Token":"pWNvb3Jkzx3qY+eZZfNogqVjb29yZAambm9kZTAwBA=="},"VectorClock":{"coord":6,"node00":5}}
{"TracerIdentity":"node00","TraceID":2155645218012394344,"Tag":"NodeJoined","Body":{"NodeId":"37d07478-445c-45e1-9600-52633c975c52","Role":"Guard"},"VectorClock":{"coord":6,"node00":6}}
{"TracerIdentity":"node01","TraceID":5811980331734682066,"Tag":"CreateTrace","Body":{},"VectorClock":{"node01":1}}
{"TracerIdentity":"node01","TraceID":5811980331734682066,"Tag":"NodeStart","Body":{"NodeId":"fe938514-de36-4fe9-b423-c49e3936a4fc"},"VectorClock":{"node01":2}}
{"TracerIdentity":"node01","TraceID":5811980331734682066,"Tag":"NodeJoining","Body":{"NodeId":"fe938514-de36-4fe9-b423-c49e3936a4fc"},"VectorClock":{"node01":3}}
{"TracerIdentity":"node01","TraceID":5811980331734682066,"Tag":"GenerateTokenTrace","Body":{"Token":"pm5vZGUwMc9QqE1RippJ0oGmbm9kZTAxBA=="},"VectorClock":{"node01":4}}
{"TracerIdentity":"coord","TraceID":5811980331734682066,"Tag":"ReceiveTokenTrace","Body":{"Token":"pm5vZGUwMc9QqE1RippJ0oGmbm9kZTAxBA=="},"VectorClock":{"coord":7,"node00":4,"node01":4}}
{"TracerIdentity":"coord","TraceID":5811980331734682066,"Tag":"NodeJoiningRecvd","Body":{"NodeId":"fe938514-de36-4fe9-b423-c49e3936a4fc"},"VectorClock":{"coord":8,"node00":4,"node01":4}}
{"TracerIdentity":"coord","TraceID":5811980331734682066,"Tag":"NodeJoinedRecvd","Body":{"NodeId":"fe938514-de36-4fe9-b423-c49e3936a4fc","Role":"Exit"},"VectorClock":{"coord":9,"node00":4,"node01":4}}
{"TracerIdentity":"coord","TraceID":5811980331734682066,"Tag":"GenerateTokenTrace","Body":{"Token":"pWNvb3Jkz1CoTVGKmknSg6Vjb29yZAqmbm9kZTAwBKZub2RlMDEE"},"VectorClock":{"coord":10,"node00":4,"node01":4}}
{"TracerIdentity":"node01","TraceID":5811980331734682066,"Tag":"ReceiveTokenTrace","Body":{"Token":"pWNvb3Jkz1CoTVGKmknSg6Vjb29yZAqmbm9kZTAwBKZub2RlMDEE"},"VectorClock":{"coord":10,"node00":4,"node01":5}}
{"TracerIdentity":"node01","TraceID":5811980331734682066,"Tag":"NodeJoined","Body":{"NodeId":"fe938514-de36-4fe9-b423-c49e3936a4fc","Role":"Exit"},"VectorClock":{"coord":10,"node00":4,"node01":6}}
{"TracerIdentity":"node02","TraceID":3912782305105930139,"Tag":"CreateTrace","Body":{},"VectorClock":{"node02":1}}
{"TracerIdentity":"node02","TraceID":3912782305105930139,"Tag":"NodeStart","Body":{"NodeId":"c05eb061-1f76-4a77-9666-fb2f806d8883"},"VectorClock":{"node02":2}}
{"TracerIdentity":"node02","TraceID":3912782305105930139,"Tag":"NodeJoining","Body":{"NodeId":"c05eb061-1f76-4a77-9666-fb2f806d8883"},"VectorClock":{"node02":3}}
{"TracerIdentity":"node02","TraceID":3912782305105930139,"Tag":"GenerateTokenTrace","Body":{"Token":"pm5vZGUwMs82TP7Gk0Xnm4Gmbm9kZTAyBA=="},"VectorClock":{"node02":4}}
{"TracerIdentity":"coord","TraceID":3912782305105930139,"Tag":"ReceiveTokenTrace","Body":{"Token":"pm5vZGUwMs82TP7Gk0Xnm4Gmbm9kZTAyBA=="},"VectorClock":{"coord":11,"node00":4,"node01":4,"node02":4}}
{"TracerIdentity":"coord","TraceID":3912782305105930139,"Tag":"NodeJoiningRecvd","Body":{"NodeId":"c05eb061-1f76-4a77-9666-fb2f806d8883"},"VectorClock":{"coord":12,"node00":4,"node01":4,"node02":4}}
{"TracerIdentity":"coord","TraceID":3912782305105930139,"Tag":"NodeJoinedRecvd","Body":{"NodeId":"c05eb061-1f76-4a77-9666-fb2f806d8883","Role":"Relay"},"VectorClock":{"coord":13,"node00":4,"node01":4,"node02":4}}
{"TracerIdentity":"coord","TraceID":3912782305105930139,"Tag":"GenerateTokenTrace","Body":{"Token":"pWNvb3JkzzZM/saTReebhKZub2RlMDEEpm5vZGUwMgSlY29vcmQOpm5vZGUwMAQ="},"VectorClock":{"coord":14,"node00":4,"node01":4,"node02":4}}
{"TracerIdentity":"node02","TraceID":3912782305105930139,"Tag":"ReceiveTokenTrace","Body":{"Token":"pWNvb3JkzzZM/saTReebhKZub2RlMDEEpm5vZGUwMgSlY29vcmQOpm5vZGUwMAQ="},"VectorClock":{"coord":14,"node00":4,"node01":4,"node02":5}}
{"TracerIdentity":"node02","TraceID":3912782305105930139,"Tag":"NodeJoined","Body":{"NodeId":"c05eb061-1f76-4a77-9666-fb2f806d8883","Role":"Relay"},"VectorClock":{"coord":14,"node00":4,"node01":4,"node02":6}}
{"TracerIdentity":"client1","TraceID":1844243111592786145,"Tag":"CreateTrace","Body":{},"VectorClock":{"client1":1}}
{"TracerIdentity":"client1","TraceID":1844243111592786145,"Tag":"ClientStart","Body":{"ClientId":"client1"},"VectorClock":{"client1":2}}
{"TracerIdentity":"client1","TraceID":1844243111592786145,"Tag":"OnionReq","Body":{"ClientId":"client1","OldExitAddr":"","OldRelayAddr":"","OldGuardAddr":""},"VectorClock":{"client1":3}}
{"TracerIdentity":"client1","TraceID":1844243111592786145,"Tag":"GenerateTokenTrace","Body":{"Token":"p2NsaWVudDHPGZgRVrny+OGBp2NsaWVudDEE"},"VectorClock":{"client1":4}}
{"TracerIdentity":"coord","TraceID":1844243111592786145,"Tag":"ReceiveTokenTrace","Body":{"Token":"p2NsaWVudDHPGZgRVrny+OGBp2NsaWVudDEE"},"VectorClock":{"client1":4,"coord":15,"node00":4,"node01":4,"node02":4}}
{"TracerIdentity":"coord","TraceID":1844243111592786145,"Tag":"OnionReqRecvd","Body":{"ClientId":"client1","OldExitAddr":"","OldRelayAddr":"","OldGuardAddr":""},"VectorClock":{"client1":4,"coord":16,"node00":4,"node01":4,"node02":4}}
{"TracerIdentity":"coord","TraceID":1844243111592786145,"Tag":"OnionRes","Body":{"ClientId":"client1","ExitAddr":"127.0.0.1:50101","RelayAddr":"127.0.0.1:50102","GuardAddr":"127.0.0.1:50100"},"VectorClock":{"client1":4,"coord":17,"node00":4,"node01":4,"node02":4}}
{"TracerIdentity":"coord","TraceID":1844243111592786145,"Tag":"GenerateTokenTrace","Body":{"Token":"pWNvb3JkzxmYEVa58vjhhaVjb29yZBKmbm9kZTAwBKZub2RlMDEEpm5vZGUwMgSnY2xpZW50MQQ="},"VectorClock":{"client1":4,"coord":18,"node00":4,"node01":4,"node02":4}}
{"TracerIdentity":"client1","TraceID":1844243111592786145,"Tag":"ReceiveTokenTrace","Body":{"Token":"pWNvb3JkzxmYEVa58vjhhaVjb29yZBKmbm9kZTAwBKZub2RlMDEEpm5vZGUwMgSnY2xpZW50MQQ="},"VectorClock":{"client1":5,"coord":18,"node00":4,"node01":4,"node02":4}}
{"TracerIdentity":"client1","TraceID":1844243111592786145,"Tag":"OnionResRecvd","Body":{"ClientId":"client1","ExitAddr":"127.0.0.1:50101","RelayAddr":"127.0.0.1:50102","GuardAddr":"127.0.0.1:50100"},"VectorClock":{"client1":6,"coord":18,"node00":4,"node01":4,"node02":4}}
{"TracerIdentity":"client1","TraceID":1844243111592786145,"Tag":"SharedSecretReq","Body":{"ClientId":"client1","NodeType":"Guard","PublicKey":{"Curve":{"P":115792089210356248762697446949407573530086143415290314195533631308867097853951,"N":115792089210356248762697446949407573529996955224135760342422259061068512044369,"B":41058363725152142129326129780047268409114441015993725554835256314039467401291,"Gx":48439561293906451759052585252797914202762949526041747995844080717082404635286,"Gy":36134250956749795798585127919587881956611106672985015071877198253568414405109,"BitSize":256,"Name":"P-256"},"X":37786558107011095565794972642054889819075668145362680339697557669459722325260,"Y":24507961198756204970138762028640036058839860512240659452452385879137450854335}},"VectorClock":{"client1":7,"coord":18,"node00":4,"node01":4,"node02":4}}
{"TracerIdentity":"client1","TraceID":1844243111592786145,"Tag":"GenerateTokenTrace","Body":{"Token":"p2NsaWVudDHPGZgRVrny+OGFp2NsaWVudDEIpm5vZGUwMgSlY29vcmQSpm5vZGUwMASmbm9kZTAxBA=="},"VectorClock":{"client1":8,"coord":18,"node00":4,"node01":4,"node02":4}}
{"TracerIdentity":"node00","TraceID":1844243111592786145,"Tag":"ReceiveTokenTrace","Body":{"Token":"p2NsaWVudDHPGZgRVrny+OGFp2NsaWVudDEIpm5vZGUwMgSlY29vcmQSpm5vZGUwMASmbm9kZTAxBA=="},"VectorClock":{"client1":8,"coord":18,"node00":7,"node01":4,"node02":4}}
{"TracerIdentity":"node00","TraceID":1844243111592786145,"Tag":"PublicKeyRecvd","Body":{"PublicKey":{"Curve":{"P":115792089210356248762697446949407573530086143415290314195533631308867097853951,"N":115792089210356248762697446949407573529996955224135760342422259061068512044369,"B":41058363725152142129326129780047268409114441015993725554835256314039467401291,"Gx":48439561293906451759052585252797914202762949526041747995844080717082404635286,"Gy":36134250956749795798585127919587881956611106672985015071877198253568414405109,"BitSize":256,"Name":"P-256"},"X":37786558107011095565794972642054889819075668145362680339697557669459722325260,"Y":24507961198756204970138762028640036058839860512240659452452385879137450854335}},"VectorClock":{"client1":8,"coord":18,"node00":8,"node01":4,"node02":4}}
{"TracerIdentity":"node00","TraceID":1844243111592786145,"Tag":"PublicKeySent","Body":{"PublicKey":{"Curve":{"P":115792089210356248762697446949407573530086143415290314195533631308867097853951,"N":115792089210356248762697446949407573529996955224135760342422259061068512044369,"B":41058363725152142129326129780047268409114441015993725554835256314039467401291,"Gx":48439561293906451759052585252797914202762949526041747995844080717082404635286,"Gy":36134250956749795798585127919587881956611106672985015071877198253568414405109,"BitSize":256,"Name":"P-256"},"X":79001793339374833156664267329113312776987883610497924071137378892552500374632,"Y":83402485015157430408523112913243970602502059331697835357499320637445289450393}},"VectorClock":{"client1":8,"coord":18,"node00":9,"node01":4,"node02":4}}
{"TracerIdentity":"node00","TraceID":1844243111592786145,"Tag":"GenerateTokenTrace","Body":{"Token":"pm5vZGUwMM8ZmBFWufL44YWmbm9kZTAwCqVjb29yZBKmbm9kZTAxBKdjbGllbnQxCKZub2RlMDIE"},"VectorClock":{"client1":8,"coord":18,"node00":10,"node01":4,"node02":4}}
{"TracerIdentity":"client1","TraceID":1844243111592786145,"Tag":"ReceiveTokenTrace","Body":{"Token":"pm5vZGUwMM8ZmBFWufL44YWmbm9kZTAwCqVjb29yZBKmbm9kZTAxBKdjbGllbnQxCKZub2RlMDIE"},"VectorClock":{"client1":9,"coord":18,"node00":10,"node01":4,"node02":4}}
{"TracerIdentity":"client1","TraceID":1844243111592786145,"Tag":"PublicKeyRecvd","Body":{"PublicKey":{"Curve":{"P":115792089210356248762697446949407573530086143415290314195533631308867097853951,"N":115792089210356248762697446949407573529996955224135760342422259061068512044369,"B":41058363725152142129326129780047268409114441015993725554835256314039467401291,"Gx":48439561293906451759052585252797914202762949526041747995844080717082404635286,"Gy":36134250956749795798585127919587881956611106672985015071877198253568414405109,"BitSize":256,"Name":"P-256"},"X":79001793339374833156664267329113312776987883610497924071137378892552500374632,"Y":83402485015157430408523112913243970602502059331697835357499320637445289450393}},"VectorClock":{"client1":10,"coord":18,"node00":10,"node01":4,"node02":4}}
{"TracerIdentity":"client1","TraceID":1844243111592786145,"Tag":"SharedSecretReq","Body":{"ClientId":"client1","NodeType":"Relay","PublicKey":{"Curve":{"P":115792089210356248762697446949407573530086143415290314195533631308867097853951,"N":115792089210356248762697446949407573529996955224135760342422259061068512044369,"B":41058363725152142129326129780047268409114441015993725554835256314039467401291,"Gx":48439561293906451759052585252797914202762949526041747995844080717082404635286,"Gy":36134250956749795798585127919587881956611106672985015071877198253568414405109,"BitSize":256,"Name":"P-256"},"X":25908726433392939957944608332544708227031016770766961867435942276551197860430,"Y":111113753806810001301476289901345091523390514456981703486343534087334188171036}},"VectorClock":{"client1":11,"coord":18,"node00":10,"node01":4,"node02":4}}
{"TracerIdentity":"client1","TraceID":1844243111592786145,"Tag":"GenerateTokenTrace","Body":{"Token":"p2NsaWVudDHPGZgRVrny+OGFp2NsaWVudDEMpm5vZGUwMgSlY29vcmQSpm5vZGUwMAqmbm9kZTAxBA=="},"VectorClock":{"client1":12,"coord":18,"node00":10,"node01":4,"node02":4}}
{"TracerIdentity":"node02","TraceID":1844243111592786145,"Tag":"ReceiveTokenTrace","Body":{"Token":"p2NsaWVudDHPGZgRVrny+OGFp2NsaWVudDEMpm5vZGUwMgSlY29vcmQSpm5vZGUwMAqmbm9kZTAxBA=="},"VectorClock":{"client1":12,"coord":18,"node00":10,"node01":4,"node02":7}}
{"TracerIdentity":"node02","TraceID":1844243111592786145,"Tag":"PublicKeyRecvd","Body":{"PublicKey":{"Curve":{"P":115792089210356248762697446949407573530086143415290314195533631308867097853951,"N":115792089210356248762697446949407573529996955224135760342422259061068512044369,"B":41058363725152142129326129780047268409114441015993725554835256314039467401291,"Gx":48439561293906451759052585252797914202762949526041747995844080717082404635286,"Gy":36134250956749795798585127919587881956611106672985015071877198253568414405109,"BitSize":256,"Name":"P-256"},"X":25908726433392939957944608332544708227031016770766961867435942276551197860430,"Y":111113753806810001301476289901345091523390514456981703486343534087334188171036}},"VectorClock":{"client1":12,"coord":18,"node00":10,"node01":4,"node02":8}}
{"TracerIdentity":"node02","TraceID":1844243111592786145,"Tag":"PublicKeySent","Body":{"PublicKey":{"Curve":{"P":115792089210356248762697446949407573530086143415290314195533631308867097853951,"N":115792089210356248762697446949407573529996955224135760342422259061068512044369,"B":41058363725152142129326129780047268409114441015993725554835256314039467401291,"Gx":48439561293906451759052585252797914202762949526041747995844080717082404635286,"Gy":36134250956749795798585127919587881956611106672985015071877198253568414405109,"BitSize":256,"Name":"P-256"},"X":107738166951987599891403169974718264201665790021248655271173348687615935922139,"Y":107638949145299966739556066694704757684185932379345205091390145294772576737435}},"VectorClock":{"client1":12,"coord":18,"node00":10,"node01":4,"node02":9}}
{"TracerIdentity":"node02","TraceID":1844243111592786145,"Tag":"GenerateTokenTrace","Body":{"Token":"pm5vZGUwMs8ZmBFWufL44YWmbm9kZTAxBKVjb29yZBKnY2xpZW50MQymbm9kZTAyCqZub2RlMDAK"},"VectorClock":{"client1":12,"coord":18,"node00":10,"node01":4,"node02":10}}
{"TracerIdentity":"client1","TraceID":1844243111592786145,"Tag":"ReceiveTokenTrace","Body":{"Token":"pm5vZGUwMs8ZmBFWufL44YWmbm9kZTAxBKVjb29yZBKnY2xpZW50MQymbm9kZTAyCqZub2RlMDAK"},"VectorClock":{"client1":13,"coord":18,"node00":10,"node01":4,"node02":10}}
{"TracerIdentity":"client1","TraceID":1844243111592786145,"Tag":"PublicKeyRecvd","Body":{"PublicKey":{"Curve":{"P":115792089210356248762697446949407573530086143415290314195533631308867097853951,"N":115792089210356248762697446949407573529996955224135760342422259061068512044369,"B":41058363725152142129326129780047268409114441015993725554835256314039467401291,"Gx":48439561293906451759052585252797914202762949526041747995844080717082404635286,"Gy":36134250956749795798585127919587881956611106672985015071877198253568414405109,"BitSize":256,"Name":"P-256"},"X":107738166951987599891403169974718264201665790021248655271173348687615935922139,"Y":107638949145299966739556066694704757684185932379345205091390145294772576737435}},"VectorClock":{"client1":14,"coord":18,"node00":10,"node01":4,"node02":10}}
{"TracerIdentity":"client1","TraceID":1844243111592786145,"Tag":"SharedSecretReq","Body":{"ClientId":"client1","NodeType":"Exit","PublicKey":{"Curve":{"P":115792089210356248762697446949407573530086143415290314195533631308867097853951,"N":115792089210356248762697446949407573529996955224135760342422259061068512044369,"B":41058363725152142129326129780047268409114441015993725554835256314039467401291,"Gx":48439561293906451759052585252797914202762949526041747995844080717082404635286,"Gy":36134250956749795798585127919587881956611106672985015071877198253568414405109,"BitSize":256,"Name":"P-256"},"X":44133659053559656756107399952081622320173246378090858730891200456508925097713,"Y":32430404172797814751561532068398217740365672004412995097533069861652991355999}},"VectorClock":{"client1":15,"coord":18,"node00":10,"node01":4,"node02":10}}
{"TracerIdentity":"client1","TraceID":1844243111592786145,"Tag":"GenerateTokenTrace","Body":{"Token":"p2NsaWVudDHPGZgRVrny+OGFp2NsaWVudDEQpm5vZGUwMgqlY29vcmQSpm5vZGUwMAqmbm9kZTAxBA=="},"VectorClock":{"client1":16,"coord":18,"node00":10,"node01":4,"node02":10}}
{"TracerIdentity":"node01","TraceID":1844243111592786145,"Tag":"ReceiveTokenTrace","Body":{"Token":"p2NsaWVudDHPGZgRVrny+OGFp2NsaWVudDEQpm5vZGUwMgqlY29vcmQSpm5vZGUwMAqmbm9kZTAxBA=="},"VectorClock":{"client1":16,"coord":18,"node00":10,"node01":7,"node02":10}}
{"TracerIdentity":"node01","TraceID":1844243111592786145,"Tag":"PublicKeyRecvd","Body":{"PublicKey":{"Curve":{"P":115792089210356248762697446949407573530086143415290314195533631308867097853951,"N":115792089210356248762697446949407573529996955224135760342422259061068512044369,"B":41058363725152142129326129780047268409114441015993725554835256314039467401291,"Gx":48439561293906451759052585252797914202762949526041747995844080717082404635286,"Gy":36134250956749795798585127919587881956611106672985015071877198253568414405109,"BitSize":256,"Name":"P-256"},"X":44133659053559656756107399952081622320173246378090858730891200456508925097713,"Y":32430404172797814751561532068398217740365672004412995097533069861652991355999}},"VectorClock":{"client1":16,"coord":18,"node00":10,"node01":8,"node02":10}}
{"TracerIdentity":"node01","TraceID":1844243111592786145,"Tag":"PublicKeySent","Body":{"PublicKey":{"Curve":{"P":115792089210356248762697446949407573530086143415290314195533631308867097853951,"N":115792089210356248762697446949407573529996955224135760342422259061068512044369,"B":41058363725152142129326129780047268409114441015993725554835256314039467401291,"Gx":48439561293906451759052585252797914202762949526041747995844080717082404635286,"Gy":36134250956749795798585127919587881956611106672985015071877198253568414405109,"BitSize":256,"Name":"P-256"},"X":111499434671439724888767751838871106771668620516351831736497068149748273583754,"Y":73284729163307140582103213231724546060323177329412562669187249068555642907592}},"VectorClock":{"client1":16,"coord":18,"node00":10,"node01":9,"node02":10}}
{"TracerIdentity":"node01","TraceID":1844243111592786145,"Tag":"GenerateTokenTrace","Body":{"Token":"pm5vZGUwMc8ZmBFWufL44YWmbm9kZTAwCqdjbGllbnQxEKZub2RlMDIKpm5vZGUwMQqlY29vcmQS"},"VectorClock":{"client1":16,"coord":18,"node00":10,"node01":10,"node02":10}}
{"TracerIdentity":"client1","TraceID":1844243111592786145,"Tag":"ReceiveTokenTrace","Body":{"Token":"pm5vZGUwMc8ZmBFWufL44YWmbm9kZTAwCqdjbGllbnQxEKZub2RlMDIKpm5vZGUwMQqlY29vcmQS"},"VectorClock":{"client1":17,"coord":18,"node00":10,"node01":10,"node02":10}}
{"TracerIdentity":"client1","TraceID":1844243111592786145,"Tag":"PublicKeyRecvd","Body":{"PublicKey":{"Curve":{"P":115792089210356248762697446949407573530086143415290314195533631308867097853951,"N":115792089210356248762697446949407573529996955224135760342422259061068512044369,"B":41058363725152142129326129780047268409114441015993725554835256314039467401291,"Gx":48439561293906451759052585252797914202762949526041747995844080717082404635286,"Gy":36134250956749795798585127919587881956611106672985015071877198253568414405109,"BitSize":256,"Name":"P-256"},"X":111499434671439724888767751838871106771668620516351831736497068149748273583754,"Y":73284729163307140582103213231724546060323177329412562669187249068555642907592}},"VectorClock":{"client1":18,"coord":18,"node00":10,"node01":10,"node02":10}}
{"TracerIdentity":"client1","TraceID":1844243111592786145,"Tag":"RpcCall","Body":{"ClientId":"client1","ServiceMethod":"Server.Add"},"VectorClock":{"client1":19,"coord":18,"node00":10,"node01":10,"node02":10}}
{"TracerIdentity":"client1","TraceID":1844243111592786145,"Tag":"GenerateTokenTrace","Body":{"Token":"p2NsaWVudDHPGZgRVrny+OGFp2NsaWVudDEUpm5vZGUwMgqlY29vcmQSpm5vZGUwMAqmbm9kZTAxCg=="},"VectorClock":{"client1":20,"coord":18,"node00":10,"node01":10,"node02":10}}
{"TracerIdentity":"node00","TraceID":1844243111592786145,"Tag":"ReceiveTokenTrace","Body":{"Token":"p2NsaWVudDHPGZgRVrny+OGFp2NsaWVudDEUpm5vZGUwMgqlY29vcmQSpm5vZGUwMAqmbm9kZTAxCg=="},"VectorClock":{"client1":20,"coord":18,"node00":11,"node01":10,"node02":10}}
{"TracerIdentity":"node00","TraceID":1844243111592786145,"Tag":"ReqGuardLayer","Body":{"RelayListenAddr":"127.0.0.1:50102","RelaySessionId":"3059301306072a8648ce3d020106082a8648ce3d03010703420004ee31a43b3893e6dd802fd235148e00567ee17d280068aab66c99348bc6643fdbedf97c7a3b96f16b43c11c10ed79a1736eaea0541ca3d01e30a426fde560589b","Encrypted":"s5Bys55sQwMwIzzNBlYdvcZ5HeOekhvvnb+CQ7lQ8/X81/gMr3LHjloDLLWriTMcHlQpLRJj8WUrTORSL+HSfkwTD0haGgsCdCpsjo87o3gvZbBKtA/jKkcoLo8Of9byU85lNgrfJEO12F2q0DSP3LwlHweYie+BML/SzGPsJ140syZIeOCljvp+tRug4IuaydTPWWipqBkjG3r3/PLQ7qN1Nkq3pNxtq2lKFQJJ8CSsXBjQlRTj6N1RVMbtEZb6vwBByAANg07qKwFT/k7FBC8bfCi9o7K5RykRV+BTaB3GFE5aP8WAQzdrOeI6jo5jaAevsBXKB9zudgNXGkHKiINf8OrXsUP6RGoLeOhWba6re7q58rU309MrGRWkBvkKimQaI36nPnLXH9w3X9gJu6P8Zgo0eu0cqAzZntilbAAmDB5AhWfi17pf6SDrZng6V7gaeGWKzeTicM124RzVPZjSyBqPOtCBdNT2vVIC3O05d33Uyw9nKchL7EbVShkpPJaQr+HId62970RqsF939P5lyVn4QRjiMlQZBG3Hiav+jdEt82rsFsRWoFixYnYyKMQc+LXUIz0="},"VectorClock":{"client1":20,"coord":18,"node00":12,"node01":10,"node02":10}}
{"TracerIdentity":"node00","TraceID":1844243111592786145,"Tag":"GenerateTokenTrace","Body":{"Token":"pm5vZGUwMM8ZmBFWufL44YWmbm9kZTAwDaVjb29yZBKmbm9kZTAxCqdjbGllbnQxFKZub2RlMDIK"},"VectorClock":{"client1":20,"coord":18,"node00":13,"node01":10,"node02":10}}
{"TracerIdentity":"node02","TraceID":1844243111592786145,"Tag":"ReceiveTokenTrace","Body":{"Token":"pm5vZGUwMM8ZmBFWufL44YWmbm9kZTAwDaVjb29yZBKmbm9kZTAxCqdjbGllbnQxFKZub2RlMDIK"},"VectorClock":{"client1":20,"coord":18,"node00":13,"node01":10,"node02":11}}
{"TracerIdentity":"node02","TraceID":1844243111592786145,"Tag":"ReqRelayLayer","Body":{"ExitListenAddr":"127.0.0.1:50101","ExitSessionId":"3059301306072a8648ce3d020106082a8648ce3d03010703420004f6827190d09329b56713325344a3c916a1dd8a3672b432f3c3d6d5fe7d85168aa205afd1a3d77e0be6bd7c2893a05f7de916333e2f773483aa6528b13ffcabc8","Encrypted":"iXpDm9kzzl2MQk9dBuQBFZyVLMgOEJy+ywjAL55y+bj6lcAzcfrUbT+Twe8CIPFpvO0PodzH1hHR87lyK+sfKV5F22YgnpdhPJn/8s8vtwdhknvQmT3G9V0XhaBntDtcuhgZlugBrE9Pnj+4AVewNCCKNf8uMlE="},"VectorClock":{"client1":20,"coord":18,"node00":13,"node01":10,"node02":12}}
{"TracerIdentity":"node02","TraceID":1844243111592786145,"Tag":"GenerateTokenTrace","Body":{"Token":"pm5vZGUwMs8ZmBFWufL44YWmbm9kZTAyDaZub2RlMDANpm5vZGUwMQqlY29vcmQSp2NsaWVudDEU"},"VectorClock":{"client1":20,"coord":18,"node00":13,"node01":10,"node02":13}}
{"TracerIdentity":"node01","TraceID":1844243111592786145,"Tag":"ReceiveTokenTrace","Body":{"Token":"pm5vZGUwMs8ZmBFWufL44YWmbm9kZTAyDaZub2RlMDANpm5vZGUwMQqlY29vcmQSp2NsaWVudDEU"},"VectorClock":{"client1":20,"coord":18,"node00":13,"node01":11,"node02":13}}
{"TracerIdentity":"node01","TraceID":1844243111592786145,"Tag":"ReqExitLayer","Body":{"Args":{"A":1,"B":1},"ServiceMethod":"Server.Add","ServerAddr":":4322","Res":{"Result":0}},"VectorClock":{"client1":20,"coord":18,"node00":13,"node01":12,"node02":13}}
{"TracerIdentity":"node01","TraceID":1844243111592786145,"Tag":"GenerateTokenTrace","Body":{"Token":"pm5vZGUwMc8ZmBFWufL44YWmbm9kZTAxDaVjb29yZBKmbm9kZTAwDadjbGllbnQxFKZub2RlMDIN"},"VectorClock":{"client1":20,"coord":18,"node00":13,"node01":13,"node02":13}}
{"TracerIdentity":"server1","TraceID":1844243111592786145,"Tag":"ReceiveTokenTrace","Body":{"Token":"pm5vZGUwMc8ZmBFWufL44YWmbm9kZTAxDaVjb29yZBKmbm9kZTAwDadjbGllbnQxFKZub2RlMDIN"},"VectorClock":{"client1":20,"coord":18,"node00":13,"node01":13,"node02":13,"server1":3}}
{"TracerIdentity":"server1","TraceID":1844243111592786145,"Tag":"Request","Body":{"Token":"pm5vZGUwMc8ZmBFWufL44YWmbm9kZTAxDaVjb29yZBKmbm9kZTAwDadjbGllbnQxFKZub2RlMDIN","Args":{"A":1,"B":1}},"VectorClock":{"client1":20,"coord":18,"node00":13,"node01":13,"node02":13,"server1":4}}
{"TracerIdentity":"server1","TraceID":1844243111592786145,"Tag":"Response","Body":{"Token":null,"Res":{"Result":2,"Token":null}},"VectorClock":{"client1":20,"coord":18,"node00":13,"node01":13,"node02":13,"server1":5}}
{"TracerIdentity":"server1","TraceID":1844243111592786145,"Tag":"GenerateTokenTrace","Body":{"Token":"p3NlcnZlcjHPGZgRVrny+OGGpm5vZGUwMQ2lY29vcmQSpm5vZGUwMA2nY2xpZW50MRSnc2VydmVyMQambm9kZTAyDQ=="},"VectorClock":{"client1":20,"coord":18,"node00":13,"node01":13,"node02":13,"server1":6}}
{"TracerIdentity":"node01","TraceID":1844243111592786145,"Tag":"ReceiveTokenTrace","Body":{"Token":"p3NlcnZlcjHPGZgRVrny+OGGpm5vZGUwMQ2lY29vcmQSpm5vZGUwMA2nY2xpZW50MRSnc2VydmVyMQambm9kZTAyDQ=="},"VectorClock":{"client1":20,"coord":18,"node00":13,"node01":14,"node02":13,"server1":6}}
{"TracerIdentity":"node01","TraceID":1844243111592786145,"Tag":"ServerPayloadRecvd","Body":{"Payload":{"Result":2,"Token":null}},"VectorClock":{"client1":20,"coord":18,"node00":13,"node01":15,"node02":13,"server1":6}}
{"TracerIdentity":"node01","TraceID":1844243111592786145,"Tag":"GenerateTokenTrace","Body":{"Token":"pm5vZGUwMc8ZmBFWufL44Yambm9kZTAxEKVjb29yZBKmbm9kZTAwDadjbGllbnQxFKZub2RlMDINp3NlcnZlcjEG"},"VectorClock":{"client1":20,"coord":18,"node00":13,"node01":16,"node02":13,"server1":6}}
{"TracerIdentity":"node02","TraceID":1844243111592786145,"Tag":"ReceiveTokenTrace","Body":{"Token":"pm5vZGUwMc8ZmBFWufL44Yambm9kZTAxEKVjb29yZBKmbm9kZTAwDadjbGllbnQxFKZub2RlMDINp3NlcnZlcjEG"},"VectorClock":{"client1":20,"coord":18,"node00":13,"node01":16,"node02":14,"server1":6}}
{"TracerIdentity":"node02","TraceID":1844243111592786145,"Tag":"PayloadRecvd","Body":{"Encrypted":"5PAE8sAgC2hDsb8dDLj50FFHtT/7o1Cfaz8Qd7W3fwjOvBvPgGvYN2GpMMcxK9XyYzwTV2w="},"VectorClock":{"client1":20,"coord":18,"node00":13,"node01":16,"node02":15,"server1":6}}
{"TracerIdentity":"node02","TraceID":1844243111592786145,"Tag":"GenerateTokenTrace","Body":{"Token":"pm5vZGUwMs8ZmBFWufL44Yambm9kZTAxEKVjb29yZBKnY2xpZW50MRSnc2VydmVyMQambm9kZTAyEKZub2RlMDAN"},"VectorClock":{"client1":20,"coord":18,"node00":13,"node01":16,"node02":16,"server1":6}}
{"TracerIdentity":"node00","TraceID":1844243111592786145,"Tag":"ReceiveTokenTrace","Body":{"Token":"pm5vZGUwMs8ZmBFWufL44Yambm9kZTAxEKVjb29yZBKnY2xpZW50MRSnc2VydmVyMQambm9kZTAyEKZub2RlMDAN"},"VectorClock":{"client1":20,"coord":18,"node00":14,"node01":16,"node02":16,"server1":6}}
{"TracerIdentity":"node00","TraceID":1844243111592786145,"Tag":"PayloadRecvd","Body":{"Encrypted":"vh8CWCPyr9ar2bYYaNSaCIqbfa7y+Ja6ywRamBgLMOpTyFZE4D/QevnoqLP8dIBwad4a8jmav/BLntoI/aqykdqJIPiBp3+f3ZpuXfBZr89PQTyWQYy2M2HOlZqLLpXOtPeWWtoQumL6K8nkZjXQLqfH9I6I+xuAagJsm0gc1avEEr/H8LgnaPn8BydA6QwVZfF1Do+glAA3VExYqt7SoTFa1okxqJbkTD60LMbR19rxUP2BSSCO9vYsZbv+bHA2jqstc0OBLruluPN7v442NksEXMH8Jv4="},"VectorClock":{"client1":20,"coord":18,"node00":15,"node01":16,"node02":16,"server1":6}}
{"TracerIdentity":"node00","TraceID":1844243111592786145,"Tag":"GenerateTokenTrace","Body":{"Token":"pm5vZGUwMM8ZmBFWufL44Yanc2VydmVyMQambm9kZTAwEKVjb29yZBKmbm9kZTAxEKdjbGllbnQxFKZub2RlMDIQ"},"VectorClock":{"client1":20,"coord":18,"node00":16,"node01":16,"node02":16,"server1":6}}
{"TracerIdentity":"client1","TraceID":1844243111592786145,"Tag":"ReceiveTokenTrace","Body":{"Token":"pm5vZGUwMM8ZmBFWufL44Yanc2VydmVyMQambm9kZTAwEKVjb29yZBKmbm9kZTAxEKdjbGllbnQxFKZub2RlMDIQ"},"VectorClock":{"client1":21,"coord":18,"node00":16,"node01":16,"node02":16,"server1":6}}
{"TracerIdentity":"client1","TraceID":1844243111592786145,"Tag":"RpcResRecvd","Body":{"ClientId":"client1","ServiceMethod":"Server.Add","Result":{"Result":2}},"VectorClock":{"client1":22,"coord":18,"node00":16,"node01":16,"node02":16,"server1":6}}
{"TracerIdentity":"node03","TraceID":4884490907278607448,"Tag":"CreateTrace","Body":{},"VectorClock":{"node03":1}}
{"TracerIdentity":"node03","TraceID":4884490907278607448,"Tag":"NodeStart","Body":{"NodeId":"f93ad64d-d3e5-4188-97a2-b44f345db016"},"VectorClock":{"node03":2}}
{"TracerIdentity":"node03","TraceID":4884490907278607448,"Tag":"NodeJoining","Body":{"NodeId":"f93ad64d-d3e5-4188-97a2-b44f345db016"},"VectorClock":{"node03":3}}
{"TracerIdentity":"node03","TraceID":4884490907278607448,"Tag":"GenerateTokenTrace","Body":{"Token":"pm5vZGUwM89DyTKZ3PeEWIGmbm9kZTAzBA=="},"VectorClock":{"node03":4}}
{"TracerIdentity":"coord","TraceID":4884490907278607448,"Tag":"ReceiveTokenTrace","Body":{"Token":"pm5vZGUwM89DyTKZ3PeEWIGmbm9kZTAzBA=="},"VectorClock":{"client1":4,"coord":19,"node00":4,"node01":4,"node02":4,"node03":4}}
{"TracerIdentity":"coord","TraceID":4884490907278607448,"Tag":"NodeJoiningRecvd","Body":{"NodeId":"f93ad64d-d3e5-4188-97a2-b44f345db016"},"VectorClock":{"client1":4,"coord":20,"node00":4,"node01":4,"node02":4,"node03":4}}
{"TracerIdentity":"coord","TraceID":4884490907278607448,"Tag":"NodeJoinedRecvd","Body":{"NodeId":"f93ad64d-d3e5-4188-97a2-b44f345db016","Role":"Guard"},"VectorClock":{"client1":4,"coord":21,"node00":4,"node01":4,"node02":4,"node03":4}}
{"TracerIdentity":"coord","TraceID":4884490907278607448,"Tag":"GenerateTokenTrace","Body":{"Token":"pWNvb3Jkz0PJMpnc94RYhqVjb29yZBambm9kZTAwBKZub2RlMDEEpm5vZGUwMgSnY2xpZW50MQSmbm9kZTAzBA=="},"VectorClock":{"client1":4,"coord":22,"node00":4,"node01":4,"node02":4,"node03":4}}
{"TracerIdentity":"node03","TraceID":4884490907278607448,"Tag":"ReceiveTokenTrace","Body":{"Token":"pWNvb3Jkz0PJMpnc94RYhqVjb29yZBambm9kZTAwBKZub2RlMDEEpm5vZGUwMgSnY2xpZW50MQSmbm9kZTAzBA=="},"VectorClock":{"client1":4,"coord":22,"node00":4,"node01":4,"node02":4,"node03":5}}
{"TracerIdentity":"node03","TraceID":4884490907278607448,"Tag":"NodeJoined","Body":{"NodeId":"f93ad64d-d3e5-4188-97a2-b44f345db016","Role":"Guard"},"VectorClock":{"client1":4,"coord":22,"node00":4,"node01":4,"node02":4,"node03":6}}
{"TracerIdentity":"node04","TraceID":1787251814993116121,"Tag":"CreateTrace","Body":{},"VectorClock":{"node04":1}}
{"TracerIdentity":"node04","TraceID":1787251814993116121,"Tag":"NodeStart","Body":{"NodeId":"05920a1d-8b0b-4374-a5e8-4426f2c1b72b"},"VectorClock":{"node04":2}}
{"TracerIdentity":"node04","TraceID":1787251814993116121,"Tag":"NodeJoining","Body":{"NodeId":"05920a1d-8b0b-4374-a5e8-4426f2c1b72b"},"VectorClock":{"node04":3}}
{"TracerIdentity":"node04","TraceID":1787251814993116121,"Tag":"GenerateTokenTrace","Body":{"Token":"pm5vZGUwNM8YzZgOdNY72YGmbm9kZTA0BA=="},"VectorClock":{"node04":4}}
{"TracerIdentity":"coord","TraceID":1787251814993116121,"Tag":"ReceiveTokenTrace","Body":{"Token":"pm5vZGUwNM8YzZgOdNY72YGmbm9kZTA0BA=="},"VectorClock":{"client1":4,"coord":23,"node00":4,"node01":4,"node02":4,"node03":4,"node04":4}}
{"TracerIdentity":"coord","TraceID":1787251814993116121,"Tag":"NodeJoiningRecvd","Body":{"NodeId":"05920a1d-8b0b-4374-a5e8-4426f2c1b72b"},"VectorClock":{"client1":4,"coord":24,"node00":4,"node01":4,"node02":4,"node03":4,"node04":4}}
{"TracerIdentity":"coord","TraceID":1787251814993116121,"Tag":"NodeJoinedRecvd","Body":{"NodeId":"05920a1d-8b0b-4374-a5e8-4426f2c1b72b","Role":"Exit"},"VectorClock":{"client1":4,"coord":25,"node00":4,"node01":4,"node02":4,"node03":4,"node04":4}}
{"TracerIdentity":"coord","TraceID":1787251814993116121,"Tag":"GenerateTokenTrace","Body":{"Token":"pWNvb3JkzxjNmA501jvZh6Zub2RlMDAEpm5vZGUwMQSmbm9kZTAyBKdjbGllbnQxBKZub2RlMDMEpm5vZGUwNASlY29vcmQa"},"VectorClock":{"client1":4,"coord":26,"node00":4,"node01":4,"node02":4,"node03":4,"node04":4}}
{"TracerIdentity":"node04","TraceID":1787251814993116121,"Tag":"ReceiveTokenTrace","Body":{"Token":"pWNvb3JkzxjNmA501jvZh6Zub2RlMDAEpm5vZGUwMQSmbm9kZTAyBKdjbGllbnQxBKZub2RlMDMEpm5vZGUwNASlY29vcmQa"},"VectorClock":{"client1":4,"coord":26,"node00":4,"node01":4,"node02":4,"node03":4,"node04":5}}
{"TracerIdentity":"node04","TraceID":1787251814993116121,"Tag":"NodeJoined","Body":{"NodeId":"05920a1d-8b0b-4374-a5e8-4426f2c1b72b","Role":"Exit"},"VectorClock":{"client1":4,"coord":26,"node00":4,"node01":4,"node02":4,"node03":4,"node04":6}}
{"TracerIdentity":"node05","TraceID":2291230653929572377,"Tag":"CreateTrace","Body":{},"VectorClock":{"node05":1}}
{"TracerIdentity":"node05","TraceID":2291230653929572377,"Tag":"NodeStart","Body":{"NodeId":"f1489952-32c4-4ce3-bccf-12b94a382d55"},"VectorClock":{"node05":2}}
{"TracerIdentity":"node05","TraceID":2291230653929572377,"Tag":"NodeJoining","Body":{"NodeId":"f1489952-32c4-4ce3-bccf-12b94a382d55"},"VectorClock":{"node05":3}}
{"TracerIdentity":"node05","TraceID":2291230653929572377,"Tag":"GenerateTokenTrace","Body":{"Token":"pm5vZGUwNc8fzBYj6fVIGYGmbm9kZTA1BA=="},"VectorClock":{"node05":4}}
{"TracerIdentity":"coord","TraceID":2291230653929572377,"Tag":"ReceiveTokenTrace","Body":{"Token":"pm5vZGUwNc8fzBYj6fVIGYGmbm9kZTA1BA=="},"VectorClock":{"client1":4,"coord":27,"node00":4,"node01":4,"node02":4,"node03":4,"node04":4,"node05":4}}
{"TracerIdentity":"coord","TraceID":2291230653929572377,"Tag":"NodeJoiningRecvd","Body":{"NodeId":"f1489952-32c4-4ce3-bccf-12b94a382d55"},"VectorClock":{"client1":4,"coord":28,"node00":4,"node01":4,"node02":4,"node03":4,"node04":4,"node05":4}}
{"TracerIdentity":"coord","TraceID":2291230653929572377,"Tag":"NodeJoinedRecvd","Body":{"NodeId":"f1489952-32c4-4ce3-bccf-12b94a382d55","Role":"Relay"},"VectorClock":{"client1":4,"coord":29,"node00":4,"node01":4,"node02":4,"node03":4,"node04":4,"node05":4}}
{"TracerIdentity":"coord","TraceID":2291230653929572377,"Tag":"GenerateTokenTrace","Body":{"Token":"pWNvb3Jkzx/MFiPp9UgZiKZub2RlMDMEpm5vZGUwNASmbm9kZTA1BKVjb29yZB6mbm9kZTAwBKZub2RlMDEEpm5vZGUwMgSnY2xpZW50MQQ="},"VectorClock":{"client1":4,"coord":30,"node00":4,"node01":4,"node02":4,"node03":4,"node04":4,"node05":4}}
{"TracerIdentity":"node05","TraceID":2291230653929572377,"Tag":"ReceiveTokenTrace","Body":{"Token":"pWNvb3Jkzx/MFiPp9UgZiKZub2RlMDMEpm5vZGUwNASmbm9kZTA1BKVjb29yZB6mbm9kZTAwBKZub2RlMDEEpm5vZGUwMgSnY2xpZW50MQQ="},"VectorClock":{"client1":4,"coord":30,"node00":4,"node01":4,"node02":4,"node03":4,"node04":4,"node05":5}}
{"TracerIdentity":"node05","TraceID":2291230653929572377,"Tag":"NodeJoined","Body":{"NodeId":"f1489952-32c4-4ce3-bccf-12b94a382d55","Role":"Relay"},"VectorClock":{"client1":4,"coord":30,"node00":4,"node01":4,"node02":4,"node03":4,"node04":4,"node05":6}}
{"TracerIdentity":"client1","TraceID":1844243111592786145,"Tag":"RpcCall","Body":{"ClientId":"client1","ServiceMethod":"Server.Multiply"},"VectorClock":{"client1":23,"coord":18,"node00":16,"node01":16,"node02":16,"server1":6}}
{"TracerIdentity":"client1","TraceID":1844243111592786145,"Tag":"GenerateTokenTrace","Body":{"Token":"p2NsaWVudDHPGZgRVrny+OGGpm5vZGUwMRCnc2VydmVyMQanY2xpZW50MRimbm9kZTAyEKVjb29yZBKmbm9kZTAwEA=="},"VectorClock":{"client1":24,"coord":18,"node00":16,"node01":16,"node02":16,"server1":6}}
{"TracerIdentity":"client1","TraceID":1844243111592786145,"Tag":"RPCError","Body":{"Error":{}},"VectorClock":{"client1":25,"coord":18,"node00":16,"node01":16,"node02":16,"server1":6}}
{"TracerIdentity":"coord","TraceID":9043563487351924844,"Tag":"NodeFail","Body":{"NodeId":"37d07478-445c-45e1-9600-52633c975c52","Type":"Guard"},"VectorClock":{"client1":4,"coord":31,"node00":4,"node01":4,"node02":4,"node03":4,"node04":4,"node05":4}}
{"TracerIdentity":"coord","TraceID":9043563487351924844,"Tag":"NodeFailHandled","Body":{},"VectorClock":{"client1":4,"coord":32,"node00":4,"node01":4,"node02":4,"node03":4,"node04":4,"node05":4}}
{"TracerIdentity":"client1","TraceID":1844243111592786145,"Tag":"GenerateTokenTrace","Body":{"Token":"p2NsaWVudDHPGZgRVrny+OGGpm5vZGUwMBCmbm9kZTAxEKdzZXJ2ZXIxBqdjbGllbnQxGqZub2RlMDIQpWNvb3JkEg=="},"VectorClock":{"client1":26,"coord":18,"node00":16,"node01":16,"node02":16,"server1":6}}
{"TracerIdentity":"client1","TraceID":1844243111592786145,"Tag":"RPCError","Body":{"Error":{}},"VectorClock":{"client1":27,"coord":18,"node00":16,"node01":16,"node02":16,"server1":6}}
{"TracerIdentity":"client1","TraceID":1844243111592786145,"Tag":"GenerateTokenTrace","Body":{"Token":"p2NsaWVudDHPGZgRVrny+OGGpm5vZGUwMhClY29vcmQSpm5vZGUwMBCmbm9kZTAxEKdzZXJ2ZXIxBqdjbGllbnQxHA=="},"VectorClock":{"client1":28,"coord":18,"node00":16,"node01":16,"node02":16,"server1":6}}
{"TracerIdentity":"client1","TraceID":1844243111592786145,"Tag":"RPCError","Body":{"Error":{}},"VectorClock":{"client1":29,"coord":18,"node00":16,"node01":16,"node02":16,"server1":6}}
{"TracerIdentity":"client1","TraceID":1844243111592786145,"Tag":"RPCTimeOut","Body":{},"VectorClock":{"client1":30,"coord":18,"node00":16,"node01":16,"node02":16,"server1":6}}
{"TracerIdentity":"client1","TraceID":1844243111592786145,"Tag":"OnionReq","Body":{"ClientId":"client1","OldExitAddr":"127.0.0.1:50101","OldRelayAddr":"127.0.0.1:50102","OldGuardAddr":"127.0.0.1:50100"},"VectorClock":{"client1":31,"coord":18,"node00":16,"node01":16,"node02":16,"server1":6}}
{"TracerIdentity":"client1","TraceID":1844243111592786145,"Tag":"GenerateTokenTrace","Body":{"Token":"p2NsaWVudDHPGZgRVrny+OGGp2NsaWVudDEgpm5vZGUwMhClY29vcmQSpm5vZGUwMBCmbm9kZTAxEKdzZXJ2ZXIxBg=="},"VectorClock":{"client1":32,"coord":18,"node00":16,"node01":16,"node02":16,"server1":6}}
{"TracerIdentity":"coord","TraceID":1844243111592786145,"Tag":"ReceiveTokenTrace","Body":{"Token":"p2NsaWVudDHPGZgRVrny+OGGp2NsaWVudDEgpm5vZGUwMhClY29vcmQSpm5vZGUwMBCmbm9kZTAxEKdzZXJ2ZXIxBg=="},"VectorClock":{"client1":32,"coord":33,"node00":16,"node01":16,"node02":16,"node03":4,"node04":4,"node05":4,"server1":6}}
{"TracerIdentity":"coord","TraceID":1844243111592786145,"Tag":"OnionReqRecvd","Body":{"ClientId":"client1","OldExitAddr":"127.0.0.1:50101","OldRelayAddr":"127.0.0.1:50102","OldGuardAddr":"127.0.0.1:50100"},"VectorClock":{"client1":32,"coord":34,"node00":16,"node01":16,"node02":16,"node03":4,"node04":4,"node05":4,"server1":6}}
{"TracerIdentity":"coord","TraceID":1844243111592786145,"Tag":"OnionRes","Body":{"ClientId":"client1","ExitAddr":"127.0.0.1:50104","RelayAddr":"127.0.0.1:50105","GuardAddr":"127.0.0.1:50103"},"VectorClock":{"client1":32,"coord":35,"node00":16,"node01":16,"node02":16,"node03":4,"node04":4,"node05":4,"server1":6}}
{"TracerIdentity":"coord","TraceID":1844243111592786145,"Tag":"GenerateTokenTrace","Body":{"Token":"pWNvb3JkzxmYEVa58vjhiaZub2RlMDAQpm5vZGUwMwSmbm9kZTA1BKdzZXJ2ZXIxBqVjb29yZCSmbm9kZTAyEKdjbGllbnQxIKZub2RlMDQEpm5vZGUwMRA="},"VectorClock":{"client1":32,"coord":36,"node00":16,"node01":16,"node02":16,"node03":4,"node04":4,"node05":4,"server1":6}}
{"TracerIdentity":"client1","TraceID":1844243111592786145,"Tag":"ReceiveTokenTrace","Body":{"Token":"pWNvb3JkzxmYEVa58vjhiaZub2RlMDAQpm5vZGUwMwSmbm9kZTA1BKdzZXJ2ZXIxBqVjb29yZCSmbm9kZTAyEKdjbGllbnQxIKZub2RlMDQEpm5vZGUwMRA="},"VectorClock":{"client1":33,"coord":36,"node00":16,"node01":16,"node02":16,"node03":4,"node04":4,"node05":4,"server1":6}}
{"TracerIdentity":"client1","TraceID":1844243111592786145,"Tag":"OnionResRecvd","Body":{"ClientId":"client1","ExitAddr":"127.0.0.1:50104","RelayAddr":"127.0.0.1:50105","GuardAddr":"127.0.0.1:50103"},"VectorClock":{"client1":34,"coord":36,"node00":16,"node01":16,"node02":16,"node03":4,"node04":4,"node05":4,"server1":6}}
{"TracerIdentity":"client1","TraceID":1844243111592786145,"Tag":"SharedSecretReq","Body":{"ClientId":"client1","NodeType":"Guard","PublicKey":{"Curve":{"P":115792089210356248762697446949407573530086143415290314195533631308867097853951,"N":115792089210356248762697446949407573529996955224135760342422259061068512044369,"B":41058363725152142129326129780047268409114441015993725554835256314039467401291,"Gx":48439561293906451759052585252797914202762949526041747995844080717082404635286,"Gy":36134250956749795798585127919587881956611106672985015071877198253568414405109,"BitSize":256,"Name":"P-256"},"X":74049422575176547146144683861637321190438579477961078622701605398766621070856,"Y":26666756487340773889401777506490522806284874418520327731724011699200576671370}},"VectorClock":{"client1":35,"coord":36,"node00":16,"node01":16,"node02":16,"node03":4,"node04":4,"node05":4,"server1":6}}
{"TracerIdentity":"client1","TraceID":1844243111592786145,"Tag":"GenerateTokenTrace","Body":{"Token":"p2NsaWVudDHPGZgRVrny+OGJp3NlcnZlcjEGpm5vZGUwNASmbm9kZTA1BKdjbGllbnQxJKZub2RlMDIQpWNvb3JkJKZub2RlMDAQpm5vZGUwMRCmbm9kZTAzBA=="},"VectorClock":{"client1":36,"coord":36,"node00":16,"node01":16,"node02":16,"node03":4,"node04":4,"node05":4,"server1":6}}
{"TracerIdentity":"node03","TraceID":1844243111592786145,"Tag":"ReceiveTokenTrace","Body":{"Token":"p2NsaWVudDHPGZgRVrny+OGJp3NlcnZlcjEGpm5vZGUwNASmbm9kZTA1BKdjbGllbnQxJKZub2RlMDIQpWNvb3JkJKZub2RlMDAQpm5vZGUwMRCmbm9kZTAzBA=="},"VectorClock":{"client1":36,"coord":36,"node00":16,"node01":16,"node02":16,"node03":7,"node04":4,"node05":4,"server1":6}}
{"TracerIdentity":"node03","TraceID":1844243111592786145,"Tag":"PublicKeyRecvd","Body":{"PublicKey":{"Curve":{"P":115792089210356248762697446949407573530086143415290314195533631308867097853951,"N":115792089210356248762697446949407573529996955224135760342422259061068512044369,"B":41058363725152142129326129780047268409114441015993725554835256314039467401291,"Gx":48439561293906451759052585252797914202762949526041747995844080717082404635286,"Gy":36134250956749795798585127919587881956611106672985015071877198253568414405109,"BitSize":256,"Name":"P-256"},"X":74049422575176547146144683861637321190438579477961078622701605398766621070856,"Y":26666756487340773889401777506490522806284874418520327731724011699200576671370}},"VectorClock":{"client1":36,"coord":36,"node00":16,"node01":16,"node02":16,"node03":8,"node04":4,"node05":4,"server1":6}}
{"TracerIdentity":"node03","TraceID":1844243111592786145,"Tag":"PublicKeySent","Body":{"PublicKey":{"Curve":{"P":115792089210356248762697446949407573530086143415290314195533631308867097853951,"N":115792089210356248762697446949407573529996955224135760342422259061068512044369,"B":41058363725152142129326129780047268409114441015993725554835256314039467401291,"Gx":48439561293906451759052585252797914202762949526041747995844080717082404635286,"Gy":36134250956749795798585127919587881956611106672985015071877198253568414405109,"BitSize":256,"Name":"P-256"},"X":34380256029178060911631509638801375654306484927394632393813607766045666728632,"Y":24667170010909269662385889542353616576703606549393603982688404400483370087082}},"VectorClock":{"client1":36,"coord":36,"node00":16,"node01":16,"node02":16,"node03":9,"node04":4,"node05":4,"server1":6}}
{"TracerIdentity":"node03","TraceID":1844243111592786145,"Tag":"GenerateTokenTrace","Body":{"Token":"pm5vZGUwM88ZmBFWufL44Ymmbm9kZTAzCqZub2RlMDEQp2NsaWVudDEkpm5vZGUwNASmbm9kZTA1BKdzZXJ2ZXIxBqVjb29yZCSmbm9kZTAwEKZub2RlMDIQ"},"VectorClock":{"client1":36,"coord":36,"node00":16,"node01":16,"node02":16,"node03":10,"node04":4,"node05":4,"server1":6}}
{"TracerIdentity":"client1","TraceID":1844243111592786145,"Tag":"ReceiveTokenTrace","Body":{"Token":"pm5vZGUwM88ZmBFWufL44Ymmbm9kZTAzCqZub2RlMDEQp2NsaWVudDEkpm5vZGUwNASmbm9kZTA1BKdzZXJ2ZXIxBqVjb29yZCSmbm9kZTAwEKZub2RlMDIQ"},"VectorClock":{"client1":37,"coord":36,"node00":16,"node01":16,"node02":16,"node03":10,"node04":4,"node05":4,"server1":6}}
{"TracerIdentity":"client1","TraceID":1844243111592786145,"Tag":"PublicKeyRecvd","Body":{"PublicKey":{"Curve":{"P":115792089210356248762697446949407573530086143415290314195533631308867097853951,"N":115792089210356248762697446949407573529996955224135760342422259061068512044369,"B":41058363725152142129326129780047268409114441015993725554835256314039467401291,"Gx":48439561293906451759052585252797914202762949526041747995844080717082404635286,"Gy":36134250956749795798585127919587881956611106672985015071877198253568414405109,"BitSize":256,"Name":"P-256"},"X":34380256029178060911631509638801375654306484927394632393813607766045666728632,"Y":24667170010909269662385889542353616576703606549393603982688404400483370087082}},"VectorClock":{"client1":38,"coord":36,"node00":16,"node01":16,"node02":16,"node03":10,"node04":4,"node05":4,"server1":6}}
{"TracerIdentity":"client1","TraceID":1844243111592786145,"Tag":"SharedSecretReq","Body":{"ClientId":"client1","NodeType":"Relay","PublicKey":{"Curve":{"P":115792089210356248762697446949407573530086143415290314195533631308867097853951,"N":115792089210356248762697446949407573529996955224135760342422259061068512044369,"B":41058363725152142129326129780047268409114441015993725554835256314039467401291,"Gx":48439561293906451759052585252797914202762949526041747995844080717082404635286,"Gy":36134250956749795798585127919587881956611106672985015071877198253568414405109,"BitSize":256,"Name":"P-256"},"X":59490575234747340589347422976509801982382594035823829683838937867195838466244,"Y":40626731865739179958024345333714618476635485684177630466936238918828042836531}},"VectorClock":{"client1":39,"coord":36,"node00":16,"node01":16,"node02":16,"node03":10,"node04":4,"node05":4,"server1":6}}
{"TracerIdentity":"client1","TraceID":1844243111592786145,"Tag":"GenerateTokenTrace","Body":{"Token":"p2NsaWVudDHPGZgRVrny+OGJpm5vZGUwMwqmbm9kZTAxEKZub2RlMDIQpWNvb3JkJKZub2RlMDAQp3NlcnZlcjEGpm5vZGUwNASmbm9kZTA1BKdjbGllbnQxKA=="},"VectorClock":{"client1":40,"coord":36,"node00":16,"node01":16,"node02":16,"node03":10,"node04":4,"node05":4,"server1":6}}
{"TracerIdentity":"node05","TraceID":1844243111592786145,"Tag":"ReceiveTokenTrace","Body":{"Token":"p2NsaWVudDHPGZgRVrny+OGJpm5vZGUwMwqmbm9kZTAxEKZub2RlMDIQpWNvb3JkJKZub2RlMDAQp3NlcnZlcjEGpm5vZGUwNASmbm9kZTA1BKdjbGllbnQxKA=="},"VectorClock":{"client1":40,"coord":36,"node00":16,"node01":16,"node02":16,"node03":10,"node04":4,"node05":7,"server1":6}}
{"TracerIdentity":"node05","TraceID":1844243111592786145,"Tag":"PublicKeyRecvd","Body":{"PublicKey":{"Curve":{"P":115792089210356248762697446949407573530086143415290314195533631308867097853951,"N":115792089210356248762697446949407573529996955224135760342422259061068512044369,"B":41058363725152142129326129780047268409114441015993725554835256314039467401291,"Gx":48439561293906451759052585252797914202762949526041747995844080717082404635286,"Gy":36134250956749795798585127919587881956611106672985015071877198253568414405109,"BitSize":256,"Name":"P-256"},"X":59490575234747340589347422976509801982382594035823829683838937867195838466244,"Y":40626731865739179958024345333714618476635485684177630466936238918828042836531}},"VectorClock":{"client1":40,"coord":36,"node00":16,"node01":16,"node02":16,"node03":10,"node04":4,"node05":8,"server1":6}}
{"TracerIdentity":"node05","TraceID":1844243111592786145,"Tag":"PublicKeySent","Body":{"PublicKey":{"Curve":{"P":115792089210356248762697446949407573530086143415290314195533631308867097853951,"N":115792089210356248762697446949407573529996955224135760342422259061068512044369,"B":41058363725152142129326129780047268409114441015993725554835256314039467401291,"Gx":48439561293906451759052585252797914202762949526041747995844080717082404635286,"Gy":36134250956749795798585127919587881956611106672985015071877198253568414405109,"BitSize":256,"Name":"P-256"},"X":74599717125985937083700018500523926795167317653218558568536006774805978732187,"Y":78724374963897422365823466785072622351013558160934432279862884339022004057577}},"VectorClock":{"client1":40,"coord":36,"node00":16,"node01":16,"node02":16,"node03":10,"node04":4,"node05":9,"server1":6}}
{"TracerIdentity":"node05","TraceID":1844243111592786145,"Tag":"GenerateTokenTrace","Body":{"Token":"pm5vZGUwNc8ZmBFWufL44Ymmbm9kZTA1CqdjbGllbnQxKKZub2RlMDQEpm5vZGUwMRCnc2VydmVyMQambm9kZTAzCqVjb29yZCSmbm9kZTAwEKZub2RlMDIQ"},"VectorClock":{"client1":40,"coord":36,"node00":16,"node01":16,"node02":16,"node03":10,"node04":4,"node05":10,"server1":6}}
{"TracerIdentity":"client1","TraceID":1844243111592786145,"Tag":"ReceiveTokenTrace","Body":{"Token":"pm5vZGUwNc8ZmBFWufL44Ymmbm9kZTA1CqdjbGllbnQxKKZub2RlMDQEpm5vZGUwMRCnc2VydmVyMQambm9kZTAzCqVjb29yZCSmbm9kZTAwEKZub2RlMDIQ"},"VectorClock":{"client1":41,"coord":36,"node00":16,"node01":16,"node02":16,"node03":10,"node04":4,"node05":10,"server1":6}}
{"TracerIdentity":"client1","TraceID":1844243111592786145,"Tag":"PublicKeyRecvd","Body":{"PublicKey":{"Curve":{"P":115792089210356248762697446949407573530086143415290314195533631308867097853951,"N":115792089210356248762697446949407573529996955224135760342422259061068512044369,"B":41058363725152142129326129780047268409114441015993725554835256314039467401291,"Gx":48439561293906451759052585252797914202762949526041747995844080717082404635286,"Gy":36134250956749795798585127919587881956611106672985015071877198253568414405109,"BitSize":256,"Name":"P-256"},"X":74599717125985937083700018500523926795167317653218558568536006774805978732187,"Y":78724374963897422365823466785072622351013558160934432279862884339022004057577}},"VectorClock":{"client1":42,"coord":36,"node00":16,"node01":16,"node02":16,"node03":10,"node04":4,"node05":10,"server1":6}}
{"TracerIdentity":"client1","TraceID":1844243111592786145,"Tag":"SharedSecretReq","Body":{"ClientId":"client1","NodeType":"Exit","PublicKey":{"Curve":{"P":115792089210356248762697446949407573530086143415290314195533631308867097853951,"N":115792089210356248762697446949407573529996955224135760342422259061068512044369,"B":41058363725152142129326129780047268409114441015993725554835256314039467401291,"Gx":48439561293906451759052585252797914202762949526041747995844080717082404635286,"Gy":36134250956749795798585127919587881956611106672985015071877198253568414405109,"BitSize":256,"Name":"P-256"},"X":35763742967446741483287293413648533561826112157988344681306059289491252876544,"Y":34502742121941141296528657791021772246221335819389141784472039191175909276503}},"VectorClock":{"client1":43,"coord":36,"node00":16,"node01":16,"node02":16,"node03":10,"node04":4,"node05":10,"server1":6}}
{"TracerIdentity":"client1","TraceID":1844243111592786145,"Tag":"GenerateTokenTrace","Body":{"Token":"p2NsaWVudDHPGZgRVrny+OGJpm5vZGUwMhClY29vcmQkpm5vZGUwMBCnc2VydmVyMQambm9kZTA0BKZub2RlMDUKp2NsaWVudDEspm5vZGUwMwqmbm9kZTAxEA=="},"VectorClock":{"client1":44,"coord":36,"node00":16,"node01":16,"node02":16,"node03":10,"node04":4,"node05":10,"server1":6}}
{"TracerIdentity":"node04","TraceID":1844243111592786145,"Tag":"ReceiveTokenTrace","Body":{"Token":"p2NsaWVudDHPGZgRVrny+OGJpm5vZGUwMhClY29vcmQkpm5vZGUwMBCnc2VydmVyMQambm9kZTA0BKZub2RlMDUKp2NsaWVudDEspm5vZGUwMwqmbm9kZTAxEA=="},"VectorClock":{"client1":44,"coord":36,"node00":16,"node01":16,"node02":16,"node03":10,"node04":7,"node05":10,"server1":6}}
{"TracerIdentity":"node04","TraceID":1844243111592786145,"Tag":"PublicKeyRecvd","Body":{"PublicKey":{"Curve":{"P":115792089210356248762697446949407573530086143415290314195533631308867097853951,"N":115792089210356248762697446949407573529996955224135760342422259061068512044369,"B":41058363725152142129326129780047268409114441015993725554835256314039467401291,"Gx":48439561293906451759052585252797914202762949526041747995844080717082404635286,"Gy":36134250956749795798585127919587881956611106672985015071877198253568414405109,"BitSize":256,"Name":"P-256"},"X":35763742967446741483287293413648533561826112157988344681306059289491252876544,"Y":34502742121941141296528657791021772246221335819389141784472039191175909276503}},"VectorClock":{"client1":44,"coord":36,"node00":16,"node01":16,"node02":16,"node03":10,"node04":8,"node05":10,"server1":6}}
{"TracerIdentity":"node04","TraceID":1844243111592786145,"Tag":"PublicKeySent","Body":{"PublicKey":{"Curve":{"P":115792089210356248762697446949407573530086143415290314195533631308867097853951,"N":115792089210356248762697446949407573529996955224135760342422259061068512044369,"B":41058363725152142129326129780047268409114441015993725554835256314039467401291,"Gx":48439561293906451759052585252797914202762949526041747995844080717082404635286,"Gy":36134250956749795798585127919587881956611106672985015071877198253568414405109,"BitSize":256,"Name":"P-256"},"X":63111221319032587216324802704180750306232958566387776078955677050181652047111,"Y":59861500683244469319547879358376895760769728912924293136163242378859701179175}},"VectorClock":{"client1":44,"coord":36,"node00":16,"node01":16,"node02":16,"node03":10,"node04":9,"node05":10,"server1":6}}
{"TracerIdentity":"node04","TraceID":1844243111592786145,"Tag":"GenerateTokenTrace","Body":{"Token":"pm5vZGUwNM8ZmBFWufL44Ymmbm9kZTAwEKZub2RlMDEQpm5vZGUwMhCnY2xpZW50MSymbm9kZTAzCqZub2RlMDUKpWNvb3JkJKdzZXJ2ZXIxBqZub2RlMDQK"},"VectorClock":{"client1":44,"coord":36,"node00":16,"node01":16,"node02":16,"node03":10,"node04":10,"node05":10,"server1":6}}
{"TracerIdentity":"client1","TraceID":1844243111592786145,"Tag":"ReceiveTokenTrace","Body":{"Token":"pm5vZGUwNM8ZmBFWufL44Ymmbm9kZTAwEKZub2RlMDEQpm5vZGUwMhCnY2xpZW50MSymbm9kZTAzCqZub2RlMDUKpWNvb3JkJKdzZXJ2ZXIxBqZub2RlMDQK"},"VectorClock":{"client1":45,"coord":36,"node00":16,"node01":16,"node02":16,"node03":10,"node04":10,"node05":10,"server1":6}}
{"TracerIdentity":"client1","TraceID":1844243111592786145,"Tag":"PublicKeyRecvd","Body":{"PublicKey":{"Curve":{"P":115792089210356248762697446949407573530086143415290314195533631308867097853951,"N":115792089210356248762697446949407573529996955224135760342422259061068512044369,"B":41058363725152142129326129780047268409114441015993725554835256314039467401291,"Gx":48439561293906451759052585252797914202762949526041747995844080717082404635286,"Gy":36134250956749795798585127919587881956611106672985015071877198253568414405109,"BitSize":256,"Name":"P-256"},"X":63111221319032587216324802704180750306232958566387776078955677050181652047111,"Y":59861500683244469319547879358376895760769728912924293136163242378859701179175}},"VectorClock":{"client1":46,"coord":36,"node00":16,"node01":16,"node02":16,"node03":10,"node04":10,"node05":10,"server1":6}}
{"TracerIdentity":"client1","TraceID":1844243111592786145,"Tag":"GenerateTokenTrace","Body":{"Token":"p2NsaWVudDHPGZgRVrny+OGJpm5vZGUwMRCmbm9kZTAzCqVjb29yZCSmbm9kZTAwEKdzZXJ2ZXIxBqZub2RlMDQKpm5vZGUwNQqnY2xpZW50MS+mbm9kZTAyEA=="},"VectorClock":{"client1":47,"coord":36,"node00":16,"node01":16,"node02":16,"node03":10,"node04":10,"node05":10,"server1":6}}
{"TracerIdentity":"node03","TraceID":1844243111592786145,"Tag":"ReceiveTokenTrace","Body":{"Token":"p2NsaWVudDHPGZgRVrny+OGJpm5vZGUwMRCmbm9kZTAzCqVjb29yZCSmbm9kZTAwEKdzZXJ2ZXIxBqZub2RlMDQKpm5vZGUwNQqnY2xpZW50MS+mbm9kZTAyEA=="},"VectorClock":{"client1":47,"coord":36,"node00":16,"node01":16,"node02":16,"node03":11,"node04":10,"node05":10,"server1":6}}
{"TracerIdentity":"node03","TraceID":1844243111592786145,"Tag":"ReqGuardLayer","Body":{"RelayListenAddr":"127.0.0.1:50105","RelaySessionId":"3059301306072a8648ce3d020106082a8648ce3d03010703420004a4edf190085122caaf38fb39ed84feb3ba7bb5e2e03715e0c8409f7c9a28d69bae0c6ace4048da8ca384c32e9013493eba5894e02fff6184ec3ed7f516a975e9","Encrypted":"4IRtGHyUv/3U+dJRvZDI9/Ja54HpiDRs90qPyrLOn2tvv+cuuvBpyl3xe1eOh+ijCBKOwATRde0BnRTxlHFU2+wAfM0l2LuPJXdIqT1zc+ZKiGb5SjZshm0EH3eypGn2klGetiPgrVl1NhrjTcw5eKM2jvU+flqk6DctRtbJxOhbleskzcW3C991bkd8KzvixD/KN1MJpy6Toh3Do2Em3SWp1tfR9Kw6WYso3WVvTyxoPB/EgLCr5Mr2Gw6ypTegAJgiuSZqC0tF2vBsR377NtX+A9FJPgB92rUxPyupZLJvYQjZ7bPRYD/OwkbtxFpmWx02bS1iQpr4B0o4rHFTHSQ7GuZ/ueugP6hLuJaAXfeh7qF8E5ZsYL0yvJ9adr+mB1UaPrSShXkMrx8i/pqfnWbSoWHBl792eSPYMYY/ZFQ2T4HpWQegoqpNOe/NRXX2u/5QRznXIKi/SxLurLRKANummZkfuB1MOOz1Old4V10YuAAtFAqj2zXRCHxa1jdm3LNrYcxlVIdMFM4suNypN1XbbRJAhn9cmvA4gQ+vkiDq0R3hzBo/87R9BLzL5Jx6DCa437Vpu1r8u1X0iw2Edg=="},"VectorClock":{"client1":47,"coord":36,"node00":16,"node01":16,"node02":16,"node03":12,"node04":10,"node05":10,"server1":6}}
{"TracerIdentity":"node03","TraceID":1844243111592786145,"Tag":"GenerateTokenTrace","Body":{"Token":"pm5vZGUwM88ZmBFWufL44Ymmbm9kZTAzDaZub2RlMDEQpm5vZGUwNAqmbm9kZTA1CqdzZXJ2ZXIxBqVjb29yZCSmbm9kZTAwEKZub2RlMDIQp2NsaWVudDEv"},"VectorClock":{"client1":47,"coord":36,"node00":16,"node01":16,"node02":16,"node03":13,"node04":10,"node05":10,"server1":6}}
{"TracerIdentity":"node05","TraceID":1844243111592786145,"Tag":"ReceiveTokenTrace","Body":{"Token":"pm5vZGUwM88ZmBFWufL44Ymmbm9kZTAzDaZub2RlMDEQpm5vZGUwNAqmbm9kZTA1CqdzZXJ2ZXIxBqVjb29yZCSmbm9kZTAwEKZub2RlMDIQp2NsaWVudDEv"},"VectorClock":{"client1":47,"coord":36,"node00":16,"node01":16,"node02":16,"node03":13,"node04":10,"node05":11,"server1":6}}
{"TracerIdentity":"node05","TraceID":1844243111592786145,"Tag":"ReqRelayLayer","Body":{"ExitListenAddr":"127.0.0.1:50104","ExitSessionId":"3059301306072a8648ce3d020106082a8648ce3d030107034200048b87af76f0839698f36b261ee6281a91537a21cd2f65515c6c35a3411b47e507845868a13c98268a0837c627563753022e14ea17b175848fa91e559e68399327","Encrypted":"/MIhsbMp4qGRgVsLbpBlMS6pTb83CbaWWcKugDdmytTI/LzxBwZnXHtKVhRpUq/EU1a4Sbaqr7Ymze8rUdKwXe9dwlnXuhPfEkdpPLWK9JJ2Sk8r1ASraZSPkbPTGCFxW2R7rsV3SrAFDMASRZez+EC715DM2nGPVSDHmg=="},"VectorClock":{"client1":47,"coord":36,"node00":16,"node01":16,"node02":16,"node03":13,"node04":10,"node05":12,"server1":6}}
{"TracerIdentity":"node05","TraceID":1844243111592786145,"Tag":"GenerateTokenTrace","Body":{"Token":"pm5vZGUwNc8ZmBFWufL44Ymmbm9kZTAzDaVjb29yZCSmbm9kZTAwEKZub2RlMDIQpm5vZGUwNQ2nY2xpZW50MS+mbm9kZTA0CqZub2RlMDEQp3NlcnZlcjEG"},"VectorClock":{"client1":47,"coord":36,"node00":16,"node01":16,"node02":16,"node03":13,"node04":10,"node05":13,"server1":6}}
{"TracerIdentity":"node04","TraceID":1844243111592786145,"Tag":"ReceiveTokenTrace","Body":{"Token":"pm5vZGUwNc8ZmBFWufL44Ymmbm9kZTAzDaVjb29yZCSmbm9kZTAwEKZub2RlMDIQpm5vZGUwNQ2nY2xpZW50MS+mbm9kZTA0CqZub2RlMDEQp3NlcnZlcjEG"},"VectorClock":{"client1":47,"coord":36,"node00":16,"node01":16,"node02":16,"node03":13,"node04":11,"node05":13,"server1":6}}
{"TracerIdentity":"node04","TraceID":1844243111592786145,"Tag":"ReqExitLayer","Body":{"Args":{"A":2,"B":4},"ServiceMethod":"Server.Multiply","ServerAddr":":4322","Res":{"Result":2}},"VectorClock":{"client1":47,"coord":36,"node00":16,"node01":16,"node02":16,"node03":13,"node04":12,"node05":13,"server1":6}}
{"TracerIdentity":"node04","TraceID":1844243111592786145,"Tag":"GenerateTokenTrace","Body":{"Token":"pm5vZGUwNM8ZmBFWufL44Ymmbm9kZTA0DadzZXJ2ZXIxBqZub2RlMDMNpm5vZGUwNQ2lY29vcmQkpm5vZGUwMBCmbm9kZTAxEKZub2RlMDIQp2NsaWVudDEv"},"VectorClock":{"client1":47,"coord":36,"node00":16,"node01":16,"node02":16,"node03":13,"node04":13,"node05":13,"server1":6}}
{"TracerIdentity":"server1","TraceID":1844243111592786145,"Tag":"ReceiveTokenTrace","Body":{"Token":"pm5vZGUwNM8ZmBFWufL44Ymmbm9kZTA0DadzZXJ2ZXIxBqZub2RlMDMNpm5vZGUwNQ2lY29vcmQkpm5vZGUwMBCmbm9kZTAxEKZub2RlMDIQp2NsaWVudDEv"},"VectorClock":{"client1":47,"coord":36,"node00":16,"node01":16,"node02":16,"node03":13,"node04":13,"node05":13,"server1":7}}
{"TracerIdentity":"server1","TraceID":1844243111592786145,"Tag":"Request","Body":{"Token":"pm5vZGUwNM8ZmBFWufL44Ymmbm9kZTA0DadzZXJ2ZXIxBqZub2RlMDMNpm5vZGUwNQ2lY29vcmQkpm5vZGUwMBCmbm9kZTAxEKZub2RlMDIQp2NsaWVudDEv","Args":{"A":2,"B":4}},"VectorClock":{"client1":47,"coord":36,"node00":16,"node01":16,"node02":16,"node03":13,"node04":13,"node05":13,"server1":8}}
{"TracerIdentity":"server1","TraceID":1844243111592786145,"Tag":"Response","Body":{"Token":null,"Res":{"Result":8,"Token":null}},"VectorClock":{"client1":47,"coord":36,"node00":16,"node01":16,"node02":16,"node03":13,"node04":13,"node05":13,"server1":9}}
{"TracerIdentity":"server1","TraceID":1844243111592786145,"Tag":"GenerateTokenTrace","Body":{"Token":"p3NlcnZlcjHPGZgRVrny+OGJpm5vZGUwMhCmbm9kZTAxEKZub2RlMDAQpm5vZGUwNQ2mbm9kZTA0DadzZXJ2ZXIxCqVjb29yZCSnY2xpZW50MS+mbm9kZTAzDQ=="},"VectorClock":{"client1":47,"coord":36,"node00":16,"node01":16,"node02":16,"node03":13,"node04":13,"node05":13,"server1":10}}
{"TracerIdentity":"node04","TraceID":1844243111592786145,"Tag":"ReceiveTokenTrace","Body":{"Token":"p3NlcnZlcjHPGZgRVrny+OGJpm5vZGUwMhCmbm9kZTAxEKZub2RlMDAQpm5vZGUwNQ2mbm9kZTA0DadzZXJ2ZXIxCqVjb29yZCSnY2xpZW50MS+mbm9kZTAzDQ=="},"VectorClock":{"client1":47,"coord":36,"node00":16,"node01":16,"node02":16,"node03":13,"node04":14,"node05":13,"server1":10}}
{"TracerIdentity":"node04","TraceID":1844243111592786145,"Tag":"ServerPayloadRecvd","Body":{"Payload":{"Result":8,"Token":null}},"VectorClock":{"client1":47,"coord":36,"node00":16,"node01":16,"node02":16,"node03":13,"node04":15,"node05":13,"server1":10}}
{"TracerIdentity":"node04","TraceID":1844243111592786145,"Tag":"GenerateTokenTrace","Body":{"Token":"pm5vZGUwNM8ZmBFWufL44Ymmbm9kZTAyEKdjbGllbnQxL6Zub2RlMDMNpm5vZGUwNQ2lY29vcmQkpm5vZGUwMBCmbm9kZTAxEKZub2RlMDQQp3NlcnZlcjEK"},"VectorClock":{"client1":47,"coord":36,"node00":16,"node01":16,"node02":16,"node03":13,"node04":16,"node05":13,"server1":10}}
{"TracerIdentity":"node05","TraceID":1844243111592786145,"Tag":"ReceiveTokenTrace","Body":{"Token":"pm5vZGUwNM8ZmBFWufL44Ymmbm9kZTAyEKdjbGllbnQxL6Zub2RlMDMNpm5vZGUwNQ2lY29vcmQkpm5vZGUwMBCmbm9kZTAxEKZub2RlMDQQp3NlcnZlcjEK"},"VectorClock":{"client1":47,"coord":36,"node00":16,"node01":16,"node02":16,"node03":13,"node04":16,"node05":14,"server1":10}}
{"TracerIdentity":"node05","TraceID":1844243111592786145,"Tag":"PayloadRecvd","Body":{"Encrypted":"svLG9cCVow1Wu0KLXJbE3NhBHJMfbFm8lgCo/BS6HFtdQoPH4N9HPn/yPGuMj2javw16+KI="},"VectorClock":{"client1":47,"coord":36,"node00":16,"node01":16,"node02":16,"node03":13,"node04":16,"node05":15,"server1":10}}
{"TracerIdentity":"node05","TraceID":1844243111592786145,"Tag":"GenerateTokenTrace","Body":{"Token":"pm5vZGUwNc8ZmBFWufL44Ymnc2VydmVyMQqmbm9kZTA1EKdjbGllbnQxL6Zub2RlMDQQpm5vZGUwMRCmbm9kZTAzDaVjb29yZCSmbm9kZTAwEKZub2RlMDIQ"},"VectorClock":{"client1":47,"coord":36,"node00":16,"node01":16,"node02":16,"node03":13,"node04":16,"node05":16,"server1":10}}
{"TracerIdentity":"node03","TraceID":1844243111592786145,"Tag":"ReceiveTokenTrace","Body":{"Token":"pm5vZGUwNc8ZmBFWufL44Ymnc2VydmVyMQqmbm9kZTA1EKdjbGllbnQxL6Zub2RlMDQQpm5vZGUwMRCmbm9kZTAzDaVjb29yZCSmbm9kZTAwEKZub2RlMDIQ"},"VectorClock":{"client1":47,"coord":36,"node00":16,"node01":16,"node02":16,"node03":14,"node04":16,"node05":16,"server1":10}}
{"TracerIdentity":"node03","TraceID":1844243111592786145,"Tag":"PayloadRecvd","Body":{"Encrypted":"wO16nv6ilH1u8NgAMV+CxCTYhB1HKonslT8n+97xKKR4PjpfJeDdV6uK9nVzOokLgPZo5fpHaI9lAYJQhlfwntg7LLiozl5EL8eZqL3+bDI5e8Yc6akmsXeDLug5KQyzXJUocXuVjPGgZo6ySIxOAOpcAGPkRqcyqTYxDhJ3ZoyHlemQo9NTShwcebBlpdpwVdNKqdkaA4Gf0p7kLjSE1WuE+tvtBeqbIJkEmR5OIPQxhI9SqLXP2ypX39kEZr1yMw2n0UPHN6U6PC5A/nidw55Xzg/SkriSnqJNdEaMClGwr/Z8UsnIQH48rIsDEFaBSt3PmyHU8g=="},"VectorClock":{"client1":47,"coord":36,"node00":16,"node01":16,"node02":16,"node03":15,"node04":16,"node05":16,"server1":10}}
{"TracerIdentity":"node03","TraceID":1844243111592786145,"Tag":"GenerateTokenTrace","Body":{"Token":"pm5vZGUwM88ZmBFWufL44Ymmbm9kZTAyEKdjbGllbnQxL6Zub2RlMDQQpm5vZGUwNRCnc2VydmVyMQqlY29vcmQkpm5vZGUwMBCmbm9kZTAzEKZub2RlMDEQ"},"VectorClock":{"client1":47,"coord":36,"node00":16,"node01":16,"node02":16,"node03":16,"node04":16,"node05":16,"server1":10}}
{"TracerIdentity":"client1","TraceID":1844243111592786145,"Tag":"ReceiveTokenTrace","Body":{"Token":"pm5vZGUwM88ZmBFWufL44Ymmbm9kZTAyEKdjbGllbnQxL6Zub2RlMDQQpm5vZGUwNRCnc2VydmVyMQqlY29vcmQkpm5vZGUwMBCmbm9kZTAzEKZub2RlMDEQ"},"VectorClock":{"client1":48,"coord":36,"node00":16,"node01":16,"node02":16,"node03":16,"node04":16,"node05":16,"server1":10}}
{"TracerIdentity":"client1","TraceID":1844243111592786145,"Tag":"RpcResRecvd","Body":{"ClientId":"client1","ServiceMethod":"Server.Multiply","Result":{"Result":8}},"VectorClock":{"client1":49,"coord":36,"node00":16,"node01":16,"node02":16,"node03":16,"node04":16,"node05":16,"server1":10}}
{"TracerIdentity":"client1","TraceID":1844243111592786145,"Tag":"RpcCall","Body":{"ClientId":"client1","ServiceMethod":"Server.Subtract"},"VectorClock":{"client1":50,"coord":36,"node00":16,"node01":16,"node02":16,"node03":16,"node04":16,"node05":16,"server1":10}}
{"TracerIdentity":"client1","TraceID":1844243111592786145,"Tag":"GenerateTokenTrace","Body":{"Token":"p2NsaWVudDHPGZgRVrny+OGJpm5vZGUwMRCmbm9kZTAzEKdjbGllbnQxM6Zub2RlMDIQpWNvb3JkJKZub2RlMDAQp3NlcnZlcjEKpm5vZGUwNBCmbm9kZTA1EA=="},"VectorClock":{"client1":51,"coord":36,"node00":16,"node01":16,"node02":16,"node03":16,"node04":16,"node05":16,"server1":10}}
{"TracerIdentity":"node03","TraceID":1844243111592786145,"Tag":"ReceiveTokenTrace","Body":{"Token":"p2NsaWVudDHPGZgRVrny+OGJpm5vZGUwMRCmbm9kZTAzEKdjbGllbnQxM6Zub2RlMDIQpWNvb3JkJKZub2RlMDAQp3NlcnZlcjEKpm5vZGUwNBCmbm9kZTA1EA=="},"VectorClock":{"client1":51,"coord":36,"node00":16,"node01":16,"node02":16,"node03":17,"node04":16,"node05":16,"server1":10}}
{"TracerIdentity":"node03","TraceID":1844243111592786145,"Tag":"ReqGuardLayer","Body":{"RelayListenAddr":"127.0.0.1:50105","RelaySessionId":"3059301306072a8648ce3d020106082a8648ce3d03010703420004a4edf190085122caaf38fb39ed84feb3ba7bb5e2e03715e0c8409f7c9a28d69bae0c6ace4048da8ca384c32e9013493eba5894e02fff6184ec3ed7f516a975e9","Encrypted":"ycjwYQGfLP7lBMtHOjdy2n5BBK9KT444efIw0X+CbxfFXK2jx5u50dEdNdkDoPVgGgUIlBey1g3S6gzX4RMfEekJEymmgaZcOv5f/7aiCs2rlyw6DjYYIvVrSiUZy9MgpY3qrR5qMit5ChQ66f2Y2qATxcHWKOkI+bXgkUklAYg5980/99xHoxfWob13PFT1VXK4ajGt/q3JqRYlZb4CEqhA8CJqS0yKfB6FzPflt6HSmQb6MCvNEaZnByjEyGF1uJyWMT/s+HbAwII6WHKQHUUCgq+t5X0o91ptIC4XOJeSySgpoExno/df7g6MvdQT0P0AzqySUQrdscfG6AWTt1u4KZKOM3cYYY0F4zqZJGIyCqcN4GNzIVMB5U1cc1Fjm5SDrN6Y94brtalbRNz9DwRGQx5Gio8HoNSw3YGKB+upzd+7rY/+TGMHKPtYu1qfbOHFt/rVzApCEgkIHJcZZIlavgY6llz8p7kX+7M60Vt/SkMD5BBvlkOxr7K0iTxf397SOimFVz4ykz2FekvsLcg/PdiSYI/F1M2Y75imyNr/RKmGPN6C0RJn3iBF8AesKER5a4ezAqARRw2nlYzVAA=="},"VectorClock":{"client1":51,"coord":36,"node00":16,"node01":16,"node02":16,"node03":18,"node04":16,"node05":16,"server1":10}}
{"TracerIdentity":"node03","TraceID":1844243111592786145,"Tag":"GenerateTokenTrace","Body":{"Token":"pm5vZGUwM88ZmBFWufL44Ymmbm9kZTAyEKdjbGllbnQxM6Zub2RlMDQQpm5vZGUwNRCnc2VydmVyMQqlY29vcmQkpm5vZGUwMBCmbm9kZTAzE6Zub2RlMDEQ"},"VectorClock":{"client1":51,"coord":36,"node00":16,"node01":16,"node02":16,"node03":19,"node04":16,"node05":16,"server1":10}}
{"TracerIdentity":"node05","TraceID":1844243111592786145,"Tag":"ReceiveTokenTrace","Body":{"Token":"pm5vZGUwM88ZmBFWufL44Ymmbm9kZTAyEKdjbGllbnQxM6Zub2RlMDQQpm5vZGUwNRCnc2VydmVyMQqlY29vcmQkpm5vZGUwMBCmbm9kZTAzE6Zub2RlMDEQ"},"VectorClock":{"client1":51,"coord":36,"node00":16,"node01":16,"node02":16,"node03":19,"node04":16,"node05":17,"server1":10}}
{"TracerIdentity":"node05","TraceID":1844243111592786145,"Tag":"ReqRelayLayer","Body":{"ExitListenAddr":"127.0.0.1:50104","ExitSessionId":"3059301306072a8648ce3d020106082a8648ce3d030107034200048b87af76f0839698f36b261ee6281a91537a21cd2f65515c6c35a3411b47e507845868a13c98268a0837c627563753022e14ea17b175848fa91e559e68399327","Encrypted":"ggo5m7PgBA9sKtoPafu7PZDldbw6hkQgAVG6nlzl3gJU8eIQIrxJMiOB177Ia6Qd2iKUTRqp7SWOu4qh4chlWBa6mUevHfYOVIKHBnaMLrXV4c8E6657TWBCFLNuDBuy/e6dtUDf9BDK8OX12AdDafXtDMKcK/Eyha2fNg=="},"VectorClock":{"client1":51,"coord":36,"node00":16,"node01":16,"node02":16,"node03":19,"node04":16,"node05":18,"server1":10}}
{"TracerIdentity":"node05","TraceID":1844243111592786145,"Tag":"GenerateTokenTrace","Body":{"Token":"pm5vZGUwNc8ZmBFWufL44Ymmbm9kZTA1E6djbGllbnQxM6Zub2RlMDQQpm5vZGUwMRCnc2VydmVyMQqmbm9kZTAzE6Vjb29yZCSmbm9kZTAwEKZub2RlMDIQ"},"VectorClock":{"client1":51,"coord":36,"node00":16,"node01":16,"node02":16,"node03":19,"node04":16,"node05":19,"server1":10}}
{"TracerIdentity":"node04","TraceID":1844243111592786145,"Tag":"ReceiveTokenTrace","Body":{"Token":"pm5vZGUwNc8ZmBFWufL44Ymmbm9kZTA1E6djbGllbnQxM6Zub2RlMDQQpm5vZGUwMRCnc2VydmVyMQqmbm9kZTAzE6Vjb29yZCSmbm9kZTAwEKZub2RlMDIQ"},"VectorClock":{"client1":51,"coord":36,"node00":16,"node01":16,"node02":16,"node03":19,"node04":17,"node05":19,"server1":10}}
{"TracerIdentity":"node04","TraceID":1844243111592786145,"Tag":"ReqExitLayer","Body":{"Args":{"A":8,"B":5},"ServiceMethod":"Server.Subtract","ServerAddr":":4322","Res":{"Result":8}},"VectorClock":{"client1":51,"coord":36,"node00":16,"node01":16,"node02":16,"node03":19,"node04":18,"node05":19,"server1":10}}
{"TracerIdentity":"node04","TraceID":1844243111592786145,"Tag":"GenerateTokenTrace","Body":{"Token":"pm5vZGUwNM8ZmBFWufL44Ymmbm9kZTA0E6dzZXJ2ZXIxCqZub2RlMDIQp2NsaWVudDEzpm5vZGUwMxOmbm9kZTA1E6Vjb29yZCSmbm9kZTAwEKZub2RlMDEQ"},"VectorClock":{"client1":51,"coord":36,"node00":16,"node01":16,"node02":16,"node03":19,"node04":19,"node05":19,"server1":10}}
{"TracerIdentity":"server1","TraceID":1844243111592786145,"Tag":"ReceiveTokenTrace","Body":{"Token":"pm5vZGUwNM8ZmBFWufL44Ymmbm9kZTA0E6dzZXJ2ZXIxCqZub2RlMDIQp2NsaWVudDEzpm5vZGUwMxOmbm9kZTA1E6Vjb29yZCSmbm9kZTAwEKZub2RlMDEQ"},"VectorClock":{"client1":51,"coord":36,"node00":16,"node01":16,"node02":16,"node03":19,"node04":19,"node05":19,"server1":11}}
{"TracerIdentity":"server1","TraceID":1844243111592786145,"Tag":"Request","Body":{"Token":"pm5vZGUwNM8ZmBFWufL44Ymmbm9kZTA0E6dzZXJ2ZXIxCqZub2RlMDIQp2NsaWVudDEzpm5vZGUwMxOmbm9kZTA1E6Vjb29yZCSmbm9kZTAwEKZub2RlMDEQ","Args":{"A":8,"B":5}},"VectorClock":{"client1":51,"coord":36,"node00":16,"node01":16,"node02":16,"node03":19,"node04":19,"node05":19,"server1":12}}
{"TracerIdentity":"server1","TraceID":1844243111592786145,"Tag":"Response","Body":{"Token":null,"Res":{"Result":3,"Token":null}},"VectorClock":{"client1":51,"coord":36,"node00":16,"node01":16,"node02":16,"node03":19,"node04":19,"node05":19,"server1":13}}
{"TracerIdentity":"server1","TraceID":1844243111592786145,"Tag":"GenerateTokenTrace","Body":{"Token":"p3NlcnZlcjHPGZgRVrny+OGJpm5vZGUwMhCmbm9kZTAxEKZub2RlMDAQpm5vZGUwNROmbm9kZTA0E6dzZXJ2ZXIxDqVjb29yZCSnY2xpZW50MTOmbm9kZTAzEw=="},"VectorClock":{"client1":51,"coord":36,"node00":16,"node01":16,"node02":16,"node03":19,"node04":19,"node05":19,"server1":14}}
{"TracerIdentity":"node04","TraceID":1844243111592786145,"Tag":"ReceiveTokenTrace","Body":{"Token":"p3NlcnZlcjHPGZgRVrny+OGJpm5vZGUwMhCmbm9kZTAxEKZub2RlMDAQpm5vZGUwNROmbm9kZTA0E6dzZXJ2ZXIxDqVjb29yZCSnY2xpZW50MTOmbm9kZTAzEw=="},"VectorClock":{"client1":51,"coord":36,"node00":16,"node01":16,"node02":16,"node03":19,"node04":20,"node05":19,"server1":14}}
{"TracerIdentity":"node04","TraceID":1844243111592786145,"Tag":"ServerPayloadRecvd","Body":{"Payload":{"Result":3,"Token":null}},"VectorClock":{"client1":51,"coord":36,"node00":16,"node01":16,"node02":16,"node03":19,"node04":21,"node05":19,"server1":14}}
{"TracerIdentity":"node04","TraceID":1844243111592786145,"Tag":"GenerateTokenTrace","Body":{"Token":"pm5vZGUwNM8ZmBFWufL44Ymmbm9kZTAwEKZub2RlMDEQpm5vZGUwMhCnY2xpZW50MTOmbm9kZTAzE6Zub2RlMDUTpWNvb3JkJKdzZXJ2ZXIxDqZub2RlMDQW"},"VectorClock":{"client1":51,"coord":36,"node00":16,"node01":16,"node02":16,"node03":19,"node04":22,"node05":19,"server1":14}}
{"TracerIdentity":"node05","TraceID":1844243111592786145,"Tag":"ReceiveTokenTrace","Body":{"Token":"pm5vZGUwNM8ZmBFWufL44Ymmbm9kZTAwEKZub2RlMDEQpm5vZGUwMhCnY2xpZW50MTOmbm9kZTAzE6Zub2RlMDUTpWNvb3JkJKdzZXJ2ZXIxDqZub2RlMDQW"},"VectorClock":{"client1":51,"coord":36,"node00":16,"node01":16,"node02":16,"node03":19,"node04":22,"node05":20,"server1":14}}
{"TracerIdentity":"node05","TraceID":1844243111592786145,"Tag":"PayloadRecvd","Body":{"Encrypted":"ONVpneVzGSURkQKKPC/G4JW8xqIhXAxqyvMh9K14txTDQWQMp7ycQu3iiTJ0o/6iLkf+yQg="},"VectorClock":{"client1":51,"coord":36,"node00":16,"node01":16,"node02":16,"node03":19,"node04":22,"node05":21,"server1":14}}
{"TracerIdentity":"node05","TraceID":1844243111592786145,"Tag":"GenerateTokenTrace","Body":{"Token":"pm5vZGUwNc8ZmBFWufL44Ymmbm9kZTA1FqdjbGllbnQxM6Zub2RlMDQWpm5vZGUwMRCnc2VydmVyMQ6mbm9kZTAzE6Vjb29yZCSmbm9kZTAwEKZub2RlMDIQ"},"VectorClock":{"client1":51,"coord":36,"node00":16,"node01":16,"node02":16,"node03":19,"node04":22,"node05":22,"server1":14}}
{"TracerIdentity":"node03","TraceID":1844243111592786145,"Tag":"ReceiveTokenTrace","Body":{"Token":"pm5vZGUwNc8ZmBFWufL44Ymmbm9kZTA1FqdjbGllbnQxM6Zub2RlMDQWpm5vZGUwMRCnc2VydmVyMQ6mbm9kZTAzE6Vjb29yZCSmbm9kZTAwEKZub2RlMDIQ"},"VectorClock":{"client1":51,"coord":36,"node00":16,"node01":16,"node02":16,"node03":20,"node04":22,"node05":22,"server1":14}}
{"TracerIdentity":"node03","TraceID":1844243111592786145,"Tag":"PayloadRecvd","Body":{"Encrypted":"BYDyLEE3/+T/nKByzYp+az6QCHXq0Te2YxfBbzdMMYIlP8rwLz26OT0Spru0QP2h5Fx3S5u7ln5lQ5XjpwC1Q03RnBYfuh0Rz/9Uz/Q5xgnaKRopJGG45UHIrJG5BFV0R+T8vaZNXrwvbvvg1uyskoWPHZE/NkGlYAPLihVtxluwI2QZ8OfBj1w0ih8A2SAtn96fbt2OfxfDbVV7MbcnCNQADQ4ga5fr2XpwmVDa3higQ4gyVcqQumT0IHthFlXcrkvA8PmjWHkeg5vvVsBbExnXfEIw3fk8KAgS9yinRq8hz1XblkXkK/HSWhMZw8VASgDtgStogw=="},"VectorClock":{"client1":51,"coord":36,"node00":16,"node01":16,"node02":16,"node03":21,"node04":22,"node05":22,"server1":14}}
{"TracerIdentity":"node03","TraceID":1844243111592786145,"Tag":"GenerateTokenTrace","Body":{"Token":"pm5vZGUwM88ZmBFWufL44YmlY29vcmQkpm5vZGUwMBCmbm9kZTAyEKdjbGllbnQxM6Zub2RlMDQWpm5vZGUwNRanc2VydmVyMQ6mbm9kZTAzFqZub2RlMDEQ"},"VectorClock":{"client1":51,"coord":36,"node00":16,"node01":16,"node02":16,"node03":22,"node04":22,"node05":22,"server1":14}}
{"TracerIdentity":"client1","TraceID":1844243111592786145,"Tag":"ReceiveTokenTrace","Body":{"Token":"pm5vZGUwM88ZmBFWufL44YmlY29vcmQkpm5vZGUwMBCmbm9kZTAyEKdjbGllbnQxM6Zub2RlMDQWpm5vZGUwNRanc2VydmVyMQ6mbm9kZTAzFqZub2RlMDEQ"},"VectorClock":{"client1":52,"coord":36,"node00":16,"node01":16,"node02":16,"node03":22,"node04":22,"node05":22,"server1":14}}
{"TracerIdentity":"client1","TraceID":1844243111592786145,"Tag":"RpcResRecvd","Body":{"ClientId":"client1","ServiceMethod":"Server.Subtract","Result":{"Result":3}},"VectorClock":{"client1":53,"coord":36,"node00":16,"node01":16,"node02":16,"node03":22,"node04":22,"node05":22,"server1":14}}
{"TracerIdentity":"client1","TraceID":1844243111592786145,"Tag":"RpcCall","Body":{"ClientId":"client1","ServiceMethod":"Server.Divide"},"VectorClock":{"client1":54,"coord":36,"node00":16,"node01":16,"node02":16,"node03":22,"node04":22,"node05":22,"server1":14}}
{"TracerIdentity":"client1","TraceID":1844243111592786145,"Tag":"GenerateTokenTrace","Body":{"Token":"p2NsaWVudDHPGZgRVrny+OGJpm5vZGUwMRCmbm9kZTAzFqZub2RlMDAQp3NlcnZlcjEOpm5vZGUwNBambm9kZTA1FqdjbGllbnQxN6Zub2RlMDIQpWNvb3JkJA=="},"VectorClock":{"client1":55,"coord":36,"node00":16,"node01":16,"node02":16,"node03":22,"node04":22,"node05":22,"server1":14}}
{"TracerIdentity":"node03","TraceID":1844243111592786145,"Tag":"ReceiveTokenTrace","Body":{"Token":"p2NsaWVudDHPGZgRVrny+OGJpm5vZGUwMRCmbm9kZTAzFqZub2RlMDAQp3NlcnZlcjEOpm5vZGUwNBambm9kZTA1FqdjbGllbnQxN6Zub2RlMDIQpWNvb3JkJA=="},"VectorClock":{"client1":55,"coord":36,"node00":16,"node01":16,"node02":16,"node03":23,"node04":22,"node05":22,"server1":14}}
{"TracerIdentity":"node03","TraceID":1844243111592786145,"Tag":"ReqGuardLayer","Body":{"RelayListenAddr":"127.0.0.1:50105","RelaySessionId":"3059301306072a8648ce3d020106082a8648ce3d03010703420004a4edf190085122caaf38fb39ed84feb3ba7bb5e2e03715e0c8409f7c9a28d69bae0c6ace4048da8ca384c32e9013493eba5894e02fff6184ec3ed7f516a975e9","Encrypted":"PKswPVmge+1a58ieQe/FpDspNS4jrRA7gJFyEH3Lj5hBtXAJ4Ih0nxB6KPfM9ejII0TrHgjuzwKJeZsCuyf2nOQVp3v9UJQlFFFbuCvmdzZJoBHelDzDCR+k1y/ESz3U6OwIaTwp5uQi5mtPtS0GH6AfDmD4zdYQac23pW95mW/Uz7y/4Y0r4bfQTgJKI96ggpDqdLC2Fa08KxTlHu7rYAykq4HWaEhUJBpLA1uOMgOirc1g6/9yi84LXWNbj7qMvwhimGCdh6CuyogkwUHvzmW6xbxsEqBEK6A6x6XJ4EPBQ9XtMzDBTuh4hck0afioLEYq6uylwb/T+VSaKHk/rcy5foK5Sd6Qy+Cqb8s2ixXORPbjDTXlk8tAACDG1M7q0LtBHOFTiWqipS+RXr//bsMdVJTdm4MRfCwaPZJp5CcXK30NpbjLsuYxiNZVOUAG95cWxeWSAHMrmDJlFFhL0T3H4fxVRhgG3talNxPCO3yOIrDt/g1UkK2jAgYj+/ywNPy7vB3Mba8DuR1PUkJZF40xwSSBlirHoH6hFI1UTai788F6NFjvv1Yy+No/rwQ6Efn0UjgaqoFClAO6"},"VectorClock":{"client1":55,"coord":36,"node00":16,"node01":16,"node02":16,"node03":24,"node04":22,"node05":22,"server1":14}}
{"TracerIdentity":"node03","TraceID":1844243111592786145,"Tag":"GenerateTokenTrace","Body":{"Token":"pm5vZGUwM88ZmBFWufL44Ymmbm9kZTAzGaZub2RlMDEQpm5vZGUwNBambm9kZTA1FqdzZXJ2ZXIxDqVjb29yZCSmbm9kZTAwEKZub2RlMDIQp2NsaWVudDE3"},"VectorClock":{"client1":55,"coord":36,"node00":16,"node01":16,"node02":16,"node03":25,"node04":22,"node05":22,"server1":14}}
{"TracerIdentity":"node05","TraceID":1844243111592786145,"Tag":"ReceiveTokenTrace","Body":{"Token":"pm5vZGUwM88ZmBFWufL44Ymmbm9kZTAzGaZub2RlMDEQpm5vZGUwNBambm9kZTA1FqdzZXJ2ZXIxDqVjb29yZCSmbm9kZTAwEKZub2RlMDIQp2NsaWVudDE3"},"VectorClock":{"client1":55,"coord":36,"node00":16,"node01":16,"node02":16,"node03":25,"node04":22,"node05":23,"server1":14}}
{"TracerIdentity":"node05","TraceID":1844243111592786145,"Tag":"ReqRelayLayer","Body":{"ExitListenAddr":"127.0.0.1:50104","ExitSessionId":"3059301306072a8648ce3d020106082a8648ce3d030107034200048b87af76f0839698f36b261ee6281a91537a21cd2f65515c6c35a3411b47e507845868a13c98268a0837c627563753022e14ea17b175848fa91e559e68399327","Encrypted":"u2skB5UuKX6hOpZ7Lb7T3/O6reG3zO/LrpnLFOBqrEhYq1+HYIzF7QwPYh0ojr913SwLiMlct9VFyDuywGsRwVg3dekcDOQ2Azlcay5ifGp/UO40fZxzI8o9p3ismcZGrIMvuN3/suy7D5mtvuXbELGRC2CNLf7GeQ0="},"VectorClock":{"client1":55,"coord":36,"node00":16,"node01":16,"node02":16,"node03":25,"node04":22,"node05":24,"server1":14}}
{"TracerIdentity":"node05","TraceID":1844243111592786145,"Tag":"GenerateTokenTrace","Body":{"Token":"pm5vZGUwNc8ZmBFWufL44Ymmbm9kZTAzGaVjb29yZCSmbm9kZTAwEKZub2RlMDIQpm5vZGUwNRmnY2xpZW50MTembm9kZTA0FqZub2RlMDEQp3NlcnZlcjEO"},"VectorClock":{"client1":55,"coord":36,"node00":16,"node01":16,"node02":16,"node03":25,"node04":22,"node05":25,"server1":14}}
{"TracerIdentity":"node04","TraceID":1844243111592786145,"Tag":"ReceiveTokenTrace","Body":{"Token":"pm5vZGUwNc8ZmBFWufL44Ymmbm9kZTAzGaVjb29yZCSmbm9kZTAwEKZub2RlMDIQpm5vZGUwNRmnY2xpZW50MTembm9kZTA0FqZub2RlMDEQp3NlcnZlcjEO"},"VectorClock":{"client1":55,"coord":36,"node00":16,"node01":16,"node02":16,"node03":25,"node04":23,"node05":25,"server1":14}}
{"TracerIdentity":"node04","TraceID":1844243111592786145,"Tag":"ReqExitLayer","Body":{"Args":{"A":3,"B":3},"ServiceMethod":"Server.Divide","ServerAddr":":4322","Res":{"Result":3}},"VectorClock":{"client1":55,"coord":36,"node00":16,"node01":16,"node02":16,"node03":25,"node04":24,"node05":25,"server1":14}}
{"TracerIdentity":"node04","TraceID":1844243111592786145,"Tag":"GenerateTokenTrace","Body":{"Token":"pm5vZGUwNM8ZmBFWufL44Ymmbm9kZTA0GadzZXJ2ZXIxDqVjb29yZCSmbm9kZTAwEKZub2RlMDEQpm5vZGUwMhCnY2xpZW50MTembm9kZTAzGaZub2RlMDUZ"},"VectorClock":{"client1":55,"coord":36,"node00":16,"node01":16,"node02":16,"node03":25,"node04":25,"node05":25,"server1":14}}
{"TracerIdentity":"server1","TraceID":1844243111592786145,"Tag":"ReceiveTokenTrace","Body":{"Token":"pm5vZGUwNM8ZmBFWufL44Ymmbm9kZTA0GadzZXJ2ZXIxDqVjb29yZCSmbm9kZTAwEKZub2RlMDEQpm5vZGUwMhCnY2xpZW50MTembm9kZTAzGaZub2RlMDUZ"},"VectorClock":{"client1":55,"coord":36,"node00":16,"node01":16,"node02":16,"node03":25,"node04":25,"node05":25,"server1":15}}
{"TracerIdentity":"server1","TraceID":1844243111592786145,"Tag":"Request","Body":{"Token":"pm5vZGUwNM8ZmBFWufL44Ymmbm9kZTA0GadzZXJ2ZXIxDqVjb29yZCSmbm9kZTAwEKZub2RlMDEQpm5vZGUwMhCnY2xpZW50MTembm9kZTAzGaZub2RlMDUZ","Args":{"A":3,"B":3}},"VectorClock":{"client1":55,"coord":36,"node00":16,"node01":16,"node02":16,"node03":25,"node04":25,"node05":25,"server1":16}}
{"TracerIdentity":"server1","TraceID":1844243111592786145,"Tag":"Response","Body":{"Token":null,"Res":{"Result":1,"Token":null}},"VectorClock":{"client1":55,"coord":36,"node00":16,"node01":16,"node02":16,"node03":25,"node04":25,"node05":25,"server1":17}}
{"TracerIdentity":"server1","TraceID":1844243111592786145,"Tag":"GenerateTokenTrace","Body":{"Token":"p3NlcnZlcjHPGZgRVrny+OGJpm5vZGUwMhCmbm9kZTAxEKZub2RlMDAQpm5vZGUwNRmmbm9kZTA0GadzZXJ2ZXIxEqVjb29yZCSnY2xpZW50MTembm9kZTAzGQ=="},"VectorClock":{"client1":55,"coord":36,"node00":16,"node01":16,"node02":16,"node03":25,"node04":25,"node05":25,"server1":18}}
{"TracerIdentity":"node04","TraceID":1844243111592786145,"Tag":"ReceiveTokenTrace","Body":{"Token":"p3NlcnZlcjHPGZgRVrny+OGJpm5vZGUwMhCmbm9kZTAxEKZub2RlMDAQpm5vZGUwNRmmbm9kZTA0GadzZXJ2ZXIxEqVjb29yZCSnY2xpZW50MTembm9kZTAzGQ=="},"VectorClock":{"client1":55,"coord":36,"node00":16,"node01":16,"node02":16,"node03":25,"node04":26,"node05":25,"server1":18}}
{"TracerIdentity":"node04","TraceID":1844243111592786145,"Tag":"ServerPayloadRecvd","Body":{"Payload":{"Result":1,"Token":null}},"VectorClock":{"client1":55,"coord":36,"node00":16,"node01":16,"node02":16,"node03":25,"node04":27,"node05":25,"server1":18}}
{"TracerIdentity":"node04","TraceID":1844243111592786145,"Tag":"GenerateTokenTrace","Body":{"Token":"pm5vZGUwNM8ZmBFWufL44Ymmbm9kZTA0HKdzZXJ2ZXIxEqZub2RlMDIQp2NsaWVudDE3pm5vZGUwMxmmbm9kZTA1GaVjb29yZCSmbm9kZTAwEKZub2RlMDEQ"},"VectorClock":{"client1":55,"coord":36,"node00":16,"node01":16,"node02":16,"node03":25,"node04":28,"node05":25,"server1":18}}
{"TracerIdentity":"node05","TraceID":1844243111592786145,"Tag":"ReceiveTokenTrace","Body":{"Token":"pm5vZGUwNM8ZmBFWufL44Ymmbm9kZTA0HKdzZXJ2ZXIxEqZub2RlMDIQp2NsaWVudDE3pm5vZGUwMxmmbm9kZTA1GaVjb29yZCSmbm9kZTAwEKZub2RlMDEQ"},"VectorClock":{"client1":55,"coord":36,"node00":16,"node01":16,"node02":16,"node03":25,"node04":28,"node05":26,"server1":18}}
{"TracerIdentity":"node05","TraceID":1844243111592786145,"Tag":"PayloadRecvd","Body":{"Encrypted":"bH6YCKVHz8TrgRKNa14u8Inc5kOK8ujciRsImyimbfmdMx4LaVbW7WEcRIeV/0+/ySTCC/o="},"VectorClock":{"client1":55,"coord":36,"node00":16,"node01":16,"node02":16,"node03":25,"node04":28,"node05":27,"server1":18}}
{"TracerIdentity":"node05","TraceID":1844243111592786145,"Tag":"GenerateTokenTrace","Body":{"Token":"pm5vZGUwNc8ZmBFWufL44Ymmbm9kZTAwEKZub2RlMDIQpm5vZGUwMxmlY29vcmQkpm5vZGUwNBymbm9kZTAxEKdzZXJ2ZXIxEqZub2RlMDUcp2NsaWVudDE3"},"VectorClock":{"client1":55,"coord":36,"node00":16,"node01":16,"node02":16,"node03":25,"node04":28,"node05":28,"server1":18}}
{"TracerIdentity":"node03","TraceID":1844243111592786145,"Tag":"ReceiveTokenTrace","Body":{"Token":"pm5vZGUwNc8ZmBFWufL44Ymmbm9kZTAwEKZub2RlMDIQpm5vZGUwMxmlY29vcmQkpm5vZGUwNBymbm9kZTAxEKdzZXJ2ZXIxEqZub2RlMDUcp2NsaWVudDE3"},"VectorClock":{"client1":55,"coord":36,"node00":16,"node01":16,"node02":16,"node03":26,"node04":28,"node05":28,"server1":18}}
{"TracerIdentity":"node03","TraceID":1844243111592786145,"Tag":"PayloadRecvd","Body":{"Encrypted":"7xafHgZF3roFbSwXh2gegNsSzDGPO6VoeKQDAGFPPlE9oht0cvLseec+O5/IbrrutQsQ00aMPg1hcHVMdVbwPh3X5wXwbGHMJ3tnJR2LTavoJXq+28M2ILZefCVbcyHIvfhGHja7swtJr8CC1YEHWQhRuyGQvK7OiD19M7nAbLnxQ5zb4zRf/JEBSqTtZd0h60vrUOV95NjTId4CS2uKit7Ybgrm8Y4jFOuDhQqOqknXV/8eUYC1/LVNRCmfdlAhZjUS2rNbptczNd6ub4KHZB9yIta9d59dz4qJY2Dd0B+9t9Uf+9Aq/iOCa/8ZbsoLUcntvlB7Yg=="},"VectorClock":{"client1":55,"coord":36,"node00":16,"node01":16,"node02":16,"node03":27,"node04":28,"node05":28,"server1":18}}
{"TracerIdentity":"node03","TraceID":1844243111592786145,"Tag":"GenerateTokenTrace","Body":{"Token":"pm5vZGUwM88ZmBFWufL44Ymmbm9kZTAzHKZub2RlMDEQpm5vZGUwMhCnY2xpZW50MTembm9kZTA0HKZub2RlMDUcp3NlcnZlcjESpWNvb3JkJKZub2RlMDAQ"},"VectorClock":{"client1":55,"coord":36,"node00":16,"node01":16,"node02":16,"node03":28,"node04":28,"node05":28,"server1":18}}
{"TracerIdentity":"client1","TraceID":1844243111592786145,"Tag":"ReceiveTokenTrace","Body":{"Token":"pm5vZGUwM88ZmBFWufL44Ymmbm9kZTAzHKZub2RlMDEQpm5vZGUwMhCnY2xpZW50MTembm9kZTA0HKZub2RlMDUcp3NlcnZlcjESpWNvb3JkJKZub2RlMDAQ"},"VectorClock":{"client1":56,"coord":36,"node00":16,"node01":16,"node02":16,"node03":28,"node04":28,"node05":28,"server1":18}}
{"TracerIdentity":"client1","TraceID":1844243111592786145,"Tag":"RpcResRecvd","Body":{"ClientId":"client1","ServiceMethod":"Server.Divide","Result":{"Result":1}},"VectorClock":{"client1":57,"coord":36,"node00":16,"node01":16,"node02":16,"node03":28,"node04":28,"node05":28,"server1":18}}
