{"TracerIdentity":"coord","TraceID":7585812376033818860,"Tag":"CreateTrace","Body":{},"VectorClock":{"coord":1}}
{"TracerIdentity":"coord","TraceID":7585812376033818860,"Tag":"CoordStart","Body":{},"VectorClock":{"coord":2}}
{"TracerIdentity":"server1","TraceID":4431781709776013809,"Tag":"CreateTrace","Body":{},"VectorClock":{"server1":1}}
{"TracerIdentity":"server1","TraceID":4431781709776013809,"Tag":"ServerStart","Body":{"Config":{"ServerID":1,"ServerAddr":":4322","TracingServerAddr":":56666","Secret":"","TracingIdentity":"server1"}},"VectorClock":{"server1":2}}
{"TracerIdentity":"node00","TraceID":568673902719865765,"Tag":"CreateTrace","Body":{},"VectorClock":{"node00":1}}
{"TracerIdentity":"node00","TraceID":568673902719865765,"Tag":"NodeStart","Body":{"NodeId":"3f9fbd3d-d5b4-4101-abac-14fa2576bd59"},"VectorClock":{"node00":2}}
{"TracerIdentity":"node00","TraceID":568673902719865765,"Tag":"NodeJoining","Body":{"NodeId":"3f9fbd3d-d5b4-4101-abac-14fa2576bd59"},"VectorClock":{"node00":3}}
{"TracerIdentity":"node00","TraceID":568673902719865765,"Tag":"GenerateTokenTrace","Body":{"Token":"pm5vZGUwMM8H5FXmzKcTpYGmbm9kZTAwBA=="},"VectorClock":{"node00":4}}
{"TracerIdentity":"coord","TraceID":568673902719865765,"Tag":"ReceiveTokenTrace","Body":{"Token":"pm5vZGUwMM8H5FXmzKcTpYGmbm9kZTAwBA=="},"VectorClock":{"coord":3,"node00":4}}
{"TracerIdentity":"coord","TraceID":568673902719865765,"Tag":"NodeJoiningRecvd","Body":{"NodeId":"3f9fbd3d-d5b4-4101-abac-14fa2576bd59"},"VectorClock":{"coord":4,"node00":4}}
{"TracerIdentity":"coord","TraceID":568673902719865765,"Tag":"NodeJoinedRecvd","Body":{"NodeId":"3f9fbd3d-d5b4-4101-abac-14fa2576bd59","Role":"Guard"},"VectorClock":{"coord":5,"node00":4}}
{"TracerIdentity":"coord","TraceID":568673902719865765,"Tag":"GenerateTokenTrace","Body":{"Token":"pWNvb3JkzwfkVebMpxOlgqVjb29yZAambm9kZTAwBA=="},"VectorClock":{"coord":6,"node00":4}}
{"TracerIdentity":"node00","TraceID":568673902719865765,"Tag":"ReceiveTokenTrace","Body":{"Token":"pWNvb3JkzwfkVebMpxOlgqVjb29yZAambm9kZTAwBA=="},"VectorClock":{"coord":6,"node00":5}}
{"TracerIdentity":"node00","TraceID":568673902719865765,"Tag":"NodeJoined","Body":{"NodeId":"3f9fbd3d-d5b4-4101-abac-14fa2576bd59","Role":"Guard"},"VectorClock":{"coord":6,"node00":6}}
{"TracerIdentity":"node01","TraceID":4286034666731534105,"Tag":"CreateTrace","Body":{},"VectorClock":{"node01":1}}
{"TracerIdentity":"node01","TraceID":4286034666731534105,"Tag":"NodeStart","Body":{"NodeId":"2b2a492a-a173-4652-a61c-dd36e468b844"},"VectorClock":{"node01":2}}
{"TracerIdentity":"node01","TraceID":4286034666731534105,"Tag":"NodeJoining","Body":{"NodeId":"2b2a492a-a173-4652-a61c-dd36e468b844"},"VectorClock":{"node01":3}}
{"TracerIdentity":"node01","TraceID":4286034666731534105,"Tag":"GenerateTokenTrace","Body":{"Token":"pm5vZGUwMc87ew3SLYr3GYGmbm9kZTAxBA=="},"VectorClock":{"node01":4}}
{"TracerIdentity":"coord","TraceID":4286034666731534105,"Tag":"ReceiveTokenTrace","Body":{"Token":"pm5vZGUwMc87ew3SLYr3GYGmbm9kZTAxBA=="},"VectorClock":{"coord":7,"node00":4,"node01":4}}
{"TracerIdentity":"coord","TraceID":4286034666731534105,"Tag":"NodeJoiningRecvd","Body":{"NodeId":"2b2a492a-a173-4652-a61c-dd36e468b844"},"VectorClock":{"coord":8,"node00":4,"node01":4}}
{"TracerIdentity":"coord","TraceID":4286034666731534105,"Tag":"NodeJoinedRecvd","Body":{"NodeId":"2b2a492a-a173-4652-a61c-dd36e468b844","Role":"Exit"},"VectorClock":{"coord":9,"node00":4,"node01":4}}
{"TracerIdentity":"coord","TraceID":4286034666731534105,"Tag":"GenerateTokenTrace","Body":{"Token":"pWNvb3Jkzzt7DdItivcZg6Vjb29yZAqmbm9kZTAwBKZub2RlMDEE"},"VectorClock":{"coord":10,"node00":4,"node01":4}}
{"TracerIdentity":"node01","TraceID":4286034666731534105,"Tag":"ReceiveTokenTrace","Body":{"Token":"pWNvb3Jkzzt7DdItivcZg6Vjb29yZAqmbm9kZTAwBKZub2RlMDEE"},"VectorClock":{"coord":10,"node00":4,"node01":5}}
{"TracerIdentity":"node01","TraceID":4286034666731534105,"Tag":"NodeJoined","Body":{"NodeId":"2b2a492a-a173-4652-a61c-dd36e468b844","Role":"Exit"},"VectorClock":{"coord":10,"node00":4,"node01":6}}
{"TracerIdentity":"node02","TraceID":8383860359907044719,"Tag":"CreateTrace","Body":{},"VectorClock":{"node02":1}}
{"TracerIdentity":"node02","TraceID":8383860359907044719,"Tag":"NodeStart","Body":{"NodeId":"322f76d1-2ed2-4ea4-b62b-bd1dd53fa52f"},"VectorClock":{"node02":2}}
{"TracerIdentity":"node02","TraceID":8383860359907044719,"Tag":"NodeJoining","Body":{"NodeId":"322f76d1-2ed2-4ea4-b62b-bd1dd53fa52f"},"VectorClock":{"node02":3}}
{"TracerIdentity":"node02","TraceID":8383860359907044719,"Tag":"GenerateTokenTrace","Body":{"Token":"pm5vZGUwMs90WXST5rztb4Gmbm9kZTAyBA=="},"VectorClock":{"node02":4}}
{"TracerIdentity":"coord","TraceID":8383860359907044719,"Tag":"ReceiveTokenTrace","Body":{"Token":"pm5vZGUwMs90WXST5rztb4Gmbm9kZTAyBA=="},"VectorClock":{"coord":11,"node00":4,"node01":4,"node02":4}}
{"TracerIdentity":"coord","TraceID":8383860359907044719,"Tag":"NodeJoiningRecvd","Body":{"NodeId":"322f76d1-2ed2-4ea4-b62b-bd1dd53fa52f"},"VectorClock":{"coord":12,"node00":4,"node01":4,"node02":4}}
{"TracerIdentity":"coord","TraceID":8383860359907044719,"Tag":"NodeJoinedRecvd","Body":{"NodeId":"322f76d1-2ed2-4ea4-b62b-bd1dd53fa52f","Role":"Relay"},"VectorClock":{"coord":13,"node00":4,"node01":4,"node02":4}}
{"TracerIdentity":"coord","TraceID":8383860359907044719,"Tag":"GenerateTokenTrace","Body":{"Token":"pWNvb3Jkz3RZdJPmvO1vhKVjb29yZA6mbm9kZTAwBKZub2RlMDEEpm5vZGUwMgQ="},"VectorClock":{"coord":14,"node00":4,"node01":4,"node02":4}}
{"TracerIdentity":"node02","TraceID":8383860359907044719,"Tag":"ReceiveTokenTrace","Body":{"Token":"pWNvb3Jkz3RZdJPmvO1vhKVjb29yZA6mbm9kZTAwBKZub2RlMDEEpm5vZGUwMgQ="},"VectorClock":{"coord":14,"node00":4,"node01":4,"node02":5}}
{"TracerIdentity":"node02","TraceID":8383860359907044719,"Tag":"NodeJoined","Body":{"NodeId":"322f76d1-2ed2-4ea4-b62b-bd1dd53fa52f","Role":"Relay"},"VectorClock":{"coord":14,"node00":4,"node01":4,"node02":6}}
{"TracerIdentity":"client1","TraceID":6859133607323662040,"Tag":"CreateTrace","Body":{},"VectorClock":{"client1":1}}
{"TracerIdentity":"client1","TraceID":6859133607323662040,"Tag":"ClientStart","Body":{"ClientId":"client1"},"VectorClock":{"client1":2}}
{"TracerIdentity":"client1","TraceID":6859133607323662040,"Tag":"OnionReq","Body":{"ClientId":"client1","OldExitAddr":"","OldRelayAddr":"","OldGuardAddr":""},"VectorClock":{"client1":3}}
{"TracerIdentity":"client1","TraceID":6859133607323662040,"Tag":"GenerateTokenTrace","Body":{"Token":"p2NsaWVudDHPXzCJrLN4dtiBp2NsaWVudDEE"},"VectorClock":{"client1":4}}
{"TracerIdentity":"coord","TraceID":6859133607323662040,"Tag":"ReceiveTokenTrace","Body":{"Token":"p2NsaWVudDHPXzCJrLN4dtiBp2NsaWVudDEE"},"VectorClock":{"client1":4,"coord":15,"node00":4,"node01":4,"node02":4}}
{"TracerIdentity":"coord","TraceID":6859133607323662040,"Tag":"OnionReqRecvd","Body":{"ClientId":"client1","OldExitAddr":"","OldRelayAddr":"","OldGuardAddr":""},"VectorClock":{"client1":4,"coord":16,"node00":4,"node01":4,"node02":4}}
{"TracerIdentity":"coord","TraceID":6859133607323662040,"Tag":"OnionRes","Body":{"ClientId":"client1","ExitAddr":"127.0.0.1:50101","RelayAddr":"127.0.0.1:50102","GuardAddr":"127.0.0.1:50100"},"VectorClock":{"client1":4,"coord":17,"node00":4,"node01":4,"node02":4}}
{"TracerIdentity":"coord","TraceID":6859133607323662040,"Tag":"GenerateTokenTrace","Body":{"Token":"pWNvb3Jkz18wiayzeHbYhaVjb29yZBKmbm9kZTAwBKZub2RlMDEEpm5vZGUwMgSnY2xpZW50MQQ="},"VectorClock":{"client1":4,"coord":18,"node00":4,"node01":4,"node02":4}}
{"TracerIdentity":"client1","TraceID":6859133607323662040,"Tag":"ReceiveTokenTrace","Body":{"Token":"pWNvb3Jkz18wiayzeHbYhaVjb29yZBKmbm9kZTAwBKZub2RlMDEEpm5vZGUwMgSnY2xpZW50MQQ="},"VectorClock":{"client1":5,"coord":18,"node00":4,"node01":4,"node02":4}}
{"TracerIdentity":"client1","TraceID":6859133607323662040,"Tag":"OnionResRecvd","Body":{"ClientId":"client1","ExitAddr":"127.0.0.1:50101","RelayAddr":"127.0.0.1:50102","GuardAddr":"127.0.0.1:50100"},"VectorClock":{"client1":6,"coord":18,"node00":4,"node01":4,"node02":4}}
{"TracerIdentity":"client1","TraceID":6859133607323662040,"Tag":"SharedSecretReq","Body":{"ClientId":"client1","NodeType":"Guard","PublicKey":{"Curve":{"P":115792089210356248762697446949407573530086143415290314195533631308867097853951,"N":115792089210356248762697446949407573529996955224135760342422259061068512044369,"B":41058363725152142129326129780047268409114441015993725554835256314039467401291,"Gx":48439561293906451759052585252797914202762949526041747995844080717082404635286,"Gy":36134250956749795798585127919587881956611106672985015071877198253568414405109,"BitSize":256,"Name":"P-256"},"X":112432607604871828870083307954126878092332603055320877848241642341292961693688,"Y":6649213252684510980950697730298910868125148295097946494105699756511293507920}},"VectorClock":{"client1":7,"coord":18,"node00":4,"node01":4,"node02":4}}
{"TracerIdentity":"client1","TraceID":6859133607323662040,"Tag":"GenerateTokenTrace","Body":{"Token":"p2NsaWVudDHPXzCJrLN4dtiFpm5vZGUwMASmbm9kZTAxBKZub2RlMDIEp2NsaWVudDEIpWNvb3JkEg=="},"VectorClock":{"client1":8,"coord":18,"node00":4,"node01":4,"node02":4}}
{"TracerIdentity":"node00","TraceID":6859133607323662040,"Tag":"ReceiveTokenTrace","Body":{"Token":"p2NsaWVudDHPXzCJrLN4dtiFpm5vZGUwMASmbm9kZTAxBKZub2RlMDIEp2NsaWVudDEIpWNvb3JkEg=="},"VectorClock":{"client1":8,"coord":18,"node00":7,"node01":4,"node02":4}}
{"TracerIdentity":"node00","TraceID":6859133607323662040,"Tag":"PublicKeyRecvd","Body":{"PublicKey":{"Curve":{"P":115792089210356248762697446949407573530086143415290314195533631308867097853951,"N":115792089210356248762697446949407573529996955224135760342422259061068512044369,"B":41058363725152142129326129780047268409114441015993725554835256314039467401291,"Gx":48439561293906451759052585252797914202762949526041747995844080717082404635286,"Gy":36134250956749795798585127919587881956611106672985015071877198253568414405109,"BitSize":256,"Name":"P-256"},"X":112432607604871828870083307954126878092332603055320877848241642341292961693688,"Y":6649213252684510980950697730298910868125148295097946494105699756511293507920}},"VectorClock":{"client1":8,"coord":18,"node00":8,"node01":4,"node02":4}}
{"TracerIdentity":"node00","TraceID":6859133607323662040,"Tag":"PublicKeySent","Body":{"PublicKey":{"Curve":{"P":115792089210356248762697446949407573530086143415290314195533631308867097853951,"N":115792089210356248762697446949407573529996955224135760342422259061068512044369,"B":41058363725152142129326129780047268409114441015993725554835256314039467401291,"Gx":48439561293906451759052585252797914202762949526041747995844080717082404635286,"Gy":36134250956749795798585127919587881956611106672985015071877198253568414405109,"BitSize":256,"Name":"P-256"},"X":93480887525959954664391971840262028392341169103080235667724366190080146916989,"Y":52286630035781789245974397410052552201892016725079823233667467520457503322383}},"VectorClock":{"client1":8,"coord":18,"node00":9,"node01":4,"node02":4}}
{"TracerIdentity":"node00","TraceID":6859133607323662040,"Tag":"GenerateTokenTrace","Body":{"Token":"pm5vZGUwMM9fMImss3h22IWmbm9kZTAwCqVjb29yZBKmbm9kZTAxBKZub2RlMDIEp2NsaWVudDEI"},"VectorClock":{"client1":8,"coord":18,"node00":10,"node01":4,"node02":4}}
{"TracerIdentity":"client1","TraceID":6859133607323662040,"Tag":"ReceiveTokenTrace","Body":{"Token":"pm5vZGUwMM9fMImss3h22IWmbm9kZTAwCqVjb29yZBKmbm9kZTAxBKZub2RlMDIEp2NsaWVudDEI"},"VectorClock":{"client1":9,"coord":18,"node00":10,"node01":4,"node02":4}}
{"TracerIdentity":"client1","TraceID":6859133607323662040,"Tag":"PublicKeyRecvd","Body":{"PublicKey":{"Curve":{"P":115792089210356248762697446949407573530086143415290314195533631308867097853951,"N":115792089210356248762697446949407573529996955224135760342422259061068512044369,"B":41058363725152142129326129780047268409114441015993725554835256314039467401291,"Gx":48439561293906451759052585252797914202762949526041747995844080717082404635286,"Gy":36134250956749795798585127919587881956611106672985015071877198253568414405109,"BitSize":256,"Name":"P-256"},"X":93480887525959954664391971840262028392341169103080235667724366190080146916989,"Y":52286630035781789245974397410052552201892016725079823233667467520457503322383}},"VectorClock":{"client1":10,"coord":18,"node00":10,"node01":4,"node02":4}}
{"TracerIdentity":"client1","TraceID":6859133607323662040,"Tag":"SharedSecretReq","Body":{"ClientId":"client1","NodeType":"Relay","PublicKey":{"Curve":{"P":115792089210356248762697446949407573530086143415290314195533631308867097853951,"N":115792089210356248762697446949407573529996955224135760342422259061068512044369,"B":41058363725152142129326129780047268409114441015993725554835256314039467401291,"Gx":48439561293906451759052585252797914202762949526041747995844080717082404635286,"Gy":36134250956749795798585127919587881956611106672985015071877198253568414405109,"BitSize":256,"Name":"P-256"},"X":33434906007457695604144191132116737093164772604807550810965516314620497925449,"Y":30696283407294419891354859698017335320138463954622655091116140294628324493239}},"VectorClock":{"client1":11,"coord":18,"node00":10,"node01":4,"node02":4}}
{"TracerIdentity":"client1","TraceID":6859133607323662040,"Tag":"GenerateTokenTrace","Body":{"Token":"p2NsaWVudDHPXzCJrLN4dtiFpWNvb3JkEqZub2RlMDAKpm5vZGUwMQSmbm9kZTAyBKdjbGllbnQxDA=="},"VectorClock":{"client1":12,"coord":18,"node00":10,"node01":4,"node02":4}}
{"TracerIdentity":"node02","TraceID":6859133607323662040,"Tag":"ReceiveTokenTrace","Body":{"Token":"p2NsaWVudDHPXzCJrLN4dtiFpWNvb3JkEqZub2RlMDAKpm5vZGUwMQSmbm9kZTAyBKdjbGllbnQxDA=="},"VectorClock":{"client1":12,"coord":18,"node00":10,"node01":4,"node02":7}}
{"TracerIdentity":"node02","TraceID":6859133607323662040,"Tag":"PublicKeyRecvd","Body":{"PublicKey":{"Curve":{"P":115792089210356248762697446949407573530086143415290314195533631308867097853951,"N":115792089210356248762697446949407573529996955224135760342422259061068512044369,"B":41058363725152142129326129780047268409114441015993725554835256314039467401291,"Gx":48439561293906451759052585252797914202762949526041747995844080717082404635286,"Gy":36134250956749795798585127919587881956611106672985015071877198253568414405109,"BitSize":256,"Name":"P-256"},"X":33434906007457695604144191132116737093164772604807550810965516314620497925449,"Y":30696283407294419891354859698017335320138463954622655091116140294628324493239}},"VectorClock":{"client1":12,"coord":18,"node00":10,"node01":4,"node02":8}}
{"TracerIdentity":"node02","TraceID":6859133607323662040,"Tag":"PublicKeySent","Body":{"PublicKey":{"Curve":{"P":115792089210356248762697446949407573530086143415290314195533631308867097853951,"N":115792089210356248762697446949407573529996955224135760342422259061068512044369,"B":41058363725152142129326129780047268409114441015993725554835256314039467401291,"Gx":48439561293906451759052585252797914202762949526041747995844080717082404635286,"Gy":36134250956749795798585127919587881956611106672985015071877198253568414405109,"BitSize":256,"Name":"P-256"},"X":39233156359507215139429148196606406964494401525605507920951687225848047297004,"Y":50480170689390553687771804569650941102037362151378249039104665950444817484402}},"VectorClock":{"client1":12,"coord":18,"node00":10,"node01":4,"node02":9}}
{"TracerIdentity":"node02","TraceID":6859133607323662040,"Tag":"GenerateTokenTrace","Body":{"Token":"pm5vZGUwMs9fMImss3h22IWlY29vcmQSpm5vZGUwMAqnY2xpZW50MQymbm9kZTAyCqZub2RlMDEE"},"VectorClock":{"client1":12,"coord":18,"node00":10,"node01":4,"node02":10}}
{"TracerIdentity":"client1","TraceID":6859133607323662040,"Tag":"ReceiveTokenTrace","Body":{"Token":"pm5vZGUwMs9fMImss3h22IWlY29vcmQSpm5vZGUwMAqnY2xpZW50MQymbm9kZTAyCqZub2RlMDEE"},"VectorClock":{"client1":13,"coord":18,"node00":10,"node01":4,"node02":10}}
{"TracerIdentity":"client1","TraceID":6859133607323662040,"Tag":"PublicKeyRecvd","Body":{"PublicKey":{"Curve":{"P":115792089210356248762697446949407573530086143415290314195533631308867097853951,"N":115792089210356248762697446949407573529996955224135760342422259061068512044369,"B":41058363725152142129326129780047268409114441015993725554835256314039467401291,"Gx":48439561293906451759052585252797914202762949526041747995844080717082404635286,"Gy":36134250956749795798585127919587881956611106672985015071877198253568414405109,"BitSize":256,"Name":"P-256"},"X":39233156359507215139429148196606406964494401525605507920951687225848047297004,"Y":50480170689390553687771804569650941102037362151378249039104665950444817484402}},"VectorClock":{"client1":14,"coord":18,"node00":10,"node01":4,"node02":10}}
{"TracerIdentity":"client1","TraceID":6859133607323662040,"Tag":"SharedSecretReq","Body":{"ClientId":"client1","NodeType":"Exit","PublicKey":{"Curve":{"P":115792089210356248762697446949407573530086143415290314195533631308867097853951,"N":115792089210356248762697446949407573529996955224135760342422259061068512044369,"B":41058363725152142129326129780047268409114441015993725554835256314039467401291,"Gx":48439561293906451759052585252797914202762949526041747995844080717082404635286,"Gy":36134250956749795798585127919587881956611106672985015071877198253568414405109,"BitSize":256,"Name":"P-256"},"X":70113772077654413610937966832096160587477999888602394254725116263424238339496,"Y":77376916120955036131921699847150565420855682946712624284271406755607842463743}},"VectorClock":{"client1":15,"coord":18,"node00":10,"node01":4,"node02":10}}
{"TracerIdentity":"client1","TraceID":6859133607323662040,"Tag":"GenerateTokenTrace","Body":{"Token":"p2NsaWVudDHPXzCJrLN4dtiFpm5vZGUwMQSmbm9kZTAyCqdjbGllbnQxEKVjb29yZBKmbm9kZTAwCg=="},"VectorClock":{"client1":16,"coord":18,"node00":10,"node01":4,"node02":10}}
{"TracerIdentity":"node01","TraceID":6859133607323662040,"Tag":"ReceiveTokenTrace","Body":{"Token":"p2NsaWVudDHPXzCJrLN4dtiFpm5vZGUwMQSmbm9kZTAyCqdjbGllbnQxEKVjb29yZBKmbm9kZTAwCg=="},"VectorClock":{"client1":16,"coord":18,"node00":10,"node01":7,"node02":10}}
{"TracerIdentity":"node01","TraceID":6859133607323662040,"Tag":"PublicKeyRecvd","Body":{"PublicKey":{"Curve":{"P":115792089210356248762697446949407573530086143415290314195533631308867097853951,"N":115792089210356248762697446949407573529996955224135760342422259061068512044369,"B":41058363725152142129326129780047268409114441015993725554835256314039467401291,"Gx":48439561293906451759052585252797914202762949526041747995844080717082404635286,"Gy":36134250956749795798585127919587881956611106672985015071877198253568414405109,"BitSize":256,"Name":"P-256"},"X":70113772077654413610937966832096160587477999888602394254725116263424238339496,"Y":77376916120955036131921699847150565420855682946712624284271406755607842463743}},"VectorClock":{"client1":16,"coord":18,"node00":10,"node01":8,"node02":10}}
{"TracerIdentity":"node01","TraceID":6859133607323662040,"Tag":"PublicKeySent","Body":{"PublicKey":{"Curve":{"P":115792089210356248762697446949407573530086143415290314195533631308867097853951,"N":115792089210356248762697446949407573529996955224135760342422259061068512044369,"B":41058363725152142129326129780047268409114441015993725554835256314039467401291,"Gx":48439561293906451759052585252797914202762949526041747995844080717082404635286,"Gy":36134250956749795798585127919587881956611106672985015071877198253568414405109,"BitSize":256,"Name":"P-256"},"X":23006250520309730655842341419717971250234816234871036999682729417649501939168,"Y":67510142696940201117204228017899114603218586084441431208903903302629225910999}},"VectorClock":{"client1":16,"coord":18,"node00":10,"node01":9,"node02":10}}
{"TracerIdentity":"node01","TraceID":6859133607323662040,"Tag":"GenerateTokenTrace","Body":{"Token":"pm5vZGUwMc9fMImss3h22IWmbm9kZTAwCqZub2RlMDIKp2NsaWVudDEQpm5vZGUwMQqlY29vcmQS"},"VectorClock":{"client1":16,"coord":18,"node00":10,"node01":10,"node02":10}}
{"TracerIdentity":"client1","TraceID":6859133607323662040,"Tag":"ReceiveTokenTrace","Body":{"Token":"pm5vZGUwMc9fMImss3h22IWmbm9kZTAwCqZub2RlMDIKp2NsaWVudDEQpm5vZGUwMQqlY29vcmQS"},"VectorClock":{"client1":17,"coord":18,"node00":10,"node01":10,"node02":10}}
{"TracerIdentity":"client1","TraceID":6859133607323662040,"Tag":"PublicKeyRecvd","Body":{"PublicKey":{"Curve":{"P":115792089210356248762697446949407573530086143415290314195533631308867097853951,"N":115792089210356248762697446949407573529996955224135760342422259061068512044369,"B":41058363725152142129326129780047268409114441015993725554835256314039467401291,"Gx":48439561293906451759052585252797914202762949526041747995844080717082404635286,"Gy":36134250956749795798585127919587881956611106672985015071877198253568414405109,"BitSize":256,"Name":"P-256"},"X":23006250520309730655842341419717971250234816234871036999682729417649501939168,"Y":67510142696940201117204228017899114603218586084441431208903903302629225910999}},"VectorClock":{"client1":18,"coord":18,"node00":10,"node01":10,"node02":10}}
{"TracerIdentity":"client1","TraceID":6859133607323662040,"Tag":"RpcCall","Body":{"ClientId":"client1","ServiceMethod":"Server.Add"},"VectorClock":{"client1":19,"coord":18,"node00":10,"node01":10,"node02":10}}
{"TracerIdentity":"client1","TraceID":6859133607323662040,"Tag":"GenerateTokenTrace","Body":{"Token":"p2NsaWVudDHPXzCJrLN4dtiFpm5vZGUwMgqnY2xpZW50MRSlY29vcmQSpm5vZGUwMAqmbm9kZTAxCg=="},"VectorClock":{"client1":20,"coord":18,"node00":10,"node01":10,"node02":10}}
{"TracerIdentity":"node00","TraceID":6859133607323662040,"Tag":"ReceiveTokenTrace","Body":{"Token":"p2NsaWVudDHPXzCJrLN4dtiFpm5vZGUwMgqnY2xpZW50MRSlY29vcmQSpm5vZGUwMAqmbm9kZTAxCg=="},"VectorClock":{"client1":20,"coord":18,"node00":11,"node01":10,"node02":10}}
{"TracerIdentity":"node00","TraceID":6859133607323662040,"Tag":"ReqGuardLayer","Body":{"RelayListenAddr":"127.0.0.1:50102","RelaySessionId":"3059301306072a8648ce3d020106082a8648ce3d0301070342000456bd2df8cbb0091ff5f7edfa063562dba26bd854cfd40daec3442a3ccfcf61ec6f9ac39c16a049c73ddeca1488cb40af6b1a36577ea8a1e46fa42737895c0a72","Encrypted":"UAy6YBXSCiMiKsD8jfzcYnnOP6/BER4Bc6OqUEtyLkh0CHKnxWD/dc3PJoj+HLz36yWXG3dPnvA/34Gwz2jOuzYyMAIghDD8EMb/Bo1dTRAZC3O/ZOSO1kg+3e5Yng22DZwBrMBA9DZ6zFgxIBdf5kog4cRYUSKsmYkJj35qlpWR5rFbiK6f9dqv4cLayF2dSKbxUMcQCTtqfAz3xQCKcJz6EAOMN7ouCCcIxda21oskxOVJ89N/+aeFh/4+f2Jld+hzqllZjERZ5TVtFgeYhR0MQ5OFy90xltjOpOE7db1rs1YbessVbz8HS93CNK8sOsr5WNDb1XyBFrv9TaQ7R22g/Rna3iqzAyTQr074YZq51mm5WjyTqPVgd2W0wx0z55MuEZVSyXT8SOhm97kGY93JCr/52sJOznnXW1aYbxvV1ClGacQs/3l1g+q5pklD7W1iuiCgi0emawR4yivf6yISwGR4iSR1CYNTtFpLXW8tbZ+eKFw1grIXUDDdZzkDji06y8OXQ2a6rGpdJi2Cxs+/SNQClwrEGBGDucHZEpVxKiMDwO3wAgS87mTwqailyHWQFKjr/b8="},"VectorClock":{"client1":20,"coord":18,"node00":12,"node01":10,"node02":10}}
{"TracerIdentity":"node00","TraceID":6859133607323662040,"Tag":"GenerateTokenTrace","Body":{"Token":"pm5vZGUwMM9fMImss3h22IWnY2xpZW50MRSmbm9kZTAwDaVjb29yZBKmbm9kZTAxCqZub2RlMDIK"},"VectorClock":{"client1":20,"coord":18,"node00":13,"node01":10,"node02":10}}
{"TracerIdentity":"node02","TraceID":6859133607323662040,"Tag":"ReceiveTokenTrace","Body":{"Token":"pm5vZGUwMM9fMImss3h22IWnY2xpZW50MRSmbm9kZTAwDaVjb29yZBKmbm9kZTAxCqZub2RlMDIK"},"VectorClock":{"client1":20,"coord":18,"node00":13,"node01":10,"node02":11}}
{"TracerIdentity":"node02","TraceID":6859133607323662040,"Tag":"ReqRelayLayer","Body":{"ExitListenAddr":"127.0.0.1:50101","ExitSessionId":"3059301306072a8648ce3d020106082a8648ce3d0301070342000432dd138b5785cd72f8e8f660fa6c4848ae0509fa801c863288e6d583023ea5e0954162fd40b4f139541c6f86a3049f9c28f8c7ea3882cb073303cf4b9e6bd2d7","Encrypted":"cq8sRYsQDYBZtj5aDkwUNT7ORQVDMeP1v0Pvct827R/U9eJIiH/Wid258TsoIz7gztICLOSJQQg58LnAlnF5yqu56EPo7tU5GfDFAJJF8hvge9zHf32x36tMBOoN61bjyWgq0qNLW53ODYxXVdZuR54oKGgH/wQ="},"VectorClock":{"client1":20,"coord":18,"node00":13,"node01":10,"node02":12}}
{"TracerIdentity":"node02","TraceID":6859133607323662040,"Tag":"GenerateTokenTrace","Body":{"Token":"pm5vZGUwMs9fMImss3h22IWmbm9kZTAyDaZub2RlMDEKpWNvb3JkEqZub2RlMDANp2NsaWVudDEU"},"VectorClock":{"client1":20,"coord":18,"node00":13,"node01":10,"node02":13}}
{"TracerIdentity":"node01","TraceID":6859133607323662040,"Tag":"ReceiveTokenTrace","Body":{"Token":"pm5vZGUwMs9fMImss3h22IWmbm9kZTAyDaZub2RlMDEKpWNvb3JkEqZub2RlMDANp2NsaWVudDEU"},"VectorClock":{"client1":20,"coord":18,"node00":13,"node01":11,"node02":13}}
{"TracerIdentity":"node01","TraceID":6859133607323662040,"Tag":"ReqExitLayer","Body":{"Args":{"A":1,"B":1},"ServiceMethod":"Server.Add","ServerAddr":":4322","Res":{"Result":0}},"VectorClock":{"client1":20,"coord":18,"node00":13,"node01":12,"node02":13}}
{"TracerIdentity":"node01","TraceID":6859133607323662040,"Tag":"GenerateTokenTrace","Body":{"Token":"pm5vZGUwMc9fMImss3h22IWmbm9kZTAwDaZub2RlMDINp2NsaWVudDEUpm5vZGUwMQ2lY29vcmQS"},"VectorClock":{"client1":20,"coord":18,"node00":13,"node01":13,"node02":13}}
{"TracerIdentity":"server1","TraceID":6859133607323662040,"Tag":"ReceiveTokenTrace","Body":{"Token":"pm5vZGUwMc9fMImss3h22IWmbm9kZTAwDaZub2RlMDINp2NsaWVudDEUpm5vZGUwMQ2lY29vcmQS"},"VectorClock":{"client1":20,"coord":18,"node00":13,"node01":13,"node02":13,"server1":3}}
{"TracerIdentity":"server1","TraceID":6859133607323662040,"Tag":"Request","Body":{"Token":"pm5vZGUwMc9fMImss3h22IWmbm9kZTAwDaZub2RlMDINp2NsaWVudDEUpm5vZGUwMQ2lY29vcmQS","Args":{"A":1,"B":1}},"VectorClock":{"client1":20,"coord":18,"node00":13,"node01":13,"node02":13,"server1":4}}
{"TracerIdentity":"server1","TraceID":6859133607323662040,"Tag":"Response","Body":{"Token":null,"Res":{"Result":2,"Token":null}},"VectorClock":{"client1":20,"coord":18,"node00":13,"node01":13,"node02":13,"server1":5}}
{"TracerIdentity":"server1","TraceID":6859133607323662040,"Tag":"GenerateTokenTrace","Body":{"Token":"p3NlcnZlcjHPXzCJrLN4dtiGp3NlcnZlcjEGpm5vZGUwMA2mbm9kZTAyDadjbGllbnQxFKZub2RlMDENpWNvb3JkEg=="},"VectorClock":{"client1":20,"coord":18,"node00":13,"node01":13,"node02":13,"server1":6}}
{"TracerIdentity":"node01","TraceID":6859133607323662040,"Tag":"ReceiveTokenTrace","Body":{"Token":"p3NlcnZlcjHPXzCJrLN4dtiGp3NlcnZlcjEGpm5vZGUwMA2mbm9kZTAyDadjbGllbnQxFKZub2RlMDENpWNvb3JkEg=="},"VectorClock":{"client1":20,"coord":18,"node00":13,"node01":14,"node02":13,"server1":6}}
{"TracerIdentity":"node01","TraceID":6859133607323662040,"Tag":"ServerPayloadRecvd","Body":{"Payload":{"Result":2,"Token":null}},"VectorClock":{"client1":20,"coord":18,"node00":13,"node01":15,"node02":13,"server1":6}}
{"TracerIdentity":"node01","TraceID":6859133607323662040,"Tag":"GenerateTokenTrace","Body":{"Token":"pm5vZGUwMc9fMImss3h22Iambm9kZTAwDaZub2RlMDINp2NsaWVudDEUp3NlcnZlcjEGpm5vZGUwMRClY29vcmQS"},"VectorClock":{"client1":20,"coord":18,"node00":13,"node01":16,"node02":13,"server1":6}}
{"TracerIdentity":"node02","TraceID":6859133607323662040,"Tag":"ReceiveTokenTrace","Body":{"Token":"pm5vZGUwMc9fMImss3h22Iambm9kZTAwDaZub2RlMDINp2NsaWVudDEUp3NlcnZlcjEGpm5vZGUwMRClY29vcmQS"},"VectorClock":{"client1":20,"coord":18,"node00":13,"node01":16,"node02":14,"server1":6}}
{"TracerIdentity":"node02","TraceID":6859133607323662040,"Tag":"PayloadRecvd","Body":{"Encrypted":"fWZkZbQadQCctbSIsR7Eqc+6pdDXjn3ZBSMdhAIYrLkKwC4eL1Yx2Y0qWJtpODIHKa4KKeY="},"VectorClock":{"client1":20,"coord":18,"node00":13,"node01":16,"node02":15,"server1":6}}
{"TracerIdentity":"node02","TraceID":6859133607323662040,"Tag":"GenerateTokenTrace","Body":{"Token":"pm5vZGUwMs9fMImss3h22Ianc2VydmVyMQambm9kZTAyEKZub2RlMDEQpWNvb3JkEqZub2RlMDANp2NsaWVudDEU"},"VectorClock":{"client1":20,"coord":18,"node00":13,"node01":16,"node02":16,"server1":6}}
{"TracerIdentity":"node00","TraceID":6859133607323662040,"Tag":"ReceiveTokenTrace","Body":{"Token":"pm5vZGUwMs9fMImss3h22Ianc2VydmVyMQambm9kZTAyEKZub2RlMDEQpWNvb3JkEqZub2RlMDANp2NsaWVudDEU"},"VectorClock":{"client1":20,"coord":18,"node00":14,"node01":16,"node02":16,"server1":6}}
{"TracerIdentity":"node00","TraceID":6859133607323662040,"Tag":"PayloadRecvd","Body":{"Encrypted":"2PKLHIA10Bs2yrp6vglT5IMQKBhayiH42G1LgU+TvXTZo6rORPJU3hWI6HfGBLlmBWSkTDQjJ205d9/ABlaVC/Ms9m0k0bvmZkZuG+r04PTksjOmqCCYGJa+mCaVP6YBrYAFUVAxT2R3tUmDmsHFufHbUWqhhug0IRSawLLkBu3N17y0vsqlKVVJ/5ojceUhj9Wjrvz3R5fhZO4mDT4sOQz472r7dsrUeVcGc+oEZnlqzDPe0L/OCRfZHOdg1b1qdWcZsejwoFbYMn9c4R++q+D9jXDY20g="},"VectorClock":{"client1":20,"coord":18,"node00":15,"node01":16,"node02":16,"server1":6}}
{"TracerIdentity":"node00","TraceID":6859133607323662040,"Tag":"GenerateTokenTrace","Body":{"Token":"pm5vZGUwMM9fMImss3h22IanY2xpZW50MRSnc2VydmVyMQambm9kZTAwEKVjb29yZBKmbm9kZTAxEKZub2RlMDIQ"},"VectorClock":{"client1":20,"coord":18,"node00":16,"node01":16,"node02":16,"server1":6}}
{"TracerIdentity":"client1","TraceID":6859133607323662040,"Tag":"ReceiveTokenTrace","Body":{"Token":"pm5vZGUwMM9fMImss3h22IanY2xpZW50MRSnc2VydmVyMQambm9kZTAwEKVjb29yZBKmbm9kZTAxEKZub2RlMDIQ"},"VectorClock":{"client1":21,"coord":18,"node00":16,"node01":16,"node02":16,"server1":6}}
{"TracerIdentity":"client1","TraceID":6859133607323662040,"Tag":"RpcResRecvd","Body":{"ClientId":"client1","ServiceMethod":"Server.Add","Result":{"Result":2}},"VectorClock":{"client1":22,"coord":18,"node00":16,"node01":16,"node02":16,"server1":6}}
{"TracerIdentity":"node04","TraceID":1836036921485787376,"Tag":"CreateTrace","Body":{},"VectorClock":{"node04":1}}
{"TracerIdentity":"node04","TraceID":1836036921485787376,"Tag":"NodeStart","Body":{"NodeId":"5dfe0a33-9201-45e9-90c4-56be93016183"},"VectorClock":{"node04":2}}
{"TracerIdentity":"node04","TraceID":1836036921485787376,"Tag":"NodeJoining","Body":{"NodeId":"5dfe0a33-9201-45e9-90c4-56be93016183"},"VectorClock":{"node04":3}}
{"TracerIdentity":"node04","TraceID":1836036921485787376,"Tag":"GenerateTokenTrace","Body":{"Token":"pm5vZGUwNM8ZeunaM6mA8IGmbm9kZTA0BA=="},"VectorClock":{"node04":4}}
{"TracerIdentity":"coord","TraceID":1836036921485787376,"Tag":"ReceiveTokenTrace","Body":{"Token":"pm5vZGUwNM8ZeunaM6mA8IGmbm9kZTA0BA=="},"VectorClock":{"client1":4,"coord":19,"node00":4,"node01":4,"node02":4,"node04":4}}
{"TracerIdentity":"coord","TraceID":1836036921485787376,"Tag":"NodeJoiningRecvd","Body":{"NodeId":"5dfe0a33-9201-45e9-90c4-56be93016183"},"VectorClock":{"client1":4,"coord":20,"node00":4,"node01":4,"node02":4,"node04":4}}
{"TracerIdentity":"coord","TraceID":1836036921485787376,"Tag":"NodeJoinedRecvd","Body":{"NodeId":"5dfe0a33-9201-45e9-90c4-56be93016183","Role":"Guard"},"VectorClock":{"client1":4,"coord":21,"node00":4,"node01":4,"node02":4,"node04":4}}
{"TracerIdentity":"coord","TraceID":1836036921485787376,"Tag":"GenerateTokenTrace","Body":{"Token":"pWNvb3Jkzxl66dozqYDwhqdjbGllbnQxBKZub2RlMDQEpWNvb3JkFqZub2RlMDAEpm5vZGUwMQSmbm9kZTAyBA=="},"VectorClock":{"client1":4,"coord":22,"node00":4,"node01":4,"node02":4,"node04":4}}
{"TracerIdentity":"node04","TraceID":1836036921485787376,"Tag":"ReceiveTokenTrace","Body":{"Token":"pWNvb3Jkzxl66dozqYDwhqdjbGllbnQxBKZub2RlMDQEpWNvb3JkFqZub2RlMDAEpm5vZGUwMQSmbm9kZTAyBA=="},"VectorClock":{"client1":4,"coord":22,"node00":4,"node01":4,"node02":4,"node04":5}}
{"TracerIdentity":"node04","TraceID":1836036921485787376,"Tag":"NodeJoined","Body":{"NodeId":"5dfe0a33-9201-45e9-90c4-56be93016183","Role":"Guard"},"VectorClock":{"client1":4,"coord":22,"node00":4,"node01":4,"node02":4,"node04":6}}
{"TracerIdentity":"node05","TraceID":1318653973991485272,"Tag":"CreateTrace","Body":{},"VectorClock":{"node05":1}}
{"TracerIdentity":"node05","TraceID":1318653973991485272,"Tag":"NodeStart","Body":{"NodeId":"e59e8039-6a02-4dfc-8a9f-3f4a4f9f331f"},"VectorClock":{"node05":2}}
{"TracerIdentity":"node05","TraceID":1318653973991485272,"Tag":"NodeJoining","Body":{"NodeId":"e59e8039-6a02-4dfc-8a9f-3f4a4f9f331f"},"VectorClock":{"node05":3}}
{"TracerIdentity":"node05","TraceID":1318653973991485272,"Tag":"GenerateTokenTrace","Body":{"Token":"pm5vZGUwNc8STMzNhWtvWIGmbm9kZTA1BA=="},"VectorClock":{"node05":4}}
{"TracerIdentity":"coord","TraceID":1318653973991485272,"Tag":"ReceiveTokenTrace","Body":{"Token":"pm5vZGUwNc8STMzNhWtvWIGmbm9kZTA1BA=="},"VectorClock":{"client1":4,"coord":23,"node00":4,"node01":4,"node02":4,"node04":4,"node05":4}}
{"TracerIdentity":"coord","TraceID":1318653973991485272,"Tag":"NodeJoiningRecvd","Body":{"NodeId":"e59e8039-6a02-4dfc-8a9f-3f4a4f9f331f"},"VectorClock":{"client1":4,"coord":24,"node00":4,"node01":4,"node02":4,"node04":4,"node05":4}}
{"TracerIdentity":"coord","TraceID":1318653973991485272,"Tag":"NodeJoinedRecvd","Body":{"NodeId":"e59e8039-6a02-4dfc-8a9f-3f4a4f9f331f","Role":"Exit"},"VectorClock":{"client1":4,"coord":25,"node00":4,"node01":4,"node02":4,"node04":4,"node05":4}}
{"TracerIdentity":"coord","TraceID":1318653973991485272,"Tag":"GenerateTokenTrace","Body":{"Token":"pWNvb3JkzxJMzM2Fa29Yh6Zub2RlMDUEpWNvb3JkGqZub2RlMDAEpm5vZGUwMQSmbm9kZTAyBKdjbGllbnQxBKZub2RlMDQE"},"VectorClock":{"client1":4,"coord":26,"node00":4,"node01":4,"node02":4,"node04":4,"node05":4}}
{"TracerIdentity":"node05","TraceID":1318653973991485272,"Tag":"ReceiveTokenTrace","Body":{"Token":"pWNvb3JkzxJMzM2Fa29Yh6Zub2RlMDUEpWNvb3JkGqZub2RlMDAEpm5vZGUwMQSmbm9kZTAyBKdjbGllbnQxBKZub2RlMDQE"},"VectorClock":{"client1":4,"coord":26,"node00":4,"node01":4,"node02":4,"node04":4,"node05":5}}
{"TracerIdentity":"node05","TraceID":1318653973991485272,"Tag":"NodeJoined","Body":{"NodeId":"e59e8039-6a02-4dfc-8a9f-3f4a4f9f331f","Role":"Exit"},"VectorClock":{"client1":4,"coord":26,"node00":4,"node01":4,"node02":4,"node04":4,"node05":6}}
{"TracerIdentity":"node06","TraceID":702300020563278712,"Tag":"CreateTrace","Body":{},"VectorClock":{"node06":1}}
{"TracerIdentity":"node06","TraceID":702300020563278712,"Tag":"NodeStart","Body":{"NodeId":"5db80862-0adf-488d-82f6-a83e820e1f08"},"VectorClock":{"node06":2}}
{"TracerIdentity":"node06","TraceID":702300020563278712,"Tag":"NodeJoining","Body":{"NodeId":"5db80862-0adf-488d-82f6-a83e820e1f08"},"VectorClock":{"node06":3}}
{"TracerIdentity":"node06","TraceID":702300020563278712,"Tag":"GenerateTokenTrace","Body":{"Token":"pm5vZGUwNs8JvxIl02x7eIGmbm9kZTA2BA=="},"VectorClock":{"node06":4}}
{"TracerIdentity":"coord","TraceID":702300020563278712,"Tag":"ReceiveTokenTrace","Body":{"Token":"pm5vZGUwNs8JvxIl02x7eIGmbm9kZTA2BA=="},"VectorClock":{"client1":4,"coord":27,"node00":4,"node01":4,"node02":4,"node04":4,"node05":4,"node06":4}}
{"TracerIdentity":"coord","TraceID":702300020563278712,"Tag":"NodeJoiningRecvd","Body":{"NodeId":"5db80862-0adf-488d-82f6-a83e820e1f08"},"VectorClock":{"client1":4,"coord":28,"node00":4,"node01":4,"node02":4,"node04":4,"node05":4,"node06":4}}
{"TracerIdentity":"coord","TraceID":702300020563278712,"Tag":"NodeJoinedRecvd","Body":{"NodeId":"5db80862-0adf-488d-82f6-a83e820e1f08","Role":"Relay"},"VectorClock":{"client1":4,"coord":29,"node00":4,"node01":4,"node02":4,"node04":4,"node05":4,"node06":4}}
{"TracerIdentity":"coord","TraceID":702300020563278712,"Tag":"GenerateTokenTrace","Body":{"Token":"pWNvb3Jkzwm/EiXTbHt4iKZub2RlMDUEpm5vZGUwNgSlY29vcmQepm5vZGUwMASmbm9kZTAxBKZub2RlMDIEp2NsaWVudDEEpm5vZGUwNAQ="},"VectorClock":{"client1":4,"coord":30,"node00":4,"node01":4,"node02":4,"node04":4,"node05":4,"node06":4}}
{"TracerIdentity":"node06","TraceID":702300020563278712,"Tag":"ReceiveTokenTrace","Body":{"Token":"pWNvb3Jkzwm/EiXTbHt4iKZub2RlMDUEpm5vZGUwNgSlY29vcmQepm5vZGUwMASmbm9kZTAxBKZub2RlMDIEp2NsaWVudDEEpm5vZGUwNAQ="},"VectorClock":{"client1":4,"coord":30,"node00":4,"node01":4,"node02":4,"node04":4,"node05":4,"node06":5}}
{"TracerIdentity":"node06","TraceID":702300020563278712,"Tag":"NodeJoined","Body":{"NodeId":"5db80862-0adf-488d-82f6-a83e820e1f08","Role":"Relay"},"VectorClock":{"client1":4,"coord":30,"node00":4,"node01":4,"node02":4,"node04":4,"node05":4,"node06":6}}
{"TracerIdentity":"node03","TraceID":4412672763846364008,"Tag":"CreateTrace","Body":{},"VectorClock":{"node03":1}}
{"TracerIdentity":"node03","TraceID":4412672763846364008,"Tag":"NodeStart","Body":{"NodeId":"31e10325-19c6-4e00-b350-f5de215ee012"},"VectorClock":{"node03":2}}
{"TracerIdentity":"node03","TraceID":4412672763846364008,"Tag":"NodeJoining","Body":{"NodeId":"31e10325-19c6-4e00-b350-f5de215ee012"},"VectorClock":{"node03":3}}
{"TracerIdentity":"node03","TraceID":4412672763846364008,"Tag":"GenerateTokenTrace","Body":{"Token":"pm5vZGUwM889PPZ/1xqLaIGmbm9kZTAzBA=="},"VectorClock":{"node03":4}}
{"TracerIdentity":"coord","TraceID":4412672763846364008,"Tag":"ReceiveTokenTrace","Body":{"Token":"pm5vZGUwM889PPZ/1xqLaIGmbm9kZTAzBA=="},"VectorClock":{"client1":4,"coord":31,"node00":4,"node01":4,"node02":4,"node03":4,"node04":4,"node05":4,"node06":4}}
{"TracerIdentity":"coord","TraceID":4412672763846364008,"Tag":"NodeJoiningRecvd","Body":{"NodeId":"31e10325-19c6-4e00-b350-f5de215ee012"},"VectorClock":{"client1":4,"coord":32,"node00":4,"node01":4,"node02":4,"node03":4,"node04":4,"node05":4,"node06":4}}
{"TracerIdentity":"coord","TraceID":4412672763846364008,"Tag":"NodeJoinedRecvd","Body":{"NodeId":"31e10325-19c6-4e00-b350-f5de215ee012","Role":"Relay"},"VectorClock":{"client1":4,"coord":33,"node00":4,"node01":4,"node02":4,"node03":4,"node04":4,"node05":4,"node06":4}}
{"TracerIdentity":"coord","TraceID":4412672763846364008,"Tag":"GenerateTokenTrace","Body":{"Token":"pWNvb3Jkzz089n/XGotoiaZub2RlMDIEp2NsaWVudDEEpm5vZGUwNgSlY29vcmQipm5vZGUwMASmbm9kZTAxBKZub2RlMDQEpm5vZGUwNQSmbm9kZTAzBA=="},"VectorClock":{"client1":4,"coord":34,"node00":4,"node01":4,"node02":4,"node03":4,"node04":4,"node05":4,"node06":4}}
{"TracerIdentity":"node03","TraceID":4412672763846364008,"Tag":"ReceiveTokenTrace","Body":{"Token":"pWNvb3Jkzz089n/XGotoiaZub2RlMDIEp2NsaWVudDEEpm5vZGUwNgSlY29vcmQipm5vZGUwMASmbm9kZTAxBKZub2RlMDQEpm5vZGUwNQSmbm9kZTAzBA=="},"VectorClock":{"client1":4,"coord":34,"node00":4,"node01":4,"node02":4,"node03":5,"node04":4,"node05":4,"node06":4}}
{"TracerIdentity":"node03","TraceID":4412672763846364008,"Tag":"NodeJoined","Body":{"NodeId":"31e10325-19c6-4e00-b350-f5de215ee012","Role":"Relay"},"VectorClock":{"client1":4,"coord":34,"node00":4,"node01":4,"node02":4,"node03":6,"node04":4,"node05":4,"node06":4}}
{"TracerIdentity":"client1","TraceID":6859133607323662040,"Tag":"RpcCall","Body":{"ClientId":"client1","ServiceMethod":"Server.Multiply"},"VectorClock":{"client1":23,"coord":18,"node00":16,"node01":16,"node02":16,"server1":6}}
{"TracerIdentity":"client1","TraceID":6859133607323662040,"Tag":"GenerateTokenTrace","Body":{"Token":"p2NsaWVudDHPXzCJrLN4dtiGpm5vZGUwMBCmbm9kZTAxEKZub2RlMDIQp3NlcnZlcjEGp2NsaWVudDEYpWNvb3JkEg=="},"VectorClock":{"client1":24,"coord":18,"node00":16,"node01":16,"node02":16,"server1":6}}
{"TracerIdentity":"client1","TraceID":6859133607323662040,"Tag":"RPCError","Body":{"Error":{}},"VectorClock":{"client1":25,"coord":18,"node00":16,"node01":16,"node02":16,"server1":6}}
{"TracerIdentity":"client1","TraceID":6859133607323662040,"Tag":"GenerateTokenTrace","Body":{"Token":"p2NsaWVudDHPXzCJrLN4dtiGp3NlcnZlcjEGp2NsaWVudDEapWNvb3JkEqZub2RlMDAQpm5vZGUwMRCmbm9kZTAyEA=="},"VectorClock":{"client1":26,"coord":18,"node00":16,"node01":16,"node02":16,"server1":6}}
{"TracerIdentity":"client1","TraceID":6859133607323662040,"Tag":"RPCError","Body":{"Error":{}},"VectorClock":{"client1":27,"coord":18,"node00":16,"node01":16,"node02":16,"server1":6}}
{"TracerIdentity":"client1","TraceID":6859133607323662040,"Tag":"GenerateTokenTrace","Body":{"Token":"p2NsaWVudDHPXzCJrLN4dtiGpWNvb3JkEqZub2RlMDAQpm5vZGUwMRCmbm9kZTAyEKdzZXJ2ZXIxBqdjbGllbnQxHA=="},"VectorClock":{"client1":28,"coord":18,"node00":16,"node01":16,"node02":16,"server1":6}}
{"TracerIdentity":"client1","TraceID":6859133607323662040,"Tag":"RPCError","Body":{"Error":{}},"VectorClock":{"client1":29,"coord":18,"node00":16,"node01":16,"node02":16,"server1":6}}
{"TracerIdentity":"coord","TraceID":7585812376033818860,"Tag":"NodeFail","Body":{"NodeId":"3f9fbd3d-d5b4-4101-abac-14fa2576bd59","Type":"Guard"},"VectorClock":{"client1":4,"coord":35,"node00":4,"node01":4,"node02":4,"node03":4,"node04":4,"node05":4,"node06":4}}
{"TracerIdentity":"coord","TraceID":7585812376033818860,"Tag":"NodeFailHandled","Body":{},"VectorClock":{"client1":4,"coord":36,"node00":4,"node01":4,"node02":4,"node03":4,"node04":4,"node05":4,"node06":4}}
{"TracerIdentity":"coord","TraceID":7585812376033818860,"Tag":"NodeFail","Body":{"NodeId":"2b2a492a-a173-4652-a61c-dd36e468b844","Type":"Exit"},"VectorClock":{"client1":4,"coord":37,"node00":4,"node01":4,"node02":4,"node03":4,"node04":4,"node05":4,"node06":4}}
{"TracerIdentity":"coord","TraceID":7585812376033818860,"Tag":"NodeFailHandled","Body":{},"VectorClock":{"client1":4,"coord":38,"node00":4,"node01":4,"node02":4,"node03":4,"node04":4,"node05":4,"node06":4}}
{"TracerIdentity":"coord","TraceID":7585812376033818860,"Tag":"NodeFail","Body":{"NodeId":"322f76d1-2ed2-4ea4-b62b-bd1dd53fa52f","Type":"Relay"},"VectorClock":{"client1":4,"coord":39,"node00":4,"node01":4,"node02":4,"node03":4,"node04":4,"node05":4,"node06":4}}
{"TracerIdentity":"coord","TraceID":7585812376033818860,"Tag":"NodeFailHandled","Body":{},"VectorClock":{"client1":4,"coord":40,"node00":4,"node01":4,"node02":4,"node03":4,"node04":4,"node05":4,"node06":4}}
{"TracerIdentity":"client1","TraceID":6859133607323662040,"Tag":"RPCTimeOut","Body":{},"VectorClock":{"client1":30,"coord":18,"node00":16,"node01":16,"node02":16,"server1":6}}
{"TracerIdentity":"client1","TraceID":6859133607323662040,"Tag":"OnionReq","Body":{"ClientId":"client1","OldExitAddr":"127.0.0.1:50101","OldRelayAddr":"127.0.0.1:50102","OldGuardAddr":"127.0.0.1:50100"},"VectorClock":{"client1":31,"coord":18,"node00":16,"node01":16,"node02":16,"server1":6}}
{"TracerIdentity":"client1","TraceID":6859133607323662040,"Tag":"GenerateTokenTrace","Body":{"Token":"p2NsaWVudDHPXzCJrLN4dtiGpm5vZGUwMRCmbm9kZTAyEKdzZXJ2ZXIxBqdjbGllbnQxIKVjb29yZBKmbm9kZTAwEA=="},"VectorClock":{"client1":32,"coord":18,"node00":16,"node01":16,"node02":16,"server1":6}}
{"TracerIdentity":"coord","TraceID":6859133607323662040,"Tag":"ReceiveTokenTrace","Body":{"Token":"p2NsaWVudDHPXzCJrLN4dtiGpm5vZGUwMRCmbm9kZTAyEKdzZXJ2ZXIxBqdjbGllbnQxIKVjb29yZBKmbm9kZTAwEA=="},"VectorClock":{"client1":32,"coord":41,"node00":16,"node01":16,"node02":16,"node03":4,"node04":4,"node05":4,"node06":4,"server1":6}}
{"TracerIdentity":"coord","TraceID":6859133607323662040,"Tag":"OnionReqRecvd","Body":{"ClientId":"client1","OldExitAddr":"127.0.0.1:50101","OldRelayAddr":"127.0.0.1:50102","OldGuardAddr":"127.0.0.1:50100"},"VectorClock":{"client1":32,"coord":42,"node00":16,"node01":16,"node02":16,"node03":4,"node04":4,"node05":4,"node06":4,"server1":6}}
{"TracerIdentity":"coord","TraceID":6859133607323662040,"Tag":"OnionRes","Body":{"ClientId":"client1","ExitAddr":"127.0.0.1:50105","RelayAddr":"127.0.0.1:50103","GuardAddr":"127.0.0.1:50104"},"VectorClock":{"client1":32,"coord":43,"node00":16,"node01":16,"node02":16,"node03":4,"node04":4,"node05":4,"node06":4,"server1":6}}
{"TracerIdentity":"coord","TraceID":6859133607323662040,"Tag":"GenerateTokenTrace","Body":{"Token":"pWNvb3Jkz18wiayzeHbYiqZub2RlMDQEpm5vZGUwNQSmbm9kZTAzBKVjb29yZCymbm9kZTAwEKZub2RlMDEQp3NlcnZlcjEGpm5vZGUwMhCnY2xpZW50MSCmbm9kZTA2BA=="},"VectorClock":{"client1":32,"coord":44,"node00":16,"node01":16,"node02":16,"node03":4,"node04":4,"node05":4,"node06":4,"server1":6}}
{"TracerIdentity":"client1","TraceID":6859133607323662040,"Tag":"ReceiveTokenTrace","Body":{"Token":"pWNvb3Jkz18wiayzeHbYiqZub2RlMDQEpm5vZGUwNQSmbm9kZTAzBKVjb29yZCymbm9kZTAwEKZub2RlMDEQp3NlcnZlcjEGpm5vZGUwMhCnY2xpZW50MSCmbm9kZTA2BA=="},"VectorClock":{"client1":33,"coord":44,"node00":16,"node01":16,"node02":16,"node03":4,"node04":4,"node05":4,"node06":4,"server1":6}}
{"TracerIdentity":"client1","TraceID":6859133607323662040,"Tag":"OnionResRecvd","Body":{"ClientId":"client1","ExitAddr":"127.0.0.1:50105","RelayAddr":"127.0.0.1:50103","GuardAddr":"127.0.0.1:50104"},"VectorClock":{"client1":34,"coord":44,"node00":16,"node01":16,"node02":16,"node03":4,"node04":4,"node05":4,"node06":4,"server1":6}}
{"TracerIdentity":"client1","TraceID":6859133607323662040,"Tag":"SharedSecretReq","Body":{"ClientId":"client1","NodeType":"Guard","PublicKey":{"Curve":{"P":115792089210356248762697446949407573530086143415290314195533631308867097853951,"N":115792089210356248762697446949407573529996955224135760342422259061068512044369,"B":41058363725152142129326129780047268409114441015993725554835256314039467401291,"Gx":48439561293906451759052585252797914202762949526041747995844080717082404635286,"Gy":36134250956749795798585127919587881956611106672985015071877198253568414405109,"BitSize":256,"Name":"P-256"},"X":44159387180057522044323927786073685953485460376875342340839360581871289675101,"Y":92268167762594327511560622017987915562531695859315250507983230230006976392040}},"VectorClock":{"client1":35,"coord":44,"node00":16,"node01":16,"node02":16,"node03":4,"node04":4,"node05":4,"node06":4,"server1":6}}
{"TracerIdentity":"client1","TraceID":6859133607323662040,"Tag":"GenerateTokenTrace","Body":{"Token":"p2NsaWVudDHPXzCJrLN4dtiKpWNvb3JkLKZub2RlMDAQpm5vZGUwMRCmbm9kZTA1BKZub2RlMDMEpm5vZGUwNASnY2xpZW50MSSmbm9kZTAyEKdzZXJ2ZXIxBqZub2RlMDYE"},"VectorClock":{"client1":36,"coord":44,"node00":16,"node01":16,"node02":16,"node03":4,"node04":4,"node05":4,"node06":4,"server1":6}}
{"TracerIdentity":"node04","TraceID":6859133607323662040,"Tag":"ReceiveTokenTrace","Body":{"Token":"p2NsaWVudDHPXzCJrLN4dtiKpWNvb3JkLKZub2RlMDAQpm5vZGUwMRCmbm9kZTA1BKZub2RlMDMEpm5vZGUwNASnY2xpZW50MSSmbm9kZTAyEKdzZXJ2ZXIxBqZub2RlMDYE"},"VectorClock":{"client1":36,"coord":44,"node00":16,"node01":16,"node02":16,"node03":4,"node04":7,"node05":4,"node06":4,"server1":6}}
{"TracerIdentity":"node04","TraceID":6859133607323662040,"Tag":"PublicKeyRecvd","Body":{"PublicKey":{"Curve":{"P":115792089210356248762697446949407573530086143415290314195533631308867097853951,"N":115792089210356248762697446949407573529996955224135760342422259061068512044369,"B":41058363725152142129326129780047268409114441015993725554835256314039467401291,"Gx":48439561293906451759052585252797914202762949526041747995844080717082404635286,"Gy":36134250956749795798585127919587881956611106672985015071877198253568414405109,"BitSize":256,"Name":"P-256"},"X":44159387180057522044323927786073685953485460376875342340839360581871289675101,"Y":92268167762594327511560622017987915562531695859315250507983230230006976392040}},"VectorClock":{"client1":36,"coord":44,"node00":16,"node01":16,"node02":16,"node03":4,"node04":8,"node05":4,"node06":4,"server1":6}}
{"TracerIdentity":"node04","TraceID":6859133607323662040,"Tag":"PublicKeySent","Body":{"PublicKey":{"Curve":{"P":115792089210356248762697446949407573530086143415290314195533631308867097853951,"N":115792089210356248762697446949407573529996955224135760342422259061068512044369,"B":41058363725152142129326129780047268409114441015993725554835256314039467401291,"Gx":48439561293906451759052585252797914202762949526041747995844080717082404635286,"Gy":36134250956749795798585127919587881956611106672985015071877198253568414405109,"BitSize":256,"Name":"P-256"},"X":14082981850219630106716616470419318257381912691881171140415747338769099737057,"Y":55776960166517852011767973145185909866971967072811350681992099066745005990425}},"VectorClock":{"client1":36,"coord":44,"node00":16,"node01":16,"node02":16,"node03":4,"node04":9,"node05":4,"node06":4,"server1":6}}
{"TracerIdentity":"node04","TraceID":6859133607323662040,"Tag":"GenerateTokenTrace","Body":{"Token":"pm5vZGUwNM9fMImss3h22IqnY2xpZW50MSSmbm9kZTA2BKdzZXJ2ZXIxBqZub2RlMDUEpWNvb3JkLKZub2RlMDMEpm5vZGUwNAqmbm9kZTAwEKZub2RlMDEQpm5vZGUwMhA="},"VectorClock":{"client1":36,"coord":44,"node00":16,"node01":16,"node02":16,"node03":4,"node04":10,"node05":4,"node06":4,"server1":6}}
{"TracerIdentity":"client1","TraceID":6859133607323662040,"Tag":"ReceiveTokenTrace","Body":{"Token":"pm5vZGUwNM9fMImss3h22IqnY2xpZW50MSSmbm9kZTA2BKdzZXJ2ZXIxBqZub2RlMDUEpWNvb3JkLKZub2RlMDMEpm5vZGUwNAqmbm9kZTAwEKZub2RlMDEQpm5vZGUwMhA="},"VectorClock":{"client1":37,"coord":44,"node00":16,"node01":16,"node02":16,"node03":4,"node04":10,"node05":4,"node06":4,"server1":6}}
{"TracerIdentity":"client1","TraceID":6859133607323662040,"Tag":"PublicKeyRecvd","Body":{"PublicKey":{"Curve":{"P":115792089210356248762697446949407573530086143415290314195533631308867097853951,"N":115792089210356248762697446949407573529996955224135760342422259061068512044369,"B":41058363725152142129326129780047268409114441015993725554835256314039467401291,"Gx":48439561293906451759052585252797914202762949526041747995844080717082404635286,"Gy":36134250956749795798585127919587881956611106672985015071877198253568414405109,"BitSize":256,"Name":"P-256"},"X":14082981850219630106716616470419318257381912691881171140415747338769099737057,"Y":55776960166517852011767973145185909866971967072811350681992099066745005990425}},"VectorClock":{"client1":38,"coord":44,"node00":16,"node01":16,"node02":16,"node03":4,"node04":10,"node05":4,"node06":4,"server1":6}}
{"TracerIdentity":"client1","TraceID":6859133607323662040,"Tag":"SharedSecretReq","Body":{"ClientId":"client1","NodeType":"Relay","PublicKey":{"Curve":{"P":115792089210356248762697446949407573530086143415290314195533631308867097853951,"N":115792089210356248762697446949407573529996955224135760342422259061068512044369,"B":41058363725152142129326129780047268409114441015993725554835256314039467401291,"Gx":48439561293906451759052585252797914202762949526041747995844080717082404635286,"Gy":36134250956749795798585127919587881956611106672985015071877198253568414405109,"BitSize":256,"Name":"P-256"},"X":73348669739130316816360554027312232002149004201999140610682313214018152319267,"Y":31694307542677601560744141616792340984795518285939244902528719466866693880652}},"VectorClock":{"client1":39,"coord":44,"node00":16,"node01":16,"node02":16,"node03":4,"node04":10,"node05":4,"node06":4,"server1":6}}
{"TracerIdentity":"client1","TraceID":6859133607323662040,"Tag":"GenerateTokenTrace","Body":{"Token":"p2NsaWVudDHPXzCJrLN4dtiKpm5vZGUwNQSmbm9kZTAzBKZub2RlMDQKpWNvb3JkLKZub2RlMDAQpm5vZGUwMRCmbm9kZTA2BKdjbGllbnQxKKZub2RlMDIQp3NlcnZlcjEG"},"VectorClock":{"client1":40,"coord":44,"node00":16,"node01":16,"node02":16,"node03":4,"node04":10,"node05":4,"node06":4,"server1":6}}
{"TracerIdentity":"node03","TraceID":6859133607323662040,"Tag":"ReceiveTokenTrace","Body":{"Token":"p2NsaWVudDHPXzCJrLN4dtiKpm5vZGUwNQSmbm9kZTAzBKZub2RlMDQKpWNvb3JkLKZub2RlMDAQpm5vZGUwMRCmbm9kZTA2BKdjbGllbnQxKKZub2RlMDIQp3NlcnZlcjEG"},"VectorClock":{"client1":40,"coord":44,"node00":16,"node01":16,"node02":16,"node03":7,"node04":10,"node05":4,"node06":4,"server1":6}}
{"TracerIdentity":"node03","TraceID":6859133607323662040,"Tag":"PublicKeyRecvd","Body":{"PublicKey":{"Curve":{"P":115792089210356248762697446949407573530086143415290314195533631308867097853951,"N":115792089210356248762697446949407573529996955224135760342422259061068512044369,"B":41058363725152142129326129780047268409114441015993725554835256314039467401291,"Gx":48439561293906451759052585252797914202762949526041747995844080717082404635286,"Gy":36134250956749795798585127919587881956611106672985015071877198253568414405109,"BitSize":256,"Name":"P-256"},"X":73348669739130316816360554027312232002149004201999140610682313214018152319267,"Y":31694307542677601560744141616792340984795518285939244902528719466866693880652}},"VectorClock":{"client1":40,"coord":44,"node00":16,"node01":16,"node02":16,"node03":8,"node04":10,"node05":4,"node06":4,"server1":6}}
{"TracerIdentity":"node03","TraceID":6859133607323662040,"Tag":"PublicKeySent","Body":{"PublicKey":{"Curve":{"P":115792089210356248762697446949407573530086143415290314195533631308867097853951,"N":115792089210356248762697446949407573529996955224135760342422259061068512044369,"B":41058363725152142129326129780047268409114441015993725554835256314039467401291,"Gx":48439561293906451759052585252797914202762949526041747995844080717082404635286,"Gy":36134250956749795798585127919587881956611106672985015071877198253568414405109,"BitSize":256,"Name":"P-256"},"X":84320276069168894432250793812091652968835730035098302460880367510656049702471,"Y":98342840477859329093462277313921767230533198976715876947366175391563608960439}},"VectorClock":{"client1":40,"coord":44,"node00":16,"node01":16,"node02":16,"node03":9,"node04":10,"node05":4,"node06":4,"server1":6}}
{"TracerIdentity":"node03","TraceID":6859133607323662040,"Tag":"GenerateTokenTrace","Body":{"Token":"pm5vZGUwM89fMImss3h22IqnY2xpZW50MSimbm9kZTA0CqZub2RlMDYEpWNvb3JkLKdzZXJ2ZXIxBqZub2RlMDIQpm5vZGUwMRCmbm9kZTAwEKZub2RlMDUEpm5vZGUwMwo="},"VectorClock":{"client1":40,"coord":44,"node00":16,"node01":16,"node02":16,"node03":10,"node04":10,"node05":4,"node06":4,"server1":6}}
{"TracerIdentity":"client1","TraceID":6859133607323662040,"Tag":"ReceiveTokenTrace","Body":{"Token":"pm5vZGUwM89fMImss3h22IqnY2xpZW50MSimbm9kZTA0CqZub2RlMDYEpWNvb3JkLKdzZXJ2ZXIxBqZub2RlMDIQpm5vZGUwMRCmbm9kZTAwEKZub2RlMDUEpm5vZGUwMwo="},"VectorClock":{"client1":41,"coord":44,"node00":16,"node01":16,"node02":16,"node03":10,"node04":10,"node05":4,"node06":4,"server1":6}}
{"TracerIdentity":"client1","TraceID":6859133607323662040,"Tag":"PublicKeyRecvd","Body":{"PublicKey":{"Curve":{"P":115792089210356248762697446949407573530086143415290314195533631308867097853951,"N":115792089210356248762697446949407573529996955224135760342422259061068512044369,"B":41058363725152142129326129780047268409114441015993725554835256314039467401291,"Gx":48439561293906451759052585252797914202762949526041747995844080717082404635286,"Gy":36134250956749795798585127919587881956611106672985015071877198253568414405109,"BitSize":256,"Name":"P-256"},"X":84320276069168894432250793812091652968835730035098302460880367510656049702471,"Y":98342840477859329093462277313921767230533198976715876947366175391563608960439}},"VectorClock":{"client1":42,"coord":44,"node00":16,"node01":16,"node02":16,"node03":10,"node04":10,"node05":4,"node06":4,"server1":6}}
{"TracerIdentity":"client1","TraceID":6859133607323662040,"Tag":"SharedSecretReq","Body":{"ClientId":"client1","NodeType":"Exit","PublicKey":{"Curve":{"P":115792089210356248762697446949407573530086143415290314195533631308867097853951,"N":115792089210356248762697446949407573529996955224135760342422259061068512044369,"B":41058363725152142129326129780047268409114441015993725554835256314039467401291,"Gx":48439561293906451759052585252797914202762949526041747995844080717082404635286,"Gy":36134250956749795798585127919587881956611106672985015071877198253568414405109,"BitSize":256,"Name":"P-256"},"X":42411558416201746673312781654416680346322395413086728871524435183178791017840,"Y":66216272928722321918158398524281858083506023781373118673163343738601829780150}},"VectorClock":{"client1":43,"coord":44,"node00":16,"node01":16,"node02":16,"node03":10,"node04":10,"node05":4,"node06":4,"server1":6}}
{"TracerIdentity":"client1","TraceID":6859133607323662040,"Tag":"GenerateTokenTrace","Body":{"Token":"p2NsaWVudDHPXzCJrLN4dtiKpm5vZGUwMBCmbm9kZTAxEKZub2RlMDUEpm5vZGUwMwqmbm9kZTA0CqVjb29yZCymbm9kZTAyEKdzZXJ2ZXIxBqZub2RlMDYEp2NsaWVudDEs"},"VectorClock":{"client1":44,"coord":44,"node00":16,"node01":16,"node02":16,"node03":10,"node04":10,"node05":4,"node06":4,"server1":6}}
{"TracerIdentity":"node05","TraceID":6859133607323662040,"Tag":"ReceiveTokenTrace","Body":{"Token":"p2NsaWVudDHPXzCJrLN4dtiKpm5vZGUwMBCmbm9kZTAxEKZub2RlMDUEpm5vZGUwMwqmbm9kZTA0CqVjb29yZCymbm9kZTAyEKdzZXJ2ZXIxBqZub2RlMDYEp2NsaWVudDEs"},"VectorClock":{"client1":44,"coord":44,"node00":16,"node01":16,"node02":16,"node03":10,"node04":10,"node05":7,"node06":4,"server1":6}}
{"TracerIdentity":"node05","TraceID":6859133607323662040,"Tag":"PublicKeyRecvd","Body":{"PublicKey":{"Curve":{"P":115792089210356248762697446949407573530086143415290314195533631308867097853951,"N":115792089210356248762697446949407573529996955224135760342422259061068512044369,"B":41058363725152142129326129780047268409114441015993725554835256314039467401291,"Gx":48439561293906451759052585252797914202762949526041747995844080717082404635286,"Gy":36134250956749795798585127919587881956611106672985015071877198253568414405109,"BitSize":256,"Name":"P-256"},"X":42411558416201746673312781654416680346322395413086728871524435183178791017840,"Y":66216272928722321918158398524281858083506023781373118673163343738601829780150}},"VectorClock":{"client1":44,"coord":44,"node00":16,"node01":16,"node02":16,"node03":10,"node04":10,"node05":8,"node06":4,"server1":6}}
{"TracerIdentity":"node05","TraceID":6859133607323662040,"Tag":"PublicKeySent","Body":{"PublicKey":{"Curve":{"P":115792089210356248762697446949407573530086143415290314195533631308867097853951,"N":115792089210356248762697446949407573529996955224135760342422259061068512044369,"B":41058363725152142129326129780047268409114441015993725554835256314039467401291,"Gx":48439561293906451759052585252797914202762949526041747995844080717082404635286,"Gy":36134250956749795798585127919587881956611106672985015071877198253568414405109,"BitSize":256,"Name":"P-256"},"X":110579316031443657470384843293461268760924123187770286366396046501056107939998,"Y":84313358697532511206687188665971715943814527933140697840423639916250100992723}},"VectorClock":{"client1":44,"coord":44,"node00":16,"node01":16,"node02":16,"node03":10,"node04":10,"node05":9,"node06":4,"server1":6}}
{"TracerIdentity":"node05","TraceID":6859133607323662040,"Tag":"GenerateTokenTrace","Body":{"Token":"pm5vZGUwNc9fMImss3h22Iqmbm9kZTAyEKZub2RlMDQKp3NlcnZlcjEGpm5vZGUwMwqmbm9kZTA1CqVjb29yZCymbm9kZTAwEKZub2RlMDEQp2NsaWVudDEspm5vZGUwNgQ="},"VectorClock":{"client1":44,"coord":44,"node00":16,"node01":16,"node02":16,"node03":10,"node04":10,"node05":10,"node06":4,"server1":6}}
{"TracerIdentity":"client1","TraceID":6859133607323662040,"Tag":"ReceiveTokenTrace","Body":{"Token":"pm5vZGUwNc9fMImss3h22Iqmbm9kZTAyEKZub2RlMDQKp3NlcnZlcjEGpm5vZGUwMwqmbm9kZTA1CqVjb29yZCymbm9kZTAwEKZub2RlMDEQp2NsaWVudDEspm5vZGUwNgQ="},"VectorClock":{"client1":45,"coord":44,"node00":16,"node01":16,"node02":16,"node03":10,"node04":10,"node05":10,"node06":4,"server1":6}}
{"TracerIdentity":"client1","TraceID":6859133607323662040,"Tag":"PublicKeyRecvd","Body":{"PublicKey":{"Curve":{"P":115792089210356248762697446949407573530086143415290314195533631308867097853951,"N":115792089210356248762697446949407573529996955224135760342422259061068512044369,"B":41058363725152142129326129780047268409114441015993725554835256314039467401291,"Gx":48439561293906451759052585252797914202762949526041747995844080717082404635286,"Gy":36134250956749795798585127919587881956611106672985015071877198253568414405109,"BitSize":256,"Name":"P-256"},"X":110579316031443657470384843293461268760924123187770286366396046501056107939998,"Y":84313358697532511206687188665971715943814527933140697840423639916250100992723}},"VectorClock":{"client1":46,"coord":44,"node00":16,"node01":16,"node02":16,"node03":10,"node04":10,"node05":10,"node06":4,"server1":6}}
{"TracerIdentity":"client1","TraceID":6859133607323662040,"Tag":"GenerateTokenTrace","Body":{"Token":"p2NsaWVudDHPXzCJrLN4dtiKpm5vZGUwMRCmbm9kZTA1CqZub2RlMDMKpm5vZGUwNAqlY29vcmQspm5vZGUwMBCnc2VydmVyMQambm9kZTA2BKdjbGllbnQxL6Zub2RlMDIQ"},"VectorClock":{"client1":47,"coord":44,"node00":16,"node01":16,"node02":16,"node03":10,"node04":10,"node05":10,"node06":4,"server1":6}}
{"TracerIdentity":"node04","TraceID":6859133607323662040,"Tag":"ReceiveTokenTrace","Body":{"Token":"p2NsaWVudDHPXzCJrLN4dtiKpm5vZGUwMRCmbm9kZTA1CqZub2RlMDMKpm5vZGUwNAqlY29vcmQspm5vZGUwMBCnc2VydmVyMQambm9kZTA2BKdjbGllbnQxL6Zub2RlMDIQ"},"VectorClock":{"client1":47,"coord":44,"node00":16,"node01":16,"node02":16,"node03":10,"node04":11,"node05":10,"node06":4,"server1":6}}
{"TracerIdentity":"node04","TraceID":6859133607323662040,"Tag":"ReqGuardLayer","Body":{"RelayListenAddr":"127.0.0.1:50103","RelaySessionId":"3059301306072a8648ce3d020106082a8648ce3d03010703420004ba6b95c23bf64485ca29302f08fa6279062e8e0cab6b9bc1b07d607986436647d96c133fc3f652ac8bd4a36f268f8cf2aec0c1139b48a3b7fff7a2e1645b2db7","Encrypted":"iKZRt4ys0YJGxN/dLJL2vgDkMwc0Cp/9vHDlv8CCWAs+Hf9NK26q1BL/YCuY2TJWbwWQq7YgpFhyUSCLl31OLEytvB6z/SNudLvwYOkiwk44AK/SwO7DZD23wgX809k/ckf5HVhyrvBOnxoTNcoyXoup1iL8lowZLHpDMJLGH9Scm6AKfIuW5ffvXD10huCGTjeruarUAcwXOxTNRTSvqBQ/ZCtYH6NQ2qjDT50Ko48aD3PfvBipbvNKknzpjzXmxVVuU7O2IQ6MRDR/UA6g5d0z1lbm5iQIceLZvjZB13DdfnP9sV7bkNICf3dblpioOjRKKcOLZP/caQGQ03QL526U7n14Ukzfxn6wtlNojlOnRgK5JVrHCX6fdnRowxPTVydTPBCmI2ASNXak6SxEoBXM4I0/hJAcZgyZ7O0qu7yrMn7T856PQcDAZ9lM6qa87AwdfDOAVjaaj3j9KWn05Kefhthg+y8Kjo7UetOglKhUdzWqZwKw4lCMflOx/iSR+uqf9UFAAp61+stnTZqk7P9W4wMlQ9wnfbjK6pXZhk7wq3nRgCplyzhrplMqDojb/wDbJhEmeMOujagwCBU5KQ=="},"VectorClock":{"client1":47,"coord":44,"node00":16,"node01":16,"node02":16,"node03":10,"node04":12,"node05":10,"node06":4,"server1":6}}
{"TracerIdentity":"node04","TraceID":6859133607323662040,"Tag":"GenerateTokenTrace","Body":{"Token":"pm5vZGUwNM9fMImss3h22IqnY2xpZW50MS+mbm9kZTA2BKdzZXJ2ZXIxBqZub2RlMDUKpm5vZGUwNA2mbm9kZTAwEKZub2RlMDEQpm5vZGUwMhClY29vcmQspm5vZGUwMwo="},"VectorClock":{"client1":47,"coord":44,"node00":16,"node01":16,"node02":16,"node03":10,"node04":13,"node05":10,"node06":4,"server1":6}}
{"TracerIdentity":"node03","TraceID":6859133607323662040,"Tag":"ReceiveTokenTrace","Body":{"Token":"pm5vZGUwNM9fMImss3h22IqnY2xpZW50MS+mbm9kZTA2BKdzZXJ2ZXIxBqZub2RlMDUKpm5vZGUwNA2mbm9kZTAwEKZub2RlMDEQpm5vZGUwMhClY29vcmQspm5vZGUwMwo="},"VectorClock":{"client1":47,"coord":44,"node00":16,"node01":16,"node02":16,"node03":11,"node04":13,"node05":10,"node06":4,"server1":6}}
{"TracerIdentity":"node03","TraceID":6859133607323662040,"Tag":"ReqRelayLayer","Body":{"ExitListenAddr":"127.0.0.1:50105","ExitSessionId":"3059301306072a8648ce3d020106082a8648ce3d03010703420004f479acc7a05b1760e608ba0076ec58c42d8b5c7fc100cc0e60ae2d98786e889eba67ab7ea8f752e8a213cfead0f354fa4d39d105f89336e229d02b87f1810ad3","Encrypted":"Z0+mXbcObmgTMvjIRGcR0G3r/afOK21w0+oJTbc9pbSJAZhB7+teYnW+Lsl9sZD3Nze/5FyXE6kNlwaMGAfRS6QB1A94Cij3EHbOaBM2r0Oe2/XxZcGSLvCOrWKHzuRGoEPIeVgBjcR5kBi55jsDSf/7dNsHsTtGq3ZU4g=="},"VectorClock":{"client1":47,"coord":44,"node00":16,"node01":16,"node02":16,"node03":12,"node04":13,"node05":10,"node06":4,"server1":6}}
{"TracerIdentity":"node03","TraceID":6859133607323662040,"Tag":"GenerateTokenTrace","Body":{"Token":"pm5vZGUwM89fMImss3h22Iqmbm9kZTAzDaZub2RlMDEQpm5vZGUwMBCmbm9kZTA1CqZub2RlMDIQp2NsaWVudDEvpm5vZGUwNA2mbm9kZTA2BKVjb29yZCync2VydmVyMQY="},"VectorClock":{"client1":47,"coord":44,"node00":16,"node01":16,"node02":16,"node03":13,"node04":13,"node05":10,"node06":4,"server1":6}}
{"TracerIdentity":"node05","TraceID":6859133607323662040,"Tag":"ReceiveTokenTrace","Body":{"Token":"pm5vZGUwM89fMImss3h22Iqmbm9kZTAzDaZub2RlMDEQpm5vZGUwMBCmbm9kZTA1CqZub2RlMDIQp2NsaWVudDEvpm5vZGUwNA2mbm9kZTA2BKVjb29yZCync2VydmVyMQY="},"VectorClock":{"client1":47,"coord":44,"node00":16,"node01":16,"node02":16,"node03":13,"node04":13,"node05":11,"node06":4,"server1":6}}
{"TracerIdentity":"node05","TraceID":6859133607323662040,"Tag":"ReqExitLayer","Body":{"Args":{"A":2,"B":4},"ServiceMethod":"Server.Multiply","ServerAddr":":4322","Res":{"Result":2}},"VectorClock":{"client1":47,"coord":44,"node00":16,"node01":16,"node02":16,"node03":13,"node04":13,"node05":12,"node06":4,"server1":6}}
{"TracerIdentity":"node05","TraceID":6859133607323662040,"Tag":"GenerateTokenTrace","Body":{"Token":"pm5vZGUwNc9fMImss3h22Iqmbm9kZTA0DadzZXJ2ZXIxBqZub2RlMDMNpm5vZGUwMhClY29vcmQspm5vZGUwMBCmbm9kZTAxEKdjbGllbnQxL6Zub2RlMDYEpm5vZGUwNQ0="},"VectorClock":{"client1":47,"coord":44,"node00":16,"node01":16,"node02":16,"node03":13,"node04":13,"node05":13,"node06":4,"server1":6}}
{"TracerIdentity":"server1","TraceID":6859133607323662040,"Tag":"ReceiveTokenTrace","Body":{"Token":"pm5vZGUwNc9fMImss3h22Iqmbm9kZTA0DadzZXJ2ZXIxBqZub2RlMDMNpm5vZGUwMhClY29vcmQspm5vZGUwMBCmbm9kZTAxEKdjbGllbnQxL6Zub2RlMDYEpm5vZGUwNQ0="},"VectorClock":{"client1":47,"coord":44,"node00":16,"node01":16,"node02":16,"node03":13,"node04":13,"node05":13,"node06":4,"server1":7}}
{"TracerIdentity":"server1","TraceID":6859133607323662040,"Tag":"Request","Body":{"Token":"pm5vZGUwNc9fMImss3h22Iqmbm9kZTA0DadzZXJ2ZXIxBqZub2RlMDMNpm5vZGUwMhClY29vcmQspm5vZGUwMBCmbm9kZTAxEKdjbGllbnQxL6Zub2RlMDYEpm5vZGUwNQ0=","Args":{"A":2,"B":4}},"VectorClock":{"client1":47,"coord":44,"node00":16,"node01":16,"node02":16,"node03":13,"node04":13,"node05":13,"node06":4,"server1":8}}
{"TracerIdentity":"server1","TraceID":6859133607323662040,"Tag":"Response","Body":{"Token":null,"Res":{"Result":8,"Token":null}},"VectorClock":{"client1":47,"coord":44,"node00":16,"node01":16,"node02":16,"node03":13,"node04":13,"node05":13,"node06":4,"server1":9}}
{"TracerIdentity":"server1","TraceID":6859133607323662040,"Tag":"GenerateTokenTrace","Body":{"Token":"p3NlcnZlcjHPXzCJrLN4dtiKpm5vZGUwMBCmbm9kZTAyEKVjb29yZCymbm9kZTAzDaZub2RlMDYEp3NlcnZlcjEKp2NsaWVudDEvpm5vZGUwMRCmbm9kZTA1DaZub2RlMDQN"},"VectorClock":{"client1":47,"coord":44,"node00":16,"node01":16,"node02":16,"node03":13,"node04":13,"node05":13,"node06":4,"server1":10}}
{"TracerIdentity":"node05","TraceID":6859133607323662040,"Tag":"ReceiveTokenTrace","Body":{"Token":"p3NlcnZlcjHPXzCJrLN4dtiKpm5vZGUwMBCmbm9kZTAyEKVjb29yZCymbm9kZTAzDaZub2RlMDYEp3NlcnZlcjEKp2NsaWVudDEvpm5vZGUwMRCmbm9kZTA1DaZub2RlMDQN"},"VectorClock":{"client1":47,"coord":44,"node00":16,"node01":16,"node02":16,"node03":13,"node04":13,"node05":14,"node06":4,"server1":10}}
{"TracerIdentity":"node05","TraceID":6859133607323662040,"Tag":"ServerPayloadRecvd","Body":{"Payload":{"Result":8,"Token":null}},"VectorClock":{"client1":47,"coord":44,"node00":16,"node01":16,"node02":16,"node03":13,"node04":13,"node05":15,"node06":4,"server1":10}}
{"TracerIdentity":"node05","TraceID":6859133607323662040,"Tag":"GenerateTokenTrace","Body":{"Token":"pm5vZGUwNc9fMImss3h22Iqmbm9kZTAzDaZub2RlMDIQpm5vZGUwNA2nc2VydmVyMQqmbm9kZTAxEKdjbGllbnQxL6Zub2RlMDYEpm5vZGUwNRClY29vcmQspm5vZGUwMBA="},"VectorClock":{"client1":47,"coord":44,"node00":16,"node01":16,"node02":16,"node03":13,"node04":13,"node05":16,"node06":4,"server1":10}}
{"TracerIdentity":"node03","TraceID":6859133607323662040,"Tag":"ReceiveTokenTrace","Body":{"Token":"pm5vZGUwNc9fMImss3h22Iqmbm9kZTAzDaZub2RlMDIQpm5vZGUwNA2nc2VydmVyMQqmbm9kZTAxEKdjbGllbnQxL6Zub2RlMDYEpm5vZGUwNRClY29vcmQspm5vZGUwMBA="},"VectorClock":{"client1":47,"coord":44,"node00":16,"node01":16,"node02":16,"node03":14,"node04":13,"node05":16,"node06":4,"server1":10}}
{"TracerIdentity":"node03","TraceID":6859133607323662040,"Tag":"PayloadRecvd","Body":{"Encrypted":"FSACKsZJJ5jb0CARwdKlB8KJEi3cal+flZ2Mx8Dk7KkW5tfWJTA0TpDaPKUF7Vb6c0HET/8="},"VectorClock":{"client1":47,"coord":44,"node00":16,"node01":16,"node02":16,"node03":15,"node04":13,"node05":16,"node06":4,"server1":10}}
{"TracerIdentity":"node03","TraceID":6859133607323662040,"Tag":"GenerateTokenTrace","Body":{"Token":"pm5vZGUwM89fMImss3h22IqlY29vcmQsp3NlcnZlcjEKpm5vZGUwMhCnY2xpZW50MS+mbm9kZTA0DaZub2RlMDYEpm5vZGUwMxCmbm9kZTAxEKZub2RlMDAQpm5vZGUwNRA="},"VectorClock":{"client1":47,"coord":44,"node00":16,"node01":16,"node02":16,"node03":16,"node04":13,"node05":16,"node06":4,"server1":10}}
{"TracerIdentity":"node04","TraceID":6859133607323662040,"Tag":"ReceiveTokenTrace","Body":{"Token":"pm5vZGUwM89fMImss3h22IqlY29vcmQsp3NlcnZlcjEKpm5vZGUwMhCnY2xpZW50MS+mbm9kZTA0DaZub2RlMDYEpm5vZGUwMxCmbm9kZTAxEKZub2RlMDAQpm5vZGUwNRA="},"VectorClock":{"client1":47,"coord":44,"node00":16,"node01":16,"node02":16,"node03":16,"node04":14,"node05":16,"node06":4,"server1":10}}
{"TracerIdentity":"node04","TraceID":6859133607323662040,"Tag":"PayloadRecvd","Body":{"Encrypted":"ZPowBVFryLN4FJSd18i+PcV3A2+e95q9fzf+3PLed37qTfliuLtv6IKECZm4oHkDIP3ApnvszxlQkeFhtJfHc+WymlFSICO84d9ZXQFP3j1CJBjs4diHoD0kJsWWYaZKkETGXw6MaPxjWfW6T3/mRJQhBJAdlc7rNTrd3iBFgIkshKJt17WxWzOp7CGHOlje2ixaVC+JBEZ1e8/mou9CSMHiyICEZxLwAaTdEtjJcNEMq1qYEbkKeOi+DHQ+LCbJuUd3rUwvnTySUStQdMaNToGyIlWbYCdZ8+Nk8GK6yTPAqoC+PbQcZ1rwvbEGLHEwH3N7nClAgK1drTFIvHSwxq7+8w=="},"VectorClock":{"client1":47,"coord":44,"node00":16,"node01":16,"node02":16,"node03":16,"node04":15,"node05":16,"node06":4,"server1":10}}
{"TracerIdentity":"node04","TraceID":6859133607323662040,"Tag":"GenerateTokenTrace","Body":{"Token":"pm5vZGUwNM9fMImss3h22Iqmbm9kZTAzEKZub2RlMDQQpm5vZGUwMBCmbm9kZTAxEKZub2RlMDIQpWNvb3JkLKdjbGllbnQxL6Zub2RlMDYEp3NlcnZlcjEKpm5vZGUwNRA="},"VectorClock":{"client1":47,"coord":44,"node00":16,"node01":16,"node02":16,"node03":16,"node04":16,"node05":16,"node06":4,"server1":10}}
{"TracerIdentity":"client1","TraceID":6859133607323662040,"Tag":"ReceiveTokenTrace","Body":{"Token":"pm5vZGUwNM9fMImss3h22Iqmbm9kZTAzEKZub2RlMDQQpm5vZGUwMBCmbm9kZTAxEKZub2RlMDIQpWNvb3JkLKdjbGllbnQxL6Zub2RlMDYEp3NlcnZlcjEKpm5vZGUwNRA="},"VectorClock":{"client1":48,"coord":44,"node00":16,"node01":16,"node02":16,"node03":16,"node04":16,"node05":16,"node06":4,"server1":10}}
{"TracerIdentity":"client1","TraceID":6859133607323662040,"Tag":"RpcResRecvd","Body":{"ClientId":"client1","ServiceMethod":"Server.Multiply","Result":{"Result":8}},"VectorClock":{"client1":49,"coord":44,"node00":16,"node01":16,"node02":16,"node03":16,"node04":16,"node05":16,"node06":4,"server1":10}}
{"TracerIdentity":"client1","TraceID":6859133607323662040,"Tag":"RpcCall","Body":{"ClientId":"client1","ServiceMethod":"Server.Subtract"},"VectorClock":{"client1":50,"coord":44,"node00":16,"node01":16,"node02":16,"node03":16,"node04":16,"node05":16,"node06":4,"server1":10}}
{"TracerIdentity":"client1","TraceID":6859133607323662040,"Tag":"GenerateTokenTrace","Body":{"Token":"p2NsaWVudDHPXzCJrLN4dtiKp2NsaWVudDEzpm5vZGUwMhCnc2VydmVyMQqmbm9kZTA2BKZub2RlMDMQpm5vZGUwNBClY29vcmQspm5vZGUwMBCmbm9kZTAxEKZub2RlMDUQ"},"VectorClock":{"client1":51,"coord":44,"node00":16,"node01":16,"node02":16,"node03":16,"node04":16,"node05":16,"node06":4,"server1":10}}
{"TracerIdentity":"node04","TraceID":6859133607323662040,"Tag":"ReceiveTokenTrace","Body":{"Token":"p2NsaWVudDHPXzCJrLN4dtiKp2NsaWVudDEzpm5vZGUwMhCnc2VydmVyMQqmbm9kZTA2BKZub2RlMDMQpm5vZGUwNBClY29vcmQspm5vZGUwMBCmbm9kZTAxEKZub2RlMDUQ"},"VectorClock":{"client1":51,"coord":44,"node00":16,"node01":16,"node02":16,"node03":16,"node04":17,"node05":16,"node06":4,"server1":10}}
{"TracerIdentity":"node04","TraceID":6859133607323662040,"Tag":"ReqGuardLayer","Body":{"RelayListenAddr":"127.0.0.1:50103","RelaySessionId":"3059301306072a8648ce3d020106082a8648ce3d03010703420004ba6b95c23bf64485ca29302f08fa6279062e8e0cab6b9bc1b07d607986436647d96c133fc3f652ac8bd4a36f268f8cf2aec0c1139b48a3b7fff7a2e1645b2db7","Encrypted":"IHyu9oc+8n8YrqlweGYGkSl1j09BIADKYZ22TEFyPr6hi7XcB+85qN7CwlTOW6leXt4giVG7uhHmbWFrrK2LS0chK2ffOqhM75xQN2upFq1TA8zmSh3zELQHgGqwCAq2H76aXSIzL8sEUFyq6bVh6L6pvuaSHW0XU8FcOTbSgXO98J7HWsVF38P9K5GAryD8iv5DzVJLPKzwh4RMmVtUPSUnnK14ed43PjSuqeoGJyHBUUfZhL+LBwLAjYk8tmwzRYUmc305excdnHekzL5WbJY8evV3nFPRONbghSLvx93vX05qVNIxaI+uJmm4wH/Y0mBp/+okGkn0zC0HEn4Bp48CRsVIaxsS+EHHJFSe8GmXcj+RejdZWDzUy6gS83kUCvf5Dt8tCANG27KB6D8IfzO2T0RxoJfrj0D4cjolTXMifH2suXWm2ViOdillrPzdqsR+soAoRt62b6lzB9+tyWv/zi+Zasmtw2iK5q1Jw06vCzK1UwarDKwZIuy4Ewt+to3Kzici427+qkmpwrkNDuejp/UGqExFf+eo5PKqRxCnhLPM55Ntf4tti/929GMY41LAIdYh8rZ9dRaLZ/FY+g=="},"VectorClock":{"client1":51,"coord":44,"node00":16,"node01":16,"node02":16,"node03":16,"node04":18,"node05":16,"node06":4,"server1":10}}
{"TracerIdentity":"node04","TraceID":6859133607323662040,"Tag":"GenerateTokenTrace","Body":{"Token":"pm5vZGUwNM9fMImss3h22Iqmbm9kZTAxEKZub2RlMDIQpWNvb3JkLKZub2RlMDMQpm5vZGUwNBOmbm9kZTAwEKdzZXJ2ZXIxCqZub2RlMDUQp2NsaWVudDEzpm5vZGUwNgQ="},"VectorClock":{"client1":51,"coord":44,"node00":16,"node01":16,"node02":16,"node03":16,"node04":19,"node05":16,"node06":4,"server1":10}}
{"TracerIdentity":"node03","TraceID":6859133607323662040,"Tag":"ReceiveTokenTrace","Body":{"Token":"pm5vZGUwNM9fMImss3h22Iqmbm9kZTAxEKZub2RlMDIQpWNvb3JkLKZub2RlMDMQpm5vZGUwNBOmbm9kZTAwEKdzZXJ2ZXIxCqZub2RlMDUQp2NsaWVudDEzpm5vZGUwNgQ="},"VectorClock":{"client1":51,"coord":44,"node00":16,"node01":16,"node02":16,"node03":17,"node04":19,"node05":16,"node06":4,"server1":10}}
{"TracerIdentity":"node03","TraceID":6859133607323662040,"Tag":"ReqRelayLayer","Body":{"ExitListenAddr":"127.0.0.1:50105","ExitSessionId":"3059301306072a8648ce3d020106082a8648ce3d03010703420004f479acc7a05b1760e608ba0076ec58c42d8b5c7fc100cc0e60ae2d98786e889eba67ab7ea8f752e8a213cfead0f354fa4d39d105f89336e229d02b87f1810ad3","Encrypted":"B0oIw+nru8AccC2uVRvVq7MK6Ad3TRBu43jE3ykSV/pT6tO+qcSrzSozvNQLBAxaer3rzBx/haYPuSfUNGqkMBEhmH9VkFjhpcCKc1kZH+FYKSPRrJqrZi3+DSIIRVBW6jTs9uGe9EKkBqxwcWIVDzjYjCGGT4YYxUkIhg=="},"VectorClock":{"client1":51,"coord":44,"node00":16,"node01":16,"node02":16,"node03":18,"node04":19,"node05":16,"node06":4,"server1":10}}
{"TracerIdentity":"node03","TraceID":6859133607323662040,"Tag":"GenerateTokenTrace","Body":{"Token":"pm5vZGUwM89fMImss3h22Iqmbm9kZTAzE6Zub2RlMDEQpm5vZGUwMBCmbm9kZTA1EKVjb29yZCync2VydmVyMQqmbm9kZTAyEKdjbGllbnQxM6Zub2RlMDQTpm5vZGUwNgQ="},"VectorClock":{"client1":51,"coord":44,"node00":16,"node01":16,"node02":16,"node03":19,"node04":19,"node05":16,"node06":4,"server1":10}}
{"TracerIdentity":"node05","TraceID":6859133607323662040,"Tag":"ReceiveTokenTrace","Body":{"Token":"pm5vZGUwM89fMImss3h22Iqmbm9kZTAzE6Zub2RlMDEQpm5vZGUwMBCmbm9kZTA1EKVjb29yZCync2VydmVyMQqmbm9kZTAyEKdjbGllbnQxM6Zub2RlMDQTpm5vZGUwNgQ="},"VectorClock":{"client1":51,"coord":44,"node00":16,"node01":16,"node02":16,"node03":19,"node04":19,"node05":17,"node06":4,"server1":10}}
{"TracerIdentity":"node05","TraceID":6859133607323662040,"Tag":"ReqExitLayer","Body":{"Args":{"A":8,"B":5},"ServiceMethod":"Server.Subtract","ServerAddr":":4322","Res":{"Result":8}},"VectorClock":{"client1":51,"coord":44,"node00":16,"node01":16,"node02":16,"node03":19,"node04":19,"node05":18,"node06":4,"server1":10}}
{"TracerIdentity":"node05","TraceID":6859133607323662040,"Tag":"GenerateTokenTrace","Body":{"Token":"pm5vZGUwNc9fMImss3h22Iqmbm9kZTAwEKZub2RlMDEQp2NsaWVudDEzpm5vZGUwNgSmbm9kZTA1E6Vjb29yZCync2VydmVyMQqmbm9kZTAzE6Zub2RlMDIQpm5vZGUwNBM="},"VectorClock":{"client1":51,"coord":44,"node00":16,"node01":16,"node02":16,"node03":19,"node04":19,"node05":19,"node06":4,"server1":10}}
{"TracerIdentity":"server1","TraceID":6859133607323662040,"Tag":"ReceiveTokenTrace","Body":{"Token":"pm5vZGUwNc9fMImss3h22Iqmbm9kZTAwEKZub2RlMDEQp2NsaWVudDEzpm5vZGUwNgSmbm9kZTA1E6Vjb29yZCync2VydmVyMQqmbm9kZTAzE6Zub2RlMDIQpm5vZGUwNBM="},"VectorClock":{"client1":51,"coord":44,"node00":16,"node01":16,"node02":16,"node03":19,"node04":19,"node05":19,"node06":4,"server1":11}}
{"TracerIdentity":"server1","TraceID":6859133607323662040,"Tag":"Request","Body":{"Token":"pm5vZGUwNc9fMImss3h22Iqmbm9kZTAwEKZub2RlMDEQp2NsaWVudDEzpm5vZGUwNgSmbm9kZTA1E6Vjb29yZCync2VydmVyMQqmbm9kZTAzE6Zub2RlMDIQpm5vZGUwNBM=","Args":{"A":8,"B":5}},"VectorClock":{"client1":51,"coord":44,"node00":16,"node01":16,"node02":16,"node03":19,"node04":19,"node05":19,"node06":4,"server1":12}}
{"TracerIdentity":"server1","TraceID":6859133607323662040,"Tag":"Response","Body":{"Token":null,"Res":{"Result":3,"Token":null}},"VectorClock":{"client1":51,"coord":44,"node00":16,"node01":16,"node02":16,"node03":19,"node04":19,"node05":19,"node06":4,"server1":13}}
{"TracerIdentity":"server1","TraceID":6859133607323662040,"Tag":"GenerateTokenTrace","Body":{"Token":"p3NlcnZlcjHPXzCJrLN4dtiKp3NlcnZlcjEOp2NsaWVudDEzpm5vZGUwMRCmbm9kZTA1E6Zub2RlMDQTpm5vZGUwMBCmbm9kZTAyEKVjb29yZCymbm9kZTAzE6Zub2RlMDYE"},"VectorClock":{"client1":51,"coord":44,"node00":16,"node01":16,"node02":16,"node03":19,"node04":19,"node05":19,"node06":4,"server1":14}}
{"TracerIdentity":"node05","TraceID":6859133607323662040,"Tag":"ReceiveTokenTrace","Body":{"Token":"p3NlcnZlcjHPXzCJrLN4dtiKp3NlcnZlcjEOp2NsaWVudDEzpm5vZGUwMRCmbm9kZTA1E6Zub2RlMDQTpm5vZGUwMBCmbm9kZTAyEKVjb29yZCymbm9kZTAzE6Zub2RlMDYE"},"VectorClock":{"client1":51,"coord":44,"node00":16,"node01":16,"node02":16,"node03":19,"node04":19,"node05":20,"node06":4,"server1":14}}
{"TracerIdentity":"node05","TraceID":6859133607323662040,"Tag":"ServerPayloadRecvd","Body":{"Payload":{"Result":3,"Token":null}},"VectorClock":{"client1":51,"coord":44,"node00":16,"node01":16,"node02":16,"node03":19,"node04":19,"node05":21,"node06":4,"server1":14}}
{"TracerIdentity":"node05","TraceID":6859133607323662040,"Tag":"GenerateTokenTrace","Body":{"Token":"pm5vZGUwNc9fMImss3h22Iqmbm9kZTA1FqVjb29yZCymbm9kZTAwEKZub2RlMDEQp2NsaWVudDEzpm5vZGUwNgSmbm9kZTAyEKZub2RlMDQTp3NlcnZlcjEOpm5vZGUwMxM="},"VectorClock":{"client1":51,"coord":44,"node00":16,"node01":16,"node02":16,"node03":19,"node04":19,"node05":22,"node06":4,"server1":14}}
{"TracerIdentity":"node03","TraceID":6859133607323662040,"Tag":"ReceiveTokenTrace","Body":{"Token":"pm5vZGUwNc9fMImss3h22Iqmbm9kZTA1FqVjb29yZCymbm9kZTAwEKZub2RlMDEQp2NsaWVudDEzpm5vZGUwNgSmbm9kZTAyEKZub2RlMDQTp3NlcnZlcjEOpm5vZGUwMxM="},"VectorClock":{"client1":51,"coord":44,"node00":16,"node01":16,"node02":16,"node03":20,"node04":19,"node05":22,"node06":4,"server1":14}}
{"TracerIdentity":"node03","TraceID":6859133607323662040,"Tag":"PayloadRecvd","Body":{"Encrypted":"afk4sU2medCM4UfRnQsQmkWdVibLQ674ui+4yKFYKVJ8Iynx1lt2Ra/0ISFjKrIRVGViicA="},"VectorClock":{"client1":51,"coord":44,"node00":16,"node01":16,"node02":16,"node03":21,"node04":19,"node05":22,"node06":4,"server1":14}}
{"TracerIdentity":"node03","TraceID":6859133607323662040,"Tag":"GenerateTokenTrace","Body":{"Token":"pm5vZGUwM89fMImss3h22IqlY29vcmQsp3NlcnZlcjEOpm5vZGUwMhCnY2xpZW50MTOmbm9kZTA0E6Zub2RlMDYEpm5vZGUwMxambm9kZTAxEKZub2RlMDAQpm5vZGUwNRY="},"VectorClock":{"client1":51,"coord":44,"node00":16,"node01":16,"node02":16,"node03":22,"node04":19,"node05":22,"node06":4,"server1":14}}
{"TracerIdentity":"node04","TraceID":6859133607323662040,"Tag":"ReceiveTokenTrace","Body":{"Token":"pm5vZGUwM89fMImss3h22IqlY29vcmQsp3NlcnZlcjEOpm5vZGUwMhCnY2xpZW50MTOmbm9kZTA0E6Zub2RlMDYEpm5vZGUwMxambm9kZTAxEKZub2RlMDAQpm5vZGUwNRY="},"VectorClock":{"client1":51,"coord":44,"node00":16,"node01":16,"node02":16,"node03":22,"node04":20,"node05":22,"node06":4,"server1":14}}
{"TracerIdentity":"node04","TraceID":6859133607323662040,"Tag":"PayloadRecvd","Body":{"Encrypted":"WYX/hESYFy1QrTgT/+dpXtjxuxLIZlyG5m0ijy5xqoYRfYgOUQDcPWDjhFSp0T6/KpA1SuvhucoIGlzdWvzT0gq1Jat1xo+4m9ONaoQHRLaXM7Ct5ixcP/bLXhUZUzkNBTZJxHUompwGtJiR1qcSwNmhyGVYrHXMfhKCfDhfa7L2Jl5p5E3O4aQJPW5QQtvFyacH6b6CgcGaMbxhDtCZkDvRsF5MnKf9EyhRcIXGYMK/lJaHAPCt674nBeI5db22wa/XvWE1isQrwIL+VSQ3d9lksg94kpHI525j2/HGHJ9THNx9roOy/5UI6lubbX0EgQi7F6gGjjO6z4/mcgbNu+mg5A=="},"VectorClock":{"client1":51,"coord":44,"node00":16,"node01":16,"node02":16,"node03":22,"node04":21,"node05":22,"node06":4,"server1":14}}
{"TracerIdentity":"node04","TraceID":6859133607323662040,"Tag":"GenerateTokenTrace","Body":{"Token":"pm5vZGUwNM9fMImss3h22IqnY2xpZW50MTOmbm9kZTA2BKdzZXJ2ZXIxDqZub2RlMDUWpm5vZGUwMxambm9kZTA0FqZub2RlMDAQpm5vZGUwMRCmbm9kZTAyEKVjb29yZCw="},"VectorClock":{"client1":51,"coord":44,"node00":16,"node01":16,"node02":16,"node03":22,"node04":22,"node05":22,"node06":4,"server1":14}}
{"TracerIdentity":"client1","TraceID":6859133607323662040,"Tag":"ReceiveTokenTrace","Body":{"Token":"pm5vZGUwNM9fMImss3h22IqnY2xpZW50MTOmbm9kZTA2BKdzZXJ2ZXIxDqZub2RlMDUWpm5vZGUwMxambm9kZTA0FqZub2RlMDAQpm5vZGUwMRCmbm9kZTAyEKVjb29yZCw="},"VectorClock":{"client1":52,"coord":44,"node00":16,"node01":16,"node02":16,"node03":22,"node04":22,"node05":22,"node06":4,"server1":14}}
{"TracerIdentity":"client1","TraceID":6859133607323662040,"Tag":"RpcResRecvd","Body":{"ClientId":"client1","ServiceMethod":"Server.Subtract","Result":{"Result":3}},"VectorClock":{"client1":53,"coord":44,"node00":16,"node01":16,"node02":16,"node03":22,"node04":22,"node05":22,"node06":4,"server1":14}}
{"TracerIdentity":"client1","TraceID":6859133607323662040,"Tag":"RpcCall","Body":{"ClientId":"client1","ServiceMethod":"Server.Divide"},"VectorClock":{"client1":54,"coord":44,"node00":16,"node01":16,"node02":16,"node03":22,"node04":22,"node05":22,"node06":4,"server1":14}}
{"TracerIdentity":"client1","TraceID":6859133607323662040,"Tag":"GenerateTokenTrace","Body":{"Token":"p2NsaWVudDHPXzCJrLN4dtiKpm5vZGUwNgSnY2xpZW50MTembm9kZTAyEKdzZXJ2ZXIxDqZub2RlMDUWpm5vZGUwMxambm9kZTA0FqVjb29yZCymbm9kZTAwEKZub2RlMDEQ"},"VectorClock":{"client1":55,"coord":44,"node00":16,"node01":16,"node02":16,"node03":22,"node04":22,"node05":22,"node06":4,"server1":14}}
{"TracerIdentity":"node04","TraceID":6859133607323662040,"Tag":"ReceiveTokenTrace","Body":{"Token":"p2NsaWVudDHPXzCJrLN4dtiKpm5vZGUwNgSnY2xpZW50MTembm9kZTAyEKdzZXJ2ZXIxDqZub2RlMDUWpm5vZGUwMxambm9kZTA0FqVjb29yZCymbm9kZTAwEKZub2RlMDEQ"},"VectorClock":{"client1":55,"coord":44,"node00":16,"node01":16,"node02":16,"node03":22,"node04":23,"node05":22,"node06":4,"server1":14}}
{"TracerIdentity":"node04","TraceID":6859133607323662040,"Tag":"ReqGuardLayer","Body":{"RelayListenAddr":"127.0.0.1:50103","RelaySessionId":"3059301306072a8648ce3d020106082a8648ce3d03010703420004ba6b95c23bf64485ca29302f08fa6279062e8e0cab6b9bc1b07d607986436647d96c133fc3f652ac8bd4a36f268f8cf2aec0c1139b48a3b7fff7a2e1645b2db7","Encrypted":"xvcxkgqpuhgbQDqYUwq1TQiJ9aprfxOqOKBDK75lXyk8jNsfwQPKxFsJHr+faQPOwoxEVdYf9JoerqCAOtUDMSIfaXsyqx/qNmS/JXu4S8YyjXE4E0mhu/uqF3MgIh8xoSWbVZkPYY+sN2NgFwlnaDOfAuS83Q07j2fuQHuVnsrvZ1O2SbSm/qpd4CRR0F8yJsm6uHrVtDQulFfXWQXNO9U0cND24xOpIsWGGHXSRm+ziwCmTrRwfM8/ylscDPwz32tnhzcDV8VBlFCtO8eznG7Ri+P8BSJTClQ7L5C8Gt465VhVK+PRZxSxkHRgY8Vjdn3Z8zgmHwc0yWYeQn+v5UPDj355C29NqlrJWlzsMxN0HmVG4j7wW7eB8Odsxdgl18MbjMkSR5suqrqZjbCoMDDTebrgPJfT4cV2V9YC6PaeQvEdPN/BS4mLsuDoPL8kHAGJB89lADh8TQ/Bm5kaiSGhj5TGO9Aqjinds/YDsbDFRq2CsNAX+I1xFzIN7dx4sRNxZIVhBfPrBhSNohuR7j9xopRymKuBfpIPTmaBivcn+8HMEb5Xt1QNyUuNP1NwGs6GQdwVPyfoFQu1"},"VectorClock":{"client1":55,"coord":44,"node00":16,"node01":16,"node02":16,"node03":22,"node04":24,"node05":22,"node06":4,"server1":14}}
{"TracerIdentity":"node04","TraceID":6859133607323662040,"Tag":"GenerateTokenTrace","Body":{"Token":"pm5vZGUwNM9fMImss3h22IqnY2xpZW50MTembm9kZTA2BKdzZXJ2ZXIxDqZub2RlMDUWpm5vZGUwNBmmbm9kZTAwEKZub2RlMDEQpm5vZGUwMhClY29vcmQspm5vZGUwMxY="},"VectorClock":{"client1":55,"coord":44,"node00":16,"node01":16,"node02":16,"node03":22,"node04":25,"node05":22,"node06":4,"server1":14}}
{"TracerIdentity":"node03","TraceID":6859133607323662040,"Tag":"ReceiveTokenTrace","Body":{"Token":"pm5vZGUwNM9fMImss3h22IqnY2xpZW50MTembm9kZTA2BKdzZXJ2ZXIxDqZub2RlMDUWpm5vZGUwNBmmbm9kZTAwEKZub2RlMDEQpm5vZGUwMhClY29vcmQspm5vZGUwMxY="},"VectorClock":{"client1":55,"coord":44,"node00":16,"node01":16,"node02":16,"node03":23,"node04":25,"node05":22,"node06":4,"server1":14}}
{"TracerIdentity":"node03","TraceID":6859133607323662040,"Tag":"ReqRelayLayer","Body":{"ExitListenAddr":"127.0.0.1:50105","ExitSessionId":"3059301306072a8648ce3d020106082a8648ce3d03010703420004f479acc7a05b1760e608ba0076ec58c42d8b5c7fc100cc0e60ae2d98786e889eba67ab7ea8f752e8a213cfead0f354fa4d39d105f89336e229d02b87f1810ad3","Encrypted":"6Fa3ri9xVW6tuifTjGdgp62WQsJtNTkux4XKtTzafe5SyigWAr/l1ul8WWr5n3nCu2oFI4v4KLArvVXCnM6edGeifVClaJwHH1ltwq+1PjLivyYYMGY5IxAuLPNgD+ZlEKs7rsqnZOJtGE7r3JeilClCAcP7vhvfSY0="},"VectorClock":{"client1":55,"coord":44,"node00":16,"node01":16,"node02":16,"node03":24,"node04":25,"node05":22,"node06":4,"server1":14}}
{"TracerIdentity":"node03","TraceID":6859133607323662040,"Tag":"GenerateTokenTrace","Body":{"Token":"pm5vZGUwM89fMImss3h22Iqmbm9kZTAyEKdjbGllbnQxN6Zub2RlMDQZpm5vZGUwNgSlY29vcmQsp3NlcnZlcjEOpm5vZGUwMxmmbm9kZTAxEKZub2RlMDAQpm5vZGUwNRY="},"VectorClock":{"client1":55,"coord":44,"node00":16,"node01":16,"node02":16,"node03":25,"node04":25,"node05":22,"node06":4,"server1":14}}
{"TracerIdentity":"node05","TraceID":6859133607323662040,"Tag":"ReceiveTokenTrace","Body":{"Token":"pm5vZGUwM89fMImss3h22Iqmbm9kZTAyEKdjbGllbnQxN6Zub2RlMDQZpm5vZGUwNgSlY29vcmQsp3NlcnZlcjEOpm5vZGUwMxmmbm9kZTAxEKZub2RlMDAQpm5vZGUwNRY="},"VectorClock":{"client1":55,"coord":44,"node00":16,"node01":16,"node02":16,"node03":25,"node04":25,"node05":23,"node06":4,"server1":14}}
{"TracerIdentity":"node05","TraceID":6859133607323662040,"Tag":"ReqExitLayer","Body":{"Args":{"A":3,"B":3},"ServiceMethod":"Server.Divide","ServerAddr":":4322","Res":{"Result":3}},"VectorClock":{"client1":55,"coord":44,"node00":16,"node01":16,"node02":16,"node03":25,"node04":25,"node05":24,"node06":4,"server1":14}}
{"TracerIdentity":"node05","TraceID":6859133607323662040,"Tag":"GenerateTokenTrace","Body":{"Token":"pm5vZGUwNc9fMImss3h22IqnY2xpZW50MTembm9kZTA2BKZub2RlMDUZpWNvb3JkLKZub2RlMDAQpm5vZGUwMRCmbm9kZTAyEKZub2RlMDQZp3NlcnZlcjEOpm5vZGUwMxk="},"VectorClock":{"client1":55,"coord":44,"node00":16,"node01":16,"node02":16,"node03":25,"node04":25,"node05":25,"node06":4,"server1":14}}
{"TracerIdentity":"server1","TraceID":6859133607323662040,"Tag":"ReceiveTokenTrace","Body":{"Token":"pm5vZGUwNc9fMImss3h22IqnY2xpZW50MTembm9kZTA2BKZub2RlMDUZpWNvb3JkLKZub2RlMDAQpm5vZGUwMRCmbm9kZTAyEKZub2RlMDQZp3NlcnZlcjEOpm5vZGUwMxk="},"VectorClock":{"client1":55,"coord":44,"node00":16,"node01":16,"node02":16,"node03":25,"node04":25,"node05":25,"node06":4,"server1":15}}
{"TracerIdentity":"server1","TraceID":6859133607323662040,"Tag":"Request","Body":{"Token":"pm5vZGUwNc9fMImss3h22IqnY2xpZW50MTembm9kZTA2BKZub2RlMDUZpWNvb3JkLKZub2RlMDAQpm5vZGUwMRCmbm9kZTAyEKZub2RlMDQZp3NlcnZlcjEOpm5vZGUwMxk=","Args":{"A":3,"B":3}},"VectorClock":{"client1":55,"coord":44,"node00":16,"node01":16,"node02":16,"node03":25,"node04":25,"node05":25,"node06":4,"server1":16}}
{"TracerIdentity":"server1","TraceID":6859133607323662040,"Tag":"Response","Body":{"Token":null,"Res":{"Result":1,"Token":null}},"VectorClock":{"client1":55,"coord":44,"node00":16,"node01":16,"node02":16,"node03":25,"node04":25,"node05":25,"node06":4,"server1":17}}
{"TracerIdentity":"server1","TraceID":6859133607323662040,"Tag":"GenerateTokenTrace","Body":{"Token":"p3NlcnZlcjHPXzCJrLN4dtiKp3NlcnZlcjESp2NsaWVudDE3pm5vZGUwMRCmbm9kZTA1GaZub2RlMDQZpm5vZGUwMBCmbm9kZTAyEKVjb29yZCymbm9kZTAzGaZub2RlMDYE"},"VectorClock":{"client1":55,"coord":44,"node00":16,"node01":16,"node02":16,"node03":25,"node04":25,"node05":25,"node06":4,"server1":18}}
{"TracerIdentity":"node05","TraceID":6859133607323662040,"Tag":"ReceiveTokenTrace","Body":{"Token":"p3NlcnZlcjHPXzCJrLN4dtiKp3NlcnZlcjESp2NsaWVudDE3pm5vZGUwMRCmbm9kZTA1GaZub2RlMDQZpm5vZGUwMBCmbm9kZTAyEKVjb29yZCymbm9kZTAzGaZub2RlMDYE"},"VectorClock":{"client1":55,"coord":44,"node00":16,"node01":16,"node02":16,"node03":25,"node04":25,"node05":26,"node06":4,"server1":18}}
{"TracerIdentity":"node05","TraceID":6859133607323662040,"Tag":"ServerPayloadRecvd","Body":{"Payload":{"Result":1,"Token":null}},"VectorClock":{"client1":55,"coord":44,"node00":16,"node01":16,"node02":16,"node03":25,"node04":25,"node05":27,"node06":4,"server1":18}}
{"TracerIdentity":"node05","TraceID":6859133607323662040,"Tag":"GenerateTokenTrace","Body":{"Token":"pm5vZGUwNc9fMImss3h22Iqmbm9kZTA1HKVjb29yZCymbm9kZTAwEKZub2RlMDEQp2NsaWVudDE3pm5vZGUwNgSmbm9kZTAyEKZub2RlMDQZp3NlcnZlcjESpm5vZGUwMxk="},"VectorClock":{"client1":55,"coord":44,"node00":16,"node01":16,"node02":16,"node03":25,"node04":25,"node05":28,"node06":4,"server1":18}}
{"TracerIdentity":"node03","TraceID":6859133607323662040,"Tag":"ReceiveTokenTrace","Body":{"Token":"pm5vZGUwNc9fMImss3h22Iqmbm9kZTA1HKVjb29yZCymbm9kZTAwEKZub2RlMDEQp2NsaWVudDE3pm5vZGUwNgSmbm9kZTAyEKZub2RlMDQZp3NlcnZlcjESpm5vZGUwMxk="},"VectorClock":{"client1":55,"coord":44,"node00":16,"node01":16,"node02":16,"node03":26,"node04":25,"node05":28,"node06":4,"server1":18}}
{"TracerIdentity":"node03","TraceID":6859133607323662040,"Tag":"PayloadRecvd","Body":{"Encrypted":"XXbE2io/km0VnP6CtY9Z0Tll5R0BhoL7UXEVv0xkXR/uLC91D/eBQSjCJJdXqwur5OzcPWM="},"VectorClock":{"client1":55,"coord":44,"node00":16,"node01":16,"node02":16,"node03":27,"node04":25,"node05":28,"node06":4,"server1":18}}
{"TracerIdentity":"node03","TraceID":6859133607323662040,"Tag":"GenerateTokenTrace","Body":{"Token":"pm5vZGUwM89fMImss3h22Iqmbm9kZTAzHKZub2RlMDEQpm5vZGUwMBCmbm9kZTA1HKVjb29yZCync2VydmVyMRKmbm9kZTAyEKdjbGllbnQxN6Zub2RlMDQZpm5vZGUwNgQ="},"VectorClock":{"client1":55,"coord":44,"node00":16,"node01":16,"node02":16,"node03":28,"node04":25,"node05":28,"node06":4,"server1":18}}
{"TracerIdentity":"node04","TraceID":6859133607323662040,"Tag":"ReceiveTokenTrace","Body":{"Token":"pm5vZGUwM89fMImss3h22Iqmbm9kZTAzHKZub2RlMDEQpm5vZGUwMBCmbm9kZTA1HKVjb29yZCync2VydmVyMRKmbm9kZTAyEKdjbGllbnQxN6Zub2RlMDQZpm5vZGUwNgQ="},"VectorClock":{"client1":55,"coord":44,"node00":16,"node01":16,"node02":16,"node03":28,"node04":26,"node05":28,"node06":4,"server1":18}}
{"TracerIdentity":"node04","TraceID":6859133607323662040,"Tag":"PayloadRecvd","Body":{"Encrypted":"DCuTizcChjXLTYb0pxL3LdPu1bLGCRhIlBmHkHskxvlEYGS8qJEGWZiaupCcLtK5bmQbo4oIob+s1kw55jdKot6CGHVAP/sz2Jzz+rtwIaPerygNqQ8VTIr+9cSFXvBAco+Jl5Wrg5uVYzs/8mhgW0FdJkxReOBF8cQWJd3Lq0FI04WJZWjyeUNmwN17ocJTchms3kyXpMz2IOmjz1IfDzk+duC9bBNuhnsdaNzQEVIBlXumG8Cp2zD4+91TOeSKrfWriqFM4WgEG3rOd2x6+3b065ZpGUneM6A9jdTXZg/TEyFbIG+1pFDVRolV7OYRQddEnpSfnreinHxfQq0khBRu8w=="},"VectorClock":{"client1":55,"coord":44,"node00":16,"node01":16,"node02":16,"node03":28,"node04":27,"node05":28,"node06":4,"server1":18}}
{"TracerIdentity":"node04","TraceID":6859133607323662040,"Tag":"GenerateTokenTrace","Body":{"Token":"pm5vZGUwNM9fMImss3h22Iqmbm9kZTA0HKZub2RlMDAQpm5vZGUwMRCmbm9kZTAyEKVjb29yZCymbm9kZTAzHKdjbGllbnQxN6Zub2RlMDYEp3NlcnZlcjESpm5vZGUwNRw="},"VectorClock":{"client1":55,"coord":44,"node00":16,"node01":16,"node02":16,"node03":28,"node04":28,"node05":28,"node06":4,"server1":18}}
{"TracerIdentity":"client1","TraceID":6859133607323662040,"Tag":"ReceiveTokenTrace","Body":{"Token":"pm5vZGUwNM9fMImss3h22Iqmbm9kZTA0HKZub2RlMDAQpm5vZGUwMRCmbm9kZTAyEKVjb29yZCymbm9kZTAzHKdjbGllbnQxN6Zub2RlMDYEp3NlcnZlcjESpm5vZGUwNRw="},"VectorClock":{"client1":56,"coord":44,"node00":16,"node01":16,"node02":16,"node03":28,"node04":28,"node05":28,"node06":4,"server1":18}}
{"TracerIdentity":"client1","TraceID":6859133607323662040,"Tag":"RpcResRecvd","Body":{"ClientId":"client1","ServiceMethod":"Server.Divide","Result":{"Result":1}},"VectorClock":{"client1":57,"coord":44,"node00":16,"node01":16,"node02":16,"node03":28,"node04":28,"node05":28,"node06":4,"server1":18}}
